#
# There is insufficient memory for the Java Runtime Environment to continue.
# Native memory allocation (malloc) failed to allocate 478656 bytes. Error detail: Chunk::new
# Possible reasons:
#   The system is out of physical RAM or swap space
#   This process is running with CompressedOops enabled, and the Java Heap may be blocking the growth of the native heap
# Possible solutions:
#   Reduce memory load on the system
#   Increase physical memory or swap space
#   Check if swap backing store is full
#   Decrease Java heap size (-Xmx/-Xms)
#   Decrease number of Java threads
#   Decrease Java thread stack sizes (-Xss)
#   Set larger code cache with -XX:ReservedCodeCacheSize=
#   JVM is running with Unscaled Compressed Oops mode in which the Java heap is
#     placed in the first 4GB address space. The Java Heap base address is the
#     maximum limit for the native heap growth. Please use -XX:HeapBaseMinAddress
#     to set the Java Heap base and to place the Java Heap above 4GB virtual address.
# This output file may be truncated or incomplete.
#
#  Out of Memory Error (arena.cpp:168), pid=50668, tid=32940
#
# JRE version: OpenJDK Runtime Environment Temurin-21.0.9+10 (21.0.9+10) (build 21.0.9+10-LTS)
# Java VM: OpenJDK 64-Bit Server VM Temurin-21.0.9+10 (21.0.9+10-LTS, mixed mode, sharing, tiered, compressed oops, compressed class ptrs, parallel gc, windows-amd64)
# No core dump will be written. Minidumps are not enabled by default on client versions of Windows
#

---------------  S U M M A R Y ------------

Command Line: --add-modules=ALL-SYSTEM --add-opens=java.base/java.util=ALL-UNNAMED --add-opens=java.base/java.lang=ALL-UNNAMED --add-opens=java.base/sun.nio.fs=ALL-UNNAMED -Declipse.application=org.eclipse.jdt.ls.core.id1 -Dosgi.bundles.defaultStartLevel=4 -Declipse.product=org.eclipse.jdt.ls.core.product -Djava.import.generatesMetadataFilesAtProjectRoot=false -DDetectVMInstallationsJob.disabled=true -Dfile.encoding=utf8 -XX:+UseParallelGC -XX:GCTimeRatio=4 -XX:AdaptiveSizePolicyWeight=90 -Dsun.zip.disableMemoryMapping=true -Xmx2G -Xms100m -Xlog:disable -javaagent:c:\Users\LOQ\.vscode\extensions\redhat.java-1.51.0-win32-x64\lombok\lombok-1.18.39-4050.jar c:\Users\LOQ\.vscode\extensions\redhat.java-1.51.0-win32-x64\server\plugins\org.eclipse.equinox.launcher_1.7.100.v20251111-0406.jar -configuration c:\Users\LOQ\AppData\Roaming\Code\User\globalStorage\redhat.java\1.51.0\config_ss_win -data c:\Users\LOQ\AppData\Roaming\Code\User\workspaceStorage\099b6d2cca0fa57c0a55b9bbe2e40508\redhat.java\ss_ws --pipe=\\.\pipe\lsp-b4dcc52af5cdc149b005d6b551656a6e-sock

Host: AMD Ryzen 5 7235HS                             , 8 cores, 11G,  Windows 11 , 64 bit Build 26100 (10.0.26100.6725)
Time: Sun Jan 25 13:20:52 2026 Sri Lanka Standard Time elapsed time: 5.614955 seconds (0d 0h 0m 5s)

---------------  T H R E A D  ---------------

Current thread (0x0000022e615b46f0):  JavaThread "C2 CompilerThread1" daemon [_thread_in_native, id=32940, stack(0x00000030bbd00000,0x00000030bbe00000) (1024K)]


Current CompileTask:
C2:5615 3742       4       org.eclipse.core.internal.watson.ElementTreeIterator::doIteration (114 bytes)

Stack: [0x00000030bbd00000,0x00000030bbe00000]
Native frames: (J=compiled Java code, j=interpreted, Vv=VM code, C=native code)
V  [jvm.dll+0x6d6e29]
V  [jvm.dll+0x8b4b76]
V  [jvm.dll+0x8b712e]
V  [jvm.dll+0x8b7813]
V  [jvm.dll+0x283d86]
V  [jvm.dll+0xc66ed]
V  [jvm.dll+0xc6c31]
V  [jvm.dll+0x2facee]
V  [jvm.dll+0x5fde44]
V  [jvm.dll+0x255557]
V  [jvm.dll+0x25591d]
V  [jvm.dll+0x24df40]
V  [jvm.dll+0x24b482]
V  [jvm.dll+0x1cb13e]
V  [jvm.dll+0x25b29d]
V  [jvm.dll+0x25982a]
V  [jvm.dll+0x3f7ea6]
V  [jvm.dll+0x85e9ad]
V  [jvm.dll+0x6d565d]
C  [ucrtbase.dll+0x37b0]
C  [KERNEL32.DLL+0x2e8d7]
C  [ntdll.dll+0x8c53c]


---------------  P R O C E S S  ---------------

Threads class SMR info:
_java_thread_list=0x0000022e62976140, length=34, elements={
0x0000022e02efb280, 0x0000022e1996c0b0, 0x0000022e19971540, 0x0000022e19972520,
0x0000022e19975020, 0x0000022e19975a70, 0x0000022e19977980, 0x0000022e1997abc0,
0x0000022e199a0860, 0x0000022e5c59b8b0, 0x0000022e5c5e4ff0, 0x0000022e5cdfa920,
0x0000022e5cce7750, 0x0000022e5cce7db0, 0x0000022e5c6eab20, 0x0000022e61295e70,
0x0000022e5ced14b0, 0x0000022e6144e960, 0x0000022e6147f450, 0x0000022e615b46f0,
0x0000022e614b7760, 0x0000022e624f3d00, 0x0000022e624f15a0, 0x0000022e624f1c30,
0x0000022e624f22c0, 0x0000022e624f2950, 0x0000022e624f0880, 0x0000022e624f0f10,
0x0000022e624f2fe0, 0x0000022e624f3670, 0x0000022e6300edb0, 0x0000022e630107f0,
0x0000022e6300da00, 0x0000022e63011510
}

Java Threads: ( => current thread )
  0x0000022e02efb280 JavaThread "main"                              [_thread_blocked, id=42572, stack(0x00000030ba000000,0x00000030ba100000) (1024K)]
  0x0000022e1996c0b0 JavaThread "Reference Handler"          daemon [_thread_blocked, id=30088, stack(0x00000030ba400000,0x00000030ba500000) (1024K)]
  0x0000022e19971540 JavaThread "Finalizer"                  daemon [_thread_blocked, id=45700, stack(0x00000030ba500000,0x00000030ba600000) (1024K)]
  0x0000022e19972520 JavaThread "Signal Dispatcher"          daemon [_thread_blocked, id=11468, stack(0x00000030ba600000,0x00000030ba700000) (1024K)]
  0x0000022e19975020 JavaThread "Attach Listener"            daemon [_thread_blocked, id=25200, stack(0x00000030ba700000,0x00000030ba800000) (1024K)]
  0x0000022e19975a70 JavaThread "Service Thread"             daemon [_thread_blocked, id=20852, stack(0x00000030ba800000,0x00000030ba900000) (1024K)]
  0x0000022e19977980 JavaThread "Monitor Deflation Thread"   daemon [_thread_blocked, id=19676, stack(0x00000030ba900000,0x00000030baa00000) (1024K)]
  0x0000022e1997abc0 JavaThread "C2 CompilerThread0"         daemon [_thread_blocked, id=4104, stack(0x00000030baa00000,0x00000030bab00000) (1024K)]
  0x0000022e199a0860 JavaThread "C1 CompilerThread0"         daemon [_thread_blocked, id=45320, stack(0x00000030bab00000,0x00000030bac00000) (1024K)]
  0x0000022e5c59b8b0 JavaThread "Common-Cleaner"             daemon [_thread_blocked, id=31184, stack(0x00000030bad00000,0x00000030bae00000) (1024K)]
  0x0000022e5c5e4ff0 JavaThread "Notification Thread"        daemon [_thread_blocked, id=34496, stack(0x00000030bac00000,0x00000030bad00000) (1024K)]
  0x0000022e5cdfa920 JavaThread "Active Thread: Equinox Container: bcb5884c-e8ff-490e-b80c-b6fa1af9665b"        [_thread_blocked, id=36400, stack(0x00000030bb600000,0x00000030bb700000) (1024K)]
  0x0000022e5cce7750 JavaThread "Framework Event Dispatcher: Equinox Container: bcb5884c-e8ff-490e-b80c-b6fa1af9665b" daemon [_thread_blocked, id=19508, stack(0x00000030bb700000,0x00000030bb800000) (1024K)]
  0x0000022e5cce7db0 JavaThread "Start Level: Equinox Container: bcb5884c-e8ff-490e-b80c-b6fa1af9665b" daemon [_thread_blocked, id=19124, stack(0x00000030bb800000,0x00000030bb900000) (1024K)]
  0x0000022e5c6eab20 JavaThread "SCR Component Actor"        daemon [_thread_blocked, id=1084, stack(0x00000030bae00000,0x00000030baf00000) (1024K)]
  0x0000022e61295e70 JavaThread "Worker-JM"                         [_thread_blocked, id=44384, stack(0x00000030baf00000,0x00000030bb000000) (1024K)]
  0x0000022e5ced14b0 JavaThread "JNA Cleaner"                daemon [_thread_blocked, id=11572, stack(0x00000030bba00000,0x00000030bbb00000) (1024K)]
  0x0000022e6144e960 JavaThread "Worker-0"                          [_thread_blocked, id=36616, stack(0x00000030bbb00000,0x00000030bbc00000) (1024K)]
  0x0000022e6147f450 JavaThread "Worker-1"                          [_thread_blocked, id=36884, stack(0x00000030bbc00000,0x00000030bbd00000) (1024K)]
=>0x0000022e615b46f0 JavaThread "C2 CompilerThread1"         daemon [_thread_in_native, id=32940, stack(0x00000030bbd00000,0x00000030bbe00000) (1024K)]
  0x0000022e614b7760 JavaThread "C2 CompilerThread2"         daemon [_thread_blocked, id=34016, stack(0x00000030bbe00000,0x00000030bbf00000) (1024K)]
  0x0000022e624f3d00 JavaThread "Thread-1"                   daemon [_thread_in_native, id=48824, stack(0x00000030bc100000,0x00000030bc200000) (1024K)]
  0x0000022e624f15a0 JavaThread "Thread-2"                   daemon [_thread_in_native, id=19428, stack(0x00000030bc200000,0x00000030bc300000) (1024K)]
  0x0000022e624f1c30 JavaThread "Thread-3"                   daemon [_thread_in_native, id=16412, stack(0x00000030bc300000,0x00000030bc400000) (1024K)]
  0x0000022e624f22c0 JavaThread "Thread-4"                   daemon [_thread_in_vm, id=40144, stack(0x00000030bc400000,0x00000030bc500000) (1024K)] _threads_hazard_ptr=0x0000022e62976140
  0x0000022e624f2950 JavaThread "Thread-5"                   daemon [_thread_in_native, id=24852, stack(0x00000030bc500000,0x00000030bc600000) (1024K)]
  0x0000022e624f0880 JavaThread "Thread-6"                   daemon [_thread_in_native, id=8412, stack(0x00000030bc600000,0x00000030bc700000) (1024K)]
  0x0000022e624f0f10 JavaThread "Thread-7"                   daemon [_thread_in_native, id=44400, stack(0x00000030bc700000,0x00000030bc800000) (1024K)]
  0x0000022e624f2fe0 JavaThread "Thread-8"                   daemon [_thread_in_native, id=15128, stack(0x00000030bc800000,0x00000030bc900000) (1024K)]
  0x0000022e624f3670 JavaThread "Thread-9"                   daemon [_thread_in_native, id=35388, stack(0x00000030bc900000,0x00000030bca00000) (1024K)]
  0x0000022e6300edb0 JavaThread "Worker-2"                          [_thread_blocked, id=42760, stack(0x00000030bca00000,0x00000030bcb00000) (1024K)]
  0x0000022e630107f0 JavaThread "pool-2-thread-1"                   [_thread_blocked, id=37952, stack(0x00000030bcb00000,0x00000030bcc00000) (1024K)]
  0x0000022e6300da00 JavaThread "WorkspaceEventsHandler"            [_thread_blocked, id=46584, stack(0x00000030bcc00000,0x00000030bcd00000) (1024K)]
  0x0000022e63011510 JavaThread "pool-1-thread-1"                   [_thread_blocked, id=22284, stack(0x00000030bcd00000,0x00000030bce00000) (1024K)]
Total: 34

Other Threads:
  0x0000022e199529f0 VMThread "VM Thread"                           [id=360, stack(0x00000030ba300000,0x00000030ba400000) (1024K)]
  0x0000022e1988ca00 WatcherThread "VM Periodic Task Thread"        [id=30800, stack(0x00000030ba200000,0x00000030ba300000) (1024K)]
  0x0000022e02f1bc50 WorkerThread "GC Thread#0"                     [id=40124, stack(0x00000030ba100000,0x00000030ba200000) (1024K)]
  0x0000022e5cdae0b0 WorkerThread "GC Thread#1"                     [id=46520, stack(0x00000030bb000000,0x00000030bb100000) (1024K)]
  0x0000022e5cdae850 WorkerThread "GC Thread#2"                     [id=32372, stack(0x00000030bb100000,0x00000030bb200000) (1024K)]
  0x0000022e5cd0b200 WorkerThread "GC Thread#3"                     [id=17244, stack(0x00000030bb200000,0x00000030bb300000) (1024K)]
  0x0000022e5cd0b5a0 WorkerThread "GC Thread#4"                     [id=24368, stack(0x00000030bb300000,0x00000030bb400000) (1024K)]
  0x0000022e5cd0b940 WorkerThread "GC Thread#5"                     [id=33632, stack(0x00000030bb400000,0x00000030bb500000) (1024K)]
  0x0000022e5cd0bce0 WorkerThread "GC Thread#6"                     [id=7564, stack(0x00000030bb500000,0x00000030bb600000) (1024K)]
  0x0000022e5cd96440 WorkerThread "GC Thread#7"                     [id=13544, stack(0x00000030bb900000,0x00000030bba00000) (1024K)]
Total: 10

Threads with active compile tasks:
C2 CompilerThread1  5643 3742       4       org.eclipse.core.internal.watson.ElementTreeIterator::doIteration (114 bytes)
Total: 1

VM state: not at safepoint (normal execution)

VM Mutex/Monitor currently owned by a thread: None

Heap address: 0x0000000080000000, size: 2048 MB, Compressed Oops mode: 32-bit

CDS archive(s) mapped at: [0x0000022e1a000000-0x0000022e1aba0000-0x0000022e1aba0000), size 12189696, SharedBaseAddress: 0x0000022e1a000000, ArchiveRelocationMode: 1.
Compressed class space mapped at: 0x0000022e1b000000-0x0000022e5b000000, reserved size: 1073741824
Narrow klass base: 0x0000022e1a000000, Narrow klass shift: 0, Narrow klass range: 0x100000000

GC Precious Log:
 CardTable entry size: 512
 CPUs: 8 total, 8 available
 Memory: 11972M
 Large Page Support: Disabled
 NUMA Support: Disabled
 Compressed Oops: Enabled (32-bit)
 Alignments: Space 512K, Generation 512K, Heap 2M
 Heap Min Capacity: 100M
 Heap Initial Capacity: 100M
 Heap Max Capacity: 2G
 Pre-touch: Disabled
 Parallel Workers: 8

Heap:
 PSYoungGen      total 27648K, used 13142K [0x00000000d5580000, 0x00000000d7600000, 0x0000000100000000)
  eden space 23040K, 37% used [0x00000000d5580000,0x00000000d5de5f30,0x00000000d6c00000)
  from space 4608K, 98% used [0x00000000d6c80000,0x00000000d70ef960,0x00000000d7100000)
  to   space 5120K, 0% used [0x00000000d7100000,0x00000000d7100000,0x00000000d7600000)
 ParOldGen       total 68608K, used 10983K [0x0000000080000000, 0x0000000084300000, 0x00000000d5580000)
  object space 68608K, 16% used [0x0000000080000000,0x0000000080ab9e08,0x0000000084300000)
 Metaspace       used 30323K, committed 31232K, reserved 1114112K
  class space    used 3052K, committed 3456K, reserved 1048576K

Card table byte_map: [0x0000022e028a0000,0x0000022e02cb0000] _byte_map_base: 0x0000022e024a0000

Marking Bits: (ParMarkBitMap*) 0x00007ffae5252460
 Begin Bits: [0x0000022e153b0000, 0x0000022e173b0000)
 End Bits:   [0x0000022e173b0000, 0x0000022e193b0000)

Polling page: 0x0000022e00dc0000

Metaspace:

Usage:
  Non-class:     26.63 MB used.
      Class:      2.98 MB used.
       Both:     29.61 MB used.

Virtual space:
  Non-class space:       64.00 MB reserved,      27.12 MB ( 42%) committed,  1 nodes.
      Class space:        1.00 GB reserved,       3.38 MB ( <1%) committed,  1 nodes.
             Both:        1.06 GB reserved,      30.50 MB (  3%) committed. 

Chunk freelists:
   Non-Class:  3.95 MB
       Class:  12.54 MB
        Both:  16.49 MB

MaxMetaspaceSize: unlimited
CompressedClassSpaceSize: 1.00 GB
Initial GC threshold: 21.00 MB
Current GC threshold: 35.00 MB
CDS: on
 - commit_granule_bytes: 65536.
 - commit_granule_words: 8192.
 - virtual_space_node_default_size: 8388608.
 - enlarge_chunks_in_place: 1.
 - use_allocation_guard: 0.


Internal statistics:

num_allocs_failed_limit: 3.
num_arena_births: 574.
num_arena_deaths: 14.
num_vsnodes_births: 2.
num_vsnodes_deaths: 0.
num_space_committed: 488.
num_space_uncommitted: 0.
num_chunks_returned_to_freelist: 17.
num_chunks_taken_from_freelist: 1763.
num_chunk_merges: 9.
num_chunk_splits: 1139.
num_chunks_enlarged: 736.
num_inconsistent_stats: 0.

CodeHeap 'non-profiled nmethods': size=120000Kb used=1838Kb max_used=1838Kb free=118161Kb
 bounds [0x0000022e0dbd0000, 0x0000022e0de40000, 0x0000022e15100000]
CodeHeap 'profiled nmethods': size=120000Kb used=7386Kb max_used=7386Kb free=112613Kb
 bounds [0x0000022e06100000, 0x0000022e06840000, 0x0000022e0d630000]
CodeHeap 'non-nmethods': size=5760Kb used=1349Kb max_used=1411Kb free=4410Kb
 bounds [0x0000022e0d630000, 0x0000022e0d8a0000, 0x0000022e0dbd0000]
CodeCache: size=245760Kb, used=10573Kb, max_used=10635Kb, free=235184Kb
 total_blobs=4459, nmethods=3818, adapters=547, full_count=0
Compilation: enabled, stopped_count=0, restarted_count=0

Compilation events (20 events):
Event: 5.603 Thread 0x0000022e199a0860 3805       3       com.google.gson.reflect.TypeToken::equals (30 bytes)
Event: 5.603 Thread 0x0000022e199a0860 nmethod 3805 0x0000022e0682ef90 code [0x0000022e0682f160, 0x0000022e0682f510]
Event: 5.603 Thread 0x0000022e199a0860 3806       3       com.google.gson.internal.GsonTypes::equals (286 bytes)
Event: 5.604 Thread 0x0000022e199a0860 nmethod 3806 0x0000022e0682f610 code [0x0000022e0682fac0, 0x0000022e06832568]
Event: 5.605 Thread 0x0000022e199a0860 3807       1       sun.reflect.generics.reflectiveObjects.ParameterizedTypeImpl::getRawType (5 bytes)
Event: 5.605 Thread 0x0000022e199a0860 nmethod 3807 0x0000022e0dd9af90 code [0x0000022e0dd9b120, 0x0000022e0dd9b1e8]
Event: 5.605 Thread 0x0000022e199a0860 3808       3       java.util.Collections$EmptySet::iterator (4 bytes)
Event: 5.606 Thread 0x0000022e199a0860 nmethod 3808 0x0000022e06832b90 code [0x0000022e06832d40, 0x0000022e06832eb0]
Event: 5.608 Thread 0x0000022e199a0860 3809       3       java.lang.reflect.Field::setOverrideFieldAccessor (20 bytes)
Event: 5.608 Thread 0x0000022e199a0860 nmethod 3809 0x0000022e06832f90 code [0x0000022e06833140, 0x0000022e06833380]
Event: 5.610 Thread 0x0000022e199a0860 3810       3       java.lang.invoke.BoundMethodHandle$Species_LLL::make (14 bytes)
Event: 5.611 Thread 0x0000022e199a0860 nmethod 3810 0x0000022e06833490 code [0x0000022e06833640, 0x0000022e068338a0]
Event: 5.611 Thread 0x0000022e199a0860 3811       3       java.lang.invoke.BoundMethodHandle$Species_LLL::<init> (24 bytes)
Event: 5.611 Thread 0x0000022e199a0860 nmethod 3811 0x0000022e06833a10 code [0x0000022e06833bc0, 0x0000022e06833de0]
Event: 5.611 Thread 0x0000022e199a0860 3812       3       java.lang.invoke.BoundMethodHandle$Species_LL::copyWithExtendL (25 bytes)
Event: 5.611 Thread 0x0000022e199a0860 nmethod 3812 0x0000022e06833f10 code [0x0000022e068340e0, 0x0000022e06834558]
Event: 5.611 Thread 0x0000022e199a0860 3813       3       java.lang.reflect.Field::get (39 bytes)
Event: 5.612 Thread 0x0000022e199a0860 nmethod 3813 0x0000022e06834690 code [0x0000022e068348c0, 0x0000022e06834e10]
Event: 5.612 Thread 0x0000022e199a0860 3815       3       java.lang.reflect.Field::acquireOverrideFieldAccessor (46 bytes)
Event: 5.612 Thread 0x0000022e199a0860 nmethod 3815 0x0000022e06835010 code [0x0000022e06835200, 0x0000022e06835610]

GC Heap History (20 events):
Event: 1.397 GC heap before
{Heap before GC invocations=1 (full 0):
 PSYoungGen      total 29696K, used 25600K [0x00000000d5580000, 0x00000000d7680000, 0x0000000100000000)
  eden space 25600K, 100% used [0x00000000d5580000,0x00000000d6e80000,0x00000000d6e80000)
  from space 4096K, 0% used [0x00000000d7280000,0x00000000d7280000,0x00000000d7680000)
  to   space 4096K, 0% used [0x00000000d6e80000,0x00000000d6e80000,0x00000000d7280000)
 ParOldGen       total 68608K, used 0K [0x0000000080000000, 0x0000000084300000, 0x00000000d5580000)
  object space 68608K, 0% used [0x0000000080000000,0x0000000080000000,0x0000000084300000)
 Metaspace       used 4341K, committed 4544K, reserved 1114112K
  class space    used 473K, committed 576K, reserved 1048576K
}
Event: 1.405 GC heap after
{Heap after GC invocations=1 (full 0):
 PSYoungGen      total 29696K, used 3271K [0x00000000d5580000, 0x00000000d7680000, 0x0000000100000000)
  eden space 25600K, 0% used [0x00000000d5580000,0x00000000d5580000,0x00000000d6e80000)
  from space 4096K, 79% used [0x00000000d6e80000,0x00000000d71b1e98,0x00000000d7280000)
  to   space 4096K, 0% used [0x00000000d7280000,0x00000000d7280000,0x00000000d7680000)
 ParOldGen       total 68608K, used 16K [0x0000000080000000, 0x0000000084300000, 0x00000000d5580000)
  object space 68608K, 0% used [0x0000000080000000,0x0000000080004000,0x0000000084300000)
 Metaspace       used 4341K, committed 4544K, reserved 1114112K
  class space    used 473K, committed 576K, reserved 1048576K
}
Event: 2.382 GC heap before
{Heap before GC invocations=2 (full 0):
 PSYoungGen      total 29696K, used 28871K [0x00000000d5580000, 0x00000000d7680000, 0x0000000100000000)
  eden space 25600K, 100% used [0x00000000d5580000,0x00000000d6e80000,0x00000000d6e80000)
  from space 4096K, 79% used [0x00000000d6e80000,0x00000000d71b1e98,0x00000000d7280000)
  to   space 4096K, 0% used [0x00000000d7280000,0x00000000d7280000,0x00000000d7680000)
 ParOldGen       total 68608K, used 16K [0x0000000080000000, 0x0000000084300000, 0x00000000d5580000)
  object space 68608K, 0% used [0x0000000080000000,0x0000000080004000,0x0000000084300000)
 Metaspace       used 8181K, committed 8448K, reserved 1114112K
  class space    used 872K, committed 1024K, reserved 1048576K
}
Event: 2.388 GC heap after
{Heap after GC invocations=2 (full 0):
 PSYoungGen      total 29696K, used 4093K [0x00000000d5580000, 0x00000000d7680000, 0x0000000100000000)
  eden space 25600K, 0% used [0x00000000d5580000,0x00000000d5580000,0x00000000d6e80000)
  from space 4096K, 99% used [0x00000000d7280000,0x00000000d767f680,0x00000000d7680000)
  to   space 4096K, 0% used [0x00000000d6e80000,0x00000000d6e80000,0x00000000d7280000)
 ParOldGen       total 68608K, used 1114K [0x0000000080000000, 0x0000000084300000, 0x00000000d5580000)
  object space 68608K, 1% used [0x0000000080000000,0x0000000080116840,0x0000000084300000)
 Metaspace       used 8181K, committed 8448K, reserved 1114112K
  class space    used 872K, committed 1024K, reserved 1048576K
}
Event: 3.131 GC heap before
{Heap before GC invocations=3 (full 0):
 PSYoungGen      total 29696K, used 29693K [0x00000000d5580000, 0x00000000d7680000, 0x0000000100000000)
  eden space 25600K, 100% used [0x00000000d5580000,0x00000000d6e80000,0x00000000d6e80000)
  from space 4096K, 99% used [0x00000000d7280000,0x00000000d767f680,0x00000000d7680000)
  to   space 4096K, 0% used [0x00000000d6e80000,0x00000000d6e80000,0x00000000d7280000)
 ParOldGen       total 68608K, used 1114K [0x0000000080000000, 0x0000000084300000, 0x00000000d5580000)
  object space 68608K, 1% used [0x0000000080000000,0x0000000080116840,0x0000000084300000)
 Metaspace       used 13032K, committed 13696K, reserved 1114112K
  class space    used 1382K, committed 1664K, reserved 1048576K
}
Event: 3.135 GC heap after
{Heap after GC invocations=3 (full 0):
 PSYoungGen      total 29696K, used 4089K [0x00000000d5580000, 0x00000000d7680000, 0x0000000100000000)
  eden space 25600K, 0% used [0x00000000d5580000,0x00000000d5580000,0x00000000d6e80000)
  from space 4096K, 99% used [0x00000000d6e80000,0x00000000d727e748,0x00000000d7280000)
  to   space 4096K, 0% used [0x00000000d7280000,0x00000000d7280000,0x00000000d7680000)
 ParOldGen       total 68608K, used 2931K [0x0000000080000000, 0x0000000084300000, 0x00000000d5580000)
  object space 68608K, 4% used [0x0000000080000000,0x00000000802dce50,0x0000000084300000)
 Metaspace       used 13032K, committed 13696K, reserved 1114112K
  class space    used 1382K, committed 1664K, reserved 1048576K
}
Event: 3.843 GC heap before
{Heap before GC invocations=4 (full 0):
 PSYoungGen      total 29696K, used 29689K [0x00000000d5580000, 0x00000000d7680000, 0x0000000100000000)
  eden space 25600K, 100% used [0x00000000d5580000,0x00000000d6e80000,0x00000000d6e80000)
  from space 4096K, 99% used [0x00000000d6e80000,0x00000000d727e748,0x00000000d7280000)
  to   space 4096K, 0% used [0x00000000d7280000,0x00000000d7280000,0x00000000d7680000)
 ParOldGen       total 68608K, used 2931K [0x0000000080000000, 0x0000000084300000, 0x00000000d5580000)
  object space 68608K, 4% used [0x0000000080000000,0x00000000802dce50,0x0000000084300000)
 Metaspace       used 16902K, committed 17600K, reserved 1114112K
  class space    used 1783K, committed 2112K, reserved 1048576K
}
Event: 3.849 GC heap after
{Heap after GC invocations=4 (full 0):
 PSYoungGen      total 29696K, used 4084K [0x00000000d5580000, 0x00000000d7680000, 0x0000000100000000)
  eden space 25600K, 0% used [0x00000000d5580000,0x00000000d5580000,0x00000000d6e80000)
  from space 4096K, 99% used [0x00000000d7280000,0x00000000d767d3e8,0x00000000d7680000)
  to   space 4096K, 0% used [0x00000000d6e80000,0x00000000d6e80000,0x00000000d7280000)
 ParOldGen       total 68608K, used 5399K [0x0000000080000000, 0x0000000084300000, 0x00000000d5580000)
  object space 68608K, 7% used [0x0000000080000000,0x0000000080545c60,0x0000000084300000)
 Metaspace       used 16902K, committed 17600K, reserved 1114112K
  class space    used 1783K, committed 2112K, reserved 1048576K
}
Event: 4.137 GC heap before
{Heap before GC invocations=5 (full 0):
 PSYoungGen      total 29696K, used 29684K [0x00000000d5580000, 0x00000000d7680000, 0x0000000100000000)
  eden space 25600K, 100% used [0x00000000d5580000,0x00000000d6e80000,0x00000000d6e80000)
  from space 4096K, 99% used [0x00000000d7280000,0x00000000d767d3e8,0x00000000d7680000)
  to   space 4096K, 0% used [0x00000000d6e80000,0x00000000d6e80000,0x00000000d7280000)
 ParOldGen       total 68608K, used 5399K [0x0000000080000000, 0x0000000084300000, 0x00000000d5580000)
  object space 68608K, 7% used [0x0000000080000000,0x0000000080545c60,0x0000000084300000)
 Metaspace       used 20228K, committed 20864K, reserved 1114112K
  class space    used 2011K, committed 2304K, reserved 1048576K
}
Event: 4.139 GC heap after
{Heap after GC invocations=5 (full 0):
 PSYoungGen      total 29184K, used 4070K [0x00000000d5580000, 0x00000000d7900000, 0x0000000100000000)
  eden space 25088K, 0% used [0x00000000d5580000,0x00000000d5580000,0x00000000d6e00000)
  from space 4096K, 99% used [0x00000000d6e80000,0x00000000d7279a88,0x00000000d7280000)
  to   space 5632K, 0% used [0x00000000d7380000,0x00000000d7380000,0x00000000d7900000)
 ParOldGen       total 68608K, used 5687K [0x0000000080000000, 0x0000000084300000, 0x00000000d5580000)
  object space 68608K, 8% used [0x0000000080000000,0x000000008058dc60,0x0000000084300000)
 Metaspace       used 20228K, committed 20864K, reserved 1114112K
  class space    used 2011K, committed 2304K, reserved 1048576K
}
Event: 4.183 GC heap before
{Heap before GC invocations=6 (full 0):
 PSYoungGen      total 29184K, used 10350K [0x00000000d5580000, 0x00000000d7900000, 0x0000000100000000)
  eden space 25088K, 25% used [0x00000000d5580000,0x00000000d5ba1f90,0x00000000d6e00000)
  from space 4096K, 99% used [0x00000000d6e80000,0x00000000d7279a88,0x00000000d7280000)
  to   space 5632K, 0% used [0x00000000d7380000,0x00000000d7380000,0x00000000d7900000)
 ParOldGen       total 68608K, used 5687K [0x0000000080000000, 0x0000000084300000, 0x00000000d5580000)
  object space 68608K, 8% used [0x0000000080000000,0x000000008058dc60,0x0000000084300000)
 Metaspace       used 20808K, committed 21504K, reserved 1114112K
  class space    used 2051K, committed 2368K, reserved 1048576K
}
Event: 4.186 GC heap after
{Heap after GC invocations=6 (full 0):
 PSYoungGen      total 29696K, used 4382K [0x00000000d5580000, 0x00000000d7800000, 0x0000000100000000)
  eden space 25088K, 0% used [0x00000000d5580000,0x00000000d5580000,0x00000000d6e00000)
  from space 4608K, 95% used [0x00000000d7380000,0x00000000d77c7888,0x00000000d7800000)
  to   space 4608K, 0% used [0x00000000d6f00000,0x00000000d6f00000,0x00000000d7380000)
 ParOldGen       total 68608K, used 5687K [0x0000000080000000, 0x0000000084300000, 0x00000000d5580000)
  object space 68608K, 8% used [0x0000000080000000,0x000000008058dc60,0x0000000084300000)
 Metaspace       used 20808K, committed 21504K, reserved 1114112K
  class space    used 2051K, committed 2368K, reserved 1048576K
}
Event: 4.186 GC heap before
{Heap before GC invocations=7 (full 1):
 PSYoungGen      total 29696K, used 4382K [0x00000000d5580000, 0x00000000d7800000, 0x0000000100000000)
  eden space 25088K, 0% used [0x00000000d5580000,0x00000000d5580000,0x00000000d6e00000)
  from space 4608K, 95% used [0x00000000d7380000,0x00000000d77c7888,0x00000000d7800000)
  to   space 4608K, 0% used [0x00000000d6f00000,0x00000000d6f00000,0x00000000d7380000)
 ParOldGen       total 68608K, used 5687K [0x0000000080000000, 0x0000000084300000, 0x00000000d5580000)
  object space 68608K, 8% used [0x0000000080000000,0x000000008058dc60,0x0000000084300000)
 Metaspace       used 20808K, committed 21504K, reserved 1114112K
  class space    used 2051K, committed 2368K, reserved 1048576K
}
Event: 4.212 GC heap after
{Heap after GC invocations=7 (full 1):
 PSYoungGen      total 29696K, used 0K [0x00000000d5580000, 0x00000000d7800000, 0x0000000100000000)
  eden space 25088K, 0% used [0x00000000d5580000,0x00000000d5580000,0x00000000d6e00000)
  from space 4608K, 0% used [0x00000000d7380000,0x00000000d7380000,0x00000000d7800000)
  to   space 4608K, 0% used [0x00000000d6f00000,0x00000000d6f00000,0x00000000d7380000)
 ParOldGen       total 68608K, used 9646K [0x0000000080000000, 0x0000000084300000, 0x00000000d5580000)
  object space 68608K, 14% used [0x0000000080000000,0x000000008096b8e8,0x0000000084300000)
 Metaspace       used 20795K, committed 21504K, reserved 1114112K
  class space    used 2047K, committed 2368K, reserved 1048576K
}
Event: 4.593 GC heap before
{Heap before GC invocations=8 (full 1):
 PSYoungGen      total 29696K, used 25088K [0x00000000d5580000, 0x00000000d7800000, 0x0000000100000000)
  eden space 25088K, 100% used [0x00000000d5580000,0x00000000d6e00000,0x00000000d6e00000)
  from space 4608K, 0% used [0x00000000d7380000,0x00000000d7380000,0x00000000d7800000)
  to   space 4608K, 0% used [0x00000000d6f00000,0x00000000d6f00000,0x00000000d7380000)
 ParOldGen       total 68608K, used 9646K [0x0000000080000000, 0x0000000084300000, 0x00000000d5580000)
  object space 68608K, 14% used [0x0000000080000000,0x000000008096b8e8,0x0000000084300000)
 Metaspace       used 23058K, committed 23808K, reserved 1114112K
  class space    used 2232K, committed 2560K, reserved 1048576K
}
Event: 4.595 GC heap after
{Heap after GC invocations=8 (full 1):
 PSYoungGen      total 27136K, used 2355K [0x00000000d5580000, 0x00000000d7480000, 0x0000000100000000)
  eden space 24576K, 0% used [0x00000000d5580000,0x00000000d5580000,0x00000000d6d80000)
  from space 2560K, 92% used [0x00000000d6f00000,0x00000000d714ccf0,0x00000000d7180000)
  to   space 3072K, 0% used [0x00000000d7180000,0x00000000d7180000,0x00000000d7480000)
 ParOldGen       total 68608K, used 9654K [0x0000000080000000, 0x0000000084300000, 0x00000000d5580000)
  object space 68608K, 14% used [0x0000000080000000,0x000000008096d8e8,0x0000000084300000)
 Metaspace       used 23058K, committed 23808K, reserved 1114112K
  class space    used 2232K, committed 2560K, reserved 1048576K
}
Event: 5.064 GC heap before
{Heap before GC invocations=9 (full 1):
 PSYoungGen      total 27136K, used 26931K [0x00000000d5580000, 0x00000000d7480000, 0x0000000100000000)
  eden space 24576K, 100% used [0x00000000d5580000,0x00000000d6d80000,0x00000000d6d80000)
  from space 2560K, 92% used [0x00000000d6f00000,0x00000000d714ccf0,0x00000000d7180000)
  to   space 3072K, 0% used [0x00000000d7180000,0x00000000d7180000,0x00000000d7480000)
 ParOldGen       total 68608K, used 9654K [0x0000000080000000, 0x0000000084300000, 0x00000000d5580000)
  object space 68608K, 14% used [0x0000000080000000,0x000000008096d8e8,0x0000000084300000)
 Metaspace       used 26234K, committed 27072K, reserved 1114112K
  class space    used 2566K, committed 2944K, reserved 1048576K
}
Event: 5.068 GC heap after
{Heap after GC invocations=9 (full 1):
 PSYoungGen      total 26624K, used 3058K [0x00000000d5580000, 0x00000000d7700000, 0x0000000100000000)
  eden space 23552K, 0% used [0x00000000d5580000,0x00000000d5580000,0x00000000d6c80000)
  from space 3072K, 99% used [0x00000000d7180000,0x00000000d747ca48,0x00000000d7480000)
  to   space 5120K, 0% used [0x00000000d6c80000,0x00000000d6c80000,0x00000000d7180000)
 ParOldGen       total 68608K, used 10975K [0x0000000080000000, 0x0000000084300000, 0x00000000d5580000)
  object space 68608K, 15% used [0x0000000080000000,0x0000000080ab7e08,0x0000000084300000)
 Metaspace       used 26234K, committed 27072K, reserved 1114112K
  class space    used 2566K, committed 2944K, reserved 1048576K
}
Event: 5.496 GC heap before
{Heap before GC invocations=10 (full 1):
 PSYoungGen      total 26624K, used 26610K [0x00000000d5580000, 0x00000000d7700000, 0x0000000100000000)
  eden space 23552K, 99% used [0x00000000d5580000,0x00000000d6c7ffd8,0x00000000d6c80000)
  from space 3072K, 99% used [0x00000000d7180000,0x00000000d747ca48,0x00000000d7480000)
  to   space 5120K, 0% used [0x00000000d6c80000,0x00000000d6c80000,0x00000000d7180000)
 ParOldGen       total 68608K, used 10975K [0x0000000080000000, 0x0000000084300000, 0x00000000d5580000)
  object space 68608K, 15% used [0x0000000080000000,0x0000000080ab7e08,0x0000000084300000)
 Metaspace       used 29700K, committed 30528K, reserved 1114112K
  class space    used 2972K, committed 3328K, reserved 1048576K
}
Event: 5.500 GC heap after
{Heap after GC invocations=10 (full 1):
 PSYoungGen      total 27648K, used 4542K [0x00000000d5580000, 0x00000000d7600000, 0x0000000100000000)
  eden space 23040K, 0% used [0x00000000d5580000,0x00000000d5580000,0x00000000d6c00000)
  from space 4608K, 98% used [0x00000000d6c80000,0x00000000d70ef960,0x00000000d7100000)
  to   space 5120K, 0% used [0x00000000d7100000,0x00000000d7100000,0x00000000d7600000)
 ParOldGen       total 68608K, used 10983K [0x0000000080000000, 0x0000000084300000, 0x00000000d5580000)
  object space 68608K, 16% used [0x0000000080000000,0x0000000080ab9e08,0x0000000084300000)
 Metaspace       used 29700K, committed 30528K, reserved 1114112K
  class space    used 2972K, committed 3328K, reserved 1048576K
}

Dll operation events (10 events):
Event: 0.021 Loaded shared library c:\Users\LOQ\.vscode\extensions\redhat.java-1.51.0-win32-x64\jre\21.0.9-win32-x86_64\bin\java.dll
Event: 0.195 Loaded shared library c:\Users\LOQ\.vscode\extensions\redhat.java-1.51.0-win32-x64\jre\21.0.9-win32-x86_64\bin\zip.dll
Event: 0.216 Loaded shared library C:\Users\LOQ\.vscode\extensions\redhat.java-1.51.0-win32-x64\jre\21.0.9-win32-x86_64\bin\instrument.dll
Event: 0.223 Loaded shared library C:\Users\LOQ\.vscode\extensions\redhat.java-1.51.0-win32-x64\jre\21.0.9-win32-x86_64\bin\net.dll
Event: 0.240 Loaded shared library C:\Users\LOQ\.vscode\extensions\redhat.java-1.51.0-win32-x64\jre\21.0.9-win32-x86_64\bin\nio.dll
Event: 0.246 Loaded shared library C:\Users\LOQ\.vscode\extensions\redhat.java-1.51.0-win32-x64\jre\21.0.9-win32-x86_64\bin\zip.dll
Event: 0.287 Loaded shared library C:\Users\LOQ\.vscode\extensions\redhat.java-1.51.0-win32-x64\jre\21.0.9-win32-x86_64\bin\jimage.dll
Event: 0.445 Loaded shared library c:\Users\LOQ\.vscode\extensions\redhat.java-1.51.0-win32-x64\jre\21.0.9-win32-x86_64\bin\verify.dll
Event: 2.348 Loaded shared library C:\Users\LOQ\AppData\Roaming\Code\User\globalStorage\redhat.java\1.51.0\config_ss_win\org.eclipse.equinox.launcher\org.eclipse.equinox.launcher.win32.win32.x86_64_1.2.1400.v20250801-0854\eclipse_11916.dll
Event: 3.597 Loaded shared library C:\Users\LOQ\AppData\Local\Temp\jna-75566\jna3072909883695081586.dll

Deoptimization events (20 events):
Event: 5.324 Thread 0x0000022e02efb280 Uncommon trap: trap_request=0xffffff45 fr.pc=0x0000022e0dd52028 relative=0x00000000000000e8
Event: 5.324 Thread 0x0000022e02efb280 Uncommon trap: reason=unstable_if action=reinterpret pc=0x0000022e0dd52028 method=java.lang.CharacterDataLatin1.digit(II)I @ 7 c2
Event: 5.324 Thread 0x0000022e02efb280 DEOPT PACKING pc=0x0000022e0dd52028 sp=0x00000030ba0fe2e0
Event: 5.325 Thread 0x0000022e02efb280 DEOPT UNPACKING pc=0x0000022e0d683aa2 sp=0x00000030ba0fe1a0 mode 2
Event: 5.325 Thread 0x0000022e02efb280 Uncommon trap: trap_request=0xffffff45 fr.pc=0x0000022e0dc0eec8 relative=0x00000000000000a8
Event: 5.325 Thread 0x0000022e02efb280 Uncommon trap: reason=unstable_if action=reinterpret pc=0x0000022e0dc0eec8 method=java.lang.CharacterDataLatin1.digit(II)I @ 7 c2
Event: 5.325 Thread 0x0000022e02efb280 DEOPT PACKING pc=0x0000022e0dc0eec8 sp=0x00000030ba0fe240
Event: 5.325 Thread 0x0000022e02efb280 DEOPT UNPACKING pc=0x0000022e0d683aa2 sp=0x00000030ba0fe1c0 mode 2
Event: 5.328 Thread 0x0000022e02efb280 Uncommon trap: trap_request=0xffffff76 fr.pc=0x0000022e0dd37f1c relative=0x000000000000095c
Event: 5.328 Thread 0x0000022e02efb280 Uncommon trap: reason=predicate action=maybe_recompile pc=0x0000022e0dd37f1c method=java.util.TreeMap.put(Ljava/lang/Object;Ljava/lang/Object;Z)Ljava/lang/Object; @ 27 c2
Event: 5.329 Thread 0x0000022e02efb280 DEOPT PACKING pc=0x0000022e0dd37f1c sp=0x00000030ba0fdf10
Event: 5.329 Thread 0x0000022e02efb280 DEOPT UNPACKING pc=0x0000022e0d683aa2 sp=0x00000030ba0fded0 mode 2
Event: 5.334 Thread 0x0000022e02efb280 Uncommon trap: trap_request=0xffffff45 fr.pc=0x0000022e0dc07444 relative=0x00000000000002a4
Event: 5.334 Thread 0x0000022e02efb280 Uncommon trap: reason=unstable_if action=reinterpret pc=0x0000022e0dc07444 method=java.util.HashMap$HashIterator.<init>(Ljava/util/HashMap;)V @ 45 c2
Event: 5.334 Thread 0x0000022e02efb280 DEOPT PACKING pc=0x0000022e0dc07444 sp=0x00000030ba0fe3d0
Event: 5.334 Thread 0x0000022e02efb280 DEOPT UNPACKING pc=0x0000022e0d683aa2 sp=0x00000030ba0fe368 mode 2
Event: 5.472 Thread 0x0000022e63011510 Uncommon trap: trap_request=0xffffffde fr.pc=0x0000022e0dd22370 relative=0x0000000000000050
Event: 5.472 Thread 0x0000022e63011510 Uncommon trap: reason=class_check action=maybe_recompile pc=0x0000022e0dd22370 method=java.lang.invoke.DirectMethodHandle.internalMemberName(Ljava/lang/Object;)Ljava/lang/Object; @ 1 c2
Event: 5.472 Thread 0x0000022e63011510 DEOPT PACKING pc=0x0000022e0dd22370 sp=0x00000030bcdfe750
Event: 5.472 Thread 0x0000022e63011510 DEOPT UNPACKING pc=0x0000022e0d683aa2 sp=0x00000030bcdfe6e0 mode 2

Classes loaded (20 events):
Event: 5.331 Loading class jdk/internal/access/JavaIOPrintWriterAccess done
Event: 5.331 Loading class java/io/PrintWriter$1 done
Event: 5.332 Loading class java/time/format/DateTimeParseContext
Event: 5.332 Loading class java/time/format/DateTimeParseContext done
Event: 5.332 Loading class java/time/format/Parsed
Event: 5.332 Loading class java/time/format/Parsed done
Event: 5.404 Loading class sun/reflect/generics/repository/FieldRepository
Event: 5.404 Loading class sun/reflect/generics/repository/FieldRepository done
Event: 5.464 Loading class java/io/InvalidObjectException
Event: 5.464 Loading class java/io/ObjectStreamException
Event: 5.464 Loading class java/io/ObjectStreamException done
Event: 5.464 Loading class java/io/InvalidObjectException done
Event: 5.555 Loading class java/util/concurrent/CompletableFuture$AltResult
Event: 5.555 Loading class java/util/concurrent/CompletableFuture$AltResult done
Event: 5.555 Loading class java/util/concurrent/CompletableFuture$Completion
Event: 5.556 Loading class java/util/concurrent/CompletableFuture$AsynchronousCompletionTask
Event: 5.556 Loading class java/util/concurrent/CompletableFuture$AsynchronousCompletionTask done
Event: 5.556 Loading class java/util/concurrent/CompletableFuture$Completion done
Event: 5.587 Loading class sun/nio/ch/WindowsAsynchronousFileChannelImpl$WriteTask
Event: 5.587 Loading class sun/nio/ch/WindowsAsynchronousFileChannelImpl$WriteTask done

Classes unloaded (7 events):
Event: 4.189 Thread 0x0000022e199529f0 Unloading class 0x0000022e1b195400 'java/lang/invoke/LambdaForm$MH+0x0000022e1b195400'
Event: 4.189 Thread 0x0000022e199529f0 Unloading class 0x0000022e1b195000 'java/lang/invoke/LambdaForm$MH+0x0000022e1b195000'
Event: 4.189 Thread 0x0000022e199529f0 Unloading class 0x0000022e1b194c00 'java/lang/invoke/LambdaForm$MH+0x0000022e1b194c00'
Event: 4.189 Thread 0x0000022e199529f0 Unloading class 0x0000022e1b194800 'java/lang/invoke/LambdaForm$MH+0x0000022e1b194800'
Event: 4.189 Thread 0x0000022e199529f0 Unloading class 0x0000022e1b194400 'java/lang/invoke/LambdaForm$BMH+0x0000022e1b194400'
Event: 4.189 Thread 0x0000022e199529f0 Unloading class 0x0000022e1b194000 'java/lang/invoke/LambdaForm$DMH+0x0000022e1b194000'
Event: 4.189 Thread 0x0000022e199529f0 Unloading class 0x0000022e1b192c00 'java/lang/invoke/LambdaForm$DMH+0x0000022e1b192c00'

Classes redefined (0 events):
No events

Internal exceptions (20 events):
Event: 5.096 Thread 0x0000022e6147f450 Exception <a 'sun/nio/fs/WindowsException'{0x00000000d56929e0}> (0x00000000d56929e0) 
thrown [s\src\hotspot\share\prims\jni.cpp, line 520]
Event: 5.096 Thread 0x0000022e6147f450 Exception <a 'sun/nio/fs/WindowsException'{0x00000000d5693300}> (0x00000000d5693300) 
thrown [s\src\hotspot\share\prims\jni.cpp, line 520]
Event: 5.096 Thread 0x0000022e6147f450 Exception <a 'sun/nio/fs/WindowsException'{0x00000000d5693930}> (0x00000000d5693930) 
thrown [s\src\hotspot\share\prims\jni.cpp, line 520]
Event: 5.097 Thread 0x0000022e6147f450 Exception <a 'sun/nio/fs/WindowsException'{0x00000000d56942b0}> (0x00000000d56942b0) 
thrown [s\src\hotspot\share\prims\jni.cpp, line 520]
Event: 5.097 Thread 0x0000022e6147f450 Exception <a 'sun/nio/fs/WindowsException'{0x00000000d56948e0}> (0x00000000d56948e0) 
thrown [s\src\hotspot\share\prims\jni.cpp, line 520]
Event: 5.098 Thread 0x0000022e6147f450 Exception <a 'sun/nio/fs/WindowsException'{0x00000000d56b7d00}> (0x00000000d56b7d00) 
thrown [s\src\hotspot\share\prims\jni.cpp, line 520]
Event: 5.098 Thread 0x0000022e6147f450 Exception <a 'sun/nio/fs/WindowsException'{0x00000000d56b8330}> (0x00000000d56b8330) 
thrown [s\src\hotspot\share\prims\jni.cpp, line 520]
Event: 5.100 Thread 0x0000022e6147f450 Exception <a 'java/lang/NoSuchMethodError'{0x00000000d56f4970}: 'void java.lang.invoke.DirectMethodHandle$Holder.invokeVirtual(java.lang.Object, java.lang.Object, java.lang.Object, java.lang.Object)'> (0x00000000d56f4970) 
thrown [s\src\hotspot\share\interpreter\linkResolver.cpp, line 773]
Event: 5.168 Thread 0x0000022e6147f450 Exception <a 'java/io/FileNotFoundException'{0x00000000d5d23cf0}> (0x00000000d5d23cf0) 
thrown [s\src\hotspot\share\prims\jni.cpp, line 520]
Event: 5.168 Thread 0x0000022e6147f450 Exception <a 'java/io/FileNotFoundException'{0x00000000d5d24f60}> (0x00000000d5d24f60) 
thrown [s\src\hotspot\share\prims\jni.cpp, line 520]
Event: 5.172 Thread 0x0000022e6147f450 Exception <a 'java/lang/NoSuchMethodError'{0x00000000d5d612b8}: 'java.lang.Object java.lang.invoke.DirectMethodHandle$Holder.newInvokeSpecial(java.lang.Object, java.lang.Object, java.lang.Object, int)'> (0x00000000d5d612b8) 
thrown [s\src\hotspot\share\interpreter\linkResolver.cpp, line 773]
Event: 5.173 Thread 0x0000022e6147f450 Exception <a 'java/lang/NoSuchMethodError'{0x00000000d5d64e90}: 'java.lang.Object java.lang.invoke.DirectMethodHandle$Holder.invokeSpecial(java.lang.Object, java.lang.Object, java.lang.Object, java.lang.Object, int)'> (0x00000000d5d64e90) 
thrown [s\src\hotspot\share\interpreter\linkResolver.cpp, line 773]
Event: 5.174 Thread 0x0000022e6147f450 Exception <a 'java/lang/NoSuchMethodError'{0x00000000d5d9ad80}: 'java.lang.Object java.lang.invoke.Invokers$Holder.linkToTargetMethod(java.lang.Object, java.lang.Object, int, java.lang.Object)'> (0x00000000d5d9ad80) 
thrown [s\src\hotspot\share\interpreter\linkResolver.cpp, line 773]
Event: 5.176 Thread 0x0000022e6147f450 Exception <a 'java/lang/NoSuchMethodError'{0x00000000d5da63a0}: 'void java.lang.invoke.DirectMethodHandle$Holder.invokeStaticInit(java.lang.Object, java.lang.Object, java.lang.Object)'> (0x00000000d5da63a0) 
thrown [s\src\hotspot\share\interpreter\linkResolver.cpp, line 773]
Event: 5.300 Thread 0x0000022e02efb280 Exception <a 'java/lang/NoSuchMethodError'{0x00000000d64179b8}: 'void java.lang.invoke.DirectMethodHandle$Holder.invokeSpecial(java.lang.Object, java.lang.Object, java.lang.Object, java.lang.Object, java.lang.Object, java.lang.Object)'> (0x00000000d64179b8) 
thrown [s\src\hotspot\share\interpreter\linkResolver.cpp, line 773]
Event: 5.301 Thread 0x0000022e02efb280 Exception <a 'java/lang/IncompatibleClassChangeError'{0x00000000d641faf8}: Found class java.lang.Object, but interface was expected> (0x00000000d641faf8) 
thrown [s\src\hotspot\share\interpreter\linkResolver.cpp, line 840]
Event: 5.302 Thread 0x0000022e02efb280 Exception <a 'java/lang/IncompatibleClassChangeError'{0x00000000d64218a8}: Found class java.lang.Object, but interface was expected> (0x00000000d64218a8) 
thrown [s\src\hotspot\share\interpreter\linkResolver.cpp, line 840]
Event: 5.472 Thread 0x0000022e63011510 Exception <a 'java/lang/NoSuchMethodError'{0x00000000d6afeb40}: 'java.lang.Object java.lang.invoke.DirectMethodHandle$Holder.invokeInterface(java.lang.Object, java.lang.Object, java.lang.Object)'> (0x00000000d6afeb40) 
thrown [s\src\hotspot\share\interpreter\linkResolver.cpp, line 773]
Event: 5.493 Thread 0x0000022e63011510 Exception <a 'java/io/FileNotFoundException'{0x00000000d6b99930}> (0x00000000d6b99930) 
thrown [s\src\hotspot\share\prims\jni.cpp, line 520]
Event: 5.535 Thread 0x0000022e63011510 Exception <a 'sun/nio/fs/WindowsException'{0x00000000d5a69278}> (0x00000000d5a69278) 
thrown [s\src\hotspot\share\prims\jni.cpp, line 520]

ZGC Phase Switch (0 events):
No events

VM Operations (20 events):
Event: 3.843 Executing VM operation: ParallelGCFailedAllocation (Allocation Failure)
Event: 3.849 Executing VM operation: ParallelGCFailedAllocation (Allocation Failure) done
Event: 4.137 Executing VM operation: ParallelGCFailedAllocation (Allocation Failure)
Event: 4.139 Executing VM operation: ParallelGCFailedAllocation (Allocation Failure) done
Event: 4.183 Executing VM operation: CollectForMetadataAllocation (Metadata GC Threshold)
Event: 4.213 Executing VM operation: CollectForMetadataAllocation (Metadata GC Threshold) done
Event: 4.590 Executing VM operation: ParallelGCFailedAllocation (Allocation Failure)
Event: 4.595 Executing VM operation: ParallelGCFailedAllocation (Allocation Failure) done
Event: 4.641 Executing VM operation: HandshakeAllThreads (Deoptimize)
Event: 4.641 Executing VM operation: HandshakeAllThreads (Deoptimize) done
Event: 4.697 Executing VM operation: HandshakeAllThreads (Deoptimize)
Event: 4.697 Executing VM operation: HandshakeAllThreads (Deoptimize) done
Event: 4.812 Executing VM operation: HandshakeAllThreads (Deoptimize)
Event: 4.812 Executing VM operation: HandshakeAllThreads (Deoptimize) done
Event: 5.063 Executing VM operation: ParallelGCFailedAllocation (Allocation Failure)
Event: 5.068 Executing VM operation: ParallelGCFailedAllocation (Allocation Failure) done
Event: 5.496 Executing VM operation: ParallelGCFailedAllocation (Allocation Failure)
Event: 5.500 Executing VM operation: ParallelGCFailedAllocation (Allocation Failure) done
Event: 5.560 Executing VM operation: HandshakeAllThreads (Deoptimize)
Event: 5.560 Executing VM operation: HandshakeAllThreads (Deoptimize) done

Memory protections (0 events):
No events

Nmethod flushes (0 events):
No events

Events (20 events):
Event: 3.628 Thread 0x0000022e5cce7db0 Thread added: 0x0000022e5ced14b0
Event: 3.674 Thread 0x0000022e5cce7db0 Thread added: 0x0000022e6144e960
Event: 3.702 Thread 0x0000022e5cce7db0 Thread added: 0x0000022e6147f450
Event: 3.820 Thread 0x0000022e199a0860 Thread added: 0x0000022e615b46f0
Event: 3.915 Thread 0x0000022e199a0860 Thread added: 0x0000022e614b7760
Event: 4.574 Thread 0x0000022e5cce7db0 Thread added: 0x0000022e624f2950
Event: 4.675 Thread 0x0000022e624f2950 Thread exited: 0x0000022e624f2950
Event: 5.014 Thread 0x0000022e02efb280 Thread added: 0x0000022e624f3d00
Event: 5.015 Thread 0x0000022e02efb280 Thread added: 0x0000022e624f15a0
Event: 5.015 Thread 0x0000022e02efb280 Thread added: 0x0000022e624f1c30
Event: 5.015 Thread 0x0000022e02efb280 Thread added: 0x0000022e624f22c0
Event: 5.015 Thread 0x0000022e02efb280 Thread added: 0x0000022e624f2950
Event: 5.015 Thread 0x0000022e02efb280 Thread added: 0x0000022e624f0880
Event: 5.015 Thread 0x0000022e02efb280 Thread added: 0x0000022e624f0f10
Event: 5.015 Thread 0x0000022e02efb280 Thread added: 0x0000022e624f2fe0
Event: 5.015 Thread 0x0000022e02efb280 Thread added: 0x0000022e624f3670
Event: 5.018 Thread 0x0000022e6144e960 Thread added: 0x0000022e6300edb0
Event: 5.095 Thread 0x0000022e02efb280 Thread added: 0x0000022e630107f0
Event: 5.321 Thread 0x0000022e02efb280 Thread added: 0x0000022e6300da00
Event: 5.321 Thread 0x0000022e02efb280 Thread added: 0x0000022e63011510


Dynamic libraries:
0x00007ff68d4d0000 - 0x00007ff68d4de000 	c:\Users\LOQ\.vscode\extensions\redhat.java-1.51.0-win32-x64\jre\21.0.9-win32-x86_64\bin\java.exe
0x00007ffbbf7c0000 - 0x00007ffbbfa28000 	C:\WINDOWS\SYSTEM32\ntdll.dll
0x00007ffbbf430000 - 0x00007ffbbf4f9000 	C:\WINDOWS\System32\KERNEL32.DLL
0x00007ffbbd020000 - 0x00007ffbbd412000 	C:\WINDOWS\System32\KERNELBASE.dll
0x00007ffbbc950000 - 0x00007ffbbca9b000 	C:\WINDOWS\System32\ucrtbase.dll
0x00007ffb2fc90000 - 0x00007ffb2fca8000 	c:\Users\LOQ\.vscode\extensions\redhat.java-1.51.0-win32-x64\jre\21.0.9-win32-x86_64\bin\jli.dll
0x00007ffbbeed0000 - 0x00007ffbbf095000 	C:\WINDOWS\System32\USER32.dll
0x00007ffbbcbd0000 - 0x00007ffbbcbf7000 	C:\WINDOWS\System32\win32u.dll
0x00007ffbbde80000 - 0x00007ffbbdeab000 	C:\WINDOWS\System32\GDI32.dll
0x00007ffbbcaa0000 - 0x00007ffbbcbcd000 	C:\WINDOWS\System32\gdi32full.dll
0x00007ffb255c0000 - 0x00007ffb255de000 	c:\Users\LOQ\.vscode\extensions\redhat.java-1.51.0-win32-x64\jre\21.0.9-win32-x86_64\bin\VCRUNTIME140.dll
0x00007ffbbd420000 - 0x00007ffbbd4c3000 	C:\WINDOWS\System32\msvcp_win.dll
0x00007ffb9cd50000 - 0x00007ffb9cfe3000 	C:\WINDOWS\WinSxS\amd64_microsoft.windows.common-controls_6595b64144ccf1df_6.0.26100.6899_none_3e0efeeae32e88c1\COMCTL32.dll
0x00007ffbbdeb0000 - 0x00007ffbbdf59000 	C:\WINDOWS\System32\msvcrt.dll
0x00007ffbbeb10000 - 0x00007ffbbeb3f000 	C:\WINDOWS\System32\IMM32.DLL
0x00007ffb771e0000 - 0x00007ffb771ec000 	c:\Users\LOQ\.vscode\extensions\redhat.java-1.51.0-win32-x64\jre\21.0.9-win32-x86_64\bin\vcruntime140_1.dll
0x00007ffae5330000 - 0x00007ffae53bd000 	c:\Users\LOQ\.vscode\extensions\redhat.java-1.51.0-win32-x64\jre\21.0.9-win32-x86_64\bin\msvcp140.dll
0x00007ffae4590000 - 0x00007ffae5330000 	c:\Users\LOQ\.vscode\extensions\redhat.java-1.51.0-win32-x64\jre\21.0.9-win32-x86_64\bin\server\jvm.dll
0x00007ffbbe750000 - 0x00007ffbbe804000 	C:\WINDOWS\System32\ADVAPI32.dll
0x00007ffbbe8f0000 - 0x00007ffbbe996000 	C:\WINDOWS\System32\sechost.dll
0x00007ffbbe110000 - 0x00007ffbbe228000 	C:\WINDOWS\System32\RPCRT4.dll
0x00007ffbbe230000 - 0x00007ffbbe2a4000 	C:\WINDOWS\System32\WS2_32.dll
0x00007ffbbc610000 - 0x00007ffbbc66e000 	C:\WINDOWS\SYSTEM32\POWRPROF.dll
0x00007ffbaee70000 - 0x00007ffbaeea5000 	C:\WINDOWS\SYSTEM32\WINMM.dll
0x00007ffbb56c0000 - 0x00007ffbb56cb000 	C:\WINDOWS\SYSTEM32\VERSION.dll
0x00007ffbbc5f0000 - 0x00007ffbbc604000 	C:\WINDOWS\SYSTEM32\UMPDC.dll
0x00007ffbbb720000 - 0x00007ffbbb73b000 	C:\WINDOWS\SYSTEM32\kernel.appcore.dll
0x00007ffb750c0000 - 0x00007ffb750ca000 	c:\Users\LOQ\.vscode\extensions\redhat.java-1.51.0-win32-x64\jre\21.0.9-win32-x86_64\bin\jimage.dll
0x00007ffbb9540000 - 0x00007ffbb9782000 	C:\WINDOWS\SYSTEM32\DBGHELP.DLL
0x00007ffbbeb50000 - 0x00007ffbbeecb000 	C:\WINDOWS\System32\combase.dll
0x00007ffbbe810000 - 0x00007ffbbe8e7000 	C:\WINDOWS\System32\OLEAUT32.dll
0x00007ffb9c520000 - 0x00007ffb9c55c000 	C:\WINDOWS\SYSTEM32\dbgcore.DLL
0x00007ffbbcd70000 - 0x00007ffbbce08000 	C:\WINDOWS\System32\bcryptPrimitives.dll
0x00007ffb74170000 - 0x00007ffb7417f000 	c:\Users\LOQ\.vscode\extensions\redhat.java-1.51.0-win32-x64\jre\21.0.9-win32-x86_64\bin\instrument.dll
0x00007ffb24f30000 - 0x00007ffb24f50000 	c:\Users\LOQ\.vscode\extensions\redhat.java-1.51.0-win32-x64\jre\21.0.9-win32-x86_64\bin\java.dll
0x00007ffbbd730000 - 0x00007ffbbde7d000 	C:\WINDOWS\System32\SHELL32.dll
0x00007ffbbcc00000 - 0x00007ffbbcd6b000 	C:\WINDOWS\System32\wintypes.dll
0x00007ffbba570000 - 0x00007ffbbadcd000 	C:\WINDOWS\SYSTEM32\windows.storage.dll
0x00007ffbbf0c0000 - 0x00007ffbbf1b2000 	C:\WINDOWS\System32\SHCORE.dll
0x00007ffbbeaa0000 - 0x00007ffbbeb02000 	C:\WINDOWS\System32\shlwapi.dll
0x00007ffbbc870000 - 0x00007ffbbc899000 	C:\WINDOWS\SYSTEM32\profapi.dll
0x00007ffb20d40000 - 0x00007ffb20d58000 	c:\Users\LOQ\.vscode\extensions\redhat.java-1.51.0-win32-x64\jre\21.0.9-win32-x86_64\bin\zip.dll
0x00007ffb73e40000 - 0x00007ffb73e50000 	C:\Users\LOQ\.vscode\extensions\redhat.java-1.51.0-win32-x64\jre\21.0.9-win32-x86_64\bin\net.dll
0x00007ffbb57b0000 - 0x00007ffbb58cf000 	C:\WINDOWS\SYSTEM32\WINHTTP.dll
0x00007ffbbbc90000 - 0x00007ffbbbcfb000 	C:\WINDOWS\system32\mswsock.dll
0x00007ffb20540000 - 0x00007ffb20556000 	C:\Users\LOQ\.vscode\extensions\redhat.java-1.51.0-win32-x64\jre\21.0.9-win32-x86_64\bin\nio.dll
0x00007ffb72960000 - 0x00007ffb72970000 	c:\Users\LOQ\.vscode\extensions\redhat.java-1.51.0-win32-x64\jre\21.0.9-win32-x86_64\bin\verify.dll
0x00007ffb07b90000 - 0x00007ffb07bd4000 	C:\Users\LOQ\AppData\Roaming\Code\User\globalStorage\redhat.java\1.51.0\config_ss_win\org.eclipse.equinox.launcher\org.eclipse.equinox.launcher.win32.win32.x86_64_1.2.1400.v20250801-0854\eclipse_11916.dll
0x00007ffbbd590000 - 0x00007ffbbd728000 	C:\WINDOWS\System32\ole32.dll
0x00007ffbbbf40000 - 0x00007ffbbbf5b000 	C:\WINDOWS\SYSTEM32\CRYPTSP.dll
0x00007ffbbb680000 - 0x00007ffbbb6bb000 	C:\WINDOWS\system32\rsaenh.dll
0x00007ffbbbd30000 - 0x00007ffbbbd5b000 	C:\WINDOWS\SYSTEM32\USERENV.dll
0x00007ffbbc840000 - 0x00007ffbbc866000 	C:\WINDOWS\SYSTEM32\bcrypt.dll
0x00007ffbbbf60000 - 0x00007ffbbbf6c000 	C:\WINDOWS\SYSTEM32\CRYPTBASE.dll
0x00007ffbbb250000 - 0x00007ffbbb284000 	C:\WINDOWS\SYSTEM32\IPHLPAPI.DLL
0x00007ffbbf1c0000 - 0x00007ffbbf1ca000 	C:\WINDOWS\System32\NSI.dll
0x00007ffb12db0000 - 0x00007ffb12df9000 	C:\Users\LOQ\AppData\Local\Temp\jna-75566\jna3072909883695081586.dll
0x00007ffbbe740000 - 0x00007ffbbe748000 	C:\WINDOWS\System32\PSAPI.DLL
0x00007ffbb5b60000 - 0x00007ffbb5b7e000 	C:\WINDOWS\SYSTEM32\dhcpcsvc6.DLL
0x00007ffbb5b10000 - 0x00007ffbb5b33000 	C:\WINDOWS\SYSTEM32\dhcpcsvc.DLL

JVMTI agents:
c:\Users\LOQ\.vscode\extensions\redhat.java-1.51.0-win32-x64\lombok\lombok-1.18.39-4050.jar path:c:\Users\LOQ\.vscode\extensions\redhat.java-1.51.0-win32-x64\jre\21.0.9-win32-x86_64\bin\instrument.dll, loaded, initialized, instrumentlib options:none

dbghelp: loaded successfully - version: 4.0.5 - missing functions: none
symbol engine: initialized successfully - sym options: 0x614 - pdb path: .;c:\Users\LOQ\.vscode\extensions\redhat.java-1.51.0-win32-x64\jre\21.0.9-win32-x86_64\bin;C:\WINDOWS\SYSTEM32;C:\WINDOWS\WinSxS\amd64_microsoft.windows.common-controls_6595b64144ccf1df_6.0.26100.6899_none_3e0efeeae32e88c1;c:\Users\LOQ\.vscode\extensions\redhat.java-1.51.0-win32-x64\jre\21.0.9-win32-x86_64\bin\server;C:\Users\LOQ\AppData\Roaming\Code\User\globalStorage\redhat.java\1.51.0\config_ss_win\org.eclipse.equinox.launcher\org.eclipse.equinox.launcher.win32.win32.x86_64_1.2.1400.v20250801-0854;C:\Users\LOQ\AppData\Local\Temp\jna-75566

VM Arguments:
jvm_args: --add-modules=ALL-SYSTEM --add-opens=java.base/java.util=ALL-UNNAMED --add-opens=java.base/java.lang=ALL-UNNAMED --add-opens=java.base/sun.nio.fs=ALL-UNNAMED -Declipse.application=org.eclipse.jdt.ls.core.id1 -Dosgi.bundles.defaultStartLevel=4 -Declipse.product=org.eclipse.jdt.ls.core.product -Djava.import.generatesMetadataFilesAtProjectRoot=false -DDetectVMInstallationsJob.disabled=true -Dfile.encoding=utf8 -XX:+UseParallelGC -XX:GCTimeRatio=4 -XX:AdaptiveSizePolicyWeight=90 -Dsun.zip.disableMemoryMapping=true -Xmx2G -Xms100m -Xlog:disable -javaagent:c:\Users\LOQ\.vscode\extensions\redhat.java-1.51.0-win32-x64\lombok\lombok-1.18.39-4050.jar 
java_command: c:\Users\LOQ\.vscode\extensions\redhat.java-1.51.0-win32-x64\server\plugins\org.eclipse.equinox.launcher_1.7.100.v20251111-0406.jar -configuration c:\Users\LOQ\AppData\Roaming\Code\User\globalStorage\redhat.java\1.51.0\config_ss_win -data c:\Users\LOQ\AppData\Roaming\Code\User\workspaceStorage\099b6d2cca0fa57c0a55b9bbe2e40508\redhat.java\ss_ws --pipe=\\.\pipe\lsp-b4dcc52af5cdc149b005d6b551656a6e-sock
java_class_path (initial): c:\Users\LOQ\.vscode\extensions\redhat.java-1.51.0-win32-x64\server\plugins\org.eclipse.equinox.launcher_1.7.100.v20251111-0406.jar
Launcher Type: SUN_STANDARD

[Global flags]
    uintx AdaptiveSizePolicyWeight                 = 90                                        {product} {command line}
     intx CICompilerCount                          = 4                                         {product} {ergonomic}
    uintx GCTimeRatio                              = 4                                         {product} {command line}
   size_t InitialHeapSize                          = 104857600                                 {product} {command line}
   size_t MaxHeapSize                              = 2147483648                                {product} {command line}
   size_t MaxNewSize                               = 715653120                                 {product} {ergonomic}
   size_t MinHeapDeltaBytes                        = 524288                                    {product} {ergonomic}
   size_t MinHeapSize                              = 104857600                                 {product} {command line}
   size_t NewSize                                  = 34603008                                  {product} {ergonomic}
    uintx NonNMethodCodeHeapSize                   = 5839372                                {pd product} {ergonomic}
    uintx NonProfiledCodeHeapSize                  = 122909434                              {pd product} {ergonomic}
   size_t OldSize                                  = 70254592                                  {product} {ergonomic}
    uintx ProfiledCodeHeapSize                     = 122909434                              {pd product} {ergonomic}
    uintx ReservedCodeCacheSize                    = 251658240                              {pd product} {ergonomic}
     bool SegmentedCodeCache                       = true                                      {product} {ergonomic}
   size_t SoftMaxHeapSize                          = 2147483648                             {manageable} {ergonomic}
     bool UseCompressedOops                        = true                           {product lp64_product} {ergonomic}
     bool UseLargePagesIndividualAllocation        = false                                  {pd product} {ergonomic}
     bool UseParallelGC                            = true                                      {product} {command line}

Logging:
Log output configuration:
 #0: stdout all=off uptime,level,tags foldmultilines=false
 #1: stderr all=off uptime,level,tags foldmultilines=false

Release file:
JAVA_VERSION="21.0.9" 
MODULES="java.base java.compiler java.datatransfer java.xml java.prefs java.desktop java.instrument java.logging java.management java.security.sasl java.naming java.rmi java.management.rmi java.net.http java.scripting java.security.jgss java.transaction.xa java.sql java.sql.rowset java.xml.crypto java.se java.smartcardio jdk.accessibility jdk.internal.jvmstat jdk.attach jdk.charsets jdk.internal.opt jdk.zipfs jdk.compiler jdk.crypto.ec jdk.crypto.cryptoki jdk.crypto.mscapi jdk.dynalink jdk.internal.ed jdk.editpad jdk.hotspot.agent jdk.httpserver jdk.internal.le jdk.internal.vm.ci jdk.internal.vm.compiler jdk.internal.vm.compiler.management jdk.jartool jdk.javadoc jdk.jcmd jdk.management jdk.management.agent jdk.jconsole jdk.jdeps jdk.jdwp.agent jdk.jdi jdk.jfr jdk.jshell jdk.jsobject jdk.jstatd jdk.localedata jdk.management.jfr jdk.naming.dns jdk.naming.rmi jdk.net jdk.nio.mapmode jdk.random jdk.sctp jdk.security.auth jdk.security.jgss jdk.unsupported jdk.unsupported.desktop jdk.xml.dom" 

Environment Variables:
PATH=C:\Program Files (x86)\Common Files\Intel\Shared Libraries\redist\intel64\compiler;C:\Program Files\Common Files\Oracle\Java\javapath;C:\WINDOWS\system32;C:\WINDOWS;C:\WINDOWS\System32\Wbem;C:\WINDOWS\System32\WindowsPowerShell\v1.0\;C:\WINDOWS\System32\OpenSSH\;C:\Program Files (x86)\NVIDIA Corporation\PhysX\Common;C:\Program Files\NVIDIA Corporation\NVIDIA NvDLISR;C:\Users\LOQ\Downloads\apache-maven-3.9.9-bin\apache-maven-3.9.9\bin;C:\Program Files\Git\cmd;C:\Program Files\nodejs\;C:\ProgramData\chocolatey\bin;C:\Program Files\Maven\apache-maven-3.9.11-bin\bin;C:\flutter\bin;C:\Program Files (x86)\Microsoft SQL Server\160\Tools\Binn\;C:\Program Files\Microsoft SQL Server\160\Tools\Binn\;C:\Program Files\Microsoft SQL Server\Client SDK\ODBC\170\Tools\Binn\;C:\Program Files\Microsoft SQL Server\160\DTS\Binn\;C:\Users\LOQ\AppData\Local\Microsoft\WindowsApps;C:\Users\LOQ\AppData\Local\Programs\Microsoft VS Code\bin;C:\Users\LOQ\AppData\Local\GitHubDesktop\bin;D:\src\flutter_windows_3.29.2-stable\flutter\bin;C:\Users\LOQ\AppData\Roaming\npm;C:\flutter\bin
USERNAME=LOQ
OS=Windows_NT
PROCESSOR_IDENTIFIER=AMD64 Family 25 Model 68 Stepping 1, AuthenticAMD
TMP=C:\Users\LOQ\AppData\Local\Temp
TEMP=C:\Users\LOQ\AppData\Local\Temp




Periodic native trim disabled

---------------  S Y S T E M  ---------------

OS:
 Windows 11 , 64 bit Build 26100 (10.0.26100.6725)
OS uptime: 2 days 22:06 hours
Hyper-V role detected

CPU: total 8 (initial active 8) (8 cores per cpu, 2 threads per core) family 25 model 68 stepping 1 microcode 0xa404105, cx8, cmov, fxsr, ht, mmx, 3dnowpref, sse, sse2, sse3, ssse3, sse4a, sse4.1, sse4.2, popcnt, lzcnt, tsc, tscinvbit, avx, avx2, aes, erms, clmul, bmi1, bmi2, adx, sha, fma, vzeroupper, clflush, clflushopt, hv, rdtscp, rdpid, fsrm, f16c, cet_ss
Processor Information for the first 8 processors :
  Max Mhz: 3201, Current Mhz: 3201, Mhz Limit: 3201

Memory: 4k page, system-wide physical 11972M (1373M free)
TotalPageFile size 26036M (AvailPageFile size 0M)
current process WorkingSet (physical memory assigned to process): 175M, peak: 182M
current process commit charge ("private bytes"): 306M, peak: 314M

vm_info: OpenJDK 64-Bit Server VM (21.0.9+10-LTS) for windows-amd64 JRE (21.0.9+10-LTS), built on 2025-10-21T00:00:00Z by "admin" with unknown MS VC++:1942

END.
