#
# There is insufficient memory for the Java Runtime Environment to continue.
# Native memory allocation (malloc) failed to allocate 1480976 bytes. Error detail: Chunk::new
# Possible reasons:
#   The system is out of physical RAM or swap space
#   This process is running with CompressedOops enabled, and the Java Heap may be blocking the growth of the native heap
# Possible solutions:
#   Reduce memory load on the system
#   Increase physical memory or swap space
#   Check if swap backing store is full
#   Decrease Java heap size (-Xmx/-Xms)
#   Decrease number of Java threads
#   Decrease Java thread stack sizes (-Xss)
#   Set larger code cache with -XX:ReservedCodeCacheSize=
#   JVM is running with Unscaled Compressed Oops mode in which the Java heap is
#     placed in the first 4GB address space. The Java Heap base address is the
#     maximum limit for the native heap growth. Please use -XX:HeapBaseMinAddress
#     to set the Java Heap base and to place the Java Heap above 4GB virtual address.
# This output file may be truncated or incomplete.
#
#  Out of Memory Error (arena.cpp:168), pid=37900, tid=9980
#
# JRE version: OpenJDK Runtime Environment Temurin-21.0.9+10 (21.0.9+10) (build 21.0.9+10-LTS)
# Java VM: OpenJDK 64-Bit Server VM Temurin-21.0.9+10 (21.0.9+10-LTS, mixed mode, sharing, tiered, compressed oops, compressed class ptrs, parallel gc, windows-amd64)
# No core dump will be written. Minidumps are not enabled by default on client versions of Windows
#

---------------  S U M M A R Y ------------

Command Line: --add-modules=ALL-SYSTEM --add-opens=java.base/java.util=ALL-UNNAMED --add-opens=java.base/java.lang=ALL-UNNAMED --add-opens=java.base/sun.nio.fs=ALL-UNNAMED -Declipse.application=org.eclipse.jdt.ls.core.id1 -Dosgi.bundles.defaultStartLevel=4 -Declipse.product=org.eclipse.jdt.ls.core.product -Djava.import.generatesMetadataFilesAtProjectRoot=false -DDetectVMInstallationsJob.disabled=true -Dfile.encoding=utf8 -XX:+UseParallelGC -XX:GCTimeRatio=4 -XX:AdaptiveSizePolicyWeight=90 -Dsun.zip.disableMemoryMapping=true -Xmx2G -Xms100m -Xlog:disable -javaagent:c:\Users\LOQ\.vscode\extensions\redhat.java-1.51.0-win32-x64\lombok\lombok-1.18.39-4050.jar -XX:+HeapDumpOnOutOfMemoryError -XX:HeapDumpPath=c:\Users\LOQ\AppData\Roaming\Code\User\workspaceStorage\099b6d2cca0fa57c0a55b9bbe2e40508\redhat.java -Daether.dependencyCollector.impl=bf c:\Users\LOQ\.vscode\extensions\redhat.java-1.51.0-win32-x64\server\plugins\org.eclipse.equinox.launcher_1.7.100.v20251111-0406.jar -configuration c:\Users\LOQ\AppData\Roaming\Code\User\globalStorage\redhat.java\1.51.0\config_win -data c:\Users\LOQ\AppData\Roaming\Code\User\workspaceStorage\099b6d2cca0fa57c0a55b9bbe2e40508\redhat.java\jdt_ws --pipe=\\.\pipe\lsp-7edc90eb51744fbcbc9328ed001f2cc9-sock

Host: AMD Ryzen 5 7235HS                             , 8 cores, 11G,  Windows 11 , 64 bit Build 26100 (10.0.26100.6725)
Time: Wed Jan 21 23:41:05 2026 Sri Lanka Standard Time elapsed time: 11.879047 seconds (0d 0h 0m 11s)

---------------  T H R E A D  ---------------

Current thread (0x0000029a24487f60):  JavaThread "C2 CompilerThread0" daemon [_thread_in_native, id=9980, stack(0x000000ca32e00000,0x000000ca32f00000) (1024K)]


Current CompileTask:
C2:11879 4133       4       org.lombokweb.asm.ClassReader::readMethod (1070 bytes)

Stack: [0x000000ca32e00000,0x000000ca32f00000]
Native frames: (J=compiled Java code, j=interpreted, Vv=VM code, C=native code)
V  [jvm.dll+0x6d6e29]
V  [jvm.dll+0x8b4b76]
V  [jvm.dll+0x8b712e]
V  [jvm.dll+0x8b7813]
V  [jvm.dll+0x283d86]
V  [jvm.dll+0xc66ed]
V  [jvm.dll+0xc6c31]
V  [jvm.dll+0x3be501]
V  [jvm.dll+0x38ab92]
V  [jvm.dll+0x389fda]
V  [jvm.dll+0x24bfa0]
V  [jvm.dll+0x24b580]
V  [jvm.dll+0x1cb13e]
V  [jvm.dll+0x25b29d]
V  [jvm.dll+0x25982a]
V  [jvm.dll+0x3f7ea6]
V  [jvm.dll+0x85e9ad]
V  [jvm.dll+0x6d565d]
C  [ucrtbase.dll+0x37b0]
C  [KERNEL32.DLL+0x2e8d7]
C  [ntdll.dll+0x8c53c]


---------------  P R O C E S S  ---------------

Threads class SMR info:
_java_thread_list=0x0000029a6c377e60, length=22, elements={
0x0000029a0bb2dd10, 0x0000029a2447c9c0, 0x0000029a244816b0, 0x0000029a24482e30,
0x0000029a24483a80, 0x0000029a244846d0, 0x0000029a24487130, 0x0000029a24487f60,
0x0000029a244b6ed0, 0x0000029a6b296a80, 0x0000029a6b31cf20, 0x0000029a6b7fd540,
0x0000029a6b8929e0, 0x0000029a6b772400, 0x0000029a6b772e60, 0x0000029a6bb9aa80,
0x0000029a6c274400, 0x0000029a6b642d40, 0x0000029a6b133e80, 0x0000029a6c37d520,
0x0000029a6c37c170, 0x0000029a6c0eb440
}

Java Threads: ( => current thread )
  0x0000029a0bb2dd10 JavaThread "main"                              [_thread_blocked, id=33072, stack(0x000000ca32400000,0x000000ca32500000) (1024K)]
  0x0000029a2447c9c0 JavaThread "Reference Handler"          daemon [_thread_blocked, id=39768, stack(0x000000ca32800000,0x000000ca32900000) (1024K)]
  0x0000029a244816b0 JavaThread "Finalizer"                  daemon [_thread_blocked, id=32024, stack(0x000000ca32900000,0x000000ca32a00000) (1024K)]
  0x0000029a24482e30 JavaThread "Signal Dispatcher"          daemon [_thread_blocked, id=37476, stack(0x000000ca32a00000,0x000000ca32b00000) (1024K)]
  0x0000029a24483a80 JavaThread "Attach Listener"            daemon [_thread_blocked, id=33464, stack(0x000000ca32b00000,0x000000ca32c00000) (1024K)]
  0x0000029a244846d0 JavaThread "Service Thread"             daemon [_thread_blocked, id=34608, stack(0x000000ca32c00000,0x000000ca32d00000) (1024K)]
  0x0000029a24487130 JavaThread "Monitor Deflation Thread"   daemon [_thread_blocked, id=34772, stack(0x000000ca32d00000,0x000000ca32e00000) (1024K)]
=>0x0000029a24487f60 JavaThread "C2 CompilerThread0"         daemon [_thread_in_native, id=9980, stack(0x000000ca32e00000,0x000000ca32f00000) (1024K)]
  0x0000029a244b6ed0 JavaThread "C1 CompilerThread0"         daemon [_thread_blocked, id=528, stack(0x000000ca32f00000,0x000000ca33000000) (1024K)]
  0x0000029a6b296a80 JavaThread "Common-Cleaner"             daemon [_thread_blocked, id=34800, stack(0x000000ca33100000,0x000000ca33200000) (1024K)]
  0x0000029a6b31cf20 JavaThread "Notification Thread"        daemon [_thread_blocked, id=4068, stack(0x000000ca33200000,0x000000ca33300000) (1024K)]
  0x0000029a6b7fd540 JavaThread "Active Thread: Equinox Container: 11de3e43-0f6e-4cf1-8f25-7e65a3783e5a"        [_thread_blocked, id=38628, stack(0x000000ca33000000,0x000000ca33100000) (1024K)]
  0x0000029a6b8929e0 JavaThread "Refresh Thread: Equinox Container: 11de3e43-0f6e-4cf1-8f25-7e65a3783e5a" daemon [_thread_blocked, id=33248, stack(0x000000ca33a00000,0x000000ca33b00000) (1024K)]
  0x0000029a6b772400 JavaThread "Framework Event Dispatcher: Equinox Container: 11de3e43-0f6e-4cf1-8f25-7e65a3783e5a" daemon [_thread_blocked, id=37364, stack(0x000000ca33b00000,0x000000ca33c00000) (1024K)]
  0x0000029a6b772e60 JavaThread "Start Level: Equinox Container: 11de3e43-0f6e-4cf1-8f25-7e65a3783e5a" daemon [_thread_in_native, id=32044, stack(0x000000ca33c00000,0x000000ca33d00000) (1024K)]
  0x0000029a6bb9aa80 JavaThread "Bundle File Closer"         daemon [_thread_blocked, id=35156, stack(0x000000ca33d00000,0x000000ca33e00000) (1024K)]
  0x0000029a6c274400 JavaThread "SCR Component Actor"        daemon [_thread_blocked, id=26756, stack(0x000000ca33e00000,0x000000ca33f00000) (1024K)]
  0x0000029a6b642d40 JavaThread "Worker-JM"                         [_thread_blocked, id=36268, stack(0x000000ca33f00000,0x000000ca34000000) (1024K)]
  0x0000029a6b133e80 JavaThread "JNA Cleaner"                daemon [_thread_blocked, id=25556, stack(0x000000ca34000000,0x000000ca34100000) (1024K)]
  0x0000029a6c37d520 JavaThread "Worker-0"                          [_thread_blocked, id=27976, stack(0x000000ca34100000,0x000000ca34200000) (1024K)]
  0x0000029a6c37c170 JavaThread "Worker-1"                          [_thread_blocked, id=16628, stack(0x000000ca34200000,0x000000ca34300000) (1024K)]
  0x0000029a6c0eb440 JavaThread "C2 CompilerThread1"         daemon [_thread_in_native, id=11864, stack(0x000000ca34300000,0x000000ca34400000) (1024K)]
Total: 22

Other Threads:
  0x0000029a0bbee9e0 VMThread "VM Thread"                           [id=26264, stack(0x000000ca32700000,0x000000ca32800000) (1024K)]
  0x0000029a2439ca00 WatcherThread "VM Periodic Task Thread"        [id=21116, stack(0x000000ca32600000,0x000000ca32700000) (1024K)]
  0x0000029a0bb4c0d0 WorkerThread "GC Thread#0"                     [id=31880, stack(0x000000ca32500000,0x000000ca32600000) (1024K)]
  0x0000029a6b496150 WorkerThread "GC Thread#1"                     [id=31448, stack(0x000000ca33400000,0x000000ca33500000) (1024K)]
  0x0000029a6b4964f0 WorkerThread "GC Thread#2"                     [id=7660, stack(0x000000ca33500000,0x000000ca33600000) (1024K)]
  0x0000029a6bde9370 WorkerThread "GC Thread#3"                     [id=11008, stack(0x000000ca33600000,0x000000ca33700000) (1024K)]
  0x0000029a6bde9710 WorkerThread "GC Thread#4"                     [id=6836, stack(0x000000ca33700000,0x000000ca33800000) (1024K)]
  0x0000029a6b3342c0 WorkerThread "GC Thread#5"                     [id=16028, stack(0x000000ca33800000,0x000000ca33900000) (1024K)]
  0x0000029a6b334660 WorkerThread "GC Thread#6"                     [id=36904, stack(0x000000ca33900000,0x000000ca33a00000) (1024K)]
  0x0000029a6b892640 WorkerThread "GC Thread#7"                     [id=39724, stack(0x000000ca33300000,0x000000ca33400000) (1024K)]
Total: 10

Threads with active compile tasks:
C2 CompilerThread0  12022 4133       4       org.lombokweb.asm.ClassReader::readMethod (1070 bytes)
C2 CompilerThread1  12022 4210       4       lombok.patcher.PatchScript$MethodPatcher::visitMethod (158 bytes)
Total: 2

VM state: not at safepoint (normal execution)

VM Mutex/Monitor currently owned by a thread: None

Heap address: 0x0000000080000000, size: 2048 MB, Compressed Oops mode: 32-bit

CDS archive(s) mapped at: [0x0000029a25000000-0x0000029a25ba0000-0x0000029a25ba0000), size 12189696, SharedBaseAddress: 0x0000029a25000000, ArchiveRelocationMode: 1.
Compressed class space mapped at: 0x0000029a26000000-0x0000029a66000000, reserved size: 1073741824
Narrow klass base: 0x0000029a25000000, Narrow klass shift: 0, Narrow klass range: 0x100000000

GC Precious Log:
 CardTable entry size: 512
 CPUs: 8 total, 8 available
 Memory: 11972M
 Large Page Support: Disabled
 NUMA Support: Disabled
 Compressed Oops: Enabled (32-bit)
 Alignments: Space 512K, Generation 512K, Heap 2M
 Heap Min Capacity: 100M
 Heap Initial Capacity: 100M
 Heap Max Capacity: 2G
 Pre-touch: Disabled
 Parallel Workers: 8

Heap:
 PSYoungGen      total 26112K, used 22737K [0x00000000d5580000, 0x00000000d7380000, 0x0000000100000000)
  eden space 23552K, 90% used [0x00000000d5580000,0x00000000d6a67bb0,0x00000000d6c80000)
  from space 2560K, 51% used [0x00000000d6f80000,0x00000000d70cca28,0x00000000d7200000)
  to   space 1536K, 0% used [0x00000000d7200000,0x00000000d7200000,0x00000000d7380000)
 ParOldGen       total 68608K, used 13207K [0x0000000080000000, 0x0000000084300000, 0x00000000d5580000)
  object space 68608K, 19% used [0x0000000080000000,0x0000000080ce5e38,0x0000000084300000)
 Metaspace       used 27469K, committed 28480K, reserved 1114112K
  class space    used 2708K, committed 3136K, reserved 1048576K

Card table byte_map: [0x0000029a1f7d0000,0x0000029a1fbe0000] _byte_map_base: 0x0000029a1f3d0000

Marking Bits: (ParMarkBitMap*) 0x00007ffae6492460
 Begin Bits: [0x0000029a1fe90000, 0x0000029a21e90000)
 End Bits:   [0x0000029a21e90000, 0x0000029a23e90000)

Polling page: 0x0000029a0ba90000

Metaspace:

Usage:
  Non-class:     24.18 MB used.
      Class:      2.65 MB used.
       Both:     26.83 MB used.

Virtual space:
  Non-class space:       64.00 MB reserved,      24.75 MB ( 39%) committed,  1 nodes.
      Class space:        1.00 GB reserved,       3.06 MB ( <1%) committed,  1 nodes.
             Both:        1.06 GB reserved,      27.81 MB (  3%) committed. 

Chunk freelists:
   Non-Class:  6.41 MB
       Class:  12.97 MB
        Both:  19.38 MB

MaxMetaspaceSize: unlimited
CompressedClassSpaceSize: 1.00 GB
Initial GC threshold: 21.00 MB
Current GC threshold: 35.00 MB
CDS: on
 - commit_granule_bytes: 65536.
 - commit_granule_words: 8192.
 - virtual_space_node_default_size: 8388608.
 - enlarge_chunks_in_place: 1.
 - use_allocation_guard: 0.


Internal statistics:

num_allocs_failed_limit: 3.
num_arena_births: 832.
num_arena_deaths: 14.
num_vsnodes_births: 2.
num_vsnodes_deaths: 0.
num_space_committed: 445.
num_space_uncommitted: 0.
num_chunks_returned_to_freelist: 17.
num_chunks_taken_from_freelist: 1995.
num_chunk_merges: 9.
num_chunk_splits: 1275.
num_chunks_enlarged: 756.
num_inconsistent_stats: 0.

CodeHeap 'non-profiled nmethods': size=120000Kb used=1825Kb max_used=1825Kb free=118174Kb
 bounds [0x0000029a180c0000, 0x0000029a18330000, 0x0000029a1f5f0000]
CodeHeap 'profiled nmethods': size=120000Kb used=8857Kb max_used=8857Kb free=111143Kb
 bounds [0x0000029a105f0000, 0x0000029a10ea0000, 0x0000029a17b20000]
CodeHeap 'non-nmethods': size=5760Kb used=1334Kb max_used=1351Kb free=4425Kb
 bounds [0x0000029a17b20000, 0x0000029a17d90000, 0x0000029a180c0000]
CodeCache: size=245760Kb, used=12016Kb, max_used=12033Kb, free=233742Kb
 total_blobs=4857, nmethods=4232, adapters=531, full_count=0
Compilation: enabled, stopped_count=0, restarted_count=0

Compilation events (20 events):
Event: 11.837 Thread 0x0000029a244b6ed0 nmethod 4187 0x0000029a10e63390 code [0x0000029a10e635e0, 0x0000029a10e63ea8]
Event: 11.837 Thread 0x0000029a244b6ed0 4182       3       org.eclipse.core.runtime.Path::<init> (77 bytes)
Event: 11.837 Thread 0x0000029a244b6ed0 nmethod 4182 0x0000029a10e64190 code [0x0000029a10e643c0, 0x0000029a10e64948]
Event: 11.837 Thread 0x0000029a244b6ed0 4188  s    3       org.eclipse.core.internal.registry.RegistryObjectManager::add (49 bytes)
Event: 11.838 Thread 0x0000029a244b6ed0 nmethod 4188 0x0000029a10e64c10 code [0x0000029a10e64de0, 0x0000029a10e65320]
Event: 11.838 Thread 0x0000029a244b6ed0 4189       1       org.eclipse.core.internal.registry.ReferenceMap$SoftRef::getNext (5 bytes)
Event: 11.838 Thread 0x0000029a244b6ed0 nmethod 4189 0x0000029a1827f790 code [0x0000029a1827f920, 0x0000029a1827f9e8]
Event: 11.838 Thread 0x0000029a244b6ed0 4190       3       java.lang.reflect.Constructor::<init> (50 bytes)
Event: 11.839 Thread 0x0000029a244b6ed0 nmethod 4190 0x0000029a10e65510 code [0x0000029a10e656c0, 0x0000029a10e65988]
Event: 11.855 Thread 0x0000029a244b6ed0 4191       3       java.net.URI::isAbsolute (13 bytes)
Event: 11.856 Thread 0x0000029a244b6ed0 nmethod 4191 0x0000029a10e65a90 code [0x0000029a10e65c20, 0x0000029a10e65d80]
Event: 11.856 Thread 0x0000029a6c0eb440 nmethod 4186 0x0000029a1827fa90 code [0x0000029a1827fd40, 0x0000029a18280b58]
Event: 11.856 Thread 0x0000029a6c0eb440 4148       4       org.lombokweb.asm.Type::getArgumentsAndReturnSizes (140 bytes)
Event: 11.866 Thread 0x0000029a6c0eb440 nmethod 4148 0x0000029a18281590 code [0x0000029a182817e0, 0x0000029a18282080]
Event: 11.866 Thread 0x0000029a6c0eb440 4141       4       org.lombokweb.asm.MethodWriter::canCopyMethodAttributes (163 bytes)
Event: 11.874 Thread 0x0000029a6c0eb440 nmethod 4141 0x0000029a18282790 code [0x0000029a18282940, 0x0000029a18282ca8]
Event: 11.874 Thread 0x0000029a6c0eb440 4179       4       org.eclipse.core.internal.preferences.EclipsePreferences::checkRemoved (26 bytes)
Event: 11.875 Thread 0x0000029a6c0eb440 nmethod 4179 0x0000029a18282f90 code [0x0000029a18283120, 0x0000029a182831c8]
Event: 11.875 Thread 0x0000029a6c0eb440 4149       4       org.lombokweb.asm.MethodVisitor::<init> (79 bytes)
Event: 11.876 Thread 0x0000029a6c0eb440 nmethod 4149 0x0000029a18283290 code [0x0000029a18283420, 0x0000029a182834f0]

GC Heap History (20 events):
Event: 1.074 GC heap before
{Heap before GC invocations=1 (full 0):
 PSYoungGen      total 29696K, used 25600K [0x00000000d5580000, 0x00000000d7680000, 0x0000000100000000)
  eden space 25600K, 100% used [0x00000000d5580000,0x00000000d6e80000,0x00000000d6e80000)
  from space 4096K, 0% used [0x00000000d7280000,0x00000000d7280000,0x00000000d7680000)
  to   space 4096K, 0% used [0x00000000d6e80000,0x00000000d6e80000,0x00000000d7280000)
 ParOldGen       total 68608K, used 0K [0x0000000080000000, 0x0000000084300000, 0x00000000d5580000)
  object space 68608K, 0% used [0x0000000080000000,0x0000000080000000,0x0000000084300000)
 Metaspace       used 4348K, committed 4608K, reserved 1114112K
  class space    used 473K, committed 576K, reserved 1048576K
}
Event: 1.079 GC heap after
{Heap after GC invocations=1 (full 0):
 PSYoungGen      total 29696K, used 3271K [0x00000000d5580000, 0x00000000d7680000, 0x0000000100000000)
  eden space 25600K, 0% used [0x00000000d5580000,0x00000000d5580000,0x00000000d6e80000)
  from space 4096K, 79% used [0x00000000d6e80000,0x00000000d71b1e98,0x00000000d7280000)
  to   space 4096K, 0% used [0x00000000d7280000,0x00000000d7280000,0x00000000d7680000)
 ParOldGen       total 68608K, used 16K [0x0000000080000000, 0x0000000084300000, 0x00000000d5580000)
  object space 68608K, 0% used [0x0000000080000000,0x0000000080004000,0x0000000084300000)
 Metaspace       used 4348K, committed 4608K, reserved 1114112K
  class space    used 473K, committed 576K, reserved 1048576K
}
Event: 2.710 GC heap before
{Heap before GC invocations=2 (full 0):
 PSYoungGen      total 29696K, used 28871K [0x00000000d5580000, 0x00000000d7680000, 0x0000000100000000)
  eden space 25600K, 100% used [0x00000000d5580000,0x00000000d6e80000,0x00000000d6e80000)
  from space 4096K, 79% used [0x00000000d6e80000,0x00000000d71b1e98,0x00000000d7280000)
  to   space 4096K, 0% used [0x00000000d7280000,0x00000000d7280000,0x00000000d7680000)
 ParOldGen       total 68608K, used 16K [0x0000000080000000, 0x0000000084300000, 0x00000000d5580000)
  object space 68608K, 0% used [0x0000000080000000,0x0000000080004000,0x0000000084300000)
 Metaspace       used 7992K, committed 8320K, reserved 1114112K
  class space    used 831K, committed 960K, reserved 1048576K
}
Event: 2.715 GC heap after
{Heap after GC invocations=2 (full 0):
 PSYoungGen      total 29696K, used 4070K [0x00000000d5580000, 0x00000000d7680000, 0x0000000100000000)
  eden space 25600K, 0% used [0x00000000d5580000,0x00000000d5580000,0x00000000d6e80000)
  from space 4096K, 99% used [0x00000000d7280000,0x00000000d7679800,0x00000000d7680000)
  to   space 4096K, 0% used [0x00000000d6e80000,0x00000000d6e80000,0x00000000d7280000)
 ParOldGen       total 68608K, used 2026K [0x0000000080000000, 0x0000000084300000, 0x00000000d5580000)
  object space 68608K, 2% used [0x0000000080000000,0x00000000801fa890,0x0000000084300000)
 Metaspace       used 7992K, committed 8320K, reserved 1114112K
  class space    used 831K, committed 960K, reserved 1048576K
}
Event: 6.181 GC heap before
{Heap before GC invocations=3 (full 0):
 PSYoungGen      total 29696K, used 29466K [0x00000000d5580000, 0x00000000d7680000, 0x0000000100000000)
  eden space 25600K, 99% used [0x00000000d5580000,0x00000000d6e4d3b0,0x00000000d6e80000)
  from space 4096K, 99% used [0x00000000d7280000,0x00000000d7679800,0x00000000d7680000)
  to   space 4096K, 0% used [0x00000000d6e80000,0x00000000d6e80000,0x00000000d7280000)
 ParOldGen       total 68608K, used 2026K [0x0000000080000000, 0x0000000084300000, 0x00000000d5580000)
  object space 68608K, 2% used [0x0000000080000000,0x00000000801fa890,0x0000000084300000)
 Metaspace       used 9437K, committed 9728K, reserved 1114112K
  class space    used 1003K, committed 1152K, reserved 1048576K
}
Event: 6.188 GC heap after
{Heap after GC invocations=3 (full 0):
 PSYoungGen      total 29696K, used 4086K [0x00000000d5580000, 0x00000000d7680000, 0x0000000100000000)
  eden space 25600K, 0% used [0x00000000d5580000,0x00000000d5580000,0x00000000d6e80000)
  from space 4096K, 99% used [0x00000000d6e80000,0x00000000d727d8b8,0x00000000d7280000)
  to   space 4096K, 0% used [0x00000000d7280000,0x00000000d7280000,0x00000000d7680000)
 ParOldGen       total 68608K, used 5120K [0x0000000080000000, 0x0000000084300000, 0x00000000d5580000)
  object space 68608K, 7% used [0x0000000080000000,0x0000000080500080,0x0000000084300000)
 Metaspace       used 9437K, committed 9728K, reserved 1114112K
  class space    used 1003K, committed 1152K, reserved 1048576K
}
Event: 7.799 GC heap before
{Heap before GC invocations=4 (full 0):
 PSYoungGen      total 29696K, used 29686K [0x00000000d5580000, 0x00000000d7680000, 0x0000000100000000)
  eden space 25600K, 100% used [0x00000000d5580000,0x00000000d6e80000,0x00000000d6e80000)
  from space 4096K, 99% used [0x00000000d6e80000,0x00000000d727d8b8,0x00000000d7280000)
  to   space 4096K, 0% used [0x00000000d7280000,0x00000000d7280000,0x00000000d7680000)
 ParOldGen       total 68608K, used 5120K [0x0000000080000000, 0x0000000084300000, 0x00000000d5580000)
  object space 68608K, 7% used [0x0000000080000000,0x0000000080500080,0x0000000084300000)
 Metaspace       used 11718K, committed 12096K, reserved 1114112K
  class space    used 1240K, committed 1408K, reserved 1048576K
}
Event: 7.806 GC heap after
{Heap after GC invocations=4 (full 0):
 PSYoungGen      total 29696K, used 4086K [0x00000000d5580000, 0x00000000d7680000, 0x0000000100000000)
  eden space 25600K, 0% used [0x00000000d5580000,0x00000000d5580000,0x00000000d6e80000)
  from space 4096K, 99% used [0x00000000d7280000,0x00000000d767d9d0,0x00000000d7680000)
  to   space 4096K, 0% used [0x00000000d6e80000,0x00000000d6e80000,0x00000000d7280000)
 ParOldGen       total 68608K, used 6875K [0x0000000080000000, 0x0000000084300000, 0x00000000d5580000)
  object space 68608K, 10% used [0x0000000080000000,0x00000000806b6e00,0x0000000084300000)
 Metaspace       used 11718K, committed 12096K, reserved 1114112K
  class space    used 1240K, committed 1408K, reserved 1048576K
}
Event: 9.539 GC heap before
{Heap before GC invocations=5 (full 0):
 PSYoungGen      total 29696K, used 29686K [0x00000000d5580000, 0x00000000d7680000, 0x0000000100000000)
  eden space 25600K, 100% used [0x00000000d5580000,0x00000000d6e80000,0x00000000d6e80000)
  from space 4096K, 99% used [0x00000000d7280000,0x00000000d767d9d0,0x00000000d7680000)
  to   space 4096K, 0% used [0x00000000d6e80000,0x00000000d6e80000,0x00000000d7280000)
 ParOldGen       total 68608K, used 6875K [0x0000000080000000, 0x0000000084300000, 0x00000000d5580000)
  object space 68608K, 10% used [0x0000000080000000,0x00000000806b6e00,0x0000000084300000)
 Metaspace       used 15711K, committed 16320K, reserved 1114112K
  class space    used 1629K, committed 1920K, reserved 1048576K
}
Event: 9.543 GC heap after
{Heap after GC invocations=5 (full 0):
 PSYoungGen      total 29184K, used 4076K [0x00000000d5580000, 0x00000000d7900000, 0x0000000100000000)
  eden space 25088K, 0% used [0x00000000d5580000,0x00000000d5580000,0x00000000d6e00000)
  from space 4096K, 99% used [0x00000000d6e80000,0x00000000d727b0f0,0x00000000d7280000)
  to   space 5632K, 0% used [0x00000000d7380000,0x00000000d7380000,0x00000000d7900000)
 ParOldGen       total 68608K, used 7995K [0x0000000080000000, 0x0000000084300000, 0x00000000d5580000)
  object space 68608K, 11% used [0x0000000080000000,0x00000000807cee30,0x0000000084300000)
 Metaspace       used 15711K, committed 16320K, reserved 1114112K
  class space    used 1629K, committed 1920K, reserved 1048576K
}
Event: 10.303 GC heap before
{Heap before GC invocations=6 (full 0):
 PSYoungGen      total 29184K, used 29164K [0x00000000d5580000, 0x00000000d7900000, 0x0000000100000000)
  eden space 25088K, 100% used [0x00000000d5580000,0x00000000d6e00000,0x00000000d6e00000)
  from space 4096K, 99% used [0x00000000d6e80000,0x00000000d727b0f0,0x00000000d7280000)
  to   space 5632K, 0% used [0x00000000d7380000,0x00000000d7380000,0x00000000d7900000)
 ParOldGen       total 68608K, used 7995K [0x0000000080000000, 0x0000000084300000, 0x00000000d5580000)
  object space 68608K, 11% used [0x0000000080000000,0x00000000807cee30,0x0000000084300000)
 Metaspace       used 18776K, committed 19584K, reserved 1114112K
  class space    used 1970K, committed 2304K, reserved 1048576K
}
Event: 10.308 GC heap after
{Heap after GC invocations=6 (full 0):
 PSYoungGen      total 29696K, used 4855K [0x00000000d5580000, 0x00000000d7880000, 0x0000000100000000)
  eden space 24576K, 0% used [0x00000000d5580000,0x00000000d5580000,0x00000000d6d80000)
  from space 5120K, 94% used [0x00000000d7380000,0x00000000d783dd18,0x00000000d7880000)
  to   space 5120K, 0% used [0x00000000d6e80000,0x00000000d6e80000,0x00000000d7380000)
 ParOldGen       total 68608K, used 8003K [0x0000000080000000, 0x0000000084300000, 0x00000000d5580000)
  object space 68608K, 11% used [0x0000000080000000,0x00000000807d0e30,0x0000000084300000)
 Metaspace       used 18776K, committed 19584K, reserved 1114112K
  class space    used 1970K, committed 2304K, reserved 1048576K
}
Event: 10.782 GC heap before
{Heap before GC invocations=7 (full 0):
 PSYoungGen      total 29696K, used 22928K [0x00000000d5580000, 0x00000000d7880000, 0x0000000100000000)
  eden space 24576K, 73% used [0x00000000d5580000,0x00000000d6726600,0x00000000d6d80000)
  from space 5120K, 94% used [0x00000000d7380000,0x00000000d783dd18,0x00000000d7880000)
  to   space 5120K, 0% used [0x00000000d6e80000,0x00000000d6e80000,0x00000000d7380000)
 ParOldGen       total 68608K, used 8003K [0x0000000080000000, 0x0000000084300000, 0x00000000d5580000)
  object space 68608K, 11% used [0x0000000080000000,0x00000000807d0e30,0x0000000084300000)
 Metaspace       used 20573K, committed 21504K, reserved 1114112K
  class space    used 2196K, committed 2624K, reserved 1048576K
}
Event: 10.788 GC heap after
{Heap after GC invocations=7 (full 0):
 PSYoungGen      total 29184K, used 4494K [0x00000000d5580000, 0x00000000d7780000, 0x0000000100000000)
  eden space 24576K, 0% used [0x00000000d5580000,0x00000000d5580000,0x00000000d6d80000)
  from space 4608K, 97% used [0x00000000d6e80000,0x00000000d72e3a60,0x00000000d7300000)
  to   space 4608K, 0% used [0x00000000d7300000,0x00000000d7300000,0x00000000d7780000)
 ParOldGen       total 68608K, used 9576K [0x0000000080000000, 0x0000000084300000, 0x00000000d5580000)
  object space 68608K, 13% used [0x0000000080000000,0x000000008095a268,0x0000000084300000)
 Metaspace       used 20573K, committed 21504K, reserved 1114112K
  class space    used 2196K, committed 2624K, reserved 1048576K
}
Event: 10.788 GC heap before
{Heap before GC invocations=8 (full 1):
 PSYoungGen      total 29184K, used 4494K [0x00000000d5580000, 0x00000000d7780000, 0x0000000100000000)
  eden space 24576K, 0% used [0x00000000d5580000,0x00000000d5580000,0x00000000d6d80000)
  from space 4608K, 97% used [0x00000000d6e80000,0x00000000d72e3a60,0x00000000d7300000)
  to   space 4608K, 0% used [0x00000000d7300000,0x00000000d7300000,0x00000000d7780000)
 ParOldGen       total 68608K, used 9576K [0x0000000080000000, 0x0000000084300000, 0x00000000d5580000)
  object space 68608K, 13% used [0x0000000080000000,0x000000008095a268,0x0000000084300000)
 Metaspace       used 20573K, committed 21504K, reserved 1114112K
  class space    used 2196K, committed 2624K, reserved 1048576K
}
Event: 10.829 GC heap after
{Heap after GC invocations=8 (full 1):
 PSYoungGen      total 29184K, used 0K [0x00000000d5580000, 0x00000000d7780000, 0x0000000100000000)
  eden space 24576K, 0% used [0x00000000d5580000,0x00000000d5580000,0x00000000d6d80000)
  from space 4608K, 0% used [0x00000000d6e80000,0x00000000d6e80000,0x00000000d7300000)
  to   space 4608K, 0% used [0x00000000d7300000,0x00000000d7300000,0x00000000d7780000)
 ParOldGen       total 68608K, used 13191K [0x0000000080000000, 0x0000000084300000, 0x00000000d5580000)
  object space 68608K, 19% used [0x0000000080000000,0x0000000080ce1e38,0x0000000084300000)
 Metaspace       used 20560K, committed 21504K, reserved 1114112K
  class space    used 2192K, committed 2624K, reserved 1048576K
}
Event: 11.227 GC heap before
{Heap before GC invocations=9 (full 1):
 PSYoungGen      total 29184K, used 24576K [0x00000000d5580000, 0x00000000d7780000, 0x0000000100000000)
  eden space 24576K, 100% used [0x00000000d5580000,0x00000000d6d80000,0x00000000d6d80000)
  from space 4608K, 0% used [0x00000000d6e80000,0x00000000d6e80000,0x00000000d7300000)
  to   space 4608K, 0% used [0x00000000d7300000,0x00000000d7300000,0x00000000d7780000)
 ParOldGen       total 68608K, used 13191K [0x0000000080000000, 0x0000000084300000, 0x00000000d5580000)
  object space 68608K, 19% used [0x0000000080000000,0x0000000080ce1e38,0x0000000084300000)
 Metaspace       used 22674K, committed 23552K, reserved 1114112K
  class space    used 2374K, committed 2752K, reserved 1048576K
}
Event: 11.229 GC heap after
{Heap after GC invocations=9 (full 1):
 PSYoungGen      total 25600K, used 1042K [0x00000000d5580000, 0x00000000d7480000, 0x0000000100000000)
  eden space 24064K, 0% used [0x00000000d5580000,0x00000000d5580000,0x00000000d6d00000)
  from space 1536K, 67% used [0x00000000d7300000,0x00000000d7404a28,0x00000000d7480000)
  to   space 2560K, 0% used [0x00000000d6f80000,0x00000000d6f80000,0x00000000d7200000)
 ParOldGen       total 68608K, used 13199K [0x0000000080000000, 0x0000000084300000, 0x00000000d5580000)
  object space 68608K, 19% used [0x0000000080000000,0x0000000080ce3e38,0x0000000084300000)
 Metaspace       used 22674K, committed 23552K, reserved 1114112K
  class space    used 2374K, committed 2752K, reserved 1048576K
}
Event: 11.663 GC heap before
{Heap before GC invocations=10 (full 1):
 PSYoungGen      total 25600K, used 25106K [0x00000000d5580000, 0x00000000d7480000, 0x0000000100000000)
  eden space 24064K, 100% used [0x00000000d5580000,0x00000000d6d00000,0x00000000d6d00000)
  from space 1536K, 67% used [0x00000000d7300000,0x00000000d7404a28,0x00000000d7480000)
  to   space 2560K, 0% used [0x00000000d6f80000,0x00000000d6f80000,0x00000000d7200000)
 ParOldGen       total 68608K, used 13199K [0x0000000080000000, 0x0000000084300000, 0x00000000d5580000)
  object space 68608K, 19% used [0x0000000080000000,0x0000000080ce3e38,0x0000000084300000)
 Metaspace       used 26303K, committed 27264K, reserved 1114112K
  class space    used 2643K, committed 3072K, reserved 1048576K
}
Event: 11.665 GC heap after
{Heap after GC invocations=10 (full 1):
 PSYoungGen      total 26112K, used 1330K [0x00000000d5580000, 0x00000000d7380000, 0x0000000100000000)
  eden space 23552K, 0% used [0x00000000d5580000,0x00000000d5580000,0x00000000d6c80000)
  from space 2560K, 51% used [0x00000000d6f80000,0x00000000d70cca28,0x00000000d7200000)
  to   space 1536K, 0% used [0x00000000d7200000,0x00000000d7200000,0x00000000d7380000)
 ParOldGen       total 68608K, used 13207K [0x0000000080000000, 0x0000000084300000, 0x00000000d5580000)
  object space 68608K, 19% used [0x0000000080000000,0x0000000080ce5e38,0x0000000084300000)
 Metaspace       used 26303K, committed 27264K, reserved 1114112K
  class space    used 2643K, committed 3072K, reserved 1048576K
}

Dll operation events (10 events):
Event: 0.120 Loaded shared library c:\Users\LOQ\.vscode\extensions\redhat.java-1.51.0-win32-x64\jre\21.0.9-win32-x86_64\bin\java.dll
Event: 0.195 Loaded shared library c:\Users\LOQ\.vscode\extensions\redhat.java-1.51.0-win32-x64\jre\21.0.9-win32-x86_64\bin\zip.dll
Event: 0.224 Loaded shared library C:\Users\LOQ\.vscode\extensions\redhat.java-1.51.0-win32-x64\jre\21.0.9-win32-x86_64\bin\instrument.dll
Event: 0.231 Loaded shared library C:\Users\LOQ\.vscode\extensions\redhat.java-1.51.0-win32-x64\jre\21.0.9-win32-x86_64\bin\net.dll
Event: 0.235 Loaded shared library C:\Users\LOQ\.vscode\extensions\redhat.java-1.51.0-win32-x64\jre\21.0.9-win32-x86_64\bin\nio.dll
Event: 0.238 Loaded shared library C:\Users\LOQ\.vscode\extensions\redhat.java-1.51.0-win32-x64\jre\21.0.9-win32-x86_64\bin\zip.dll
Event: 0.259 Loaded shared library C:\Users\LOQ\.vscode\extensions\redhat.java-1.51.0-win32-x64\jre\21.0.9-win32-x86_64\bin\jimage.dll
Event: 0.403 Loaded shared library c:\Users\LOQ\.vscode\extensions\redhat.java-1.51.0-win32-x64\jre\21.0.9-win32-x86_64\bin\verify.dll
Event: 2.967 Loaded shared library C:\Users\LOQ\AppData\Roaming\Code\User\globalStorage\redhat.java\1.51.0\config_win\org.eclipse.equinox.launcher\org.eclipse.equinox.launcher.win32.win32.x86_64_1.2.1400.v20250801-0854\eclipse_11916.dll
Event: 9.680 Loaded shared library C:\Users\LOQ\AppData\Local\Temp\jna-75566\jna14117402034116528788.dll

Deoptimization events (20 events):
Event: 11.121 Thread 0x0000029a6b772e60 Uncommon trap: trap_request=0xffffff45 fr.pc=0x0000029a1827319c relative=0x000000000000079c
Event: 11.121 Thread 0x0000029a6b772e60 Uncommon trap: reason=unstable_if action=reinterpret pc=0x0000029a1827319c method=org.lombokweb.asm.ClassReader.readUTF8(I[C)Ljava/lang/String; @ 11 c2
Event: 11.121 Thread 0x0000029a6b772e60 DEOPT PACKING pc=0x0000029a1827319c sp=0x000000ca33cef880
Event: 11.121 Thread 0x0000029a6b772e60 DEOPT UNPACKING pc=0x0000029a17b73aa2 sp=0x000000ca33cef868 mode 2
Event: 11.227 Thread 0x0000029a6b772e60 DEOPT PACKING pc=0x0000029a10bf303e sp=0x000000ca33cf9430
Event: 11.227 Thread 0x0000029a6b772e60 DEOPT UNPACKING pc=0x0000029a17b74242 sp=0x000000ca33cf8970 mode 0
Event: 11.231 Thread 0x0000029a6b772e60 DEOPT PACKING pc=0x0000029a10bf303e sp=0x000000ca33cf9430
Event: 11.231 Thread 0x0000029a6b772e60 DEOPT UNPACKING pc=0x0000029a17b74242 sp=0x000000ca33cf8970 mode 0
Event: 11.548 Thread 0x0000029a6b772e60 Uncommon trap: trap_request=0xffffff45 fr.pc=0x0000029a1827e9ec relative=0x000000000000014c
Event: 11.548 Thread 0x0000029a6b772e60 Uncommon trap: reason=unstable_if action=reinterpret pc=0x0000029a1827e9ec method=org.lombokweb.asm.ByteVector.putByteArray([BII)Lorg/lombokweb/asm/ByteVector; @ 20 c2
Event: 11.548 Thread 0x0000029a6b772e60 DEOPT PACKING pc=0x0000029a1827e9ec sp=0x000000ca33ceed90
Event: 11.548 Thread 0x0000029a6b772e60 DEOPT UNPACKING pc=0x0000029a17b73aa2 sp=0x000000ca33ceed60 mode 2
Event: 11.548 Thread 0x0000029a6b772e60 Uncommon trap: trap_request=0xffffff45 fr.pc=0x0000029a1827df24 relative=0x0000000000000364
Event: 11.548 Thread 0x0000029a6b772e60 Uncommon trap: reason=unstable_if action=reinterpret pc=0x0000029a1827df24 method=org.lombokweb.asm.Label.resolve([BLorg/lombokweb/asm/ByteVector;I)Z @ 81 c2
Event: 11.548 Thread 0x0000029a6b772e60 DEOPT PACKING pc=0x0000029a1827df24 sp=0x000000ca33ceee20
Event: 11.548 Thread 0x0000029a6b772e60 DEOPT UNPACKING pc=0x0000029a17b73aa2 sp=0x000000ca33ceed28 mode 2
Event: 11.832 Thread 0x0000029a6b772e60 DEOPT PACKING pc=0x0000029a10bf303e sp=0x000000ca33cf9a10
Event: 11.832 Thread 0x0000029a6b772e60 DEOPT UNPACKING pc=0x0000029a17b74242 sp=0x000000ca33cf8f50 mode 0
Event: 11.833 Thread 0x0000029a6b772e60 DEOPT PACKING pc=0x0000029a10bf303e sp=0x000000ca33cf9aa0
Event: 11.833 Thread 0x0000029a6b772e60 DEOPT UNPACKING pc=0x0000029a17b74242 sp=0x000000ca33cf8fe0 mode 0

Classes loaded (20 events):
Event: 11.083 Loading class java/util/zip/GZIPOutputStream
Event: 11.084 Loading class java/util/zip/GZIPOutputStream done
Event: 11.087 Loading class java/net/SocketTimeoutException
Event: 11.087 Loading class java/io/InterruptedIOException
Event: 11.088 Loading class java/io/InterruptedIOException done
Event: 11.088 Loading class java/net/SocketTimeoutException done
Event: 11.088 Loading class java/net/SocketException
Event: 11.088 Loading class java/net/SocketException done
Event: 11.088 Loading class java/net/UnknownHostException
Event: 11.088 Loading class java/net/UnknownHostException done
Event: 11.088 Loading class java/net/ProtocolException
Event: 11.088 Loading class java/net/ProtocolException done
Event: 11.106 Loading class java/lang/ThreadLocal$SuppliedThreadLocal
Event: 11.106 Loading class java/lang/ThreadLocal$SuppliedThreadLocal done
Event: 11.110 Loading class java/io/FileWriter
Event: 11.110 Loading class java/io/FileWriter done
Event: 11.220 Loading class java/lang/NegativeArraySizeException
Event: 11.221 Loading class java/lang/NegativeArraySizeException done
Event: 11.829 Loading class org/w3c/dom/DOMException
Event: 11.829 Loading class org/w3c/dom/DOMException done

Classes unloaded (7 events):
Event: 10.794 Thread 0x0000029a0bbee9e0 Unloading class 0x0000029a261a4c00 'java/lang/invoke/LambdaForm$MH+0x0000029a261a4c00'
Event: 10.794 Thread 0x0000029a0bbee9e0 Unloading class 0x0000029a261a4800 'java/lang/invoke/LambdaForm$MH+0x0000029a261a4800'
Event: 10.794 Thread 0x0000029a0bbee9e0 Unloading class 0x0000029a261a4400 'java/lang/invoke/LambdaForm$MH+0x0000029a261a4400'
Event: 10.794 Thread 0x0000029a0bbee9e0 Unloading class 0x0000029a261a4000 'java/lang/invoke/LambdaForm$MH+0x0000029a261a4000'
Event: 10.794 Thread 0x0000029a0bbee9e0 Unloading class 0x0000029a261a3c00 'java/lang/invoke/LambdaForm$BMH+0x0000029a261a3c00'
Event: 10.794 Thread 0x0000029a0bbee9e0 Unloading class 0x0000029a261a3800 'java/lang/invoke/LambdaForm$DMH+0x0000029a261a3800'
Event: 10.794 Thread 0x0000029a0bbee9e0 Unloading class 0x0000029a261a2400 'java/lang/invoke/LambdaForm$DMH+0x0000029a261a2400'

Classes redefined (0 events):
No events

Internal exceptions (20 events):
Event: 10.696 Thread 0x0000029a6b772e60 Exception <a 'java/lang/NoSuchMethodError'{0x00000000d657bc00}: 'java.lang.Object java.lang.invoke.Invokers$Holder.invoke_MT(java.lang.Object, java.lang.Object, java.lang.Object, java.lang.Object, java.lang.Object, java.lang.Object, java.lang.Object, java.lang.Object, java.lang.Object)'> (0x00000000d657bc00) 
thrown [s\src\hotspot\share\interpreter\linkResolver.cpp, line 773]
Event: 10.701 Thread 0x0000029a6b772e60 Exception <a 'java/lang/NoSuchMethodError'{0x00000000d65b0af8}: 'int java.lang.invoke.DirectMethodHandle$Holder.invokeVirtual(java.lang.Object, java.lang.Object, java.lang.Object)'> (0x00000000d65b0af8) 
thrown [s\src\hotspot\share\interpreter\linkResolver.cpp, line 773]
Event: 10.701 Thread 0x0000029a6b772e60 Exception <a 'java/lang/NoSuchMethodError'{0x00000000d65b5a90}: 'int java.lang.invoke.DirectMethodHandle$Holder.invokeStaticInit(java.lang.Object, int, int)'> (0x00000000d65b5a90) 
thrown [s\src\hotspot\share\interpreter\linkResolver.cpp, line 773]
Event: 10.702 Thread 0x0000029a6b772e60 Exception <a 'java/lang/NoSuchMethodError'{0x00000000d65bde18}: 'int java.lang.invoke.DirectMethodHandle$Holder.invokeStaticInit(java.lang.Object, long, long)'> (0x00000000d65bde18) 
thrown [s\src\hotspot\share\interpreter\linkResolver.cpp, line 773]
Event: 10.703 Thread 0x0000029a6b772e60 Exception <a 'java/lang/NoSuchMethodError'{0x00000000d65c57d0}: 'int java.lang.invoke.DirectMethodHandle$Holder.invokeStaticInit(java.lang.Object, float, float)'> (0x00000000d65c57d0) 
thrown [s\src\hotspot\share\interpreter\linkResolver.cpp, line 773]
Event: 10.703 Thread 0x0000029a6b772e60 Exception <a 'java/lang/NoSuchMethodError'{0x00000000d65cd180}: 'int java.lang.invoke.DirectMethodHandle$Holder.invokeStaticInit(java.lang.Object, double, double)'> (0x00000000d65cd180) 
thrown [s\src\hotspot\share\interpreter\linkResolver.cpp, line 773]
Event: 10.704 Thread 0x0000029a6b772e60 Exception <a 'java/lang/NoSuchMethodError'{0x00000000d65d2598}: 'int java.lang.invoke.DirectMethodHandle$Holder.invokeStatic(java.lang.Object, long)'> (0x00000000d65d2598) 
thrown [s\src\hotspot\share\interpreter\linkResolver.cpp, line 773]
Event: 10.707 Thread 0x0000029a6b772e60 Exception <a 'java/lang/NoSuchMethodError'{0x00000000d65f14d0}: 'int java.lang.invoke.Invokers$Holder.linkToTargetMethod(java.lang.Object, java.lang.Object)'> (0x00000000d65f14d0) 
thrown [s\src\hotspot\share\interpreter\linkResolver.cpp, line 773]
Event: 10.741 Thread 0x0000029a6b772e60 Exception <a 'java/lang/NoSuchMethodError'{0x00000000d66d8118}: 'java.lang.Object java.lang.invoke.Invokers$Holder.invoke_MT(java.lang.Object, java.lang.Object, java.lang.Object, java.lang.Object, java.lang.Object, java.lang.Object, java.lang.Object, java.lang.Object, java.lang.Object, java.lang.Object, java.lang.Object)'> (0x00000000d66d8118) 
thrown [s\src\hotspot\share\interpreter\linkResolver.cpp, line 773]
Event: 10.843 Thread 0x0000029a6b772e60 Exception <a 'java/lang/NoSuchMethodError'{0x00000000d5609f18}: 'java.lang.Object java.lang.invoke.Invokers$Holder.invoke_MT(java.lang.Object, java.lang.Object, java.lang.Object, java.lang.Object, java.lang.Object, java.lang.Object, java.lang.Object, java.lang.Object, java.lang.Object, java.lang.Object)'> (0x00000000d5609f18) 
thrown [s\src\hotspot\share\interpreter\linkResolver.cpp, line 773]
Event: 10.861 Thread 0x0000029a6b772e60 Exception <a 'java/lang/NoSuchMethodError'{0x00000000d56a9f88}: 'java.lang.Object java.lang.invoke.DirectMethodHandle$Holder.newInvokeSpecial(java.lang.Object, java.lang.Object, java.lang.Object, java.lang.Object, java.lang.Object, java.lang.Object, java.lang.Object)'> (0x00000000d56a9f88) 
thrown [s\src\hotspot\share\interpreter\linkResolver.cpp, line 773]
Event: 10.880 Thread 0x0000029a6b772e60 Exception <a 'java/lang/NoSuchMethodError'{0x00000000d5721968}: 'java.lang.Object java.lang.invoke.Invokers$Holder.invoker(java.lang.Object, java.lang.Object, java.lang.Object, java.lang.Object, java.lang.Object, java.lang.Object, java.lang.Object, java.lang.Object, java.lang.Object, java.lang.Object, java.lang.Object, java.lang.Object, java.lang.Object)'> (0x00000000d5721968) 
thrown [s\src\hotspot\share\interpreter\linkResolver.cpp, line 773]
Event: 10.881 Thread 0x0000029a6b772e60 Exception <a 'java/lang/NoSuchMethodError'{0x00000000d572be00}: 'java.lang.Object java.lang.invoke.DelegatingMethodHandle$Holder.delegate(java.lang.Object, java.lang.Object, java.lang.Object, java.lang.Object, java.lang.Object, java.lang.Object, java.lang.Object, java.lang.Object, java.lang.Object, java.lang.Object, java.lang.Object, java.lang.Object, java.lang.Object)'> (0x00000000d572be00) 
thrown [s\src\hotspot\share\interpreter\linkResolver.cpp, line 773]
Event: 10.892 Thread 0x0000029a6b772e60 Exception <a 'java/lang/NoSuchMethodError'{0x00000000d5798af0}: static Lorg/eclipse/m2e/core/internal/lifecyclemapping/model/PluginExecutionMetadata;.<clinit>()V> (0x00000000d5798af0) 
thrown [s\src\hotspot\share\prims\jni.cpp, line 1111]
Event: 10.906 Thread 0x0000029a6b772e60 Exception <a 'java/lang/NoSuchMethodError'{0x00000000d57f8898}: static Lorg/eclipse/m2e/core/internal/lifecyclemapping/model/PluginExecutionFilter;.<clinit>()V> (0x00000000d57f8898) 
thrown [s\src\hotspot\share\prims\jni.cpp, line 1111]
Event: 10.913 Thread 0x0000029a6b772e60 Exception <a 'java/lang/NoSuchMethodError'{0x00000000d582e8e8}: static Lorg/eclipse/m2e/core/internal/project/registry/MavenProjectFacade$MavenProjectConfiguration;.<clinit>()V> (0x00000000d582e8e8) 
thrown [s\src\hotspot\share\prims\jni.cpp, line 1111]
Event: 11.041 Thread 0x0000029a6b772e60 Exception <a 'java/lang/NoSuchMethodError'{0x00000000d5cb8a50}: 'double java.lang.invoke.DirectMethodHandle$Holder.invokeStatic(java.lang.Object, java.lang.Object)'> (0x00000000d5cb8a50) 
thrown [s\src\hotspot\share\interpreter\linkResolver.cpp, line 773]
Event: 11.042 Thread 0x0000029a6b772e60 Exception <a 'java/lang/NoSuchMethodError'{0x00000000d5cbc110}: 'double java.lang.invoke.DirectMethodHandle$Holder.invokeStaticInit(java.lang.Object, java.lang.Object)'> (0x00000000d5cbc110) 
thrown [s\src\hotspot\share\interpreter\linkResolver.cpp, line 773]
Event: 11.548 Thread 0x0000029a6b772e60 Implicit null exception at 0x0000029a1827e8f5 to 0x0000029a1827e9d0
Event: 11.814 Thread 0x0000029a6b772e60 Exception <a 'java/lang/NoSuchMethodError'{0x00000000d624a7d8}: 'java.lang.Object java.lang.invoke.DirectMethodHandle$Holder.newInvokeSpecial(java.lang.Object, int, java.lang.Object, java.lang.Object)'> (0x00000000d624a7d8) 
thrown [s\src\hotspot\share\interpreter\linkResolver.cpp, line 773]

ZGC Phase Switch (0 events):
No events

VM Operations (20 events):
Event: 9.690 Executing VM operation: HandshakeAllThreads (Deoptimize)
Event: 9.690 Executing VM operation: HandshakeAllThreads (Deoptimize) done
Event: 9.968 Executing VM operation: HandshakeAllThreads (Deoptimize)
Event: 9.968 Executing VM operation: HandshakeAllThreads (Deoptimize) done
Event: 10.033 Executing VM operation: HandshakeAllThreads (Deoptimize)
Event: 10.033 Executing VM operation: HandshakeAllThreads (Deoptimize) done
Event: 10.042 Executing VM operation: HandshakeAllThreads (Deoptimize)
Event: 10.042 Executing VM operation: HandshakeAllThreads (Deoptimize) done
Event: 10.117 Executing VM operation: ICBufferFull
Event: 10.117 Executing VM operation: ICBufferFull done
Event: 10.302 Executing VM operation: ParallelGCFailedAllocation (Allocation Failure)
Event: 10.308 Executing VM operation: ParallelGCFailedAllocation (Allocation Failure) done
Event: 10.682 Executing VM operation: HandshakeAllThreads (Deoptimize)
Event: 10.682 Executing VM operation: HandshakeAllThreads (Deoptimize) done
Event: 10.781 Executing VM operation: CollectForMetadataAllocation (Metadata GC Threshold)
Event: 10.829 Executing VM operation: CollectForMetadataAllocation (Metadata GC Threshold) done
Event: 11.227 Executing VM operation: ParallelGCFailedAllocation (Allocation Failure)
Event: 11.229 Executing VM operation: ParallelGCFailedAllocation (Allocation Failure) done
Event: 11.663 Executing VM operation: ParallelGCFailedAllocation (Allocation Failure)
Event: 11.665 Executing VM operation: ParallelGCFailedAllocation (Allocation Failure) done

Memory protections (0 events):
No events

Nmethod flushes (0 events):
No events

Events (20 events):
Event: 4.682 Thread 0x0000029a6b751360 Thread exited: 0x0000029a6b751360
Event: 5.230 Thread 0x0000029a244b6ed0 Thread added: 0x0000029a6b766c30
Event: 5.231 Thread 0x0000029a244b6ed0 Thread added: 0x0000029a6b7672d0
Event: 5.426 Thread 0x0000029a6b7672d0 Thread exited: 0x0000029a6b7672d0
Event: 5.426 Thread 0x0000029a6b766c30 Thread exited: 0x0000029a6b766c30
Event: 6.383 Thread 0x0000029a6b772e60 Thread added: 0x0000029a6bb9aa80
Event: 7.754 Thread 0x0000029a6b772e60 Thread added: 0x0000029a6c274400
Event: 8.488 Thread 0x0000029a244b6ed0 Thread added: 0x0000029a6b3c6e90
Event: 8.688 Thread 0x0000029a6b3c6e90 Thread exited: 0x0000029a6b3c6e90
Event: 8.971 Thread 0x0000029a6b772e60 Thread added: 0x0000029a6b642d40
Event: 9.713 Thread 0x0000029a6b772e60 Thread added: 0x0000029a6b133e80
Event: 9.782 Thread 0x0000029a6b772e60 Thread added: 0x0000029a6c37d520
Event: 9.819 Thread 0x0000029a6b772e60 Thread added: 0x0000029a6c37c170
Event: 10.036 Thread 0x0000029a244b6ed0 Thread added: 0x0000029a6c2a6cb0
Event: 10.429 Thread 0x0000029a6c2a6cb0 Thread exited: 0x0000029a6c2a6cb0
Event: 10.845 Thread 0x0000029a244b6ed0 Thread added: 0x0000029a6b0839b0
Event: 10.845 Thread 0x0000029a244b6ed0 Thread added: 0x0000029a6b084050
Event: 11.281 Thread 0x0000029a6b084050 Thread exited: 0x0000029a6b084050
Event: 11.330 Thread 0x0000029a6b0839b0 Thread exited: 0x0000029a6b0839b0
Event: 11.834 Thread 0x0000029a244b6ed0 Thread added: 0x0000029a6c0eb440


Dynamic libraries:
0x00007ff693360000 - 0x00007ff69336e000 	c:\Users\LOQ\.vscode\extensions\redhat.java-1.51.0-win32-x64\jre\21.0.9-win32-x86_64\bin\java.exe
0x00007ffbbfa20000 - 0x00007ffbbfc88000 	C:\WINDOWS\SYSTEM32\ntdll.dll
0x00007ffbbd950000 - 0x00007ffbbda19000 	C:\WINDOWS\System32\KERNEL32.DLL
0x00007ffbbcbb0000 - 0x00007ffbbcfa2000 	C:\WINDOWS\System32\KERNELBASE.dll
0x00007ffbbd060000 - 0x00007ffbbd1ab000 	C:\WINDOWS\System32\ucrtbase.dll
0x00007ffba7770000 - 0x00007ffba7788000 	c:\Users\LOQ\.vscode\extensions\redhat.java-1.51.0-win32-x64\jre\21.0.9-win32-x86_64\bin\jli.dll
0x00007ffba4550000 - 0x00007ffba456e000 	c:\Users\LOQ\.vscode\extensions\redhat.java-1.51.0-win32-x64\jre\21.0.9-win32-x86_64\bin\VCRUNTIME140.dll
0x00007ffbbeee0000 - 0x00007ffbbf0a5000 	C:\WINDOWS\System32\USER32.dll
0x00007ffbbd7c0000 - 0x00007ffbbd7e7000 	C:\WINDOWS\System32\win32u.dll
0x00007ffb9dbd0000 - 0x00007ffb9de63000 	C:\WINDOWS\WinSxS\amd64_microsoft.windows.common-controls_6595b64144ccf1df_6.0.26100.6899_none_3e0efeeae32e88c1\COMCTL32.dll
0x00007ffbbe360000 - 0x00007ffbbe38b000 	C:\WINDOWS\System32\GDI32.dll
0x00007ffbbe4b0000 - 0x00007ffbbe559000 	C:\WINDOWS\System32\msvcrt.dll
0x00007ffbbd690000 - 0x00007ffbbd7bd000 	C:\WINDOWS\System32\gdi32full.dll
0x00007ffbbcfb0000 - 0x00007ffbbd053000 	C:\WINDOWS\System32\msvcp_win.dll
0x00007ffbbe560000 - 0x00007ffbbe58f000 	C:\WINDOWS\System32\IMM32.DLL
0x00007ffbb73d0000 - 0x00007ffbb73dc000 	c:\Users\LOQ\.vscode\extensions\redhat.java-1.51.0-win32-x64\jre\21.0.9-win32-x86_64\bin\vcruntime140_1.dll
0x00007ffba41a0000 - 0x00007ffba422d000 	c:\Users\LOQ\.vscode\extensions\redhat.java-1.51.0-win32-x64\jre\21.0.9-win32-x86_64\bin\msvcp140.dll
0x00007ffae57d0000 - 0x00007ffae6570000 	c:\Users\LOQ\.vscode\extensions\redhat.java-1.51.0-win32-x64\jre\21.0.9-win32-x86_64\bin\server\jvm.dll
0x00007ffbbd820000 - 0x00007ffbbd8d4000 	C:\WINDOWS\System32\ADVAPI32.dll
0x00007ffbbe390000 - 0x00007ffbbe436000 	C:\WINDOWS\System32\sechost.dll
0x00007ffbbf6e0000 - 0x00007ffbbf7f8000 	C:\WINDOWS\System32\RPCRT4.dll
0x00007ffbbe220000 - 0x00007ffbbe294000 	C:\WINDOWS\System32\WS2_32.dll
0x00007ffbbc870000 - 0x00007ffbbc8ce000 	C:\WINDOWS\SYSTEM32\POWRPROF.dll
0x00007ffbaf830000 - 0x00007ffbaf865000 	C:\WINDOWS\SYSTEM32\WINMM.dll
0x00007ffbb5790000 - 0x00007ffbb579b000 	C:\WINDOWS\SYSTEM32\VERSION.dll
0x00007ffbbc850000 - 0x00007ffbbc864000 	C:\WINDOWS\SYSTEM32\UMPDC.dll
0x00007ffbbb980000 - 0x00007ffbbb99b000 	C:\WINDOWS\SYSTEM32\kernel.appcore.dll
0x00007ffbb73b0000 - 0x00007ffbb73ba000 	c:\Users\LOQ\.vscode\extensions\redhat.java-1.51.0-win32-x64\jre\21.0.9-win32-x86_64\bin\jimage.dll
0x00007ffbb9930000 - 0x00007ffbb9b72000 	C:\WINDOWS\SYSTEM32\DBGHELP.DLL
0x00007ffbbe5a0000 - 0x00007ffbbe91b000 	C:\WINDOWS\System32\combase.dll
0x00007ffbbea40000 - 0x00007ffbbeb17000 	C:\WINDOWS\System32\OLEAUT32.dll
0x00007ffb9b5d0000 - 0x00007ffb9b60c000 	C:\WINDOWS\SYSTEM32\dbgcore.DLL
0x00007ffbbd1b0000 - 0x00007ffbbd248000 	C:\WINDOWS\System32\bcryptPrimitives.dll
0x00007ffbb7340000 - 0x00007ffbb734f000 	c:\Users\LOQ\.vscode\extensions\redhat.java-1.51.0-win32-x64\jre\21.0.9-win32-x86_64\bin\instrument.dll
0x00007ffba20e0000 - 0x00007ffba2100000 	c:\Users\LOQ\.vscode\extensions\redhat.java-1.51.0-win32-x64\jre\21.0.9-win32-x86_64\bin\java.dll
0x00007ffbbda50000 - 0x00007ffbbe19d000 	C:\WINDOWS\System32\SHELL32.dll
0x00007ffbbd3a0000 - 0x00007ffbbd50b000 	C:\WINDOWS\System32\wintypes.dll
0x00007ffbba7d0000 - 0x00007ffbbb02d000 	C:\WINDOWS\SYSTEM32\windows.storage.dll
0x00007ffbbed90000 - 0x00007ffbbee82000 	C:\WINDOWS\System32\SHCORE.dll
0x00007ffbbe440000 - 0x00007ffbbe4a2000 	C:\WINDOWS\System32\shlwapi.dll
0x00007ffbbcad0000 - 0x00007ffbbcaf9000 	C:\WINDOWS\SYSTEM32\profapi.dll
0x00007ffba42e0000 - 0x00007ffba42f8000 	c:\Users\LOQ\.vscode\extensions\redhat.java-1.51.0-win32-x64\jre\21.0.9-win32-x86_64\bin\zip.dll
0x00007ffba44f0000 - 0x00007ffba4500000 	C:\Users\LOQ\.vscode\extensions\redhat.java-1.51.0-win32-x64\jre\21.0.9-win32-x86_64\bin\net.dll
0x00007ffbb5b60000 - 0x00007ffbb5c7f000 	C:\WINDOWS\SYSTEM32\WINHTTP.dll
0x00007ffbbbef0000 - 0x00007ffbbbf5b000 	C:\WINDOWS\system32\mswsock.dll
0x00007ffba4070000 - 0x00007ffba4086000 	C:\Users\LOQ\.vscode\extensions\redhat.java-1.51.0-win32-x64\jre\21.0.9-win32-x86_64\bin\nio.dll
0x00007ffba4190000 - 0x00007ffba41a0000 	c:\Users\LOQ\.vscode\extensions\redhat.java-1.51.0-win32-x64\jre\21.0.9-win32-x86_64\bin\verify.dll
0x00007ffb988e0000 - 0x00007ffb98924000 	C:\Users\LOQ\AppData\Roaming\Code\User\globalStorage\redhat.java\1.51.0\config_win\org.eclipse.equinox.launcher\org.eclipse.equinox.launcher.win32.win32.x86_64_1.2.1400.v20250801-0854\eclipse_11916.dll
0x00007ffbbf0b0000 - 0x00007ffbbf248000 	C:\WINDOWS\System32\ole32.dll
0x00007ffbbc1a0000 - 0x00007ffbbc1bb000 	C:\WINDOWS\SYSTEM32\CRYPTSP.dll
0x00007ffbbb8e0000 - 0x00007ffbbb91b000 	C:\WINDOWS\system32\rsaenh.dll
0x00007ffbbbf90000 - 0x00007ffbbbfbb000 	C:\WINDOWS\SYSTEM32\USERENV.dll
0x00007ffbbcaa0000 - 0x00007ffbbcac6000 	C:\WINDOWS\SYSTEM32\bcrypt.dll
0x00007ffbbc1c0000 - 0x00007ffbbc1cc000 	C:\WINDOWS\SYSTEM32\CRYPTBASE.dll
0x00007ffbbb4b0000 - 0x00007ffbbb4e4000 	C:\WINDOWS\SYSTEM32\IPHLPAPI.DLL
0x00007ffbbeb20000 - 0x00007ffbbeb2a000 	C:\WINDOWS\System32\NSI.dll
0x00007ffb97040000 - 0x00007ffb97089000 	C:\Users\LOQ\AppData\Local\Temp\jna-75566\jna14117402034116528788.dll
0x00007ffbbd8e0000 - 0x00007ffbbd8e8000 	C:\WINDOWS\System32\PSAPI.DLL

JVMTI agents:
c:\Users\LOQ\.vscode\extensions\redhat.java-1.51.0-win32-x64\lombok\lombok-1.18.39-4050.jar path:c:\Users\LOQ\.vscode\extensions\redhat.java-1.51.0-win32-x64\jre\21.0.9-win32-x86_64\bin\instrument.dll, loaded, initialized, instrumentlib options:none

dbghelp: loaded successfully - version: 4.0.5 - missing functions: none
symbol engine: initialized successfully - sym options: 0x614 - pdb path: .;c:\Users\LOQ\.vscode\extensions\redhat.java-1.51.0-win32-x64\jre\21.0.9-win32-x86_64\bin;C:\WINDOWS\SYSTEM32;C:\WINDOWS\WinSxS\amd64_microsoft.windows.common-controls_6595b64144ccf1df_6.0.26100.6899_none_3e0efeeae32e88c1;c:\Users\LOQ\.vscode\extensions\redhat.java-1.51.0-win32-x64\jre\21.0.9-win32-x86_64\bin\server;C:\Users\LOQ\AppData\Roaming\Code\User\globalStorage\redhat.java\1.51.0\config_win\org.eclipse.equinox.launcher\org.eclipse.equinox.launcher.win32.win32.x86_64_1.2.1400.v20250801-0854;C:\Users\LOQ\AppData\Local\Temp\jna-75566

VM Arguments:
jvm_args: --add-modules=ALL-SYSTEM --add-opens=java.base/java.util=ALL-UNNAMED --add-opens=java.base/java.lang=ALL-UNNAMED --add-opens=java.base/sun.nio.fs=ALL-UNNAMED -Declipse.application=org.eclipse.jdt.ls.core.id1 -Dosgi.bundles.defaultStartLevel=4 -Declipse.product=org.eclipse.jdt.ls.core.product -Djava.import.generatesMetadataFilesAtProjectRoot=false -DDetectVMInstallationsJob.disabled=true -Dfile.encoding=utf8 -XX:+UseParallelGC -XX:GCTimeRatio=4 -XX:AdaptiveSizePolicyWeight=90 -Dsun.zip.disableMemoryMapping=true -Xmx2G -Xms100m -Xlog:disable -javaagent:c:\Users\LOQ\.vscode\extensions\redhat.java-1.51.0-win32-x64\lombok\lombok-1.18.39-4050.jar -XX:+HeapDumpOnOutOfMemoryError -XX:HeapDumpPath=c:\Users\LOQ\AppData\Roaming\Code\User\workspaceStorage\099b6d2cca0fa57c0a55b9bbe2e40508\redhat.java -Daether.dependencyCollector.impl=bf 
java_command: c:\Users\LOQ\.vscode\extensions\redhat.java-1.51.0-win32-x64\server\plugins\org.eclipse.equinox.launcher_1.7.100.v20251111-0406.jar -configuration c:\Users\LOQ\AppData\Roaming\Code\User\globalStorage\redhat.java\1.51.0\config_win -data c:\Users\LOQ\AppData\Roaming\Code\User\workspaceStorage\099b6d2cca0fa57c0a55b9bbe2e40508\redhat.java\jdt_ws --pipe=\\.\pipe\lsp-7edc90eb51744fbcbc9328ed001f2cc9-sock
java_class_path (initial): c:\Users\LOQ\.vscode\extensions\redhat.java-1.51.0-win32-x64\server\plugins\org.eclipse.equinox.launcher_1.7.100.v20251111-0406.jar
Launcher Type: SUN_STANDARD

[Global flags]
    uintx AdaptiveSizePolicyWeight                 = 90                                        {product} {command line}
     intx CICompilerCount                          = 4                                         {product} {ergonomic}
    uintx GCTimeRatio                              = 4                                         {product} {command line}
     bool HeapDumpOnOutOfMemoryError               = true                                   {manageable} {command line}
    ccstr HeapDumpPath                             = c:\Users\LOQ\AppData\Roaming\Code\User\workspaceStorage\099b6d2cca0fa57c0a55b9bbe2e40508\redhat.java         {manageable} {command line}
   size_t InitialHeapSize                          = 104857600                                 {product} {command line}
   size_t MaxHeapSize                              = 2147483648                                {product} {command line}
   size_t MaxNewSize                               = 715653120                                 {product} {ergonomic}
   size_t MinHeapDeltaBytes                        = 524288                                    {product} {ergonomic}
   size_t MinHeapSize                              = 104857600                                 {product} {command line}
   size_t NewSize                                  = 34603008                                  {product} {ergonomic}
    uintx NonNMethodCodeHeapSize                   = 5839372                                {pd product} {ergonomic}
    uintx NonProfiledCodeHeapSize                  = 122909434                              {pd product} {ergonomic}
   size_t OldSize                                  = 70254592                                  {product} {ergonomic}
    uintx ProfiledCodeHeapSize                     = 122909434                              {pd product} {ergonomic}
    uintx ReservedCodeCacheSize                    = 251658240                              {pd product} {ergonomic}
     bool SegmentedCodeCache                       = true                                      {product} {ergonomic}
   size_t SoftMaxHeapSize                          = 2147483648                             {manageable} {ergonomic}
     bool UseCompressedOops                        = true                           {product lp64_product} {ergonomic}
     bool UseLargePagesIndividualAllocation        = false                                  {pd product} {ergonomic}
     bool UseParallelGC                            = true                                      {product} {command line}

Logging:
Log output configuration:
 #0: stdout all=off uptime,level,tags foldmultilines=false
 #1: stderr all=off uptime,level,tags foldmultilines=false

Release file:
JAVA_VERSION="21.0.9" 
MODULES="java.base java.compiler java.datatransfer java.xml java.prefs java.desktop java.instrument java.logging java.management java.security.sasl java.naming java.rmi java.management.rmi java.net.http java.scripting java.security.jgss java.transaction.xa java.sql java.sql.rowset java.xml.crypto java.se java.smartcardio jdk.accessibility jdk.internal.jvmstat jdk.attach jdk.charsets jdk.internal.opt jdk.zipfs jdk.compiler jdk.crypto.ec jdk.crypto.cryptoki jdk.crypto.mscapi jdk.dynalink jdk.internal.ed jdk.editpad jdk.hotspot.agent jdk.httpserver jdk.internal.le jdk.internal.vm.ci jdk.internal.vm.compiler jdk.internal.vm.compiler.management jdk.jartool jdk.javadoc jdk.jcmd jdk.management jdk.management.agent jdk.jconsole jdk.jdeps jdk.jdwp.agent jdk.jdi jdk.jfr jdk.jshell jdk.jsobject jdk.jstatd jdk.localedata jdk.management.jfr jdk.naming.dns jdk.naming.rmi jdk.net jdk.nio.mapmode jdk.random jdk.sctp jdk.security.auth jdk.security.jgss jdk.unsupported jdk.unsupported.desktop jdk.xml.dom" 

Environment Variables:
PATH=C:\Users\LOQ\AppData\Local\Programs\Python\Python313\Scripts\;C:\Users\LOQ\AppData\Local\Programs\Python\Python313\;C:\Program Files (x86)\Common Files\Intel\Shared Libraries\redist\intel64\compiler;C:\Program Files\Common Files\Oracle\Java\javapath;C:\WINDOWS\system32;C:\WINDOWS;C:\WINDOWS\System32\Wbem;C:\WINDOWS\System32\WindowsPowerShell\v1.0\;C:\WINDOWS\System32\OpenSSH\;C:\Program Files (x86)\NVIDIA Corporation\PhysX\Common;C:\Program Files\NVIDIA Corporation\NVIDIA NvDLISR;C:\Users\LOQ\Downloads\apache-maven-3.9.9-bin\apache-maven-3.9.9\bin;C:\Program Files\Git\cmd;C:\Program Files\nodejs\;C:\ProgramData\chocolatey\bin;C:\Program Files\Maven\apache-maven-3.9.11-bin\bin;C:\flutter\bin;C:\Program Files (x86)\Microsoft SQL Server\160\Tools\Binn\;C:\Program Files\Microsoft SQL Server\160\Tools\Binn\;C:\Program Files\Microsoft SQL Server\Client SDK\ODBC\170\Tools\Binn\;C:\Program Files\Microsoft SQL Server\160\DTS\Binn\;C:\Users\LOQ\AppData\Local\Microsoft\WindowsApps;C:\Users\LOQ\AppData\Local\Programs\Microsoft VS Code\bin;C:\Users\LOQ\AppData\Local\GitHubDesktop\bin;D:\src\flutter_windows_3.29.2-stable\flutter\bin;C:\Users\LOQ\AppData\Roaming\npm;C:\flutter\bin
USERNAME=LOQ
OS=Windows_NT
PROCESSOR_IDENTIFIER=AMD64 Family 25 Model 68 Stepping 1, AuthenticAMD
TMP=C:\Users\LOQ\AppData\Local\Temp
TEMP=C:\Users\LOQ\AppData\Local\Temp




Periodic native trim disabled

---------------  S Y S T E M  ---------------

OS:
 Windows 11 , 64 bit Build 26100 (10.0.26100.6725)
OS uptime: 0 days 12:16 hours
Hyper-V role detected

CPU: total 8 (initial active 8) (8 cores per cpu, 2 threads per core) family 25 model 68 stepping 1 microcode 0xa404105, cx8, cmov, fxsr, ht, mmx, 3dnowpref, sse, sse2, sse3, ssse3, sse4a, sse4.1, sse4.2, popcnt, lzcnt, tsc, tscinvbit, avx, avx2, aes, erms, clmul, bmi1, bmi2, adx, sha, fma, vzeroupper, clflush, clflushopt, hv, rdtscp, rdpid, fsrm, f16c, cet_ss
Processor Information for the first 8 processors :
  Max Mhz: 3201, Current Mhz: 3201, Mhz Limit: 3201

Memory: 4k page, system-wide physical 11972M (1616M free)
TotalPageFile size 28934M (AvailPageFile size 5M)
current process WorkingSet (physical memory assigned to process): 162M, peak: 162M
current process commit charge ("private bytes"): 291M, peak: 291M

vm_info: OpenJDK 64-Bit Server VM (21.0.9+10-LTS) for windows-amd64 JRE (21.0.9+10-LTS), built on 2025-10-21T00:00:00Z by "admin" with unknown MS VC++:1942

END.
