#
# There is insufficient memory for the Java Runtime Environment to continue.
# Native memory allocation (malloc) failed to allocate 1504976 bytes. Error detail: Chunk::new
# Possible reasons:
#   The system is out of physical RAM or swap space
#   This process is running with CompressedOops enabled, and the Java Heap may be blocking the growth of the native heap
# Possible solutions:
#   Reduce memory load on the system
#   Increase physical memory or swap space
#   Check if swap backing store is full
#   Decrease Java heap size (-Xmx/-Xms)
#   Decrease number of Java threads
#   Decrease Java thread stack sizes (-Xss)
#   Set larger code cache with -XX:ReservedCodeCacheSize=
#   JVM is running with Unscaled Compressed Oops mode in which the Java heap is
#     placed in the first 4GB address space. The Java Heap base address is the
#     maximum limit for the native heap growth. Please use -XX:HeapBaseMinAddress
#     to set the Java Heap base and to place the Java Heap above 4GB virtual address.
# This output file may be truncated or incomplete.
#
#  Out of Memory Error (arena.cpp:168), pid=16512, tid=3500
#
# JRE version: OpenJDK Runtime Environment Temurin-21.0.9+10 (21.0.9+10) (build 21.0.9+10-LTS)
# Java VM: OpenJDK 64-Bit Server VM Temurin-21.0.9+10 (21.0.9+10-LTS, mixed mode, sharing, tiered, compressed oops, compressed class ptrs, parallel gc, windows-amd64)
# No core dump will be written. Minidumps are not enabled by default on client versions of Windows
#

---------------  S U M M A R Y ------------

Command Line: --add-modules=ALL-SYSTEM --add-opens=java.base/java.util=ALL-UNNAMED --add-opens=java.base/java.lang=ALL-UNNAMED --add-opens=java.base/sun.nio.fs=ALL-UNNAMED -Declipse.application=org.eclipse.jdt.ls.core.id1 -Dosgi.bundles.defaultStartLevel=4 -Declipse.product=org.eclipse.jdt.ls.core.product -Djava.import.generatesMetadataFilesAtProjectRoot=false -DDetectVMInstallationsJob.disabled=true -Dfile.encoding=utf8 -XX:+UseParallelGC -XX:GCTimeRatio=4 -XX:AdaptiveSizePolicyWeight=90 -Dsun.zip.disableMemoryMapping=true -Xmx2G -Xms100m -Xlog:disable -javaagent:c:\Users\LOQ\.vscode\extensions\redhat.java-1.51.0-win32-x64\lombok\lombok-1.18.39-4050.jar c:\Users\LOQ\.vscode\extensions\redhat.java-1.51.0-win32-x64\server\plugins\org.eclipse.equinox.launcher_1.7.100.v20251111-0406.jar -configuration c:\Users\LOQ\AppData\Roaming\Code\User\globalStorage\redhat.java\1.51.0\config_ss_win -data c:\Users\LOQ\AppData\Roaming\Code\User\workspaceStorage\099b6d2cca0fa57c0a55b9bbe2e40508\redhat.java\ss_ws --pipe=\\.\pipe\lsp-69d09957273f754e60195162c9add4ef-sock

Host: AMD Ryzen 5 7235HS                             , 8 cores, 11G,  Windows 11 , 64 bit Build 26100 (10.0.26100.6725)
Time: Sun Jan 25 13:21:19 2026 Sri Lanka Standard Time elapsed time: 3.555713 seconds (0d 0h 0m 3s)

---------------  T H R E A D  ---------------

Current thread (0x00000248881e8e60):  JavaThread "C2 CompilerThread1" daemon [_thread_in_native, id=3500, stack(0x000000548be00000,0x000000548bf00000) (1024K)]


Current CompileTask:
C2:3555 2629       4       java.lang.invoke.MethodType::makeImpl (109 bytes)

Stack: [0x000000548be00000,0x000000548bf00000]
Native frames: (J=compiled Java code, j=interpreted, Vv=VM code, C=native code)
V  [jvm.dll+0x6d6e29]
V  [jvm.dll+0x8b4b76]
V  [jvm.dll+0x8b712e]
V  [jvm.dll+0x8b7813]
V  [jvm.dll+0x283d86]
V  [jvm.dll+0xc66ed]
V  [jvm.dll+0xc6c31]
V  [jvm.dll+0x3be501]
V  [jvm.dll+0x38ab92]
V  [jvm.dll+0x389fda]
V  [jvm.dll+0x24bfa0]
V  [jvm.dll+0x24b580]
V  [jvm.dll+0x1cb13e]
V  [jvm.dll+0x25b29d]
V  [jvm.dll+0x25982a]
V  [jvm.dll+0x3f7ea6]
V  [jvm.dll+0x85e9ad]
V  [jvm.dll+0x6d565d]
C  [ucrtbase.dll+0x37b0]
C  [KERNEL32.DLL+0x2e8d7]
C  [ntdll.dll+0x8c53c]


---------------  P R O C E S S  ---------------

Threads class SMR info:
_java_thread_list=0x00000248884b22d0, length=22, elements={
0x0000024829d8d6e0, 0x0000024829cfc510, 0x0000024829d00fa0, 0x0000024829d087d0,
0x0000024829d0b4b0, 0x0000024829d0da80, 0x0000024829d147a0, 0x0000024829d183a0,
0x0000024829d1bcb0, 0x0000024883201490, 0x000002488331f840, 0x000002488394e840,
0x00000248881d2560, 0x0000024883a667b0, 0x00000248880aa700, 0x00000248881e8e60,
0x00000248881e9500, 0x00000248881899c0, 0x0000024888548290, 0x0000024888562b40,
0x0000024888557a00, 0x000002488866b9f0
}

Java Threads: ( => current thread )
  0x0000024829d8d6e0 JavaThread "main"                              [_thread_blocked, id=50340, stack(0x000000548af00000,0x000000548b000000) (1024K)]
  0x0000024829cfc510 JavaThread "Reference Handler"          daemon [_thread_blocked, id=28684, stack(0x000000548b300000,0x000000548b400000) (1024K)]
  0x0000024829d00fa0 JavaThread "Finalizer"                  daemon [_thread_blocked, id=17164, stack(0x000000548b400000,0x000000548b500000) (1024K)]
  0x0000024829d087d0 JavaThread "Signal Dispatcher"          daemon [_thread_blocked, id=45644, stack(0x000000548b500000,0x000000548b600000) (1024K)]
  0x0000024829d0b4b0 JavaThread "Attach Listener"            daemon [_thread_blocked, id=14664, stack(0x000000548b600000,0x000000548b700000) (1024K)]
  0x0000024829d0da80 JavaThread "Service Thread"             daemon [_thread_blocked, id=33548, stack(0x000000548b700000,0x000000548b800000) (1024K)]
  0x0000024829d147a0 JavaThread "Monitor Deflation Thread"   daemon [_thread_blocked, id=5992, stack(0x000000548b800000,0x000000548b900000) (1024K)]
  0x0000024829d183a0 JavaThread "C2 CompilerThread0"         daemon [_thread_blocked, id=31372, stack(0x000000548b900000,0x000000548ba00000) (1024K)]
  0x0000024829d1bcb0 JavaThread "C1 CompilerThread0"         daemon [_thread_blocked, id=16032, stack(0x000000548ba00000,0x000000548bb00000) (1024K)]
  0x0000024883201490 JavaThread "Common-Cleaner"             daemon [_thread_blocked, id=39064, stack(0x000000548bb00000,0x000000548bc00000) (1024K)]
  0x000002488331f840 JavaThread "Notification Thread"        daemon [_thread_blocked, id=18188, stack(0x000000548bc00000,0x000000548bd00000) (1024K)]
  0x000002488394e840 JavaThread "Active Thread: Equinox Container: 4a42cd0a-79af-452e-9a77-8112b98e55eb"        [_thread_blocked, id=16648, stack(0x000000548c500000,0x000000548c600000) (1024K)]
  0x00000248881d2560 JavaThread "Framework Event Dispatcher: Equinox Container: 4a42cd0a-79af-452e-9a77-8112b98e55eb" daemon [_thread_blocked, id=18776, stack(0x000000548c600000,0x000000548c700000) (1024K)]
  0x0000024883a667b0 JavaThread "Start Level: Equinox Container: 4a42cd0a-79af-452e-9a77-8112b98e55eb" daemon [_thread_in_vm, id=22496, stack(0x000000548c700000,0x000000548c800000) (1024K)]
  0x00000248880aa700 JavaThread "SCR Component Actor"        daemon [_thread_blocked, id=23912, stack(0x000000548bd00000,0x000000548be00000) (1024K)]
=>0x00000248881e8e60 JavaThread "C2 CompilerThread1"         daemon [_thread_in_native, id=3500, stack(0x000000548be00000,0x000000548bf00000) (1024K)]
  0x00000248881e9500 JavaThread "C2 CompilerThread2"         daemon [_thread_blocked, id=41116, stack(0x000000548c900000,0x000000548ca00000) (1024K)]
  0x00000248881899c0 JavaThread "Worker-JM"                         [_thread_blocked, id=49456, stack(0x000000548ca00000,0x000000548cb00000) (1024K)]
  0x0000024888548290 JavaThread "JNA Cleaner"                daemon [_thread_blocked, id=50048, stack(0x000000548cb00000,0x000000548cc00000) (1024K)]
  0x0000024888562b40 JavaThread "Worker-0"                          [_thread_blocked, id=49084, stack(0x000000548cc00000,0x000000548cd00000) (1024K)]
  0x0000024888557a00 JavaThread "Worker-1"                          [_thread_blocked, id=34052, stack(0x000000548cd00000,0x000000548ce00000) (1024K)]
  0x000002488866b9f0 JavaThread "Worker-2"                          [_thread_blocked, id=27460, stack(0x000000548ce00000,0x000000548cf00000) (1024K)]
Total: 22

Other Threads:
  0x0000024829ce24e0 VMThread "VM Thread"                           [id=30108, stack(0x000000548b200000,0x000000548b300000) (1024K)]
  0x0000024829c1ba00 WatcherThread "VM Periodic Task Thread"        [id=27920, stack(0x000000548b100000,0x000000548b200000) (1024K)]
  0x0000024829dabba0 WorkerThread "GC Thread#0"                     [id=28044, stack(0x000000548b000000,0x000000548b100000) (1024K)]
  0x0000024883c19750 WorkerThread "GC Thread#1"                     [id=25260, stack(0x000000548bf00000,0x000000548c000000) (1024K)]
  0x0000024883c19af0 WorkerThread "GC Thread#2"                     [id=45852, stack(0x000000548c000000,0x000000548c100000) (1024K)]
  0x0000024883c19e90 WorkerThread "GC Thread#3"                     [id=26416, stack(0x000000548c100000,0x000000548c200000) (1024K)]
  0x0000024883c1a230 WorkerThread "GC Thread#4"                     [id=9448, stack(0x000000548c200000,0x000000548c300000) (1024K)]
  0x0000024883c1a5d0 WorkerThread "GC Thread#5"                     [id=14456, stack(0x000000548c300000,0x000000548c400000) (1024K)]
  0x000002488367b730 WorkerThread "GC Thread#6"                     [id=52188, stack(0x000000548c400000,0x000000548c500000) (1024K)]
  0x0000024883a55380 WorkerThread "GC Thread#7"                     [id=7684, stack(0x000000548c800000,0x000000548c900000) (1024K)]
Total: 10

Threads with active compile tasks:
C2 CompilerThread1  3579 2629       4       java.lang.invoke.MethodType::makeImpl (109 bytes)
Total: 1

VM state: not at safepoint (normal execution)

VM Mutex/Monitor currently owned by a thread:  ([mutex/lock_event])
[0x00007ffae52db4f0] Metaspace_lock - owner thread: 0x0000024883a667b0

Heap address: 0x0000000080000000, size: 2048 MB, Compressed Oops mode: 32-bit

CDS archive(s) mapped at: [0x0000024841000000-0x0000024841ba0000-0x0000024841ba0000), size 12189696, SharedBaseAddress: 0x0000024841000000, ArchiveRelocationMode: 1.
Compressed class space mapped at: 0x0000024842000000-0x0000024882000000, reserved size: 1073741824
Narrow klass base: 0x0000024841000000, Narrow klass shift: 0, Narrow klass range: 0x100000000

GC Precious Log:
 CardTable entry size: 512
 CPUs: 8 total, 8 available
 Memory: 11972M
 Large Page Support: Disabled
 NUMA Support: Disabled
 Compressed Oops: Enabled (32-bit)
 Alignments: Space 512K, Generation 512K, Heap 2M
 Heap Min Capacity: 100M
 Heap Initial Capacity: 100M
 Heap Max Capacity: 2G
 Pre-touch: Disabled
 Parallel Workers: 8

Heap:
 PSYoungGen      total 29696K, used 21856K [0x00000000d5580000, 0x00000000d7680000, 0x0000000100000000)
  eden space 25600K, 69% used [0x00000000d5580000,0x00000000d66df170,0x00000000d6e80000)
  from space 4096K, 99% used [0x00000000d7280000,0x00000000d76791e0,0x00000000d7680000)
  to   space 4096K, 0% used [0x00000000d6e80000,0x00000000d6e80000,0x00000000d7280000)
 ParOldGen       total 68608K, used 5367K [0x0000000080000000, 0x0000000084300000, 0x00000000d5580000)
  object space 68608K, 7% used [0x0000000080000000,0x000000008053de08,0x0000000084300000)
 Metaspace       used 18632K, committed 19264K, reserved 1114112K
  class space    used 1870K, committed 2176K, reserved 1048576K

Card table byte_map: [0x0000024829730000,0x0000024829b40000] _byte_map_base: 0x0000024829330000

Marking Bits: (ParMarkBitMap*) 0x00007ffae52e2460
 Begin Bits: [0x000002483c240000, 0x000002483e240000)
 End Bits:   [0x000002483e240000, 0x0000024840240000)

Polling page: 0x0000024827ba0000

Metaspace:

Usage:
  Non-class:     16.37 MB used.
      Class:      1.83 MB used.
       Both:     18.20 MB used.

Virtual space:
  Non-class space:       64.00 MB reserved,      16.69 MB ( 26%) committed,  1 nodes.
      Class space:        1.00 GB reserved,       2.12 MB ( <1%) committed,  1 nodes.
             Both:        1.06 GB reserved,      18.81 MB (  2%) committed. 

Chunk freelists:
   Non-Class:  14.86 MB
       Class:  13.84 MB
        Both:  28.70 MB

MaxMetaspaceSize: unlimited
CompressedClassSpaceSize: 1.00 GB
Initial GC threshold: 21.00 MB
Current GC threshold: 21.00 MB
CDS: on
 - commit_granule_bytes: 65536.
 - commit_granule_words: 8192.
 - virtual_space_node_default_size: 8388608.
 - enlarge_chunks_in_place: 1.
 - use_allocation_guard: 0.


Internal statistics:

num_allocs_failed_limit: 0.
num_arena_births: 504.
num_arena_deaths: 0.
num_vsnodes_births: 2.
num_vsnodes_deaths: 0.
num_space_committed: 301.
num_space_uncommitted: 0.
num_chunks_returned_to_freelist: 0.
num_chunks_taken_from_freelist: 1195.
num_chunk_merges: 0.
num_chunk_splits: 765.
num_chunks_enlarged: 483.
num_inconsistent_stats: 0.

CodeHeap 'non-profiled nmethods': size=120000Kb used=1170Kb max_used=1170Kb free=118829Kb
 bounds [0x0000024834a60000, 0x0000024834cd0000, 0x000002483bf90000]
CodeHeap 'profiled nmethods': size=120000Kb used=5346Kb max_used=5346Kb free=114654Kb
 bounds [0x000002482cf90000, 0x000002482d4d0000, 0x00000248344c0000]
CodeHeap 'non-nmethods': size=5760Kb used=1274Kb max_used=1303Kb free=4485Kb
 bounds [0x00000248344c0000, 0x0000024834730000, 0x0000024834a60000]
CodeCache: size=245760Kb, used=7790Kb, max_used=7819Kb, free=237968Kb
 total_blobs=3296, nmethods=2747, adapters=455, full_count=0
Compilation: enabled, stopped_count=0, restarted_count=0

Compilation events (20 events):
Event: 3.490 Thread 0x00000248881e9500 nmethod 2715 0x0000024834b83510 code [0x0000024834b836a0, 0x0000024834b83788]
Event: 3.491 Thread 0x0000024829d183a0 nmethod 2713 0x0000024834b83890 code [0x0000024834b83a40, 0x0000024834b83bc8]
Event: 3.494 Thread 0x0000024829d1bcb0 2742       3       org.lombokweb.asm.Type::hashCode (68 bytes)
Event: 3.495 Thread 0x0000024829d1bcb0 nmethod 2742 0x000002482d4c2010 code [0x000002482d4c2220, 0x000002482d4c2910]
Event: 3.495 Thread 0x0000024829d1bcb0 2745       3       org.lombokweb.asm.Label::accept (69 bytes)
Event: 3.495 Thread 0x0000024829d1bcb0 nmethod 2745 0x000002482d4c2c10 code [0x000002482d4c2e00, 0x000002482d4c3338]
Event: 3.495 Thread 0x0000024829d1bcb0 2744       3       org.lombokweb.asm.MethodVisitor::visitLabel (16 bytes)
Event: 3.495 Thread 0x0000024829d1bcb0 nmethod 2744 0x000002482d4c3510 code [0x000002482d4c36c0, 0x000002482d4c38c8]
Event: 3.495 Thread 0x0000024829d1bcb0 2743       3       org.lombokweb.asm.SymbolTable::addConstant (317 bytes)
Event: 3.497 Thread 0x0000024829d1bcb0 nmethod 2743 0x000002482d4c3990 code [0x000002482d4c3f40, 0x000002482d4c7090]
Event: 3.505 Thread 0x0000024829d1bcb0 2746       1       java.lang.invoke.MethodHandleImpl$IntrinsicMethodHandle::getTarget (5 bytes)
Event: 3.506 Thread 0x0000024829d1bcb0 nmethod 2746 0x0000024834b83e10 code [0x0000024834b83fa0, 0x0000024834b84068]
Event: 3.525 Thread 0x00000248881e9500 2747       4       java.util.ArrayList$SubList$1::next (85 bytes)
Event: 3.526 Thread 0x0000024829d1bcb0 2748       3       java.util.ArrayDeque::circularClear (43 bytes)
Event: 3.526 Thread 0x0000024829d1bcb0 nmethod 2748 0x000002482d4c7b10 code [0x000002482d4c7ce0, 0x000002482d4c80e0]
Event: 3.526 Thread 0x00000248881e9500 nmethod 2747 0x0000024834b84110 code [0x0000024834b842a0, 0x0000024834b84420]
Event: 3.527 Thread 0x0000024829d1bcb0 2749       3       org.lombokweb.asm.SymbolTable::addConstantIntegerOrFloat (21 bytes)
Event: 3.527 Thread 0x0000024829d1bcb0 nmethod 2749 0x000002482d4c8290 code [0x000002482d4c8460, 0x000002482d4c86c8]
Event: 3.527 Thread 0x0000024829d1bcb0 2750       1       lombok.patcher.scripts.AddFieldScript::access$0 (5 bytes)
Event: 3.527 Thread 0x0000024829d1bcb0 nmethod 2750 0x0000024834b84590 code [0x0000024834b84720, 0x0000024834b847d0]

GC Heap History (8 events):
Event: 1.087 GC heap before
{Heap before GC invocations=1 (full 0):
 PSYoungGen      total 29696K, used 25600K [0x00000000d5580000, 0x00000000d7680000, 0x0000000100000000)
  eden space 25600K, 100% used [0x00000000d5580000,0x00000000d6e80000,0x00000000d6e80000)
  from space 4096K, 0% used [0x00000000d7280000,0x00000000d7280000,0x00000000d7680000)
  to   space 4096K, 0% used [0x00000000d6e80000,0x00000000d6e80000,0x00000000d7280000)
 ParOldGen       total 68608K, used 0K [0x0000000080000000, 0x0000000084300000, 0x00000000d5580000)
  object space 68608K, 0% used [0x0000000080000000,0x0000000080000000,0x0000000084300000)
 Metaspace       used 4352K, committed 4608K, reserved 1114112K
  class space    used 473K, committed 576K, reserved 1048576K
}
Event: 1.093 GC heap after
{Heap after GC invocations=1 (full 0):
 PSYoungGen      total 29696K, used 3287K [0x00000000d5580000, 0x00000000d7680000, 0x0000000100000000)
  eden space 25600K, 0% used [0x00000000d5580000,0x00000000d5580000,0x00000000d6e80000)
  from space 4096K, 80% used [0x00000000d6e80000,0x00000000d71b5ea8,0x00000000d7280000)
  to   space 4096K, 0% used [0x00000000d7280000,0x00000000d7280000,0x00000000d7680000)
 ParOldGen       total 68608K, used 16K [0x0000000080000000, 0x0000000084300000, 0x00000000d5580000)
  object space 68608K, 0% used [0x0000000080000000,0x0000000080004000,0x0000000084300000)
 Metaspace       used 4352K, committed 4608K, reserved 1114112K
  class space    used 473K, committed 576K, reserved 1048576K
}
Event: 2.306 GC heap before
{Heap before GC invocations=2 (full 0):
 PSYoungGen      total 29696K, used 28887K [0x00000000d5580000, 0x00000000d7680000, 0x0000000100000000)
  eden space 25600K, 100% used [0x00000000d5580000,0x00000000d6e80000,0x00000000d6e80000)
  from space 4096K, 80% used [0x00000000d6e80000,0x00000000d71b5ea8,0x00000000d7280000)
  to   space 4096K, 0% used [0x00000000d7280000,0x00000000d7280000,0x00000000d7680000)
 ParOldGen       total 68608K, used 16K [0x0000000080000000, 0x0000000084300000, 0x00000000d5580000)
  object space 68608K, 0% used [0x0000000080000000,0x0000000080004000,0x0000000084300000)
 Metaspace       used 8182K, committed 8448K, reserved 1114112K
  class space    used 871K, committed 1024K, reserved 1048576K
}
Event: 2.311 GC heap after
{Heap after GC invocations=2 (full 0):
 PSYoungGen      total 29696K, used 4091K [0x00000000d5580000, 0x00000000d7680000, 0x0000000100000000)
  eden space 25600K, 0% used [0x00000000d5580000,0x00000000d5580000,0x00000000d6e80000)
  from space 4096K, 99% used [0x00000000d7280000,0x00000000d767ec20,0x00000000d7680000)
  to   space 4096K, 0% used [0x00000000d6e80000,0x00000000d6e80000,0x00000000d7280000)
 ParOldGen       total 68608K, used 1110K [0x0000000080000000, 0x0000000084300000, 0x00000000d5580000)
  object space 68608K, 1% used [0x0000000080000000,0x0000000080115830,0x0000000084300000)
 Metaspace       used 8182K, committed 8448K, reserved 1114112K
  class space    used 871K, committed 1024K, reserved 1048576K
}
Event: 2.899 GC heap before
{Heap before GC invocations=3 (full 0):
 PSYoungGen      total 29696K, used 29691K [0x00000000d5580000, 0x00000000d7680000, 0x0000000100000000)
  eden space 25600K, 100% used [0x00000000d5580000,0x00000000d6e80000,0x00000000d6e80000)
  from space 4096K, 99% used [0x00000000d7280000,0x00000000d767ec20,0x00000000d7680000)
  to   space 4096K, 0% used [0x00000000d6e80000,0x00000000d6e80000,0x00000000d7280000)
 ParOldGen       total 68608K, used 1110K [0x0000000080000000, 0x0000000084300000, 0x00000000d5580000)
  object space 68608K, 1% used [0x0000000080000000,0x0000000080115830,0x0000000084300000)
 Metaspace       used 13038K, committed 13632K, reserved 1114112K
  class space    used 1382K, committed 1664K, reserved 1048576K
}
Event: 2.903 GC heap after
{Heap after GC invocations=3 (full 0):
 PSYoungGen      total 29696K, used 4089K [0x00000000d5580000, 0x00000000d7680000, 0x0000000100000000)
  eden space 25600K, 0% used [0x00000000d5580000,0x00000000d5580000,0x00000000d6e80000)
  from space 4096K, 99% used [0x00000000d6e80000,0x00000000d727e728,0x00000000d7280000)
  to   space 4096K, 0% used [0x00000000d7280000,0x00000000d7280000,0x00000000d7680000)
 ParOldGen       total 68608K, used 2835K [0x0000000080000000, 0x0000000084300000, 0x00000000d5580000)
  object space 68608K, 4% used [0x0000000080000000,0x00000000802c4c38,0x0000000084300000)
 Metaspace       used 13038K, committed 13632K, reserved 1114112K
  class space    used 1382K, committed 1664K, reserved 1048576K
}
Event: 3.427 GC heap before
{Heap before GC invocations=4 (full 0):
 PSYoungGen      total 29696K, used 29689K [0x00000000d5580000, 0x00000000d7680000, 0x0000000100000000)
  eden space 25600K, 100% used [0x00000000d5580000,0x00000000d6e80000,0x00000000d6e80000)
  from space 4096K, 99% used [0x00000000d6e80000,0x00000000d727e728,0x00000000d7280000)
  to   space 4096K, 0% used [0x00000000d7280000,0x00000000d7280000,0x00000000d7680000)
 ParOldGen       total 68608K, used 2835K [0x0000000080000000, 0x0000000084300000, 0x00000000d5580000)
  object space 68608K, 4% used [0x0000000080000000,0x00000000802c4c38,0x0000000084300000)
 Metaspace       used 16864K, committed 17536K, reserved 1114112K
  class space    used 1776K, committed 2048K, reserved 1048576K
}
Event: 3.430 GC heap after
{Heap after GC invocations=4 (full 0):
 PSYoungGen      total 29696K, used 4068K [0x00000000d5580000, 0x00000000d7680000, 0x0000000100000000)
  eden space 25600K, 0% used [0x00000000d5580000,0x00000000d5580000,0x00000000d6e80000)
  from space 4096K, 99% used [0x00000000d7280000,0x00000000d76791e0,0x00000000d7680000)
  to   space 4096K, 0% used [0x00000000d6e80000,0x00000000d6e80000,0x00000000d7280000)
 ParOldGen       total 68608K, used 5367K [0x0000000080000000, 0x0000000084300000, 0x00000000d5580000)
  object space 68608K, 7% used [0x0000000080000000,0x000000008053de08,0x0000000084300000)
 Metaspace       used 16864K, committed 17536K, reserved 1114112K
  class space    used 1776K, committed 2048K, reserved 1048576K
}

Dll operation events (10 events):
Event: 0.012 Loaded shared library c:\Users\LOQ\.vscode\extensions\redhat.java-1.51.0-win32-x64\jre\21.0.9-win32-x86_64\bin\java.dll
Event: 0.075 Loaded shared library c:\Users\LOQ\.vscode\extensions\redhat.java-1.51.0-win32-x64\jre\21.0.9-win32-x86_64\bin\zip.dll
Event: 0.095 Loaded shared library C:\Users\LOQ\.vscode\extensions\redhat.java-1.51.0-win32-x64\jre\21.0.9-win32-x86_64\bin\instrument.dll
Event: 0.101 Loaded shared library C:\Users\LOQ\.vscode\extensions\redhat.java-1.51.0-win32-x64\jre\21.0.9-win32-x86_64\bin\net.dll
Event: 0.104 Loaded shared library C:\Users\LOQ\.vscode\extensions\redhat.java-1.51.0-win32-x64\jre\21.0.9-win32-x86_64\bin\nio.dll
Event: 0.109 Loaded shared library C:\Users\LOQ\.vscode\extensions\redhat.java-1.51.0-win32-x64\jre\21.0.9-win32-x86_64\bin\zip.dll
Event: 0.134 Loaded shared library C:\Users\LOQ\.vscode\extensions\redhat.java-1.51.0-win32-x64\jre\21.0.9-win32-x86_64\bin\jimage.dll
Event: 0.234 Loaded shared library c:\Users\LOQ\.vscode\extensions\redhat.java-1.51.0-win32-x64\jre\21.0.9-win32-x86_64\bin\verify.dll
Event: 2.280 Loaded shared library C:\Users\LOQ\AppData\Roaming\Code\User\globalStorage\redhat.java\1.51.0\config_ss_win\org.eclipse.equinox.launcher\org.eclipse.equinox.launcher.win32.win32.x86_64_1.2.1400.v20250801-0854\eclipse_11916.dll
Event: 3.239 Loaded shared library C:\Users\LOQ\AppData\Local\Temp\jna-75566\jna8361279718439780608.dll

Deoptimization events (20 events):
Event: 3.402 Thread 0x0000024883a667b0 Uncommon trap: trap_request=0xffffffde fr.pc=0x0000024834b54514 relative=0x00000000000003b4
Event: 3.402 Thread 0x0000024883a667b0 Uncommon trap: reason=class_check action=maybe_recompile pc=0x0000024834b54514 method=java.util.regex.Pattern$BmpCharPropertyGreedy.match(Ljava/util/regex/Matcher;ILjava/lang/CharSequence;)Z @ 70 c2
Event: 3.402 Thread 0x0000024883a667b0 DEOPT PACKING pc=0x0000024834b54514 sp=0x000000548c7ef9b0
Event: 3.402 Thread 0x0000024883a667b0 DEOPT UNPACKING pc=0x0000024834513aa2 sp=0x000000548c7ef958 mode 2
Event: 3.402 Thread 0x0000024883a667b0 Uncommon trap: trap_request=0xffffffde fr.pc=0x0000024834b54514 relative=0x00000000000003b4
Event: 3.402 Thread 0x0000024883a667b0 Uncommon trap: reason=class_check action=maybe_recompile pc=0x0000024834b54514 method=java.util.regex.Pattern$BmpCharPropertyGreedy.match(Ljava/util/regex/Matcher;ILjava/lang/CharSequence;)Z @ 70 c2
Event: 3.402 Thread 0x0000024883a667b0 DEOPT PACKING pc=0x0000024834b54514 sp=0x000000548c7ef800
Event: 3.402 Thread 0x0000024883a667b0 DEOPT UNPACKING pc=0x0000024834513aa2 sp=0x000000548c7ef7a8 mode 2
Event: 3.402 Thread 0x0000024883a667b0 Uncommon trap: trap_request=0xffffffde fr.pc=0x0000024834b54514 relative=0x00000000000003b4
Event: 3.402 Thread 0x0000024883a667b0 Uncommon trap: reason=class_check action=maybe_recompile pc=0x0000024834b54514 method=java.util.regex.Pattern$BmpCharPropertyGreedy.match(Ljava/util/regex/Matcher;ILjava/lang/CharSequence;)Z @ 70 c2
Event: 3.402 Thread 0x0000024883a667b0 DEOPT PACKING pc=0x0000024834b54514 sp=0x000000548c7ef9c0
Event: 3.402 Thread 0x0000024883a667b0 DEOPT UNPACKING pc=0x0000024834513aa2 sp=0x000000548c7ef968 mode 2
Event: 3.402 Thread 0x0000024883a667b0 Uncommon trap: trap_request=0xffffffde fr.pc=0x0000024834b54514 relative=0x00000000000003b4
Event: 3.402 Thread 0x0000024883a667b0 Uncommon trap: reason=class_check action=maybe_recompile pc=0x0000024834b54514 method=java.util.regex.Pattern$BmpCharPropertyGreedy.match(Ljava/util/regex/Matcher;ILjava/lang/CharSequence;)Z @ 70 c2
Event: 3.402 Thread 0x0000024883a667b0 DEOPT PACKING pc=0x0000024834b54514 sp=0x000000548c7ef810
Event: 3.402 Thread 0x0000024883a667b0 DEOPT UNPACKING pc=0x0000024834513aa2 sp=0x000000548c7ef7b8 mode 2
Event: 3.456 Thread 0x0000024883a667b0 Uncommon trap: trap_request=0xffffff45 fr.pc=0x0000024834b7b21c relative=0x000000000000079c
Event: 3.456 Thread 0x0000024883a667b0 Uncommon trap: reason=unstable_if action=reinterpret pc=0x0000024834b7b21c method=org.lombokweb.asm.ClassReader.readUTF8(I[C)Ljava/lang/String; @ 11 c2
Event: 3.456 Thread 0x0000024883a667b0 DEOPT PACKING pc=0x0000024834b7b21c sp=0x000000548c7efa20
Event: 3.456 Thread 0x0000024883a667b0 DEOPT UNPACKING pc=0x0000024834513aa2 sp=0x000000548c7efa08 mode 2

Classes loaded (20 events):
Event: 3.397 Loading class java/util/zip/GZIPInputStream
Event: 3.397 Loading class java/util/zip/GZIPInputStream done
Event: 3.404 Loading class java/io/StringReader
Event: 3.404 Loading class java/io/StringReader done
Event: 3.421 Loading class java/net/SocketTimeoutException
Event: 3.422 Loading class java/io/InterruptedIOException
Event: 3.422 Loading class java/io/InterruptedIOException done
Event: 3.422 Loading class java/net/SocketTimeoutException done
Event: 3.422 Loading class java/net/SocketException
Event: 3.422 Loading class java/net/SocketException done
Event: 3.422 Loading class java/net/UnknownHostException
Event: 3.422 Loading class java/net/UnknownHostException done
Event: 3.422 Loading class java/net/ProtocolException
Event: 3.422 Loading class java/net/ProtocolException done
Event: 3.443 Loading class java/lang/ThreadLocal$SuppliedThreadLocal
Event: 3.443 Loading class java/lang/ThreadLocal$SuppliedThreadLocal done
Event: 3.449 Loading class java/io/FileWriter
Event: 3.449 Loading class java/io/FileWriter done
Event: 3.450 Loading class java/lang/NegativeArraySizeException
Event: 3.450 Loading class java/lang/NegativeArraySizeException done

Classes unloaded (0 events):
No events

Classes redefined (0 events):
No events

Internal exceptions (20 events):
Event: 3.265 Thread 0x0000024883a667b0 Exception <a 'java/lang/NoSuchMethodError'{0x00000000d65077c0}: 'void java.lang.invoke.DirectMethodHandle$Holder.invokeSpecial(java.lang.Object, java.lang.Object, java.lang.Object, int)'> (0x00000000d65077c0) 
thrown [s\src\hotspot\share\interpreter\linkResolver.cpp, line 773]
Event: 3.265 Thread 0x0000024883a667b0 Exception <a 'java/lang/NoSuchMethodError'{0x00000000d650b150}: 'void java.lang.invoke.DelegatingMethodHandle$Holder.reinvoke_L(java.lang.Object, java.lang.Object, int)'> (0x00000000d650b150) 
thrown [s\src\hotspot\share\interpreter\linkResolver.cpp, line 773]
Event: 3.266 Thread 0x0000024883a667b0 Exception <a 'java/lang/NoSuchMethodError'{0x00000000d6511e38}: 'int java.lang.invoke.Invokers$Holder.invokeExact_MT(java.lang.Object, java.lang.Object, java.lang.Object)'> (0x00000000d6511e38) 
thrown [s\src\hotspot\share\interpreter\linkResolver.cpp, line 773]
Event: 3.289 Thread 0x0000024883a667b0 Exception <a 'java/lang/NoSuchMethodError'{0x00000000d6625c50}: 'void java.lang.invoke.Invokers$Holder.invokeExact_MT(java.lang.Object, java.lang.Object, int, java.lang.Object)'> (0x00000000d6625c50) 
thrown [s\src\hotspot\share\interpreter\linkResolver.cpp, line 773]
Event: 3.307 Thread 0x0000024883a667b0 Exception <a 'java/lang/NoSuchMethodError'{0x00000000d6712e48}: 'java.lang.Object java.lang.invoke.DirectMethodHandle$Holder.invokeSpecial(java.lang.Object, java.lang.Object, java.lang.Object, long, java.lang.Object)'> (0x00000000d6712e48) 
thrown [s\src\hotspot\share\interpreter\linkResolver.cpp, line 773]
Event: 3.308 Thread 0x0000024883a667b0 Exception <a 'java/lang/NoSuchMethodError'{0x00000000d671a690}: 'java.lang.Object java.lang.invoke.DirectMethodHandle$Holder.newInvokeSpecial(java.lang.Object, java.lang.Object, java.lang.Object, long)'> (0x00000000d671a690) 
thrown [s\src\hotspot\share\interpreter\linkResolver.cpp, line 773]
Event: 3.309 Thread 0x0000024883a667b0 Exception <a 'java/lang/NoSuchMethodError'{0x00000000d671e980}: 'java.lang.Object java.lang.invoke.DirectMethodHandle$Holder.invokeSpecial(java.lang.Object, java.lang.Object, java.lang.Object, java.lang.Object, long)'> (0x00000000d671e980) 
thrown [s\src\hotspot\share\interpreter\linkResolver.cpp, line 773]
Event: 3.309 Thread 0x0000024883a667b0 Exception <a 'java/lang/NoSuchMethodError'{0x00000000d67225a0}: 'java.lang.Object java.lang.invoke.Invokers$Holder.linkToTargetMethod(java.lang.Object, java.lang.Object, long, java.lang.Object)'> (0x00000000d67225a0) 
thrown [s\src\hotspot\share\interpreter\linkResolver.cpp, line 773]
Event: 3.318 Thread 0x0000024883a667b0 Exception <a 'java/lang/NoSuchMethodError'{0x00000000d6795120}: 'int java.lang.invoke.DirectMethodHandle$Holder.invokeStaticInit(java.lang.Object, java.lang.Object, java.lang.Object)'> (0x00000000d6795120) 
thrown [s\src\hotspot\share\interpreter\linkResolver.cpp, line 773]
Event: 3.328 Thread 0x0000024883a667b0 Exception <a 'java/lang/IncompatibleClassChangeError'{0x00000000d6823ee0}: Found class java.lang.Object, but interface was expected> (0x00000000d6823ee0) 
thrown [s\src\hotspot\share\interpreter\linkResolver.cpp, line 840]
Event: 3.334 Thread 0x0000024883a667b0 Exception <a 'java/lang/NoSuchMethodError'{0x00000000d683a298}: 'java.lang.Object java.lang.invoke.DirectMethodHandle$Holder.invokeSpecial(java.lang.Object, java.lang.Object, java.lang.Object, int, java.lang.Object, java.lang.Object)'> (0x00000000d683a298) 
thrown [s\src\hotspot\share\interpreter\linkResolver.cpp, line 773]
Event: 3.335 Thread 0x0000024883a667b0 Exception <a 'java/lang/NoSuchMethodError'{0x00000000d6841d70}: 'java.lang.Object java.lang.invoke.DirectMethodHandle$Holder.newInvokeSpecial(java.lang.Object, java.lang.Object, java.lang.Object, int, java.lang.Object)'> (0x00000000d6841d70) 
thrown [s\src\hotspot\share\interpreter\linkResolver.cpp, line 773]
Event: 3.335 Thread 0x0000024883a667b0 Exception <a 'java/lang/NoSuchMethodError'{0x00000000d6845cf0}: 'java.lang.Object java.lang.invoke.DirectMethodHandle$Holder.invokeSpecial(java.lang.Object, java.lang.Object, java.lang.Object, java.lang.Object, int, java.lang.Object)'> (0x00000000d6845cf0) 
thrown [s\src\hotspot\share\interpreter\linkResolver.cpp, line 773]
Event: 3.335 Thread 0x0000024883a667b0 Exception <a 'java/lang/NoSuchMethodError'{0x00000000d6849830}: 'java.lang.Object java.lang.invoke.Invokers$Holder.linkToTargetMethod(java.lang.Object, java.lang.Object, int, java.lang.Object, java.lang.Object)'> (0x00000000d6849830) 
thrown [s\src\hotspot\share\interpreter\linkResolver.cpp, line 773]
Event: 3.336 Thread 0x0000024888562b40 Exception <a 'java/lang/NoSuchMethodError'{0x00000000d674b800}: 'java.lang.Object java.lang.invoke.DirectMethodHandle$Holder.invokeSpecial(java.lang.Object, java.lang.Object, int, java.lang.Object, java.lang.Object)'> (0x00000000d674b800) 
thrown [s\src\hotspot\share\interpreter\linkResolver.cpp, line 773]
Event: 3.337 Thread 0x0000024888562b40 Exception <a 'java/lang/NoSuchMethodError'{0x00000000d6752538}: 'java.lang.Object java.lang.invoke.DirectMethodHandle$Holder.newInvokeSpecial(java.lang.Object, java.lang.Object, int, java.lang.Object)'> (0x00000000d6752538) 
thrown [s\src\hotspot\share\interpreter\linkResolver.cpp, line 773]
Event: 3.337 Thread 0x0000024888562b40 Exception <a 'java/lang/NoSuchMethodError'{0x00000000d6755e18}: 'java.lang.Object java.lang.invoke.DirectMethodHandle$Holder.invokeSpecial(java.lang.Object, java.lang.Object, java.lang.Object, int, java.lang.Object)'> (0x00000000d6755e18) 
thrown [s\src\hotspot\share\interpreter\linkResolver.cpp, line 773]
Event: 3.354 Thread 0x0000024883a667b0 Exception <a 'java/lang/NoSuchMethodError'{0x00000000d69677f0}: 'void java.lang.invoke.DirectMethodHandle$Holder.invokeSpecial(java.lang.Object, java.lang.Object, java.lang.Object, java.lang.Object, java.lang.Object)'> (0x00000000d69677f0) 
thrown [s\src\hotspot\share\interpreter\linkResolver.cpp, line 773]
Event: 3.387 Thread 0x0000024883a667b0 Exception <a 'java/lang/NoSuchMethodError'{0x00000000d6b868c0}: 'double java.lang.invoke.DirectMethodHandle$Holder.invokeStatic(java.lang.Object, java.lang.Object)'> (0x00000000d6b868c0) 
thrown [s\src\hotspot\share\interpreter\linkResolver.cpp, line 773]
Event: 3.387 Thread 0x0000024883a667b0 Exception <a 'java/lang/NoSuchMethodError'{0x00000000d6b89f80}: 'double java.lang.invoke.DirectMethodHandle$Holder.invokeStaticInit(java.lang.Object, java.lang.Object)'> (0x00000000d6b89f80) 
thrown [s\src\hotspot\share\interpreter\linkResolver.cpp, line 773]

ZGC Phase Switch (0 events):
No events

VM Operations (20 events):
Event: 2.306 Executing VM operation: ParallelGCFailedAllocation (Allocation Failure)
Event: 2.311 Executing VM operation: ParallelGCFailedAllocation (Allocation Failure) done
Event: 2.453 Executing VM operation: HandshakeAllThreads (Deoptimize)
Event: 2.453 Executing VM operation: HandshakeAllThreads (Deoptimize) done
Event: 2.709 Executing VM operation: HandshakeAllThreads (Deoptimize)
Event: 2.709 Executing VM operation: HandshakeAllThreads (Deoptimize) done
Event: 2.899 Executing VM operation: ParallelGCFailedAllocation (Allocation Failure)
Event: 2.903 Executing VM operation: ParallelGCFailedAllocation (Allocation Failure) done
Event: 2.970 Executing VM operation: HandshakeAllThreads (Deoptimize)
Event: 2.970 Executing VM operation: HandshakeAllThreads (Deoptimize) done
Event: 2.975 Executing VM operation: HandshakeAllThreads (Deoptimize)
Event: 2.975 Executing VM operation: HandshakeAllThreads (Deoptimize) done
Event: 2.993 Executing VM operation: HandshakeAllThreads (Deoptimize)
Event: 2.993 Executing VM operation: HandshakeAllThreads (Deoptimize) done
Event: 3.204 Executing VM operation: HandshakeAllThreads (Deoptimize)
Event: 3.204 Executing VM operation: HandshakeAllThreads (Deoptimize) done
Event: 3.250 Executing VM operation: HandshakeAllThreads (Deoptimize)
Event: 3.250 Executing VM operation: HandshakeAllThreads (Deoptimize) done
Event: 3.427 Executing VM operation: ParallelGCFailedAllocation (Allocation Failure)
Event: 3.430 Executing VM operation: ParallelGCFailedAllocation (Allocation Failure) done

Memory protections (0 events):
No events

Nmethod flushes (0 events):
No events

Events (20 events):
Event: 0.414 Thread 0x0000024829d8d6e0 Thread added: 0x000002488331f840
Event: 0.580 Thread 0x0000024829d183a0 Thread added: 0x0000024883389e50
Event: 0.622 Thread 0x0000024829d1bcb0 Thread added: 0x0000024883494c90
Event: 1.369 Thread 0x0000024883494c90 Thread exited: 0x0000024883494c90
Event: 1.369 Thread 0x0000024883389e50 Thread exited: 0x0000024883389e50
Event: 1.542 Thread 0x0000024829d1bcb0 Thread added: 0x0000024883ba5a70
Event: 1.543 Thread 0x0000024829d1bcb0 Thread added: 0x0000024883ba6110
Event: 1.910 Thread 0x0000024829d8d6e0 Thread added: 0x000002488394e840
Event: 2.270 Thread 0x0000024829d8d6e0 Thread added: 0x00000248881d2560
Event: 2.275 Thread 0x0000024829d8d6e0 Thread added: 0x0000024883a667b0
Event: 2.406 Thread 0x0000024883ba6110 Thread exited: 0x0000024883ba6110
Event: 2.406 Thread 0x0000024883ba5a70 Thread exited: 0x0000024883ba5a70
Event: 2.440 Thread 0x0000024883a667b0 Thread added: 0x00000248880aa700
Event: 2.530 Thread 0x0000024829d1bcb0 Thread added: 0x00000248881e8e60
Event: 2.530 Thread 0x0000024829d1bcb0 Thread added: 0x00000248881e9500
Event: 2.753 Thread 0x0000024883a667b0 Thread added: 0x00000248881899c0
Event: 3.274 Thread 0x0000024883a667b0 Thread added: 0x0000024888548290
Event: 3.313 Thread 0x0000024883a667b0 Thread added: 0x0000024888562b40
Event: 3.337 Thread 0x0000024883a667b0 Thread added: 0x0000024888557a00
Event: 3.552 Thread 0x0000024888562b40 Thread added: 0x000002488866b9f0


Dynamic libraries:
0x00007ff68d4d0000 - 0x00007ff68d4de000 	c:\Users\LOQ\.vscode\extensions\redhat.java-1.51.0-win32-x64\jre\21.0.9-win32-x86_64\bin\java.exe
0x00007ffbbf7c0000 - 0x00007ffbbfa28000 	C:\WINDOWS\SYSTEM32\ntdll.dll
0x00007ffbbf430000 - 0x00007ffbbf4f9000 	C:\WINDOWS\System32\KERNEL32.DLL
0x00007ffbbd020000 - 0x00007ffbbd412000 	C:\WINDOWS\System32\KERNELBASE.dll
0x00007ffbbc950000 - 0x00007ffbbca9b000 	C:\WINDOWS\System32\ucrtbase.dll
0x00007ffb5f7a0000 - 0x00007ffb5f7be000 	c:\Users\LOQ\.vscode\extensions\redhat.java-1.51.0-win32-x64\jre\21.0.9-win32-x86_64\bin\VCRUNTIME140.dll
0x00007ffb60080000 - 0x00007ffb60098000 	c:\Users\LOQ\.vscode\extensions\redhat.java-1.51.0-win32-x64\jre\21.0.9-win32-x86_64\bin\jli.dll
0x00007ffbbeed0000 - 0x00007ffbbf095000 	C:\WINDOWS\System32\USER32.dll
0x00007ffbbcbd0000 - 0x00007ffbbcbf7000 	C:\WINDOWS\System32\win32u.dll
0x00007ffb9cd50000 - 0x00007ffb9cfe3000 	C:\WINDOWS\WinSxS\amd64_microsoft.windows.common-controls_6595b64144ccf1df_6.0.26100.6899_none_3e0efeeae32e88c1\COMCTL32.dll
0x00007ffbbde80000 - 0x00007ffbbdeab000 	C:\WINDOWS\System32\GDI32.dll
0x00007ffbbdeb0000 - 0x00007ffbbdf59000 	C:\WINDOWS\System32\msvcrt.dll
0x00007ffbbcaa0000 - 0x00007ffbbcbcd000 	C:\WINDOWS\System32\gdi32full.dll
0x00007ffbbd420000 - 0x00007ffbbd4c3000 	C:\WINDOWS\System32\msvcp_win.dll
0x00007ffbbeb10000 - 0x00007ffbbeb3f000 	C:\WINDOWS\System32\IMM32.DLL
0x00007ffb771e0000 - 0x00007ffb771ec000 	c:\Users\LOQ\.vscode\extensions\redhat.java-1.51.0-win32-x64\jre\21.0.9-win32-x86_64\bin\vcruntime140_1.dll
0x00007ffb1ed50000 - 0x00007ffb1eddd000 	c:\Users\LOQ\.vscode\extensions\redhat.java-1.51.0-win32-x64\jre\21.0.9-win32-x86_64\bin\msvcp140.dll
0x00007ffae4620000 - 0x00007ffae53c0000 	c:\Users\LOQ\.vscode\extensions\redhat.java-1.51.0-win32-x64\jre\21.0.9-win32-x86_64\bin\server\jvm.dll
0x00007ffbbe750000 - 0x00007ffbbe804000 	C:\WINDOWS\System32\ADVAPI32.dll
0x00007ffbbe8f0000 - 0x00007ffbbe996000 	C:\WINDOWS\System32\sechost.dll
0x00007ffbbe110000 - 0x00007ffbbe228000 	C:\WINDOWS\System32\RPCRT4.dll
0x00007ffbbe230000 - 0x00007ffbbe2a4000 	C:\WINDOWS\System32\WS2_32.dll
0x00007ffbbc610000 - 0x00007ffbbc66e000 	C:\WINDOWS\SYSTEM32\POWRPROF.dll
0x00007ffbaee70000 - 0x00007ffbaeea5000 	C:\WINDOWS\SYSTEM32\WINMM.dll
0x00007ffbb56c0000 - 0x00007ffbb56cb000 	C:\WINDOWS\SYSTEM32\VERSION.dll
0x00007ffbbc5f0000 - 0x00007ffbbc604000 	C:\WINDOWS\SYSTEM32\UMPDC.dll
0x00007ffbbb720000 - 0x00007ffbbb73b000 	C:\WINDOWS\SYSTEM32\kernel.appcore.dll
0x00007ffb750c0000 - 0x00007ffb750ca000 	c:\Users\LOQ\.vscode\extensions\redhat.java-1.51.0-win32-x64\jre\21.0.9-win32-x86_64\bin\jimage.dll
0x00007ffbb9540000 - 0x00007ffbb9782000 	C:\WINDOWS\SYSTEM32\DBGHELP.DLL
0x00007ffbbeb50000 - 0x00007ffbbeecb000 	C:\WINDOWS\System32\combase.dll
0x00007ffbbe810000 - 0x00007ffbbe8e7000 	C:\WINDOWS\System32\OLEAUT32.dll
0x00007ffb9c520000 - 0x00007ffb9c55c000 	C:\WINDOWS\SYSTEM32\dbgcore.DLL
0x00007ffbbcd70000 - 0x00007ffbbce08000 	C:\WINDOWS\System32\bcryptPrimitives.dll
0x00007ffb74170000 - 0x00007ffb7417f000 	c:\Users\LOQ\.vscode\extensions\redhat.java-1.51.0-win32-x64\jre\21.0.9-win32-x86_64\bin\instrument.dll
0x00007ffb52e50000 - 0x00007ffb52e70000 	c:\Users\LOQ\.vscode\extensions\redhat.java-1.51.0-win32-x64\jre\21.0.9-win32-x86_64\bin\java.dll
0x00007ffbbd730000 - 0x00007ffbbde7d000 	C:\WINDOWS\System32\SHELL32.dll
0x00007ffbbcc00000 - 0x00007ffbbcd6b000 	C:\WINDOWS\System32\wintypes.dll
0x00007ffbba570000 - 0x00007ffbbadcd000 	C:\WINDOWS\SYSTEM32\windows.storage.dll
0x00007ffbbf0c0000 - 0x00007ffbbf1b2000 	C:\WINDOWS\System32\SHCORE.dll
0x00007ffbbeaa0000 - 0x00007ffbbeb02000 	C:\WINDOWS\System32\shlwapi.dll
0x00007ffbbc870000 - 0x00007ffbbc899000 	C:\WINDOWS\SYSTEM32\profapi.dll
0x00007ffb255c0000 - 0x00007ffb255d8000 	c:\Users\LOQ\.vscode\extensions\redhat.java-1.51.0-win32-x64\jre\21.0.9-win32-x86_64\bin\zip.dll
0x00007ffb73e40000 - 0x00007ffb73e50000 	C:\Users\LOQ\.vscode\extensions\redhat.java-1.51.0-win32-x64\jre\21.0.9-win32-x86_64\bin\net.dll
0x00007ffbb57b0000 - 0x00007ffbb58cf000 	C:\WINDOWS\SYSTEM32\WINHTTP.dll
0x00007ffbbbc90000 - 0x00007ffbbbcfb000 	C:\WINDOWS\system32\mswsock.dll
0x00007ffb3d5b0000 - 0x00007ffb3d5c6000 	C:\Users\LOQ\.vscode\extensions\redhat.java-1.51.0-win32-x64\jre\21.0.9-win32-x86_64\bin\nio.dll
0x00007ffb72960000 - 0x00007ffb72970000 	c:\Users\LOQ\.vscode\extensions\redhat.java-1.51.0-win32-x64\jre\21.0.9-win32-x86_64\bin\verify.dll
0x00007ffb12db0000 - 0x00007ffb12df4000 	C:\Users\LOQ\AppData\Roaming\Code\User\globalStorage\redhat.java\1.51.0\config_ss_win\org.eclipse.equinox.launcher\org.eclipse.equinox.launcher.win32.win32.x86_64_1.2.1400.v20250801-0854\eclipse_11916.dll
0x00007ffbbd590000 - 0x00007ffbbd728000 	C:\WINDOWS\System32\ole32.dll
0x00007ffbbbf40000 - 0x00007ffbbbf5b000 	C:\WINDOWS\SYSTEM32\CRYPTSP.dll
0x00007ffbbb680000 - 0x00007ffbbb6bb000 	C:\WINDOWS\system32\rsaenh.dll
0x00007ffbbbd30000 - 0x00007ffbbbd5b000 	C:\WINDOWS\SYSTEM32\USERENV.dll
0x00007ffbbc840000 - 0x00007ffbbc866000 	C:\WINDOWS\SYSTEM32\bcrypt.dll
0x00007ffbbbf60000 - 0x00007ffbbbf6c000 	C:\WINDOWS\SYSTEM32\CRYPTBASE.dll
0x00007ffbbb250000 - 0x00007ffbbb284000 	C:\WINDOWS\SYSTEM32\IPHLPAPI.DLL
0x00007ffbbf1c0000 - 0x00007ffbbf1ca000 	C:\WINDOWS\System32\NSI.dll
0x00007ffaf17b0000 - 0x00007ffaf17f9000 	C:\Users\LOQ\AppData\Local\Temp\jna-75566\jna8361279718439780608.dll
0x00007ffbbe740000 - 0x00007ffbbe748000 	C:\WINDOWS\System32\PSAPI.DLL

JVMTI agents:
c:\Users\LOQ\.vscode\extensions\redhat.java-1.51.0-win32-x64\lombok\lombok-1.18.39-4050.jar path:c:\Users\LOQ\.vscode\extensions\redhat.java-1.51.0-win32-x64\jre\21.0.9-win32-x86_64\bin\instrument.dll, loaded, initialized, instrumentlib options:none

dbghelp: loaded successfully - version: 4.0.5 - missing functions: none
symbol engine: initialized successfully - sym options: 0x614 - pdb path: .;c:\Users\LOQ\.vscode\extensions\redhat.java-1.51.0-win32-x64\jre\21.0.9-win32-x86_64\bin;C:\WINDOWS\SYSTEM32;C:\WINDOWS\WinSxS\amd64_microsoft.windows.common-controls_6595b64144ccf1df_6.0.26100.6899_none_3e0efeeae32e88c1;c:\Users\LOQ\.vscode\extensions\redhat.java-1.51.0-win32-x64\jre\21.0.9-win32-x86_64\bin\server;C:\Users\LOQ\AppData\Roaming\Code\User\globalStorage\redhat.java\1.51.0\config_ss_win\org.eclipse.equinox.launcher\org.eclipse.equinox.launcher.win32.win32.x86_64_1.2.1400.v20250801-0854;C:\Users\LOQ\AppData\Local\Temp\jna-75566

VM Arguments:
jvm_args: --add-modules=ALL-SYSTEM --add-opens=java.base/java.util=ALL-UNNAMED --add-opens=java.base/java.lang=ALL-UNNAMED --add-opens=java.base/sun.nio.fs=ALL-UNNAMED -Declipse.application=org.eclipse.jdt.ls.core.id1 -Dosgi.bundles.defaultStartLevel=4 -Declipse.product=org.eclipse.jdt.ls.core.product -Djava.import.generatesMetadataFilesAtProjectRoot=false -DDetectVMInstallationsJob.disabled=true -Dfile.encoding=utf8 -XX:+UseParallelGC -XX:GCTimeRatio=4 -XX:AdaptiveSizePolicyWeight=90 -Dsun.zip.disableMemoryMapping=true -Xmx2G -Xms100m -Xlog:disable -javaagent:c:\Users\LOQ\.vscode\extensions\redhat.java-1.51.0-win32-x64\lombok\lombok-1.18.39-4050.jar 
java_command: c:\Users\LOQ\.vscode\extensions\redhat.java-1.51.0-win32-x64\server\plugins\org.eclipse.equinox.launcher_1.7.100.v20251111-0406.jar -configuration c:\Users\LOQ\AppData\Roaming\Code\User\globalStorage\redhat.java\1.51.0\config_ss_win -data c:\Users\LOQ\AppData\Roaming\Code\User\workspaceStorage\099b6d2cca0fa57c0a55b9bbe2e40508\redhat.java\ss_ws --pipe=\\.\pipe\lsp-69d09957273f754e60195162c9add4ef-sock
java_class_path (initial): c:\Users\LOQ\.vscode\extensions\redhat.java-1.51.0-win32-x64\server\plugins\org.eclipse.equinox.launcher_1.7.100.v20251111-0406.jar
Launcher Type: SUN_STANDARD

[Global flags]
    uintx AdaptiveSizePolicyWeight                 = 90                                        {product} {command line}
     intx CICompilerCount                          = 4                                         {product} {ergonomic}
    uintx GCTimeRatio                              = 4                                         {product} {command line}
   size_t InitialHeapSize                          = 104857600                                 {product} {command line}
   size_t MaxHeapSize                              = 2147483648                                {product} {command line}
   size_t MaxNewSize                               = 715653120                                 {product} {ergonomic}
   size_t MinHeapDeltaBytes                        = 524288                                    {product} {ergonomic}
   size_t MinHeapSize                              = 104857600                                 {product} {command line}
   size_t NewSize                                  = 34603008                                  {product} {ergonomic}
    uintx NonNMethodCodeHeapSize                   = 5839372                                {pd product} {ergonomic}
    uintx NonProfiledCodeHeapSize                  = 122909434                              {pd product} {ergonomic}
   size_t OldSize                                  = 70254592                                  {product} {ergonomic}
    uintx ProfiledCodeHeapSize                     = 122909434                              {pd product} {ergonomic}
    uintx ReservedCodeCacheSize                    = 251658240                              {pd product} {ergonomic}
     bool SegmentedCodeCache                       = true                                      {product} {ergonomic}
   size_t SoftMaxHeapSize                          = 2147483648                             {manageable} {ergonomic}
     bool UseCompressedOops                        = true                           {product lp64_product} {ergonomic}
     bool UseLargePagesIndividualAllocation        = false                                  {pd product} {ergonomic}
     bool UseParallelGC                            = true                                      {product} {command line}

Logging:
Log output configuration:
 #0: stdout all=off uptime,level,tags foldmultilines=false
 #1: stderr all=off uptime,level,tags foldmultilines=false

Release file:
JAVA_VERSION="21.0.9" 
MODULES="java.base java.compiler java.datatransfer java.xml java.prefs java.desktop java.instrument java.logging java.management java.security.sasl java.naming java.rmi java.management.rmi java.net.http java.scripting java.security.jgss java.transaction.xa java.sql java.sql.rowset java.xml.crypto java.se java.smartcardio jdk.accessibility jdk.internal.jvmstat jdk.attach jdk.charsets jdk.internal.opt jdk.zipfs jdk.compiler jdk.crypto.ec jdk.crypto.cryptoki jdk.crypto.mscapi jdk.dynalink jdk.internal.ed jdk.editpad jdk.hotspot.agent jdk.httpserver jdk.internal.le jdk.internal.vm.ci jdk.internal.vm.compiler jdk.internal.vm.compiler.management jdk.jartool jdk.javadoc jdk.jcmd jdk.management jdk.management.agent jdk.jconsole jdk.jdeps jdk.jdwp.agent jdk.jdi jdk.jfr jdk.jshell jdk.jsobject jdk.jstatd jdk.localedata jdk.management.jfr jdk.naming.dns jdk.naming.rmi jdk.net jdk.nio.mapmode jdk.random jdk.sctp jdk.security.auth jdk.security.jgss jdk.unsupported jdk.unsupported.desktop jdk.xml.dom" 

Environment Variables:
PATH=C:\Program Files (x86)\Common Files\Intel\Shared Libraries\redist\intel64\compiler;C:\Program Files\Common Files\Oracle\Java\javapath;C:\WINDOWS\system32;C:\WINDOWS;C:\WINDOWS\System32\Wbem;C:\WINDOWS\System32\WindowsPowerShell\v1.0\;C:\WINDOWS\System32\OpenSSH\;C:\Program Files (x86)\NVIDIA Corporation\PhysX\Common;C:\Program Files\NVIDIA Corporation\NVIDIA NvDLISR;C:\Users\LOQ\Downloads\apache-maven-3.9.9-bin\apache-maven-3.9.9\bin;C:\Program Files\Git\cmd;C:\Program Files\nodejs\;C:\ProgramData\chocolatey\bin;C:\Program Files\Maven\apache-maven-3.9.11-bin\bin;C:\flutter\bin;C:\Program Files (x86)\Microsoft SQL Server\160\Tools\Binn\;C:\Program Files\Microsoft SQL Server\160\Tools\Binn\;C:\Program Files\Microsoft SQL Server\Client SDK\ODBC\170\Tools\Binn\;C:\Program Files\Microsoft SQL Server\160\DTS\Binn\;C:\Users\LOQ\AppData\Local\Microsoft\WindowsApps;C:\Users\LOQ\AppData\Local\Programs\Microsoft VS Code\bin;C:\Users\LOQ\AppData\Local\GitHubDesktop\bin;D:\src\flutter_windows_3.29.2-stable\flutter\bin;C:\Users\LOQ\AppData\Roaming\npm;C:\flutter\bin
USERNAME=LOQ
OS=Windows_NT
PROCESSOR_IDENTIFIER=AMD64 Family 25 Model 68 Stepping 1, AuthenticAMD
TMP=C:\Users\LOQ\AppData\Local\Temp
TEMP=C:\Users\LOQ\AppData\Local\Temp




Periodic native trim disabled

---------------  S Y S T E M  ---------------

OS:
 Windows 11 , 64 bit Build 26100 (10.0.26100.6725)
OS uptime: 2 days 22:06 hours
Hyper-V role detected

CPU: total 8 (initial active 8) (8 cores per cpu, 2 threads per core) family 25 model 68 stepping 1 microcode 0xa404105, cx8, cmov, fxsr, ht, mmx, 3dnowpref, sse, sse2, sse3, ssse3, sse4a, sse4.1, sse4.2, popcnt, lzcnt, tsc, tscinvbit, avx, avx2, aes, erms, clmul, bmi1, bmi2, adx, sha, fma, vzeroupper, clflush, clflushopt, hv, rdtscp, rdpid, fsrm, f16c, cet_ss
Processor Information for the first 8 processors :
  Max Mhz: 3201, Current Mhz: 3201, Mhz Limit: 3201

Memory: 4k page, system-wide physical 11972M (1831M free)
TotalPageFile size 26036M (AvailPageFile size 259M)
current process WorkingSet (physical memory assigned to process): 130M, peak: 130M
current process commit charge ("private bytes"): 268M, peak: 269M

vm_info: OpenJDK 64-Bit Server VM (21.0.9+10-LTS) for windows-amd64 JRE (21.0.9+10-LTS), built on 2025-10-21T00:00:00Z by "admin" with unknown MS VC++:1942

END.
