#
# There is insufficient memory for the Java Runtime Environment to continue.
# Native memory allocation (malloc) failed to allocate 1714416 bytes. Error detail: Chunk::new
# Possible reasons:
#   The system is out of physical RAM or swap space
#   This process is running with CompressedOops enabled, and the Java Heap may be blocking the growth of the native heap
# Possible solutions:
#   Reduce memory load on the system
#   Increase physical memory or swap space
#   Check if swap backing store is full
#   Decrease Java heap size (-Xmx/-Xms)
#   Decrease number of Java threads
#   Decrease Java thread stack sizes (-Xss)
#   Set larger code cache with -XX:ReservedCodeCacheSize=
#   JVM is running with Unscaled Compressed Oops mode in which the Java heap is
#     placed in the first 4GB address space. The Java Heap base address is the
#     maximum limit for the native heap growth. Please use -XX:HeapBaseMinAddress
#     to set the Java Heap base and to place the Java Heap above 4GB virtual address.
# This output file may be truncated or incomplete.
#
#  Out of Memory Error (arena.cpp:168), pid=2372, tid=42288
#
# JRE version: OpenJDK Runtime Environment Temurin-21.0.9+10 (21.0.9+10) (build 21.0.9+10-LTS)
# Java VM: OpenJDK 64-Bit Server VM Temurin-21.0.9+10 (21.0.9+10-LTS, mixed mode, sharing, tiered, compressed oops, compressed class ptrs, parallel gc, windows-amd64)
# No core dump will be written. Minidumps are not enabled by default on client versions of Windows
#

---------------  S U M M A R Y ------------

Command Line: --add-modules=ALL-SYSTEM --add-opens=java.base/java.util=ALL-UNNAMED --add-opens=java.base/java.lang=ALL-UNNAMED --add-opens=java.base/sun.nio.fs=ALL-UNNAMED -Declipse.application=org.eclipse.jdt.ls.core.id1 -Dosgi.bundles.defaultStartLevel=4 -Declipse.product=org.eclipse.jdt.ls.core.product -Djava.import.generatesMetadataFilesAtProjectRoot=false -DDetectVMInstallationsJob.disabled=true -Dfile.encoding=utf8 -XX:+UseParallelGC -XX:GCTimeRatio=4 -XX:AdaptiveSizePolicyWeight=90 -Dsun.zip.disableMemoryMapping=true -Xmx2G -Xms100m -Xlog:disable -javaagent:c:\Users\LOQ\.vscode\extensions\redhat.java-1.51.0-win32-x64\lombok\lombok-1.18.39-4050.jar -XX:+HeapDumpOnOutOfMemoryError -XX:HeapDumpPath=c:\Users\LOQ\AppData\Roaming\Code\User\workspaceStorage\099b6d2cca0fa57c0a55b9bbe2e40508\redhat.java -Daether.dependencyCollector.impl=bf c:\Users\LOQ\.vscode\extensions\redhat.java-1.51.0-win32-x64\server\plugins\org.eclipse.equinox.launcher_1.7.100.v20251111-0406.jar -configuration c:\Users\LOQ\AppData\Roaming\Code\User\globalStorage\redhat.java\1.51.0\config_win -data c:\Users\LOQ\AppData\Roaming\Code\User\workspaceStorage\099b6d2cca0fa57c0a55b9bbe2e40508\redhat.java\jdt_ws --pipe=\\.\pipe\lsp-df96fa7fd642fd6483289ee8d082fc10-sock

Host: AMD Ryzen 5 7235HS                             , 8 cores, 11G,  Windows 11 , 64 bit Build 26100 (10.0.26100.6725)
Time: Sun Jan 25 13:17:26 2026 Sri Lanka Standard Time elapsed time: 7.063162 seconds (0d 0h 0m 7s)

---------------  T H R E A D  ---------------

Current thread (0x000001c970546690):  JavaThread "C2 CompilerThread1" daemon [_thread_in_native, id=42288, stack(0x000000473c100000,0x000000473c200000) (1024K)]


Current CompileTask:
C2:7063 4301   !   4       org.eclipse.osgi.internal.loader.classpath.ClasspathManager::findClassImpl (328 bytes)

Stack: [0x000000473c100000,0x000000473c200000]
Native frames: (J=compiled Java code, j=interpreted, Vv=VM code, C=native code)
V  [jvm.dll+0x6d6e29]
V  [jvm.dll+0x8b4b76]
V  [jvm.dll+0x8b712e]
V  [jvm.dll+0x8b7813]
V  [jvm.dll+0x283d86]
V  [jvm.dll+0xc66ed]
V  [jvm.dll+0xc6c31]
V  [jvm.dll+0x3be501]
V  [jvm.dll+0x1e3d59]
V  [jvm.dll+0x24c0f3]
V  [jvm.dll+0x24b580]
V  [jvm.dll+0x1cb13e]
V  [jvm.dll+0x25b29d]
V  [jvm.dll+0x25982a]
V  [jvm.dll+0x3f7ea6]
V  [jvm.dll+0x85e9ad]
V  [jvm.dll+0x6d565d]
C  [ucrtbase.dll+0x37b0]
C  [KERNEL32.DLL+0x2e8d7]
C  [ntdll.dll+0x8c53c]


---------------  P R O C E S S  ---------------

Threads class SMR info:
_java_thread_list=0x000001c973aaec70, length=26, elements={
0x000001c952c204c0, 0x000001c952cd8df0, 0x000001c952cdd580, 0x000001c969e05690,
0x000001c969e060e0, 0x000001c969e09400, 0x000001c969e10ff0, 0x000001c969e17250,
0x000001c969e1b6b0, 0x000001c96b9b9e30, 0x000001c96bafe2d0, 0x000001c97089cff0,
0x000001c9708358e0, 0x000001c9707bb270, 0x000001c970538590, 0x000001c970b54610,
0x000001c970cfead0, 0x000001c97075ca90, 0x000001c970f52230, 0x000001c970f7ca40,
0x000001c970f7c3b0, 0x000001c970546690, 0x000001c9727895d0, 0x000001c970f7d0d0,
0x000001c970f7d760, 0x000001c970f7b690
}

Java Threads: ( => current thread )
  0x000001c952c204c0 JavaThread "main"                              [_thread_in_native, id=31192, stack(0x000000473a200000,0x000000473a300000) (1024K)]
  0x000001c952cd8df0 JavaThread "Reference Handler"          daemon [_thread_blocked, id=44052, stack(0x000000473a600000,0x000000473a700000) (1024K)]
  0x000001c952cdd580 JavaThread "Finalizer"                  daemon [_thread_blocked, id=42124, stack(0x000000473a700000,0x000000473a800000) (1024K)]
  0x000001c969e05690 JavaThread "Signal Dispatcher"          daemon [_thread_blocked, id=33560, stack(0x000000473a800000,0x000000473a900000) (1024K)]
  0x000001c969e060e0 JavaThread "Attach Listener"            daemon [_thread_blocked, id=6736, stack(0x000000473a900000,0x000000473aa00000) (1024K)]
  0x000001c969e09400 JavaThread "Service Thread"             daemon [_thread_blocked, id=43568, stack(0x000000473aa00000,0x000000473ab00000) (1024K)]
  0x000001c969e10ff0 JavaThread "Monitor Deflation Thread"   daemon [_thread_blocked, id=11828, stack(0x000000473ab00000,0x000000473ac00000) (1024K)]
  0x000001c969e17250 JavaThread "C2 CompilerThread0"         daemon [_thread_in_native, id=39512, stack(0x000000473ac00000,0x000000473ad00000) (1024K)]
  0x000001c969e1b6b0 JavaThread "C1 CompilerThread0"         daemon [_thread_in_native, id=22208, stack(0x000000473ad00000,0x000000473ae00000) (1024K)]
  0x000001c96b9b9e30 JavaThread "Common-Cleaner"             daemon [_thread_blocked, id=27244, stack(0x000000473ae00000,0x000000473af00000) (1024K)]
  0x000001c96bafe2d0 JavaThread "Notification Thread"        daemon [_thread_blocked, id=28052, stack(0x000000473af00000,0x000000473b000000) (1024K)]
  0x000001c97089cff0 JavaThread "Active Thread: Equinox Container: c21ea157-862b-423c-9863-c2b92ef0d477"        [_thread_blocked, id=5044, stack(0x000000473b800000,0x000000473b900000) (1024K)]
  0x000001c9708358e0 JavaThread "Refresh Thread: Equinox Container: c21ea157-862b-423c-9863-c2b92ef0d477" daemon [_thread_blocked, id=50944, stack(0x000000473ba00000,0x000000473bb00000) (1024K)]
  0x000001c9707bb270 JavaThread "Framework Event Dispatcher: Equinox Container: c21ea157-862b-423c-9863-c2b92ef0d477" daemon [_thread_blocked, id=35784, stack(0x000000473bb00000,0x000000473bc00000) (1024K)]
  0x000001c970538590 JavaThread "Start Level: Equinox Container: c21ea157-862b-423c-9863-c2b92ef0d477" daemon [_thread_blocked, id=36808, stack(0x000000473bc00000,0x000000473bd00000) (1024K)]
  0x000001c970b54610 JavaThread "Bundle File Closer"         daemon [_thread_blocked, id=18980, stack(0x000000473bd00000,0x000000473be00000) (1024K)]
  0x000001c970cfead0 JavaThread "SCR Component Actor"        daemon [_thread_blocked, id=44936, stack(0x000000473be00000,0x000000473bf00000) (1024K)]
  0x000001c97075ca90 JavaThread "Worker-JM"                         [_thread_blocked, id=13992, stack(0x000000473b000000,0x000000473b100000) (1024K)]
  0x000001c970f52230 JavaThread "JNA Cleaner"                daemon [_thread_blocked, id=37900, stack(0x000000473b100000,0x000000473b200000) (1024K)]
  0x000001c970f7ca40 JavaThread "Worker-0: Repository registry initialization"        [_thread_in_vm, id=42700, stack(0x000000473bf00000,0x000000473c000000) (1024K)]
  0x000001c970f7c3b0 JavaThread "Worker-1: Loading available Gradle versions"        [_thread_in_vm, id=17120, stack(0x000000473c000000,0x000000473c100000) (1024K)]
=>0x000001c970546690 JavaThread "C2 CompilerThread1"         daemon [_thread_in_native, id=42288, stack(0x000000473c100000,0x000000473c200000) (1024K)]
  0x000001c9727895d0 JavaThread "C2 CompilerThread2"         daemon [_thread_in_native, id=47108, stack(0x000000473c200000,0x000000473c300000) (1024K)]
  0x000001c970f7d0d0 JavaThread "Java indexing"              daemon [_thread_blocked, id=49596, stack(0x000000473c300000,0x000000473c400000) (1024K)]
  0x000001c970f7d760 JavaThread "Worker-2: Initialize After Load"        [_thread_in_Java, id=26728, stack(0x000000473c400000,0x000000473c500000) (1024K)]
  0x000001c970f7b690 JavaThread "Worker-3"                          [_thread_blocked, id=40928, stack(0x000000473c700000,0x000000473c800000) (1024K)]
Total: 26

Other Threads:
  0x000001c952cbec30 VMThread "VM Thread"                           [id=22772, stack(0x000000473a500000,0x000000473a600000) (1024K)]
  0x000001c969d1ca00 WatcherThread "VM Periodic Task Thread"        [id=33872, stack(0x000000473a400000,0x000000473a500000) (1024K)]
  0x000001c952c3e880 WorkerThread "GC Thread#0"                     [id=37724, stack(0x000000473a300000,0x000000473a400000) (1024K)]
  0x000001c97088dc10 WorkerThread "GC Thread#1"                     [id=14532, stack(0x000000473b200000,0x000000473b300000) (1024K)]
  0x000001c97067c660 WorkerThread "GC Thread#2"                     [id=41792, stack(0x000000473b300000,0x000000473b400000) (1024K)]
  0x000001c97067ca00 WorkerThread "GC Thread#3"                     [id=12840, stack(0x000000473b400000,0x000000473b500000) (1024K)]
  0x000001c97067cda0 WorkerThread "GC Thread#4"                     [id=36388, stack(0x000000473b500000,0x000000473b600000) (1024K)]
  0x000001c97067d140 WorkerThread "GC Thread#5"                     [id=30356, stack(0x000000473b600000,0x000000473b700000) (1024K)]
  0x000001c970192e90 WorkerThread "GC Thread#6"                     [id=35144, stack(0x000000473b700000,0x000000473b800000) (1024K)]
  0x000001c9708627d0 WorkerThread "GC Thread#7"                     [id=26880, stack(0x000000473b900000,0x000000473ba00000) (1024K)]
Total: 10

Threads with active compile tasks:
C2 CompilerThread0  7086 4443       4       org.eclipse.osgi.internal.serviceregistry.ServiceRegistry::notifyHooksPrivileged (57 bytes)
C2 CompilerThread1  7086 4301   !   4       org.eclipse.osgi.internal.loader.classpath.ClasspathManager::findClassImpl (328 bytes)
C2 CompilerThread2  7086 4490       4       org.eclipse.osgi.internal.loader.ModuleClassLoader::toString (80 bytes)
Total: 3

VM state: not at safepoint (normal execution)

VM Mutex/Monitor currently owned by a thread: None

Heap address: 0x0000000080000000, size: 2048 MB, Compressed Oops mode: 32-bit

CDS archive(s) mapped at: [0x000001c900000000-0x000001c900ba0000-0x000001c900ba0000), size 12189696, SharedBaseAddress: 0x000001c900000000, ArchiveRelocationMode: 1.
Compressed class space mapped at: 0x000001c901000000-0x000001c941000000, reserved size: 1073741824
Narrow klass base: 0x000001c900000000, Narrow klass shift: 0, Narrow klass range: 0x100000000

GC Precious Log:
 CardTable entry size: 512
 CPUs: 8 total, 8 available
 Memory: 11972M
 Large Page Support: Disabled
 NUMA Support: Disabled
 Compressed Oops: Enabled (32-bit)
 Alignments: Space 512K, Generation 512K, Heap 2M
 Heap Min Capacity: 100M
 Heap Initial Capacity: 100M
 Heap Max Capacity: 2G
 Pre-touch: Disabled
 Parallel Workers: 8

Heap:
 PSYoungGen      total 24064K, used 16398K [0x00000000d5580000, 0x00000000d7200000, 0x0000000100000000)
  eden space 22528K, 66% used [0x00000000d5580000,0x00000000d6413398,0x00000000d6b80000)
  from space 1536K, 95% used [0x00000000d6c00000,0x00000000d6d70620,0x00000000d6d80000)
  to   space 2560K, 0% used [0x00000000d6f80000,0x00000000d6f80000,0x00000000d7200000)
 ParOldGen       total 68608K, used 16622K [0x0000000080000000, 0x0000000084300000, 0x00000000d5580000)
  object space 68608K, 24% used [0x0000000080000000,0x000000008103ba50,0x0000000084300000)
 Metaspace       used 33086K, committed 34304K, reserved 1114112K
  class space    used 3410K, committed 3968K, reserved 1048576K

Card table byte_map: [0x000001c965150000,0x000001c965560000] _byte_map_base: 0x000001c964d50000

Marking Bits: (ParMarkBitMap*) 0x00007ffaefac2460
 Begin Bits: [0x000001c965810000, 0x000001c967810000)
 End Bits:   [0x000001c967810000, 0x000001c969810000)

Polling page: 0x000001c955f40000

Metaspace:

Usage:
  Non-class:     28.98 MB used.
      Class:      3.33 MB used.
       Both:     32.32 MB used.

Virtual space:
  Non-class space:       64.00 MB reserved,      29.62 MB ( 46%) committed,  1 nodes.
      Class space:        1.00 GB reserved,       3.88 MB ( <1%) committed,  1 nodes.
             Both:        1.06 GB reserved,      33.50 MB (  3%) committed. 

Chunk freelists:
   Non-Class:  1.80 MB
       Class:  12.10 MB
        Both:  13.90 MB

MaxMetaspaceSize: unlimited
CompressedClassSpaceSize: 1.00 GB
Initial GC threshold: 21.00 MB
Current GC threshold: 35.00 MB
CDS: on
 - commit_granule_bytes: 65536.
 - commit_granule_words: 8192.
 - virtual_space_node_default_size: 8388608.
 - enlarge_chunks_in_place: 1.
 - use_allocation_guard: 0.


Internal statistics:

num_allocs_failed_limit: 3.
num_arena_births: 868.
num_arena_deaths: 14.
num_vsnodes_births: 2.
num_vsnodes_deaths: 0.
num_space_committed: 536.
num_space_uncommitted: 0.
num_chunks_returned_to_freelist: 17.
num_chunks_taken_from_freelist: 2283.
num_chunk_merges: 8.
num_chunk_splits: 1453.
num_chunks_enlarged: 869.
num_inconsistent_stats: 0.

CodeHeap 'non-profiled nmethods': size=120000Kb used=2213Kb max_used=2213Kb free=117786Kb
 bounds [0x000001c95da30000, 0x000001c95dca0000, 0x000001c964f60000]
CodeHeap 'profiled nmethods': size=120000Kb used=9695Kb max_used=9695Kb free=110304Kb
 bounds [0x000001c955f60000, 0x000001c9568e0000, 0x000001c95d490000]
CodeHeap 'non-nmethods': size=5760Kb used=1353Kb max_used=1391Kb free=4406Kb
 bounds [0x000001c95d490000, 0x000001c95d700000, 0x000001c95da30000]
CodeCache: size=245760Kb, used=13261Kb, max_used=13299Kb, free=232496Kb
 total_blobs=5193, nmethods=4547, adapters=552, full_count=0
Compilation: enabled, stopped_count=0, restarted_count=0

Compilation events (20 events):
Event: 7.012 Thread 0x000001c969e1b6b0 nmethod 4507 0x000001c9568b3c90 code [0x000001c9568b3fc0, 0x000001c9568b5498]
Event: 7.012 Thread 0x000001c969e1b6b0 4508       3       aQute.bnd.header.Parameters::put (51 bytes)
Event: 7.012 Thread 0x000001c969e1b6b0 nmethod 4508 0x000001c9568b5a90 code [0x000001c9568b5c40, 0x000001c9568b5f28]
Event: 7.016 Thread 0x000001c969e1b6b0 4513       1       java.lang.Thread::threadId (5 bytes)
Event: 7.016 Thread 0x000001c969e1b6b0 nmethod 4513 0x000001c95dc57e10 code [0x000001c95dc57fa0, 0x000001c95dc58068]
Event: 7.017 Thread 0x000001c969e1b6b0 4514       3       java.util.concurrent.locks.AbstractQueuedSynchronizer::acquireShared (20 bytes)
Event: 7.019 Thread 0x000001c969e1b6b0 nmethod 4514 0x000001c9568b6010 code [0x000001c9568b61e0, 0x000001c9568b6450]
Event: 7.021 Thread 0x000001c969e1b6b0 4515   !   3       org.eclipse.osgi.container.ModuleDatabase::getWiring (31 bytes)
Event: 7.021 Thread 0x000001c969e1b6b0 nmethod 4515 0x000001c9568b6510 code [0x000001c9568b6780, 0x000001c9568b70f0]
Event: 7.022 Thread 0x000001c969e1b6b0 4516       3       org.objectweb.asm.ByteVector::enlarge (73 bytes)
Event: 7.022 Thread 0x000001c969e1b6b0 nmethod 4516 0x000001c9568b7590 code [0x000001c9568b7760, 0x000001c9568b7b48]
Event: 7.022 Thread 0x000001c969e1b6b0 4518       3       org.objectweb.asm.tree.Util::asArrayList (57 bytes)
Event: 7.023 Thread 0x000001c969e1b6b0 nmethod 4518 0x000001c9568b7c90 code [0x000001c9568b7ec0, 0x000001c9568b86e8]
Event: 7.023 Thread 0x000001c969e1b6b0 4517       3       org.objectweb.asm.Type::getDescriptor (73 bytes)
Event: 7.023 Thread 0x000001c969e1b6b0 nmethod 4517 0x000001c9568b8a90 code [0x000001c9568b8d00, 0x000001c9568b9498]
Event: 7.023 Thread 0x000001c969e1b6b0 4519       3       org.objectweb.asm.SymbolTable::addConstant (317 bytes)
Event: 7.028 Thread 0x000001c969e1b6b0 nmethod 4519 0x000001c9568b9790 code [0x000001c9568b9d40, 0x000001c9568bce90]
Event: 7.029 Thread 0x000001c969e1b6b0 4530       3       java.util.concurrent.locks.ReentrantReadWriteLock$Sync::tryAcquireShared (177 bytes)
Event: 7.040 Thread 0x000001c969e1b6b0 nmethod 4530 0x000001c9568bd910 code [0x000001c9568bdba0, 0x000001c9568be8c0]
Event: 7.044 Thread 0x000001c969e1b6b0 4521       3       org.objectweb.asm.ClassReader::readMethod (1070 bytes)

GC Heap History (20 events):
Event: 2.577 GC heap before
{Heap before GC invocations=3 (full 0):
 PSYoungGen      total 29696K, used 29686K [0x00000000d5580000, 0x00000000d7680000, 0x0000000100000000)
  eden space 25600K, 100% used [0x00000000d5580000,0x00000000d6e80000,0x00000000d6e80000)
  from space 4096K, 99% used [0x00000000d7280000,0x00000000d767d810,0x00000000d7680000)
  to   space 4096K, 0% used [0x00000000d6e80000,0x00000000d6e80000,0x00000000d7280000)
 ParOldGen       total 68608K, used 2016K [0x0000000080000000, 0x0000000084300000, 0x00000000d5580000)
  object space 68608K, 2% used [0x0000000080000000,0x00000000801f80a0,0x0000000084300000)
 Metaspace       used 9406K, committed 9728K, reserved 1114112K
  class space    used 1003K, committed 1152K, reserved 1048576K
}
Event: 2.582 GC heap after
{Heap after GC invocations=3 (full 0):
 PSYoungGen      total 29696K, used 4081K [0x00000000d5580000, 0x00000000d7680000, 0x0000000100000000)
  eden space 25600K, 0% used [0x00000000d5580000,0x00000000d5580000,0x00000000d6e80000)
  from space 4096K, 99% used [0x00000000d6e80000,0x00000000d727c748,0x00000000d7280000)
  to   space 4096K, 0% used [0x00000000d7280000,0x00000000d7280000,0x00000000d7680000)
 ParOldGen       total 68608K, used 5392K [0x0000000080000000, 0x0000000084300000, 0x00000000d5580000)
  object space 68608K, 7% used [0x0000000080000000,0x0000000080544008,0x0000000084300000)
 Metaspace       used 9406K, committed 9728K, reserved 1114112K
  class space    used 1003K, committed 1152K, reserved 1048576K
}
Event: 3.039 GC heap before
{Heap before GC invocations=4 (full 0):
 PSYoungGen      total 29696K, used 29681K [0x00000000d5580000, 0x00000000d7680000, 0x0000000100000000)
  eden space 25600K, 100% used [0x00000000d5580000,0x00000000d6e80000,0x00000000d6e80000)
  from space 4096K, 99% used [0x00000000d6e80000,0x00000000d727c748,0x00000000d7280000)
  to   space 4096K, 0% used [0x00000000d7280000,0x00000000d7280000,0x00000000d7680000)
 ParOldGen       total 68608K, used 5392K [0x0000000080000000, 0x0000000084300000, 0x00000000d5580000)
  object space 68608K, 7% used [0x0000000080000000,0x0000000080544008,0x0000000084300000)
 Metaspace       used 11737K, committed 12160K, reserved 1114112K
  class space    used 1247K, committed 1472K, reserved 1048576K
}
Event: 3.044 GC heap after
{Heap after GC invocations=4 (full 0):
 PSYoungGen      total 29696K, used 4066K [0x00000000d5580000, 0x00000000d7680000, 0x0000000100000000)
  eden space 25600K, 0% used [0x00000000d5580000,0x00000000d5580000,0x00000000d6e80000)
  from space 4096K, 99% used [0x00000000d7280000,0x00000000d7678a18,0x00000000d7680000)
  to   space 4096K, 0% used [0x00000000d6e80000,0x00000000d6e80000,0x00000000d7280000)
 ParOldGen       total 68608K, used 6731K [0x0000000080000000, 0x0000000084300000, 0x00000000d5580000)
  object space 68608K, 9% used [0x0000000080000000,0x0000000080692d68,0x0000000084300000)
 Metaspace       used 11737K, committed 12160K, reserved 1114112K
  class space    used 1247K, committed 1472K, reserved 1048576K
}
Event: 3.870 GC heap before
{Heap before GC invocations=5 (full 0):
 PSYoungGen      total 29696K, used 29666K [0x00000000d5580000, 0x00000000d7680000, 0x0000000100000000)
  eden space 25600K, 100% used [0x00000000d5580000,0x00000000d6e80000,0x00000000d6e80000)
  from space 4096K, 99% used [0x00000000d7280000,0x00000000d7678a18,0x00000000d7680000)
  to   space 4096K, 0% used [0x00000000d6e80000,0x00000000d6e80000,0x00000000d7280000)
 ParOldGen       total 68608K, used 6731K [0x0000000080000000, 0x0000000084300000, 0x00000000d5580000)
  object space 68608K, 9% used [0x0000000080000000,0x0000000080692d68,0x0000000084300000)
 Metaspace       used 15731K, committed 16320K, reserved 1114112K
  class space    used 1635K, committed 1920K, reserved 1048576K
}
Event: 3.874 GC heap after
{Heap after GC invocations=5 (full 0):
 PSYoungGen      total 29184K, used 4080K [0x00000000d5580000, 0x00000000d7900000, 0x0000000100000000)
  eden space 25088K, 0% used [0x00000000d5580000,0x00000000d5580000,0x00000000d6e00000)
  from space 4096K, 99% used [0x00000000d6e80000,0x00000000d727c3a8,0x00000000d7280000)
  to   space 5632K, 0% used [0x00000000d7380000,0x00000000d7380000,0x00000000d7900000)
 ParOldGen       total 68608K, used 7832K [0x0000000080000000, 0x0000000084300000, 0x00000000d5580000)
  object space 68608K, 11% used [0x0000000080000000,0x00000000807a60b0,0x0000000084300000)
 Metaspace       used 15731K, committed 16320K, reserved 1114112K
  class space    used 1635K, committed 1920K, reserved 1048576K
}
Event: 4.538 GC heap before
{Heap before GC invocations=6 (full 0):
 PSYoungGen      total 29184K, used 29168K [0x00000000d5580000, 0x00000000d7900000, 0x0000000100000000)
  eden space 25088K, 100% used [0x00000000d5580000,0x00000000d6e00000,0x00000000d6e00000)
  from space 4096K, 99% used [0x00000000d6e80000,0x00000000d727c3a8,0x00000000d7280000)
  to   space 5632K, 0% used [0x00000000d7380000,0x00000000d7380000,0x00000000d7900000)
 ParOldGen       total 68608K, used 7832K [0x0000000080000000, 0x0000000084300000, 0x00000000d5580000)
  object space 68608K, 11% used [0x0000000080000000,0x00000000807a60b0,0x0000000084300000)
 Metaspace       used 18761K, committed 19584K, reserved 1114112K
  class space    used 1974K, committed 2304K, reserved 1048576K
}
Event: 4.543 GC heap after
{Heap after GC invocations=6 (full 0):
 PSYoungGen      total 29696K, used 4825K [0x00000000d5580000, 0x00000000d7880000, 0x0000000100000000)
  eden space 24576K, 0% used [0x00000000d5580000,0x00000000d5580000,0x00000000d6d80000)
  from space 5120K, 94% used [0x00000000d7380000,0x00000000d7836410,0x00000000d7880000)
  to   space 5120K, 0% used [0x00000000d6e80000,0x00000000d6e80000,0x00000000d7380000)
 ParOldGen       total 68608K, used 7840K [0x0000000080000000, 0x0000000084300000, 0x00000000d5580000)
  object space 68608K, 11% used [0x0000000080000000,0x00000000807a80b0,0x0000000084300000)
 Metaspace       used 18761K, committed 19584K, reserved 1114112K
  class space    used 1974K, committed 2304K, reserved 1048576K
}
Event: 4.839 GC heap before
{Heap before GC invocations=7 (full 0):
 PSYoungGen      total 29696K, used 23271K [0x00000000d5580000, 0x00000000d7880000, 0x0000000100000000)
  eden space 24576K, 75% used [0x00000000d5580000,0x00000000d6783970,0x00000000d6d80000)
  from space 5120K, 94% used [0x00000000d7380000,0x00000000d7836410,0x00000000d7880000)
  to   space 5120K, 0% used [0x00000000d6e80000,0x00000000d6e80000,0x00000000d7380000)
 ParOldGen       total 68608K, used 7840K [0x0000000080000000, 0x0000000084300000, 0x00000000d5580000)
  object space 68608K, 11% used [0x0000000080000000,0x00000000807a80b0,0x0000000084300000)
 Metaspace       used 20612K, committed 21504K, reserved 1114112K
  class space    used 2203K, committed 2624K, reserved 1048576K
}
Event: 4.843 GC heap after
{Heap after GC invocations=7 (full 0):
 PSYoungGen      total 29696K, used 4634K [0x00000000d5580000, 0x00000000d7780000, 0x0000000100000000)
  eden space 24576K, 0% used [0x00000000d5580000,0x00000000d5580000,0x00000000d6d80000)
  from space 5120K, 90% used [0x00000000d6e80000,0x00000000d7306810,0x00000000d7380000)
  to   space 4096K, 0% used [0x00000000d7380000,0x00000000d7380000,0x00000000d7780000)
 ParOldGen       total 68608K, used 9260K [0x0000000080000000, 0x0000000084300000, 0x00000000d5580000)
  object space 68608K, 13% used [0x0000000080000000,0x000000008090b028,0x0000000084300000)
 Metaspace       used 20612K, committed 21504K, reserved 1114112K
  class space    used 2203K, committed 2624K, reserved 1048576K
}
Event: 4.843 GC heap before
{Heap before GC invocations=8 (full 1):
 PSYoungGen      total 29696K, used 4634K [0x00000000d5580000, 0x00000000d7780000, 0x0000000100000000)
  eden space 24576K, 0% used [0x00000000d5580000,0x00000000d5580000,0x00000000d6d80000)
  from space 5120K, 90% used [0x00000000d6e80000,0x00000000d7306810,0x00000000d7380000)
  to   space 4096K, 0% used [0x00000000d7380000,0x00000000d7380000,0x00000000d7780000)
 ParOldGen       total 68608K, used 9260K [0x0000000080000000, 0x0000000084300000, 0x00000000d5580000)
  object space 68608K, 13% used [0x0000000080000000,0x000000008090b028,0x0000000084300000)
 Metaspace       used 20612K, committed 21504K, reserved 1114112K
  class space    used 2203K, committed 2624K, reserved 1048576K
}
Event: 4.874 GC heap after
{Heap after GC invocations=8 (full 1):
 PSYoungGen      total 29696K, used 0K [0x00000000d5580000, 0x00000000d7780000, 0x0000000100000000)
  eden space 24576K, 0% used [0x00000000d5580000,0x00000000d5580000,0x00000000d6d80000)
  from space 5120K, 0% used [0x00000000d6e80000,0x00000000d6e80000,0x00000000d7380000)
  to   space 4096K, 0% used [0x00000000d7380000,0x00000000d7380000,0x00000000d7780000)
 ParOldGen       total 68608K, used 13240K [0x0000000080000000, 0x0000000084300000, 0x00000000d5580000)
  object space 68608K, 19% used [0x0000000080000000,0x0000000080cee0a0,0x0000000084300000)
 Metaspace       used 20599K, committed 21504K, reserved 1114112K
  class space    used 2199K, committed 2624K, reserved 1048576K
}
Event: 5.230 GC heap before
{Heap before GC invocations=9 (full 1):
 PSYoungGen      total 29696K, used 24576K [0x00000000d5580000, 0x00000000d7780000, 0x0000000100000000)
  eden space 24576K, 100% used [0x00000000d5580000,0x00000000d6d80000,0x00000000d6d80000)
  from space 5120K, 0% used [0x00000000d6e80000,0x00000000d6e80000,0x00000000d7380000)
  to   space 4096K, 0% used [0x00000000d7380000,0x00000000d7380000,0x00000000d7780000)
 ParOldGen       total 68608K, used 13240K [0x0000000080000000, 0x0000000084300000, 0x00000000d5580000)
  object space 68608K, 19% used [0x0000000080000000,0x0000000080cee0a0,0x0000000084300000)
 Metaspace       used 22469K, committed 23424K, reserved 1114112K
  class space    used 2366K, committed 2752K, reserved 1048576K
}
Event: 5.232 GC heap after
{Heap after GC invocations=9 (full 1):
 PSYoungGen      total 27648K, used 3090K [0x00000000d5580000, 0x00000000d7700000, 0x0000000100000000)
  eden space 24064K, 0% used [0x00000000d5580000,0x00000000d5580000,0x00000000d6d00000)
  from space 3584K, 86% used [0x00000000d7380000,0x00000000d7684860,0x00000000d7700000)
  to   space 4096K, 0% used [0x00000000d6f00000,0x00000000d6f00000,0x00000000d7300000)
 ParOldGen       total 68608K, used 13248K [0x0000000080000000, 0x0000000084300000, 0x00000000d5580000)
  object space 68608K, 19% used [0x0000000080000000,0x0000000080cf00a0,0x0000000084300000)
 Metaspace       used 22469K, committed 23424K, reserved 1114112K
  class space    used 2366K, committed 2752K, reserved 1048576K
}
Event: 5.571 GC heap before
{Heap before GC invocations=10 (full 1):
 PSYoungGen      total 27648K, used 27154K [0x00000000d5580000, 0x00000000d7700000, 0x0000000100000000)
  eden space 24064K, 100% used [0x00000000d5580000,0x00000000d6d00000,0x00000000d6d00000)
  from space 3584K, 86% used [0x00000000d7380000,0x00000000d7684860,0x00000000d7700000)
  to   space 4096K, 0% used [0x00000000d6f00000,0x00000000d6f00000,0x00000000d7300000)
 ParOldGen       total 68608K, used 13248K [0x0000000080000000, 0x0000000084300000, 0x00000000d5580000)
  object space 68608K, 19% used [0x0000000080000000,0x0000000080cf00a0,0x0000000084300000)
 Metaspace       used 26343K, committed 27328K, reserved 1114112K
  class space    used 2651K, committed 3072K, reserved 1048576K
}
Event: 5.573 GC heap after
{Heap after GC invocations=10 (full 1):
 PSYoungGen      total 25088K, used 1373K [0x00000000d5580000, 0x00000000d7400000, 0x0000000100000000)
  eden space 23552K, 0% used [0x00000000d5580000,0x00000000d5580000,0x00000000d6c80000)
  from space 1536K, 89% used [0x00000000d6f00000,0x00000000d70575e0,0x00000000d7080000)
  to   space 2560K, 0% used [0x00000000d7180000,0x00000000d7180000,0x00000000d7400000)
 ParOldGen       total 68608K, used 13248K [0x0000000080000000, 0x0000000084300000, 0x00000000d5580000)
  object space 68608K, 19% used [0x0000000080000000,0x0000000080cf00a0,0x0000000084300000)
 Metaspace       used 26343K, committed 27328K, reserved 1114112K
  class space    used 2651K, committed 3072K, reserved 1048576K
}
Event: 6.019 GC heap before
{Heap before GC invocations=11 (full 1):
 PSYoungGen      total 25088K, used 24925K [0x00000000d5580000, 0x00000000d7400000, 0x0000000100000000)
  eden space 23552K, 100% used [0x00000000d5580000,0x00000000d6c80000,0x00000000d6c80000)
  from space 1536K, 89% used [0x00000000d6f00000,0x00000000d70575e0,0x00000000d7080000)
  to   space 2560K, 0% used [0x00000000d7180000,0x00000000d7180000,0x00000000d7400000)
 ParOldGen       total 68608K, used 13248K [0x0000000080000000, 0x0000000084300000, 0x00000000d5580000)
  object space 68608K, 19% used [0x0000000080000000,0x0000000080cf00a0,0x0000000084300000)
 Metaspace       used 27804K, committed 28736K, reserved 1114112K
  class space    used 2741K, committed 3136K, reserved 1048576K
}
Event: 6.024 GC heap after
{Heap after GC invocations=11 (full 1):
 PSYoungGen      total 25600K, used 2536K [0x00000000d5580000, 0x00000000d7400000, 0x0000000100000000)
  eden space 23040K, 0% used [0x00000000d5580000,0x00000000d5580000,0x00000000d6c00000)
  from space 2560K, 99% used [0x00000000d7180000,0x00000000d73fa2b0,0x00000000d7400000)
  to   space 4096K, 0% used [0x00000000d6c00000,0x00000000d6c00000,0x00000000d7000000)
 ParOldGen       total 68608K, used 14138K [0x0000000080000000, 0x0000000084300000, 0x00000000d5580000)
  object space 68608K, 20% used [0x0000000080000000,0x0000000080dce800,0x0000000084300000)
 Metaspace       used 27804K, committed 28736K, reserved 1114112K
  class space    used 2741K, committed 3136K, reserved 1048576K
}
Event: 6.849 GC heap before
{Heap before GC invocations=12 (full 1):
 PSYoungGen      total 25600K, used 25576K [0x00000000d5580000, 0x00000000d7400000, 0x0000000100000000)
  eden space 23040K, 100% used [0x00000000d5580000,0x00000000d6c00000,0x00000000d6c00000)
  from space 2560K, 99% used [0x00000000d7180000,0x00000000d73fa2b0,0x00000000d7400000)
  to   space 4096K, 0% used [0x00000000d6c00000,0x00000000d6c00000,0x00000000d7000000)
 ParOldGen       total 68608K, used 14138K [0x0000000080000000, 0x0000000084300000, 0x00000000d5580000)
  object space 68608K, 20% used [0x0000000080000000,0x0000000080dce800,0x0000000084300000)
 Metaspace       used 31380K, committed 32512K, reserved 1114112K
  class space    used 3177K, committed 3712K, reserved 1048576K
}
Event: 6.852 GC heap after
{Heap after GC invocations=12 (full 1):
 PSYoungGen      total 24064K, used 1473K [0x00000000d5580000, 0x00000000d7200000, 0x0000000100000000)
  eden space 22528K, 0% used [0x00000000d5580000,0x00000000d5580000,0x00000000d6b80000)
  from space 1536K, 95% used [0x00000000d6c00000,0x00000000d6d70620,0x00000000d6d80000)
  to   space 2560K, 0% used [0x00000000d6f80000,0x00000000d6f80000,0x00000000d7200000)
 ParOldGen       total 68608K, used 16622K [0x0000000080000000, 0x0000000084300000, 0x00000000d5580000)
  object space 68608K, 24% used [0x0000000080000000,0x000000008103ba50,0x0000000084300000)
 Metaspace       used 31380K, committed 32512K, reserved 1114112K
  class space    used 3177K, committed 3712K, reserved 1048576K
}

Dll operation events (10 events):
Event: 0.012 Loaded shared library c:\Users\LOQ\.vscode\extensions\redhat.java-1.51.0-win32-x64\jre\21.0.9-win32-x86_64\bin\java.dll
Event: 0.113 Loaded shared library c:\Users\LOQ\.vscode\extensions\redhat.java-1.51.0-win32-x64\jre\21.0.9-win32-x86_64\bin\zip.dll
Event: 0.182 Loaded shared library C:\Users\LOQ\.vscode\extensions\redhat.java-1.51.0-win32-x64\jre\21.0.9-win32-x86_64\bin\instrument.dll
Event: 0.197 Loaded shared library C:\Users\LOQ\.vscode\extensions\redhat.java-1.51.0-win32-x64\jre\21.0.9-win32-x86_64\bin\net.dll
Event: 0.202 Loaded shared library C:\Users\LOQ\.vscode\extensions\redhat.java-1.51.0-win32-x64\jre\21.0.9-win32-x86_64\bin\nio.dll
Event: 0.207 Loaded shared library C:\Users\LOQ\.vscode\extensions\redhat.java-1.51.0-win32-x64\jre\21.0.9-win32-x86_64\bin\zip.dll
Event: 0.264 Loaded shared library C:\Users\LOQ\.vscode\extensions\redhat.java-1.51.0-win32-x64\jre\21.0.9-win32-x86_64\bin\jimage.dll
Event: 0.511 Loaded shared library c:\Users\LOQ\.vscode\extensions\redhat.java-1.51.0-win32-x64\jre\21.0.9-win32-x86_64\bin\verify.dll
Event: 2.220 Loaded shared library C:\Users\LOQ\AppData\Roaming\Code\User\globalStorage\redhat.java\1.51.0\config_win\org.eclipse.equinox.launcher\org.eclipse.equinox.launcher.win32.win32.x86_64_1.2.1400.v20250801-0854\eclipse_11916.dll
Event: 3.986 Loaded shared library C:\Users\LOQ\AppData\Local\Temp\jna-75566\jna17782550547282415322.dll

Deoptimization events (20 events):
Event: 7.015 Thread 0x000001c952c204c0 DEOPT PACKING pc=0x000001c95dc25c04 sp=0x000000473a2fa9a0
Event: 7.015 Thread 0x000001c970f7c3b0 DEOPT PACKING pc=0x000001c95dc25c04 sp=0x000000473c0fada0
Event: 7.015 Thread 0x000001c970f7c3b0 DEOPT UNPACKING pc=0x000001c95d4e3aa2 sp=0x000000473c0fab88 mode 2
Event: 7.015 Thread 0x000001c952c204c0 DEOPT UNPACKING pc=0x000001c95d4e3aa2 sp=0x000000473a2fa788 mode 2
Event: 7.015 Thread 0x000001c970f7d760 Uncommon trap: trap_request=0xffffff45 fr.pc=0x000001c95dbec3e8 relative=0x00000000000001c8
Event: 7.015 Thread 0x000001c970f7d760 Uncommon trap: reason=unstable_if action=reinterpret pc=0x000001c95dbec3e8 method=java.util.concurrent.locks.ReentrantReadWriteLock$Sync.tryAcquireShared(I)I @ 81 c2
Event: 7.015 Thread 0x000001c970f7d760 DEOPT PACKING pc=0x000001c95dbec3e8 sp=0x000000473c4fa940
Event: 7.015 Thread 0x000001c970f7d760 DEOPT UNPACKING pc=0x000001c95d4e3aa2 sp=0x000000473c4fa860 mode 2
Event: 7.016 Thread 0x000001c970f7d760 Uncommon trap: trap_request=0xffffff45 fr.pc=0x000001c95dbebe90 relative=0x0000000000000170
Event: 7.016 Thread 0x000001c970f7c3b0 Uncommon trap: trap_request=0xffffff45 fr.pc=0x000001c95dbebe90 relative=0x0000000000000170
Event: 7.016 Thread 0x000001c970f7d760 Uncommon trap: reason=unstable_if action=reinterpret pc=0x000001c95dbebe90 method=java.util.concurrent.locks.ReentrantReadWriteLock$Sync.tryAcquireShared(I)I @ 81 c2
Event: 7.016 Thread 0x000001c952c204c0 Uncommon trap: trap_request=0xffffff45 fr.pc=0x000001c95dbebe90 relative=0x0000000000000170
Event: 7.016 Thread 0x000001c970f7d760 DEOPT PACKING pc=0x000001c95dbebe90 sp=0x000000473c4fa8d0
Event: 7.016 Thread 0x000001c970f7c3b0 Uncommon trap: reason=unstable_if action=reinterpret pc=0x000001c95dbebe90 method=java.util.concurrent.locks.ReentrantReadWriteLock$Sync.tryAcquireShared(I)I @ 81 c2
Event: 7.016 Thread 0x000001c952c204c0 Uncommon trap: reason=unstable_if action=reinterpret pc=0x000001c95dbebe90 method=java.util.concurrent.locks.ReentrantReadWriteLock$Sync.tryAcquireShared(I)I @ 81 c2
Event: 7.016 Thread 0x000001c970f7c3b0 DEOPT PACKING pc=0x000001c95dbebe90 sp=0x000000473c0fad30
Event: 7.016 Thread 0x000001c952c204c0 DEOPT PACKING pc=0x000001c95dbebe90 sp=0x000000473a2fa7b0
Event: 7.016 Thread 0x000001c970f7d760 DEOPT UNPACKING pc=0x000001c95d4e3aa2 sp=0x000000473c4fa858 mode 2
Event: 7.016 Thread 0x000001c952c204c0 DEOPT UNPACKING pc=0x000001c95d4e3aa2 sp=0x000000473a2fa738 mode 2
Event: 7.016 Thread 0x000001c970f7c3b0 DEOPT UNPACKING pc=0x000001c95d4e3aa2 sp=0x000000473c0facb8 mode 2

Classes loaded (20 events):
Event: 6.935 Loading class java/security/spec/InvalidKeySpecException
Event: 6.935 Loading class java/security/spec/InvalidKeySpecException done
Event: 6.935 Loading class javax/crypto/NoSuchPaddingException
Event: 6.935 Loading class javax/crypto/NoSuchPaddingException done
Event: 6.935 Loading class javax/crypto/spec/PBEKeySpec
Event: 6.936 Loading class javax/crypto/spec/PBEKeySpec done
Event: 6.941 Loading class jdk/internal/reflect/MethodHandleBooleanFieldAccessorImpl
Event: 6.941 Loading class jdk/internal/reflect/MethodHandleBooleanFieldAccessorImpl done
Event: 6.957 Loading class java/lang/annotation/ElementType
Event: 6.957 Loading class java/lang/annotation/ElementType done
Event: 6.990 Loading class java/lang/reflect/ParameterizedType
Event: 6.990 Loading class java/lang/reflect/ParameterizedType done
Event: 6.995 Loading class java/lang/reflect/WildcardType
Event: 6.996 Loading class java/lang/reflect/WildcardType done
Event: 7.007 Loading class sun/reflect/generics/tree/TypeVariableSignature
Event: 7.007 Loading class sun/reflect/generics/tree/TypeVariableSignature done
Event: 7.015 Loading class java/util/concurrent/locks/ReentrantReadWriteLock$Sync$HoldCounter
Event: 7.015 Loading class java/util/concurrent/locks/ReentrantReadWriteLock$Sync$HoldCounter done
Event: 7.045 Loading class java/util/concurrent/Executors$DefaultThreadFactory
Event: 7.046 Loading class java/util/concurrent/Executors$DefaultThreadFactory done

Classes unloaded (7 events):
Event: 4.847 Thread 0x000001c952cbec30 Unloading class 0x000001c9011a3800 'java/lang/invoke/LambdaForm$MH+0x000001c9011a3800'
Event: 4.847 Thread 0x000001c952cbec30 Unloading class 0x000001c9011a3400 'java/lang/invoke/LambdaForm$MH+0x000001c9011a3400'
Event: 4.847 Thread 0x000001c952cbec30 Unloading class 0x000001c9011a3000 'java/lang/invoke/LambdaForm$MH+0x000001c9011a3000'
Event: 4.847 Thread 0x000001c952cbec30 Unloading class 0x000001c9011a2c00 'java/lang/invoke/LambdaForm$MH+0x000001c9011a2c00'
Event: 4.847 Thread 0x000001c952cbec30 Unloading class 0x000001c9011a2800 'java/lang/invoke/LambdaForm$BMH+0x000001c9011a2800'
Event: 4.847 Thread 0x000001c952cbec30 Unloading class 0x000001c9011a2400 'java/lang/invoke/LambdaForm$DMH+0x000001c9011a2400'
Event: 4.847 Thread 0x000001c952cbec30 Unloading class 0x000001c9011a1000 'java/lang/invoke/LambdaForm$DMH+0x000001c9011a1000'

Classes redefined (0 events):
No events

Internal exceptions (20 events):
Event: 4.892 Thread 0x000001c970538590 Exception <a 'java/lang/NoSuchMethodError'{0x00000000d5637490}: 'java.lang.Object java.lang.invoke.DirectMethodHandle$Holder.newInvokeSpecial(java.lang.Object, java.lang.Object, java.lang.Object, java.lang.Object, java.lang.Object, java.lang.Object, java.lang.Object)'> (0x00000000d5637490) 
thrown [s\src\hotspot\share\interpreter\linkResolver.cpp, line 773]
Event: 4.900 Thread 0x000001c970538590 Exception <a 'java/lang/NoSuchMethodError'{0x00000000d56b3800}: 'java.lang.Object java.lang.invoke.Invokers$Holder.invoker(java.lang.Object, java.lang.Object, java.lang.Object, java.lang.Object, java.lang.Object, java.lang.Object, java.lang.Object, java.lang.Object, java.lang.Object, java.lang.Object, java.lang.Object, java.lang.Object, java.lang.Object)'> (0x00000000d56b3800) 
thrown [s\src\hotspot\share\interpreter\linkResolver.cpp, line 773]
Event: 4.901 Thread 0x000001c970538590 Exception <a 'java/lang/NoSuchMethodError'{0x00000000d56bdc98}: 'java.lang.Object java.lang.invoke.DelegatingMethodHandle$Holder.delegate(java.lang.Object, java.lang.Object, java.lang.Object, java.lang.Object, java.lang.Object, java.lang.Object, java.lang.Object, java.lang.Object, java.lang.Object, java.lang.Object, java.lang.Object, java.lang.Object, java.lang.Object)'> (0x00000000d56bdc98) 
thrown [s\src\hotspot\share\interpreter\linkResolver.cpp, line 773]
Event: 4.909 Thread 0x000001c970538590 Exception <a 'java/lang/NoSuchMethodError'{0x00000000d572b430}: static Lorg/eclipse/m2e/core/internal/lifecyclemapping/model/PluginExecutionMetadata;.<clinit>()V> (0x00000000d572b430) 
thrown [s\src\hotspot\share\prims\jni.cpp, line 1111]
Event: 4.939 Thread 0x000001c970538590 Exception <a 'java/lang/NoSuchMethodError'{0x00000000d578b218}: static Lorg/eclipse/m2e/core/internal/lifecyclemapping/model/PluginExecutionFilter;.<clinit>()V> (0x00000000d578b218) 
thrown [s\src\hotspot\share\prims\jni.cpp, line 1111]
Event: 4.944 Thread 0x000001c970538590 Exception <a 'java/lang/NoSuchMethodError'{0x00000000d57c12c8}: static Lorg/eclipse/m2e/core/internal/project/registry/MavenProjectFacade$MavenProjectConfiguration;.<clinit>()V> (0x00000000d57c12c8) 
thrown [s\src\hotspot\share\prims\jni.cpp, line 1111]
Event: 5.040 Thread 0x000001c970538590 Exception <a 'java/lang/NoSuchMethodError'{0x00000000d5d4af10}: 'double java.lang.invoke.DirectMethodHandle$Holder.invokeStatic(java.lang.Object, java.lang.Object)'> (0x00000000d5d4af10) 
thrown [s\src\hotspot\share\interpreter\linkResolver.cpp, line 773]
Event: 5.041 Thread 0x000001c970538590 Exception <a 'java/lang/NoSuchMethodError'{0x00000000d5d4e5d0}: 'double java.lang.invoke.DirectMethodHandle$Holder.invokeStaticInit(java.lang.Object, java.lang.Object)'> (0x00000000d5d4e5d0) 
thrown [s\src\hotspot\share\interpreter\linkResolver.cpp, line 773]
Event: 5.466 Thread 0x000001c970538590 Implicit null exception at 0x000001c95dbfa275 to 0x000001c95dbfa350
Event: 5.711 Thread 0x000001c970538590 Exception <a 'java/lang/NoSuchMethodError'{0x00000000d62df898}: 'java.lang.Object java.lang.invoke.DirectMethodHandle$Holder.newInvokeSpecial(java.lang.Object, int, java.lang.Object, java.lang.Object)'> (0x00000000d62df898) 
thrown [s\src\hotspot\share\interpreter\linkResolver.cpp, line 773]
Event: 6.039 Thread 0x000001c970538590 Exception <a 'java/lang/ClassNotFoundException'{0x00000000d56d21a8}: com/sun/org/apache/xerces/internal/impl/msg/spi/DOMMessagesProvider> (0x00000000d56d21a8) 
thrown [s\src\hotspot\share\classfile\systemDictionary.cpp, line 312]
Event: 6.041 Thread 0x000001c970538590 Exception <a 'java/lang/ClassNotFoundException'{0x00000000d56e3960}: com/sun/org/apache/xerces/internal/impl/msg/spi/XMLSerializerMessagesProvider> (0x00000000d56e3960) 
thrown [s\src\hotspot\share\classfile\systemDictionary.cpp, line 312]
Event: 6.041 Thread 0x000001c970538590 Exception <a 'java/lang/ClassNotFoundException'{0x00000000d56f0c30}: com/sun/org/apache/xerces/internal/impl/msg/spi/XMLMessagesProvider> (0x00000000d56f0c30) 
thrown [s\src\hotspot\share\classfile\systemDictionary.cpp, line 312]
Event: 6.042 Thread 0x000001c970f7ca40 Exception <a 'java/lang/NoSuchMethodError'{0x00000000d57413a8}: 'java.lang.Object java.lang.invoke.DirectMethodHandle$Holder.invokeSpecialIFC(java.lang.Object, java.lang.Object, java.lang.Object, java.lang.Object)'> (0x00000000d57413a8) 
thrown [s\src\hotspot\share\interpreter\linkResolver.cpp, line 773]
Event: 6.454 Thread 0x000001c970538590 Exception <a 'java/lang/ClassNotFoundException'{0x00000000d6323910}: com/sun/org/apache/xml/internal/serializer/spi/XMLEntitiesProvider> (0x00000000d6323910) 
thrown [s\src\hotspot\share\classfile\systemDictionary.cpp, line 312]
Event: 6.881 Thread 0x000001c970538590 Exception <a 'java/io/FileNotFoundException'{0x00000000d56b2288}> (0x00000000d56b2288) 
thrown [s\src\hotspot\share\prims\jni.cpp, line 520]
Event: 6.921 Thread 0x000001c970538590 Exception <a 'java/lang/UnsatisfiedLinkError'{0x00000000d58664f0}: The specified procedure could not be found.
> (0x00000000d58664f0) 
thrown [s\src\hotspot\share\prims\jni.cpp, line 539]
Event: 6.925 Thread 0x000001c970538590 Exception <a 'java/io/FileNotFoundException'{0x00000000d587e330}> (0x00000000d587e330) 
thrown [s\src\hotspot\share\prims\jni.cpp, line 520]
Event: 6.936 Thread 0x000001c970538590 Exception <a 'java/io/FileNotFoundException'{0x00000000d597ced8}> (0x00000000d597ced8) 
thrown [s\src\hotspot\share\prims\jni.cpp, line 520]
Event: 6.942 Thread 0x000001c970538590 Exception <a 'java/lang/UnsatisfiedLinkError'{0x00000000d5a1eee8}: The specified procedure could not be found.
> (0x00000000d5a1eee8) 
thrown [s\src\hotspot\share\prims\jni.cpp, line 539]

ZGC Phase Switch (0 events):
No events

VM Operations (20 events):
Event: 4.538 Executing VM operation: ParallelGCFailedAllocation (Allocation Failure)
Event: 4.543 Executing VM operation: ParallelGCFailedAllocation (Allocation Failure) done
Event: 4.779 Executing VM operation: HandshakeAllThreads (Deoptimize)
Event: 4.779 Executing VM operation: HandshakeAllThreads (Deoptimize) done
Event: 4.839 Executing VM operation: CollectForMetadataAllocation (Metadata GC Threshold)
Event: 4.874 Executing VM operation: CollectForMetadataAllocation (Metadata GC Threshold) done
Event: 5.230 Executing VM operation: ParallelGCFailedAllocation (Allocation Failure)
Event: 5.232 Executing VM operation: ParallelGCFailedAllocation (Allocation Failure) done
Event: 5.570 Executing VM operation: ParallelGCFailedAllocation (Allocation Failure)
Event: 5.573 Executing VM operation: ParallelGCFailedAllocation (Allocation Failure) done
Event: 6.003 Executing VM operation: HandshakeAllThreads (Deoptimize)
Event: 6.003 Executing VM operation: HandshakeAllThreads (Deoptimize) done
Event: 6.019 Executing VM operation: ParallelGCFailedAllocation (Allocation Failure)
Event: 6.024 Executing VM operation: ParallelGCFailedAllocation (Allocation Failure) done
Event: 6.111 Executing VM operation: HandshakeAllThreads (Deoptimize)
Event: 6.165 Executing VM operation: HandshakeAllThreads (Deoptimize) done
Event: 6.534 Executing VM operation: HandshakeAllThreads (Deoptimize)
Event: 6.542 Executing VM operation: HandshakeAllThreads (Deoptimize) done
Event: 6.848 Executing VM operation: ParallelGCFailedAllocation (Allocation Failure)
Event: 6.852 Executing VM operation: ParallelGCFailedAllocation (Allocation Failure) done

Memory protections (0 events):
No events

Nmethod flushes (0 events):
No events

Events (20 events):
Event: 1.027 Thread 0x000001c969e1b6b0 Thread added: 0x000001c9700ca570
Event: 1.927 Thread 0x000001c952c204c0 Thread added: 0x000001c97089cff0
Event: 2.215 Thread 0x000001c952c204c0 Thread added: 0x000001c9708358e0
Event: 2.252 Thread 0x000001c9708358e0 Thread added: 0x000001c9707bb270
Event: 2.256 Thread 0x000001c952c204c0 Thread added: 0x000001c970538590
Event: 2.618 Thread 0x000001c970538590 Thread added: 0x000001c970b54610
Event: 2.979 Thread 0x000001c970538590 Thread added: 0x000001c970cfead0
Event: 3.364 Thread 0x000001c9700ca570 Thread exited: 0x000001c9700ca570
Event: 3.364 Thread 0x000001c96baf90a0 Thread exited: 0x000001c96baf90a0
Event: 3.596 Thread 0x000001c970538590 Thread added: 0x000001c97075ca90
Event: 4.022 Thread 0x000001c970538590 Thread added: 0x000001c970f52230
Event: 4.071 Thread 0x000001c970538590 Thread added: 0x000001c970f7ca40
Event: 4.108 Thread 0x000001c970538590 Thread added: 0x000001c970f7c3b0
Event: 4.155 Thread 0x000001c969e1b6b0 Thread added: 0x000001c970f53f40
Event: 5.365 Thread 0x000001c970f53f40 Thread exited: 0x000001c970f53f40
Event: 5.751 Thread 0x000001c969e1b6b0 Thread added: 0x000001c970546690
Event: 6.029 Thread 0x000001c969e1b6b0 Thread added: 0x000001c9727895d0
Event: 6.069 Thread 0x000001c970538590 Thread added: 0x000001c970f7d0d0
Event: 6.072 Thread 0x000001c970f7c3b0 Thread added: 0x000001c970f7d760
Event: 7.013 Thread 0x000001c970f7c3b0 Thread added: 0x000001c970f7b690


Dynamic libraries:
0x00007ff68d4d0000 - 0x00007ff68d4de000 	c:\Users\LOQ\.vscode\extensions\redhat.java-1.51.0-win32-x64\jre\21.0.9-win32-x86_64\bin\java.exe
0x00007ffbbf7c0000 - 0x00007ffbbfa28000 	C:\WINDOWS\SYSTEM32\ntdll.dll
0x00007ffbbf430000 - 0x00007ffbbf4f9000 	C:\WINDOWS\System32\KERNEL32.DLL
0x00007ffbbd020000 - 0x00007ffbbd412000 	C:\WINDOWS\System32\KERNELBASE.dll
0x00007ffbbc950000 - 0x00007ffbbca9b000 	C:\WINDOWS\System32\ucrtbase.dll
0x00007ffb65670000 - 0x00007ffb65688000 	c:\Users\LOQ\.vscode\extensions\redhat.java-1.51.0-win32-x64\jre\21.0.9-win32-x86_64\bin\jli.dll
0x00007ffb69d00000 - 0x00007ffb69d1e000 	c:\Users\LOQ\.vscode\extensions\redhat.java-1.51.0-win32-x64\jre\21.0.9-win32-x86_64\bin\VCRUNTIME140.dll
0x00007ffbbeed0000 - 0x00007ffbbf095000 	C:\WINDOWS\System32\USER32.dll
0x00007ffbbcbd0000 - 0x00007ffbbcbf7000 	C:\WINDOWS\System32\win32u.dll
0x00007ffbbde80000 - 0x00007ffbbdeab000 	C:\WINDOWS\System32\GDI32.dll
0x00007ffb9cd50000 - 0x00007ffb9cfe3000 	C:\WINDOWS\WinSxS\amd64_microsoft.windows.common-controls_6595b64144ccf1df_6.0.26100.6899_none_3e0efeeae32e88c1\COMCTL32.dll
0x00007ffbbcaa0000 - 0x00007ffbbcbcd000 	C:\WINDOWS\System32\gdi32full.dll
0x00007ffbbdeb0000 - 0x00007ffbbdf59000 	C:\WINDOWS\System32\msvcrt.dll
0x00007ffbbd420000 - 0x00007ffbbd4c3000 	C:\WINDOWS\System32\msvcp_win.dll
0x00007ffbbeb10000 - 0x00007ffbbeb3f000 	C:\WINDOWS\System32\IMM32.DLL
0x00007ffb9a9e0000 - 0x00007ffb9a9ec000 	c:\Users\LOQ\.vscode\extensions\redhat.java-1.51.0-win32-x64\jre\21.0.9-win32-x86_64\bin\vcruntime140_1.dll
0x00007ffb5f7a0000 - 0x00007ffb5f82d000 	c:\Users\LOQ\.vscode\extensions\redhat.java-1.51.0-win32-x64\jre\21.0.9-win32-x86_64\bin\msvcp140.dll
0x00007ffaeee00000 - 0x00007ffaefba0000 	c:\Users\LOQ\.vscode\extensions\redhat.java-1.51.0-win32-x64\jre\21.0.9-win32-x86_64\bin\server\jvm.dll
0x00007ffbbe750000 - 0x00007ffbbe804000 	C:\WINDOWS\System32\ADVAPI32.dll
0x00007ffbbe8f0000 - 0x00007ffbbe996000 	C:\WINDOWS\System32\sechost.dll
0x00007ffbbe110000 - 0x00007ffbbe228000 	C:\WINDOWS\System32\RPCRT4.dll
0x00007ffbbe230000 - 0x00007ffbbe2a4000 	C:\WINDOWS\System32\WS2_32.dll
0x00007ffbaee70000 - 0x00007ffbaeea5000 	C:\WINDOWS\SYSTEM32\WINMM.dll
0x00007ffbb56c0000 - 0x00007ffbb56cb000 	C:\WINDOWS\SYSTEM32\VERSION.dll
0x00007ffbbc610000 - 0x00007ffbbc66e000 	C:\WINDOWS\SYSTEM32\POWRPROF.dll
0x00007ffbbc5f0000 - 0x00007ffbbc604000 	C:\WINDOWS\SYSTEM32\UMPDC.dll
0x00007ffbbb720000 - 0x00007ffbbb73b000 	C:\WINDOWS\SYSTEM32\kernel.appcore.dll
0x00007ffb9a7d0000 - 0x00007ffb9a7da000 	c:\Users\LOQ\.vscode\extensions\redhat.java-1.51.0-win32-x64\jre\21.0.9-win32-x86_64\bin\jimage.dll
0x00007ffbb9540000 - 0x00007ffbb9782000 	C:\WINDOWS\SYSTEM32\DBGHELP.DLL
0x00007ffbbeb50000 - 0x00007ffbbeecb000 	C:\WINDOWS\System32\combase.dll
0x00007ffbbe810000 - 0x00007ffbbe8e7000 	C:\WINDOWS\System32\OLEAUT32.dll
0x00007ffb9c520000 - 0x00007ffb9c55c000 	C:\WINDOWS\SYSTEM32\dbgcore.DLL
0x00007ffbbcd70000 - 0x00007ffbbce08000 	C:\WINDOWS\System32\bcryptPrimitives.dll
0x00007ffb785c0000 - 0x00007ffb785cf000 	c:\Users\LOQ\.vscode\extensions\redhat.java-1.51.0-win32-x64\jre\21.0.9-win32-x86_64\bin\instrument.dll
0x00007ffb63b90000 - 0x00007ffb63bb0000 	c:\Users\LOQ\.vscode\extensions\redhat.java-1.51.0-win32-x64\jre\21.0.9-win32-x86_64\bin\java.dll
0x00007ffbbd730000 - 0x00007ffbbde7d000 	C:\WINDOWS\System32\SHELL32.dll
0x00007ffbbcc00000 - 0x00007ffbbcd6b000 	C:\WINDOWS\System32\wintypes.dll
0x00007ffbba570000 - 0x00007ffbbadcd000 	C:\WINDOWS\SYSTEM32\windows.storage.dll
0x00007ffbbf0c0000 - 0x00007ffbbf1b2000 	C:\WINDOWS\System32\SHCORE.dll
0x00007ffbbeaa0000 - 0x00007ffbbeb02000 	C:\WINDOWS\System32\shlwapi.dll
0x00007ffbbc870000 - 0x00007ffbbc899000 	C:\WINDOWS\SYSTEM32\profapi.dll
0x00007ffb60b40000 - 0x00007ffb60b58000 	c:\Users\LOQ\.vscode\extensions\redhat.java-1.51.0-win32-x64\jre\21.0.9-win32-x86_64\bin\zip.dll
0x00007ffb784d0000 - 0x00007ffb784e0000 	C:\Users\LOQ\.vscode\extensions\redhat.java-1.51.0-win32-x64\jre\21.0.9-win32-x86_64\bin\net.dll
0x00007ffbb57b0000 - 0x00007ffbb58cf000 	C:\WINDOWS\SYSTEM32\WINHTTP.dll
0x00007ffbbbc90000 - 0x00007ffbbbcfb000 	C:\WINDOWS\system32\mswsock.dll
0x00007ffb60ae0000 - 0x00007ffb60af6000 	C:\Users\LOQ\.vscode\extensions\redhat.java-1.51.0-win32-x64\jre\21.0.9-win32-x86_64\bin\nio.dll
0x00007ffb771e0000 - 0x00007ffb771f0000 	c:\Users\LOQ\.vscode\extensions\redhat.java-1.51.0-win32-x64\jre\21.0.9-win32-x86_64\bin\verify.dll
0x00007ffb5f230000 - 0x00007ffb5f274000 	C:\Users\LOQ\AppData\Roaming\Code\User\globalStorage\redhat.java\1.51.0\config_win\org.eclipse.equinox.launcher\org.eclipse.equinox.launcher.win32.win32.x86_64_1.2.1400.v20250801-0854\eclipse_11916.dll
0x00007ffbbd590000 - 0x00007ffbbd728000 	C:\WINDOWS\System32\ole32.dll
0x00007ffbbbf40000 - 0x00007ffbbbf5b000 	C:\WINDOWS\SYSTEM32\CRYPTSP.dll
0x00007ffbbb680000 - 0x00007ffbbb6bb000 	C:\WINDOWS\system32\rsaenh.dll
0x00007ffbbbd30000 - 0x00007ffbbbd5b000 	C:\WINDOWS\SYSTEM32\USERENV.dll
0x00007ffbbc840000 - 0x00007ffbbc866000 	C:\WINDOWS\SYSTEM32\bcrypt.dll
0x00007ffbbbf60000 - 0x00007ffbbbf6c000 	C:\WINDOWS\SYSTEM32\CRYPTBASE.dll
0x00007ffbbb250000 - 0x00007ffbbb284000 	C:\WINDOWS\SYSTEM32\IPHLPAPI.DLL
0x00007ffbbf1c0000 - 0x00007ffbbf1ca000 	C:\WINDOWS\System32\NSI.dll
0x00007ffb597a0000 - 0x00007ffb597e9000 	C:\Users\LOQ\AppData\Local\Temp\jna-75566\jna17782550547282415322.dll
0x00007ffbbe740000 - 0x00007ffbbe748000 	C:\WINDOWS\System32\PSAPI.DLL
0x00007ffbb5b60000 - 0x00007ffbb5b7e000 	C:\WINDOWS\SYSTEM32\dhcpcsvc6.DLL
0x00007ffbb5b10000 - 0x00007ffbb5b33000 	C:\WINDOWS\SYSTEM32\dhcpcsvc.DLL

JVMTI agents:
c:\Users\LOQ\.vscode\extensions\redhat.java-1.51.0-win32-x64\lombok\lombok-1.18.39-4050.jar path:c:\Users\LOQ\.vscode\extensions\redhat.java-1.51.0-win32-x64\jre\21.0.9-win32-x86_64\bin\instrument.dll, loaded, initialized, instrumentlib options:none

dbghelp: loaded successfully - version: 4.0.5 - missing functions: none
symbol engine: initialized successfully - sym options: 0x614 - pdb path: .;c:\Users\LOQ\.vscode\extensions\redhat.java-1.51.0-win32-x64\jre\21.0.9-win32-x86_64\bin;C:\WINDOWS\SYSTEM32;C:\WINDOWS\WinSxS\amd64_microsoft.windows.common-controls_6595b64144ccf1df_6.0.26100.6899_none_3e0efeeae32e88c1;c:\Users\LOQ\.vscode\extensions\redhat.java-1.51.0-win32-x64\jre\21.0.9-win32-x86_64\bin\server;C:\Users\LOQ\AppData\Roaming\Code\User\globalStorage\redhat.java\1.51.0\config_win\org.eclipse.equinox.launcher\org.eclipse.equinox.launcher.win32.win32.x86_64_1.2.1400.v20250801-0854;C:\Users\LOQ\AppData\Local\Temp\jna-75566

VM Arguments:
jvm_args: --add-modules=ALL-SYSTEM --add-opens=java.base/java.util=ALL-UNNAMED --add-opens=java.base/java.lang=ALL-UNNAMED --add-opens=java.base/sun.nio.fs=ALL-UNNAMED -Declipse.application=org.eclipse.jdt.ls.core.id1 -Dosgi.bundles.defaultStartLevel=4 -Declipse.product=org.eclipse.jdt.ls.core.product -Djava.import.generatesMetadataFilesAtProjectRoot=false -DDetectVMInstallationsJob.disabled=true -Dfile.encoding=utf8 -XX:+UseParallelGC -XX:GCTimeRatio=4 -XX:AdaptiveSizePolicyWeight=90 -Dsun.zip.disableMemoryMapping=true -Xmx2G -Xms100m -Xlog:disable -javaagent:c:\Users\LOQ\.vscode\extensions\redhat.java-1.51.0-win32-x64\lombok\lombok-1.18.39-4050.jar -XX:+HeapDumpOnOutOfMemoryError -XX:HeapDumpPath=c:\Users\LOQ\AppData\Roaming\Code\User\workspaceStorage\099b6d2cca0fa57c0a55b9bbe2e40508\redhat.java -Daether.dependencyCollector.impl=bf 
java_command: c:\Users\LOQ\.vscode\extensions\redhat.java-1.51.0-win32-x64\server\plugins\org.eclipse.equinox.launcher_1.7.100.v20251111-0406.jar -configuration c:\Users\LOQ\AppData\Roaming\Code\User\globalStorage\redhat.java\1.51.0\config_win -data c:\Users\LOQ\AppData\Roaming\Code\User\workspaceStorage\099b6d2cca0fa57c0a55b9bbe2e40508\redhat.java\jdt_ws --pipe=\\.\pipe\lsp-df96fa7fd642fd6483289ee8d082fc10-sock
java_class_path (initial): c:\Users\LOQ\.vscode\extensions\redhat.java-1.51.0-win32-x64\server\plugins\org.eclipse.equinox.launcher_1.7.100.v20251111-0406.jar
Launcher Type: SUN_STANDARD

[Global flags]
    uintx AdaptiveSizePolicyWeight                 = 90                                        {product} {command line}
     intx CICompilerCount                          = 4                                         {product} {ergonomic}
    uintx GCTimeRatio                              = 4                                         {product} {command line}
     bool HeapDumpOnOutOfMemoryError               = true                                   {manageable} {command line}
    ccstr HeapDumpPath                             = c:\Users\LOQ\AppData\Roaming\Code\User\workspaceStorage\099b6d2cca0fa57c0a55b9bbe2e40508\redhat.java         {manageable} {command line}
   size_t InitialHeapSize                          = 104857600                                 {product} {command line}
   size_t MaxHeapSize                              = 2147483648                                {product} {command line}
   size_t MaxNewSize                               = 715653120                                 {product} {ergonomic}
   size_t MinHeapDeltaBytes                        = 524288                                    {product} {ergonomic}
   size_t MinHeapSize                              = 104857600                                 {product} {command line}
   size_t NewSize                                  = 34603008                                  {product} {ergonomic}
    uintx NonNMethodCodeHeapSize                   = 5839372                                {pd product} {ergonomic}
    uintx NonProfiledCodeHeapSize                  = 122909434                              {pd product} {ergonomic}
   size_t OldSize                                  = 70254592                                  {product} {ergonomic}
    uintx ProfiledCodeHeapSize                     = 122909434                              {pd product} {ergonomic}
    uintx ReservedCodeCacheSize                    = 251658240                              {pd product} {ergonomic}
     bool SegmentedCodeCache                       = true                                      {product} {ergonomic}
   size_t SoftMaxHeapSize                          = 2147483648                             {manageable} {ergonomic}
     bool UseCompressedOops                        = true                           {product lp64_product} {ergonomic}
     bool UseLargePagesIndividualAllocation        = false                                  {pd product} {ergonomic}
     bool UseParallelGC                            = true                                      {product} {command line}

Logging:
Log output configuration:
 #0: stdout all=off uptime,level,tags foldmultilines=false
 #1: stderr all=off uptime,level,tags foldmultilines=false

Release file:
JAVA_VERSION="21.0.9" 
MODULES="java.base java.compiler java.datatransfer java.xml java.prefs java.desktop java.instrument java.logging java.management java.security.sasl java.naming java.rmi java.management.rmi java.net.http java.scripting java.security.jgss java.transaction.xa java.sql java.sql.rowset java.xml.crypto java.se java.smartcardio jdk.accessibility jdk.internal.jvmstat jdk.attach jdk.charsets jdk.internal.opt jdk.zipfs jdk.compiler jdk.crypto.ec jdk.crypto.cryptoki jdk.crypto.mscapi jdk.dynalink jdk.internal.ed jdk.editpad jdk.hotspot.agent jdk.httpserver jdk.internal.le jdk.internal.vm.ci jdk.internal.vm.compiler jdk.internal.vm.compiler.management jdk.jartool jdk.javadoc jdk.jcmd jdk.management jdk.management.agent jdk.jconsole jdk.jdeps jdk.jdwp.agent jdk.jdi jdk.jfr jdk.jshell jdk.jsobject jdk.jstatd jdk.localedata jdk.management.jfr jdk.naming.dns jdk.naming.rmi jdk.net jdk.nio.mapmode jdk.random jdk.sctp jdk.security.auth jdk.security.jgss jdk.unsupported jdk.unsupported.desktop jdk.xml.dom" 

Environment Variables:
PATH=C:\Program Files (x86)\Common Files\Intel\Shared Libraries\redist\intel64\compiler;C:\Program Files\Common Files\Oracle\Java\javapath;C:\WINDOWS\system32;C:\WINDOWS;C:\WINDOWS\System32\Wbem;C:\WINDOWS\System32\WindowsPowerShell\v1.0\;C:\WINDOWS\System32\OpenSSH\;C:\Program Files (x86)\NVIDIA Corporation\PhysX\Common;C:\Program Files\NVIDIA Corporation\NVIDIA NvDLISR;C:\Users\LOQ\Downloads\apache-maven-3.9.9-bin\apache-maven-3.9.9\bin;C:\Program Files\Git\cmd;C:\Program Files\nodejs\;C:\ProgramData\chocolatey\bin;C:\Program Files\Maven\apache-maven-3.9.11-bin\bin;C:\flutter\bin;C:\Program Files (x86)\Microsoft SQL Server\160\Tools\Binn\;C:\Program Files\Microsoft SQL Server\160\Tools\Binn\;C:\Program Files\Microsoft SQL Server\Client SDK\ODBC\170\Tools\Binn\;C:\Program Files\Microsoft SQL Server\160\DTS\Binn\;C:\Users\LOQ\AppData\Local\Microsoft\WindowsApps;C:\Users\LOQ\AppData\Local\Programs\Microsoft VS Code\bin;C:\Users\LOQ\AppData\Local\GitHubDesktop\bin;D:\src\flutter_windows_3.29.2-stable\flutter\bin;C:\Users\LOQ\AppData\Roaming\npm;C:\flutter\bin
USERNAME=LOQ
OS=Windows_NT
PROCESSOR_IDENTIFIER=AMD64 Family 25 Model 68 Stepping 1, AuthenticAMD
TMP=C:\Users\LOQ\AppData\Local\Temp
TEMP=C:\Users\LOQ\AppData\Local\Temp




Periodic native trim disabled

---------------  S Y S T E M  ---------------

OS:
 Windows 11 , 64 bit Build 26100 (10.0.26100.6725)
OS uptime: 2 days 22:02 hours
Hyper-V role detected

CPU: total 8 (initial active 8) (8 cores per cpu, 2 threads per core) family 25 model 68 stepping 1 microcode 0xa404105, cx8, cmov, fxsr, ht, mmx, 3dnowpref, sse, sse2, sse3, ssse3, sse4a, sse4.1, sse4.2, popcnt, lzcnt, tsc, tscinvbit, avx, avx2, aes, erms, clmul, bmi1, bmi2, adx, sha, fma, vzeroupper, clflush, clflushopt, hv, rdtscp, rdpid, fsrm, f16c, cet_ss
Processor Information for the first 8 processors :
  Max Mhz: 3201, Current Mhz: 3201, Mhz Limit: 3201

Memory: 4k page, system-wide physical 11972M (1318M free)
TotalPageFile size 26036M (AvailPageFile size 7M)
current process WorkingSet (physical memory assigned to process): 208M, peak: 208M
current process commit charge ("private bytes"): 332M, peak: 334M

vm_info: OpenJDK 64-Bit Server VM (21.0.9+10-LTS) for windows-amd64 JRE (21.0.9+10-LTS), built on 2025-10-21T00:00:00Z by "admin" with unknown MS VC++:1942

END.
