#
# There is insufficient memory for the Java Runtime Environment to continue.
# Native memory allocation (malloc) failed to allocate 236816 bytes. Error detail: Chunk::new
# Possible reasons:
#   The system is out of physical RAM or swap space
#   This process is running with CompressedOops enabled, and the Java Heap may be blocking the growth of the native heap
# Possible solutions:
#   Reduce memory load on the system
#   Increase physical memory or swap space
#   Check if swap backing store is full
#   Decrease Java heap size (-Xmx/-Xms)
#   Decrease number of Java threads
#   Decrease Java thread stack sizes (-Xss)
#   Set larger code cache with -XX:ReservedCodeCacheSize=
#   JVM is running with Unscaled Compressed Oops mode in which the Java heap is
#     placed in the first 4GB address space. The Java Heap base address is the
#     maximum limit for the native heap growth. Please use -XX:HeapBaseMinAddress
#     to set the Java Heap base and to place the Java Heap above 4GB virtual address.
# This output file may be truncated or incomplete.
#
#  Out of Memory Error (arena.cpp:168), pid=48204, tid=21904
#
# JRE version: OpenJDK Runtime Environment Temurin-21.0.9+10 (21.0.9+10) (build 21.0.9+10-LTS)
# Java VM: OpenJDK 64-Bit Server VM Temurin-21.0.9+10 (21.0.9+10-LTS, mixed mode, sharing, tiered, compressed oops, compressed class ptrs, parallel gc, windows-amd64)
# No core dump will be written. Minidumps are not enabled by default on client versions of Windows
#

---------------  S U M M A R Y ------------

Command Line: --add-modules=ALL-SYSTEM --add-opens=java.base/java.util=ALL-UNNAMED --add-opens=java.base/java.lang=ALL-UNNAMED --add-opens=java.base/sun.nio.fs=ALL-UNNAMED -Declipse.application=org.eclipse.jdt.ls.core.id1 -Dosgi.bundles.defaultStartLevel=4 -Declipse.product=org.eclipse.jdt.ls.core.product -Djava.import.generatesMetadataFilesAtProjectRoot=false -DDetectVMInstallationsJob.disabled=true -Dfile.encoding=utf8 -XX:+UseParallelGC -XX:GCTimeRatio=4 -XX:AdaptiveSizePolicyWeight=90 -Dsun.zip.disableMemoryMapping=true -Xmx2G -Xms100m -Xlog:disable -javaagent:c:\Users\LOQ\.vscode\extensions\redhat.java-1.51.0-win32-x64\lombok\lombok-1.18.39-4050.jar -XX:+HeapDumpOnOutOfMemoryError -XX:HeapDumpPath=c:\Users\LOQ\AppData\Roaming\Code\User\workspaceStorage\099b6d2cca0fa57c0a55b9bbe2e40508\redhat.java -Daether.dependencyCollector.impl=bf c:\Users\LOQ\.vscode\extensions\redhat.java-1.51.0-win32-x64\server\plugins\org.eclipse.equinox.launcher_1.7.100.v20251111-0406.jar -configuration c:\Users\LOQ\AppData\Roaming\Code\User\globalStorage\redhat.java\1.51.0\config_win -data c:\Users\LOQ\AppData\Roaming\Code\User\workspaceStorage\099b6d2cca0fa57c0a55b9bbe2e40508\redhat.java\jdt_ws --pipe=\\.\pipe\lsp-501f5c9a5cfc34739121c29884b86689-sock

Host: AMD Ryzen 5 7235HS                             , 8 cores, 11G,  Windows 11 , 64 bit Build 26100 (10.0.26100.6725)
Time: Sun Jan 25 13:21:19 2026 Sri Lanka Standard Time elapsed time: 3.241005 seconds (0d 0h 0m 3s)

---------------  T H R E A D  ---------------

Current thread (0x00000166d168b910):  JavaThread "C2 CompilerThread1" daemon [_thread_in_native, id=21904, stack(0x00000029c1f00000,0x00000029c2000000) (1024K)]


Current CompileTask:
C2:3241 2537       4       java.io.DataInputStream::readFully (59 bytes)

Stack: [0x00000029c1f00000,0x00000029c2000000]
Native frames: (J=compiled Java code, j=interpreted, Vv=VM code, C=native code)
V  [jvm.dll+0x6d6e29]
V  [jvm.dll+0x8b4b76]
V  [jvm.dll+0x8b712e]
V  [jvm.dll+0x8b7813]
V  [jvm.dll+0x283d86]
V  [jvm.dll+0xc66ed]
V  [jvm.dll+0xc6c31]
V  [jvm.dll+0x3be501]
V  [jvm.dll+0x1e3d59]
V  [jvm.dll+0x24c0f3]
V  [jvm.dll+0x24b580]
V  [jvm.dll+0x1cb13e]
V  [jvm.dll+0x25b29d]
V  [jvm.dll+0x25982a]
V  [jvm.dll+0x3f7ea6]
V  [jvm.dll+0x85e9ad]
V  [jvm.dll+0x6d565d]
C  [ucrtbase.dll+0x37b0]
C  [KERNEL32.DLL+0x2e8d7]
C  [ntdll.dll+0x8c53c]


---------------  P R O C E S S  ---------------

Threads class SMR info:
_java_thread_list=0x00000166d680a290, length=19, elements={
0x00000166f7fed8f0, 0x00000166ffa5c550, 0x00000166ffa619e0, 0x00000166ffa64f50,
0x00000166ffa65ba0, 0x00000166ffa68ce0, 0x00000166ffa6bb40, 0x00000166ffa6fd30,
0x00000166ffa727d0, 0x00000166d1596710, 0x00000166d1738830, 0x00000166d168b910,
0x00000166d182ce40, 0x00000166d60c06b0, 0x00000166d609fd90, 0x00000166d61a8fb0,
0x00000166d61aa600, 0x00000166d62887a0, 0x00000166d67922c0
}

Java Threads: ( => current thread )
  0x00000166f7fed8f0 JavaThread "main"                              [_thread_blocked, id=10580, stack(0x00000029c1100000,0x00000029c1200000) (1024K)]
  0x00000166ffa5c550 JavaThread "Reference Handler"          daemon [_thread_blocked, id=46380, stack(0x00000029c1500000,0x00000029c1600000) (1024K)]
  0x00000166ffa619e0 JavaThread "Finalizer"                  daemon [_thread_blocked, id=15364, stack(0x00000029c1600000,0x00000029c1700000) (1024K)]
  0x00000166ffa64f50 JavaThread "Signal Dispatcher"          daemon [_thread_blocked, id=42356, stack(0x00000029c1700000,0x00000029c1800000) (1024K)]
  0x00000166ffa65ba0 JavaThread "Attach Listener"            daemon [_thread_blocked, id=14484, stack(0x00000029c1800000,0x00000029c1900000) (1024K)]
  0x00000166ffa68ce0 JavaThread "Service Thread"             daemon [_thread_blocked, id=48344, stack(0x00000029c1900000,0x00000029c1a00000) (1024K)]
  0x00000166ffa6bb40 JavaThread "Monitor Deflation Thread"   daemon [_thread_blocked, id=49252, stack(0x00000029c1a00000,0x00000029c1b00000) (1024K)]
  0x00000166ffa6fd30 JavaThread "C2 CompilerThread0"         daemon [_thread_blocked, id=35528, stack(0x00000029c1b00000,0x00000029c1c00000) (1024K)]
  0x00000166ffa727d0 JavaThread "C1 CompilerThread0"         daemon [_thread_blocked, id=45500, stack(0x00000029c1c00000,0x00000029c1d00000) (1024K)]
  0x00000166d1596710 JavaThread "Common-Cleaner"             daemon [_thread_blocked, id=12884, stack(0x00000029c1e00000,0x00000029c1f00000) (1024K)]
  0x00000166d1738830 JavaThread "Notification Thread"        daemon [_thread_blocked, id=49820, stack(0x00000029c1d00000,0x00000029c1e00000) (1024K)]
=>0x00000166d168b910 JavaThread "C2 CompilerThread1"         daemon [_thread_in_native, id=21904, stack(0x00000029c1f00000,0x00000029c2000000) (1024K)]
  0x00000166d182ce40 JavaThread "C2 CompilerThread2"         daemon [_thread_blocked, id=29840, stack(0x00000029c2000000,0x00000029c2100000) (1024K)]
  0x00000166d60c06b0 JavaThread "Active Thread: Equinox Container: 1b6c2332-0cd4-48de-a8d6-3ffb88fb2479"        [_thread_blocked, id=39460, stack(0x00000029c2700000,0x00000029c2800000) (1024K)]
  0x00000166d609fd90 JavaThread "Refresh Thread: Equinox Container: 1b6c2332-0cd4-48de-a8d6-3ffb88fb2479" daemon [_thread_blocked, id=37708, stack(0x00000029c2900000,0x00000029c2a00000) (1024K)]
  0x00000166d61a8fb0 JavaThread "Framework Event Dispatcher: Equinox Container: 1b6c2332-0cd4-48de-a8d6-3ffb88fb2479" daemon [_thread_blocked, id=47240, stack(0x00000029c2a00000,0x00000029c2b00000) (1024K)]
  0x00000166d61aa600 JavaThread "Start Level: Equinox Container: 1b6c2332-0cd4-48de-a8d6-3ffb88fb2479" daemon [_thread_in_Java, id=34272, stack(0x00000029c2b00000,0x00000029c2c00000) (1024K)]
  0x00000166d62887a0 JavaThread "Bundle File Closer"         daemon [_thread_blocked, id=8344, stack(0x00000029c2c00000,0x00000029c2d00000) (1024K)]
  0x00000166d67922c0 JavaThread "SCR Component Actor"        daemon [_thread_blocked, id=9080, stack(0x00000029c2d00000,0x00000029c2e00000) (1024K)]
Total: 19

Other Threads:
  0x00000166f80ae550 VMThread "VM Thread"                           [id=46444, stack(0x00000029c1400000,0x00000029c1500000) (1024K)]
  0x00000166ff97ca00 WatcherThread "VM Periodic Task Thread"        [id=29620, stack(0x00000029c1300000,0x00000029c1400000) (1024K)]
  0x00000166f800bc50 WorkerThread "GC Thread#0"                     [id=29188, stack(0x00000029c1200000,0x00000029c1300000) (1024K)]
  0x00000166d19eb240 WorkerThread "GC Thread#1"                     [id=10380, stack(0x00000029c2100000,0x00000029c2200000) (1024K)]
  0x00000166d19eb5e0 WorkerThread "GC Thread#2"                     [id=17340, stack(0x00000029c2200000,0x00000029c2300000) (1024K)]
  0x00000166d19eb980 WorkerThread "GC Thread#3"                     [id=41332, stack(0x00000029c2300000,0x00000029c2400000) (1024K)]
  0x00000166d18f0f30 WorkerThread "GC Thread#4"                     [id=29132, stack(0x00000029c2400000,0x00000029c2500000) (1024K)]
  0x00000166d18f12d0 WorkerThread "GC Thread#5"                     [id=49236, stack(0x00000029c2500000,0x00000029c2600000) (1024K)]
  0x00000166d18f1670 WorkerThread "GC Thread#6"                     [id=3368, stack(0x00000029c2600000,0x00000029c2700000) (1024K)]
  0x00000166d1d3a7f0 WorkerThread "GC Thread#7"                     [id=49936, stack(0x00000029c2800000,0x00000029c2900000) (1024K)]
Total: 10

Threads with active compile tasks:
C2 CompilerThread1  3262 2537       4       java.io.DataInputStream::readFully (59 bytes)
Total: 1

VM state: not at safepoint (normal execution)

VM Mutex/Monitor currently owned by a thread: None

Heap address: 0x0000000080000000, size: 2048 MB, Compressed Oops mode: 32-bit

CDS archive(s) mapped at: [0x000001668f000000-0x000001668fba0000-0x000001668fba0000), size 12189696, SharedBaseAddress: 0x000001668f000000, ArchiveRelocationMode: 1.
Compressed class space mapped at: 0x0000016690000000-0x00000166d0000000, reserved size: 1073741824
Narrow klass base: 0x000001668f000000, Narrow klass shift: 0, Narrow klass range: 0x100000000

GC Precious Log:
 CardTable entry size: 512
 CPUs: 8 total, 8 available
 Memory: 11972M
 Large Page Support: Disabled
 NUMA Support: Disabled
 Compressed Oops: Enabled (32-bit)
 Alignments: Space 512K, Generation 512K, Heap 2M
 Heap Min Capacity: 100M
 Heap Initial Capacity: 100M
 Heap Max Capacity: 2G
 Pre-touch: Disabled
 Parallel Workers: 8

Heap:
 PSYoungGen      total 29696K, used 8764K [0x00000000d5580000, 0x00000000d7680000, 0x0000000100000000)
  eden space 25600K, 18% used [0x00000000d5580000,0x00000000d5a11ab0,0x00000000d6e80000)
  from space 4096K, 99% used [0x00000000d7280000,0x00000000d767d8a0,0x00000000d7680000)
  to   space 4096K, 0% used [0x00000000d6e80000,0x00000000d6e80000,0x00000000d7280000)
 ParOldGen       total 68608K, used 6624K [0x0000000080000000, 0x0000000084300000, 0x00000000d5580000)
  object space 68608K, 9% used [0x0000000080000000,0x00000000806783e8,0x0000000084300000)
 Metaspace       used 12392K, committed 12864K, reserved 1114112K
  class space    used 1317K, committed 1536K, reserved 1048576K

Card table byte_map: [0x00000166f7990000,0x00000166f7da0000] _byte_map_base: 0x00000166f7590000

Marking Bits: (ParMarkBitMap*) 0x00007ffae52e2460
 Begin Bits: [0x00000166fb4a0000, 0x00000166fd4a0000)
 End Bits:   [0x00000166fd4a0000, 0x00000166ff4a0000)

Polling page: 0x00000166f7750000

Metaspace:

Usage:
  Non-class:     10.82 MB used.
      Class:      1.29 MB used.
       Both:     12.10 MB used.

Virtual space:
  Non-class space:       64.00 MB reserved,      11.06 MB ( 17%) committed,  1 nodes.
      Class space:        1.00 GB reserved,       1.50 MB ( <1%) committed,  1 nodes.
             Both:        1.06 GB reserved,      12.56 MB (  1%) committed. 

Chunk freelists:
   Non-Class:  4.94 MB
       Class:  14.56 MB
        Both:  19.50 MB

MaxMetaspaceSize: unlimited
CompressedClassSpaceSize: 1.00 GB
Initial GC threshold: 21.00 MB
Current GC threshold: 21.00 MB
CDS: on
 - commit_granule_bytes: 65536.
 - commit_granule_words: 8192.
 - virtual_space_node_default_size: 8388608.
 - enlarge_chunks_in_place: 1.
 - use_allocation_guard: 0.


Internal statistics:

num_allocs_failed_limit: 0.
num_arena_births: 278.
num_arena_deaths: 0.
num_vsnodes_births: 2.
num_vsnodes_deaths: 0.
num_space_committed: 201.
num_space_uncommitted: 0.
num_chunks_returned_to_freelist: 0.
num_chunks_taken_from_freelist: 638.
num_chunk_merges: 0.
num_chunk_splits: 409.
num_chunks_enlarged: 284.
num_inconsistent_stats: 0.

CodeHeap 'non-profiled nmethods': size=120000Kb used=1225Kb max_used=1225Kb free=118774Kb
 bounds [0x0000016687ad0000, 0x0000016687d40000, 0x000001668f000000]
CodeHeap 'profiled nmethods': size=120000Kb used=5041Kb max_used=5041Kb free=114958Kb
 bounds [0x0000016680000000, 0x00000166804f0000, 0x0000016687530000]
CodeHeap 'non-nmethods': size=5760Kb used=1236Kb max_used=1261Kb free=4523Kb
 bounds [0x0000016687530000, 0x00000166877a0000, 0x0000016687ad0000]
CodeCache: size=245760Kb, used=7502Kb, max_used=7527Kb, free=238255Kb
 total_blobs=3066, nmethods=2562, adapters=410, full_count=0
Compilation: enabled, stopped_count=0, restarted_count=0

Compilation events (20 events):
Event: 3.232 Thread 0x00000166ffa727d0 nmethod 2547 0x00000166804e4e90 code [0x00000166804e5060, 0x00000166804e5340]
Event: 3.232 Thread 0x00000166ffa727d0 2549   !   3       org.eclipse.osgi.storage.StorageUtil::getBytes (171 bytes)
Event: 3.233 Thread 0x00000166ffa727d0 nmethod 2549 0x00000166804e5410 code [0x00000166804e5660, 0x00000166804e6308]
Event: 3.233 Thread 0x00000166ffa727d0 2548       3       org.eclipse.osgi.storage.bundlefile.ZipBundleEntry::getSize (8 bytes)
Event: 3.233 Thread 0x00000166ffa727d0 nmethod 2548 0x00000166804e6810 code [0x00000166804e69a0, 0x00000166804e6b50]
Event: 3.233 Thread 0x00000166ffa727d0 2550       3       org.eclipse.osgi.internal.weaving.WeavingHookConfigurator::recordClassDefine (65 bytes)
Event: 3.233 Thread 0x00000166ffa727d0 nmethod 2550 0x00000166804e6c10 code [0x00000166804e6e20, 0x00000166804e7518]
Event: 3.233 Thread 0x00000166ffa727d0 2551       3       org.eclipse.osgi.internal.loader.ModuleClassLoader$DefineClassResult::<init> (15 bytes)
Event: 3.234 Thread 0x00000166ffa727d0 nmethod 2551 0x00000166804e7710 code [0x00000166804e78c0, 0x00000166804e7a50]
Event: 3.236 Thread 0x00000166d182ce40 nmethod 2536 0x0000016687bfc410 code [0x0000016687bfc6c0, 0x0000016687bfd638]
Event: 3.236 Thread 0x00000166d182ce40 2541       4       java.util.concurrent.locks.ReentrantLock::unlock (10 bytes)
Event: 3.237 Thread 0x00000166ffa6fd30 nmethod 2545% 0x0000016687bfe110 code [0x0000016687bfe300, 0x0000016687bfeea8]
Event: 3.237 Thread 0x00000166ffa6fd30 2539       4       java.util.concurrent.locks.ReentrantLock::lock (8 bytes)
Event: 3.238 Thread 0x00000166ffa6fd30 nmethod 2539 0x0000016687bff390 code [0x0000016687bff520, 0x0000016687bff678]
Event: 3.238 Thread 0x00000166d182ce40 nmethod 2541 0x0000016687bff810 code [0x0000016687bff9c0, 0x0000016687bffb38]
Event: 3.238 Thread 0x00000166ffa6fd30 2540       4       jdk.internal.misc.InternalLock::lock (8 bytes)
Event: 3.238 Thread 0x00000166d182ce40 2542       4       java.util.concurrent.locks.AbstractQueuedSynchronizer::release (19 bytes)
Event: 3.239 Thread 0x00000166ffa727d0 2552       3       jdk.internal.misc.Unsafe::getAndAddInt (27 bytes)
Event: 3.239 Thread 0x00000166ffa727d0 nmethod 2552 0x00000166804e7b10 code [0x00000166804e7cc0, 0x00000166804e7ef0]
Event: 3.239 Thread 0x00000166ffa727d0 2554       3       org.eclipse.osgi.container.Module::checkValid (47 bytes)

GC Heap History (8 events):
Event: 1.433 GC heap before
{Heap before GC invocations=1 (full 0):
 PSYoungGen      total 29696K, used 25600K [0x00000000d5580000, 0x00000000d7680000, 0x0000000100000000)
  eden space 25600K, 100% used [0x00000000d5580000,0x00000000d6e80000,0x00000000d6e80000)
  from space 4096K, 0% used [0x00000000d7280000,0x00000000d7280000,0x00000000d7680000)
  to   space 4096K, 0% used [0x00000000d6e80000,0x00000000d6e80000,0x00000000d7280000)
 ParOldGen       total 68608K, used 0K [0x0000000080000000, 0x0000000084300000, 0x00000000d5580000)
  object space 68608K, 0% used [0x0000000080000000,0x0000000080000000,0x0000000084300000)
 Metaspace       used 4346K, committed 4608K, reserved 1114112K
  class space    used 472K, committed 576K, reserved 1048576K
}
Event: 1.441 GC heap after
{Heap after GC invocations=1 (full 0):
 PSYoungGen      total 29696K, used 3303K [0x00000000d5580000, 0x00000000d7680000, 0x0000000100000000)
  eden space 25600K, 0% used [0x00000000d5580000,0x00000000d5580000,0x00000000d6e80000)
  from space 4096K, 80% used [0x00000000d6e80000,0x00000000d71b9e98,0x00000000d7280000)
  to   space 4096K, 0% used [0x00000000d7280000,0x00000000d7280000,0x00000000d7680000)
 ParOldGen       total 68608K, used 8K [0x0000000080000000, 0x0000000084300000, 0x00000000d5580000)
  object space 68608K, 0% used [0x0000000080000000,0x0000000080002000,0x0000000084300000)
 Metaspace       used 4346K, committed 4608K, reserved 1114112K
  class space    used 472K, committed 576K, reserved 1048576K
}
Event: 2.271 GC heap before
{Heap before GC invocations=2 (full 0):
 PSYoungGen      total 29696K, used 28903K [0x00000000d5580000, 0x00000000d7680000, 0x0000000100000000)
  eden space 25600K, 100% used [0x00000000d5580000,0x00000000d6e80000,0x00000000d6e80000)
  from space 4096K, 80% used [0x00000000d6e80000,0x00000000d71b9e98,0x00000000d7280000)
  to   space 4096K, 0% used [0x00000000d7280000,0x00000000d7280000,0x00000000d7680000)
 ParOldGen       total 68608K, used 8K [0x0000000080000000, 0x0000000084300000, 0x00000000d5580000)
  object space 68608K, 0% used [0x0000000080000000,0x0000000080002000,0x0000000084300000)
 Metaspace       used 8009K, committed 8320K, reserved 1114112K
  class space    used 832K, committed 960K, reserved 1048576K
}
Event: 2.278 GC heap after
{Heap after GC invocations=2 (full 0):
 PSYoungGen      total 29696K, used 4071K [0x00000000d5580000, 0x00000000d7680000, 0x0000000100000000)
  eden space 25600K, 0% used [0x00000000d5580000,0x00000000d5580000,0x00000000d6e80000)
  from space 4096K, 99% used [0x00000000d7280000,0x00000000d7679e98,0x00000000d7680000)
  to   space 4096K, 0% used [0x00000000d6e80000,0x00000000d6e80000,0x00000000d7280000)
 ParOldGen       total 68608K, used 2060K [0x0000000080000000, 0x0000000084300000, 0x00000000d5580000)
  object space 68608K, 3% used [0x0000000080000000,0x0000000080203030,0x0000000084300000)
 Metaspace       used 8009K, committed 8320K, reserved 1114112K
  class space    used 832K, committed 960K, reserved 1048576K
}
Event: 2.695 GC heap before
{Heap before GC invocations=3 (full 0):
 PSYoungGen      total 29696K, used 29488K [0x00000000d5580000, 0x00000000d7680000, 0x0000000100000000)
  eden space 25600K, 99% used [0x00000000d5580000,0x00000000d6e52538,0x00000000d6e80000)
  from space 4096K, 99% used [0x00000000d7280000,0x00000000d7679e98,0x00000000d7680000)
  to   space 4096K, 0% used [0x00000000d6e80000,0x00000000d6e80000,0x00000000d7280000)
 ParOldGen       total 68608K, used 2060K [0x0000000080000000, 0x0000000084300000, 0x00000000d5580000)
  object space 68608K, 3% used [0x0000000080000000,0x0000000080203030,0x0000000084300000)
 Metaspace       used 9434K, committed 9728K, reserved 1114112K
  class space    used 1005K, committed 1152K, reserved 1048576K
}
Event: 2.701 GC heap after
{Heap after GC invocations=3 (full 0):
 PSYoungGen      total 29696K, used 4090K [0x00000000d5580000, 0x00000000d7680000, 0x0000000100000000)
  eden space 25600K, 0% used [0x00000000d5580000,0x00000000d5580000,0x00000000d6e80000)
  from space 4096K, 99% used [0x00000000d6e80000,0x00000000d727e918,0x00000000d7280000)
  to   space 4096K, 0% used [0x00000000d7280000,0x00000000d7280000,0x00000000d7680000)
 ParOldGen       total 68608K, used 5038K [0x0000000080000000, 0x0000000084300000, 0x00000000d5580000)
  object space 68608K, 7% used [0x0000000080000000,0x00000000804eb898,0x0000000084300000)
 Metaspace       used 9434K, committed 9728K, reserved 1114112K
  class space    used 1005K, committed 1152K, reserved 1048576K
}
Event: 3.172 GC heap before
{Heap before GC invocations=4 (full 0):
 PSYoungGen      total 29696K, used 29690K [0x00000000d5580000, 0x00000000d7680000, 0x0000000100000000)
  eden space 25600K, 100% used [0x00000000d5580000,0x00000000d6e80000,0x00000000d6e80000)
  from space 4096K, 99% used [0x00000000d6e80000,0x00000000d727e918,0x00000000d7280000)
  to   space 4096K, 0% used [0x00000000d7280000,0x00000000d7280000,0x00000000d7680000)
 ParOldGen       total 68608K, used 5038K [0x0000000080000000, 0x0000000084300000, 0x00000000d5580000)
  object space 68608K, 7% used [0x0000000080000000,0x00000000804eb898,0x0000000084300000)
 Metaspace       used 11699K, committed 12032K, reserved 1114112K
  class space    used 1240K, committed 1408K, reserved 1048576K
}
Event: 3.176 GC heap after
{Heap after GC invocations=4 (full 0):
 PSYoungGen      total 29696K, used 4086K [0x00000000d5580000, 0x00000000d7680000, 0x0000000100000000)
  eden space 25600K, 0% used [0x00000000d5580000,0x00000000d5580000,0x00000000d6e80000)
  from space 4096K, 99% used [0x00000000d7280000,0x00000000d767d8a0,0x00000000d7680000)
  to   space 4096K, 0% used [0x00000000d6e80000,0x00000000d6e80000,0x00000000d7280000)
 ParOldGen       total 68608K, used 6624K [0x0000000080000000, 0x0000000084300000, 0x00000000d5580000)
  object space 68608K, 9% used [0x0000000080000000,0x00000000806783e8,0x0000000084300000)
 Metaspace       used 11699K, committed 12032K, reserved 1114112K
  class space    used 1240K, committed 1408K, reserved 1048576K
}

Dll operation events (9 events):
Event: 0.015 Loaded shared library c:\Users\LOQ\.vscode\extensions\redhat.java-1.51.0-win32-x64\jre\21.0.9-win32-x86_64\bin\java.dll
Event: 0.135 Loaded shared library c:\Users\LOQ\.vscode\extensions\redhat.java-1.51.0-win32-x64\jre\21.0.9-win32-x86_64\bin\zip.dll
Event: 0.183 Loaded shared library C:\Users\LOQ\.vscode\extensions\redhat.java-1.51.0-win32-x64\jre\21.0.9-win32-x86_64\bin\instrument.dll
Event: 0.189 Loaded shared library C:\Users\LOQ\.vscode\extensions\redhat.java-1.51.0-win32-x64\jre\21.0.9-win32-x86_64\bin\net.dll
Event: 0.193 Loaded shared library C:\Users\LOQ\.vscode\extensions\redhat.java-1.51.0-win32-x64\jre\21.0.9-win32-x86_64\bin\nio.dll
Event: 0.202 Loaded shared library C:\Users\LOQ\.vscode\extensions\redhat.java-1.51.0-win32-x64\jre\21.0.9-win32-x86_64\bin\zip.dll
Event: 0.314 Loaded shared library C:\Users\LOQ\.vscode\extensions\redhat.java-1.51.0-win32-x64\jre\21.0.9-win32-x86_64\bin\jimage.dll
Event: 0.527 Loaded shared library c:\Users\LOQ\.vscode\extensions\redhat.java-1.51.0-win32-x64\jre\21.0.9-win32-x86_64\bin\verify.dll
Event: 2.288 Loaded shared library C:\Users\LOQ\AppData\Roaming\Code\User\globalStorage\redhat.java\1.51.0\config_win\org.eclipse.equinox.launcher\org.eclipse.equinox.launcher.win32.win32.x86_64_1.2.1400.v20250801-0854\eclipse_11916.dll

Deoptimization events (20 events):
Event: 2.999 Thread 0x00000166d61aa600 Uncommon trap: trap_request=0xffffff45 fr.pc=0x0000016687be5e50 relative=0x0000000000000630
Event: 2.999 Thread 0x00000166d61aa600 Uncommon trap: reason=unstable_if action=reinterpret pc=0x0000016687be5e50 method=org.eclipse.osgi.framework.util.CaseInsensitiveDictionaryMap.findCommonKeyIndex(Ljava/lang/String;)Lorg/eclipse/osgi/framework/util/CaseInsensitiveDictionaryMap$CaseInsensit
Event: 2.999 Thread 0x00000166d61aa600 DEOPT PACKING pc=0x0000016687be5e50 sp=0x00000029c2bfdf60
Event: 2.999 Thread 0x00000166d61aa600 DEOPT UNPACKING pc=0x0000016687583aa2 sp=0x00000029c2bfdef0 mode 2
Event: 3.007 Thread 0x00000166d61aa600 Uncommon trap: trap_request=0xffffffc6 fr.pc=0x0000016687be7634 relative=0x0000000000000434
Event: 3.007 Thread 0x00000166d61aa600 Uncommon trap: reason=bimorphic_or_optimized_type_check action=maybe_recompile pc=0x0000016687be7634 method=java.util.regex.Pattern$BmpCharPropertyGreedy.match(Ljava/util/regex/Matcher;ILjava/lang/CharSequence;)Z @ 26 c2
Event: 3.007 Thread 0x00000166d61aa600 DEOPT PACKING pc=0x0000016687be7634 sp=0x00000029c2bfdc90
Event: 3.007 Thread 0x00000166d61aa600 DEOPT UNPACKING pc=0x0000016687583aa2 sp=0x00000029c2bfdc28 mode 2
Event: 3.007 Thread 0x00000166d61aa600 Uncommon trap: trap_request=0xffffffc6 fr.pc=0x0000016687be7634 relative=0x0000000000000434
Event: 3.007 Thread 0x00000166d61aa600 Uncommon trap: reason=bimorphic_or_optimized_type_check action=maybe_recompile pc=0x0000016687be7634 method=java.util.regex.Pattern$BmpCharPropertyGreedy.match(Ljava/util/regex/Matcher;ILjava/lang/CharSequence;)Z @ 26 c2
Event: 3.007 Thread 0x00000166d61aa600 DEOPT PACKING pc=0x0000016687be7634 sp=0x00000029c2bfdc90
Event: 3.007 Thread 0x00000166d61aa600 DEOPT UNPACKING pc=0x0000016687583aa2 sp=0x00000029c2bfdc28 mode 2
Event: 3.181 Thread 0x00000166d61aa600 Uncommon trap: trap_request=0xffffff45 fr.pc=0x0000016687b98dac relative=0x000000000000142c
Event: 3.181 Thread 0x00000166d61aa600 Uncommon trap: reason=unstable_if action=reinterpret pc=0x0000016687b98dac method=java.io.WinNTFileSystem.normalize(Ljava/lang/String;II)Ljava/lang/String; @ 100 c2
Event: 3.181 Thread 0x00000166d61aa600 DEOPT PACKING pc=0x0000016687b98dac sp=0x00000029c2bf8c70
Event: 3.181 Thread 0x00000166d61aa600 DEOPT UNPACKING pc=0x0000016687583aa2 sp=0x00000029c2bf8bb0 mode 2
Event: 3.181 Thread 0x00000166d61aa600 Uncommon trap: trap_request=0xffffff45 fr.pc=0x0000016687b9bfa8 relative=0x00000000000012e8
Event: 3.181 Thread 0x00000166d61aa600 Uncommon trap: reason=unstable_if action=reinterpret pc=0x0000016687b9bfa8 method=java.io.WinNTFileSystem.normalize(Ljava/lang/String;II)Ljava/lang/String; @ 100 c2
Event: 3.181 Thread 0x00000166d61aa600 DEOPT PACKING pc=0x0000016687b9bfa8 sp=0x00000029c2bf8ba0
Event: 3.181 Thread 0x00000166d61aa600 DEOPT UNPACKING pc=0x0000016687583aa2 sp=0x00000029c2bf8ba8 mode 2

Classes loaded (20 events):
Event: 3.132 Loading class java/util/concurrent/locks/ReentrantLock$FairSync
Event: 3.132 Loading class java/util/concurrent/locks/ReentrantLock$FairSync done
Event: 3.214 Loading class java/util/stream/ReferencePipeline$5
Event: 3.214 Loading class java/util/stream/LongPipeline$StatelessOp
Event: 3.215 Loading class java/util/stream/LongPipeline
Event: 3.215 Loading class java/util/stream/LongStream
Event: 3.215 Loading class java/util/stream/LongStream done
Event: 3.215 Loading class java/util/stream/LongPipeline done
Event: 3.215 Loading class java/util/stream/LongPipeline$StatelessOp done
Event: 3.215 Loading class java/util/stream/ReferencePipeline$5 done
Event: 3.215 Loading class java/util/function/LongBinaryOperator
Event: 3.215 Loading class java/util/function/LongBinaryOperator done
Event: 3.216 Loading class java/util/stream/ReduceOps$10
Event: 3.216 Loading class java/util/stream/ReduceOps$10 done
Event: 3.216 Loading class java/util/stream/ReduceOps$8ReducingSink
Event: 3.216 Loading class java/util/stream/Sink$OfLong
Event: 3.216 Loading class java/util/stream/Sink$OfLong done
Event: 3.216 Loading class java/util/stream/ReduceOps$8ReducingSink done
Event: 3.216 Loading class java/util/stream/ReferencePipeline$5$1
Event: 3.217 Loading class java/util/stream/ReferencePipeline$5$1 done

Classes unloaded (0 events):
No events

Classes redefined (0 events):
No events

Internal exceptions (20 events):
Event: 1.518 Thread 0x00000166f7fed8f0 Implicit null exception at 0x0000016687b2fa3c to 0x0000016687b2fcc8
Event: 1.518 Thread 0x00000166f7fed8f0 Implicit null exception at 0x0000016687b31a3d to 0x0000016687b31ac1
Event: 1.637 Thread 0x00000166f7fed8f0 Exception <a 'java/lang/NoSuchMethodError'{0x00000000d59c91d8}: 'void java.lang.invoke.DirectMethodHandle$Holder.invokeSpecial(java.lang.Object, java.lang.Object, java.lang.Object)'> (0x00000000d59c91d8) 
thrown [s\src\hotspot\share\interpreter\linkResolver.cpp, line 773]
Event: 1.917 Thread 0x00000166f7fed8f0 Exception <a 'java/lang/NoSuchMethodError'{0x00000000d642e7e0}: 'int java.lang.invoke.DirectMethodHandle$Holder.invokeVirtual(java.lang.Object, java.lang.Object)'> (0x00000000d642e7e0) 
thrown [s\src\hotspot\share\interpreter\linkResolver.cpp, line 773]
Event: 1.973 Thread 0x00000166f7fed8f0 Exception <a 'java/lang/NoSuchMethodError'{0x00000000d65a46e0}: 'int java.lang.invoke.DirectMethodHandle$Holder.invokeStaticInit(java.lang.Object, java.lang.Object, java.lang.Object, java.lang.Object)'> (0x00000000d65a46e0) 
thrown [s\src\hotspot\share\interpreter\linkResolver.cpp, line 773]
Event: 1.974 Thread 0x00000166f7fed8f0 Exception <a 'java/lang/IncompatibleClassChangeError'{0x00000000d65acae8}: Found class java.lang.Object, but interface was expected> (0x00000000d65acae8) 
thrown [s\src\hotspot\share\interpreter\linkResolver.cpp, line 840]
Event: 1.975 Thread 0x00000166f7fed8f0 Exception <a 'java/lang/NoSuchMethodError'{0x00000000d65b3098}: 'void java.lang.invoke.DirectMethodHandle$Holder.invokeStaticInit(java.lang.Object, java.lang.Object)'> (0x00000000d65b3098) 
thrown [s\src\hotspot\share\interpreter\linkResolver.cpp, line 773]
Event: 1.975 Thread 0x00000166f7fed8f0 Exception <a 'java/lang/NoSuchMethodError'{0x00000000d65bc710}: 'int java.lang.invoke.DirectMethodHandle$Holder.invokeStaticInit(java.lang.Object, java.lang.Object)'> (0x00000000d65bc710) 
thrown [s\src\hotspot\share\interpreter\linkResolver.cpp, line 773]
Event: 2.028 Thread 0x00000166f7fed8f0 Exception <a 'java/lang/NoSuchMethodError'{0x00000000d6802c30}: 'java.lang.Object java.lang.invoke.DirectMethodHandle$Holder.newInvokeSpecial(java.lang.Object, int, java.lang.Object)'> (0x00000000d6802c30) 
thrown [s\src\hotspot\share\interpreter\linkResolver.cpp, line 773]
Event: 2.078 Thread 0x00000166f7fed8f0 Exception <a 'java/lang/ClassNotFoundException'{0x00000000d6a1b6f8}: sun/net/www/protocol/plurl/Handler> (0x00000000d6a1b6f8) 
thrown [s\src\hotspot\share\classfile\systemDictionary.cpp, line 312]
Event: 2.078 Thread 0x00000166f7fed8f0 Exception <a 'java/lang/ClassNotFoundException'{0x00000000d6a1c578}: sun/net/www/protocol/plurl/Handler> (0x00000000d6a1c578) 
thrown [s\src\hotspot\share\classfile\systemDictionary.cpp, line 312]
Event: 2.284 Thread 0x00000166f7fed8f0 Exception <a 'java/lang/UnsatisfiedLinkError'{0x00000000d55b6b38}: 'void org.eclipse.equinox.launcher.JNIBridge._update_splash()'> (0x00000000d55b6b38) 
thrown [s\src\hotspot\share\prims\nativeLookup.cpp, line 415]
Event: 2.323 Thread 0x00000166d609fd90 Exception <a 'java/lang/NoSuchMethodError'{0x00000000d586ac70}: 'void java.lang.invoke.DirectMethodHandle$Holder.invokeInterface(java.lang.Object, java.lang.Object, java.lang.Object)'> (0x00000000d586ac70) 
thrown [s\src\hotspot\share\interpreter\linkResolver.cpp, line 773]
Event: 2.429 Thread 0x00000166d61aa600 Exception <a 'java/lang/NoSuchMethodError'{0x00000000d5c51f18}: 'java.lang.Object java.lang.invoke.DirectMethodHandle$Holder.newInvokeSpecial(java.lang.Object, java.lang.Object, int, java.lang.Object)'> (0x00000000d5c51f18) 
thrown [s\src\hotspot\share\interpreter\linkResolver.cpp, line 773]
Event: 2.430 Thread 0x00000166d61aa600 Exception <a 'java/lang/NoSuchMethodError'{0x00000000d5c55d48}: 'java.lang.Object java.lang.invoke.DirectMethodHandle$Holder.invokeSpecial(java.lang.Object, java.lang.Object, java.lang.Object, int, java.lang.Object)'> (0x00000000d5c55d48) 
thrown [s\src\hotspot\share\interpreter\linkResolver.cpp, line 773]
Event: 2.448 Thread 0x00000166d61aa600 Exception <a 'java/lang/NoClassDefFoundError'{0x00000000d5cfda50}: jakarta/servlet/ServletContainerInitializer> (0x00000000d5cfda50) 
thrown [s\src\hotspot\share\classfile\systemDictionary.cpp, line 301]
Event: 2.473 Thread 0x00000166d61aa600 Exception <a 'java/lang/ClassNotFoundException'{0x00000000d5e59b10}: sun/util/logging/resources/spi/loggingProvider> (0x00000000d5e59b10) 
thrown [s\src\hotspot\share\classfile\systemDictionary.cpp, line 312]
Event: 3.030 Thread 0x00000166d61aa600 Exception <a 'java/lang/NullPointerException'{0x00000000d6693b10}> (0x00000000d6693b10) 
thrown [s\src\hotspot\share\interpreter\linkResolver.cpp, line 1372]
Event: 3.030 Thread 0x00000166d61aa600 Exception <a 'java/lang/NullPointerException'{0x00000000d6693df0}> (0x00000000d6693df0) 
thrown [s\src\hotspot\share\interpreter\linkResolver.cpp, line 1372]
Event: 3.214 Thread 0x00000166d61aa600 Exception <a 'java/lang/NoSuchMethodError'{0x00000000d5765098}: 'long java.lang.invoke.DirectMethodHandle$Holder.invokeSpecial(java.lang.Object, java.lang.Object)'> (0x00000000d5765098) 
thrown [s\src\hotspot\share\interpreter\linkResolver.cpp, line 773]

ZGC Phase Switch (0 events):
No events

VM Operations (20 events):
Event: 2.159 Executing VM operation: ICBufferFull
Event: 2.159 Executing VM operation: ICBufferFull done
Event: 2.271 Executing VM operation: ParallelGCFailedAllocation (Allocation Failure)
Event: 2.278 Executing VM operation: ParallelGCFailedAllocation (Allocation Failure) done
Event: 2.462 Executing VM operation: HandshakeAllThreads (Deoptimize)
Event: 2.462 Executing VM operation: HandshakeAllThreads (Deoptimize) done
Event: 2.483 Executing VM operation: HandshakeAllThreads (Deoptimize)
Event: 2.483 Executing VM operation: HandshakeAllThreads (Deoptimize) done
Event: 2.494 Executing VM operation: HandshakeAllThreads (Deoptimize)
Event: 2.494 Executing VM operation: HandshakeAllThreads (Deoptimize) done
Event: 2.508 Executing VM operation: HandshakeAllThreads (Deoptimize)
Event: 2.508 Executing VM operation: HandshakeAllThreads (Deoptimize) done
Event: 2.695 Executing VM operation: ParallelGCFailedAllocation (Allocation Failure)
Event: 2.701 Executing VM operation: ParallelGCFailedAllocation (Allocation Failure) done
Event: 2.759 Executing VM operation: HandshakeAllThreads (Deoptimize)
Event: 2.759 Executing VM operation: HandshakeAllThreads (Deoptimize) done
Event: 3.133 Executing VM operation: HandshakeAllThreads (Deoptimize)
Event: 3.133 Executing VM operation: HandshakeAllThreads (Deoptimize) done
Event: 3.172 Executing VM operation: ParallelGCFailedAllocation (Allocation Failure)
Event: 3.176 Executing VM operation: ParallelGCFailedAllocation (Allocation Failure) done

Memory protections (0 events):
No events

Nmethod flushes (0 events):
No events

Events (20 events):
Event: 0.056 Thread 0x00000166f7fed8f0 Thread added: 0x00000166ffa5c550
Event: 0.056 Thread 0x00000166f7fed8f0 Thread added: 0x00000166ffa619e0
Event: 0.056 Thread 0x00000166f7fed8f0 Thread added: 0x00000166ffa64f50
Event: 0.056 Thread 0x00000166f7fed8f0 Thread added: 0x00000166ffa65ba0
Event: 0.056 Thread 0x00000166f7fed8f0 Thread added: 0x00000166ffa68ce0
Event: 0.056 Thread 0x00000166f7fed8f0 Thread added: 0x00000166ffa6bb40
Event: 0.057 Thread 0x00000166f7fed8f0 Thread added: 0x00000166ffa6fd30
Event: 0.057 Thread 0x00000166f7fed8f0 Thread added: 0x00000166ffa727d0
Event: 0.145 Thread 0x00000166ffa727d0 Thread added: 0x00000166d14f8320
Event: 0.186 Thread 0x00000166f7fed8f0 Thread added: 0x00000166d1596710
Event: 0.312 Thread 0x00000166d14f8320 Thread exited: 0x00000166d14f8320
Event: 0.740 Thread 0x00000166f7fed8f0 Thread added: 0x00000166d1738830
Event: 0.871 Thread 0x00000166ffa6fd30 Thread added: 0x00000166d168b910
Event: 0.933 Thread 0x00000166ffa727d0 Thread added: 0x00000166d182ce40
Event: 1.985 Thread 0x00000166f7fed8f0 Thread added: 0x00000166d60c06b0
Event: 2.282 Thread 0x00000166f7fed8f0 Thread added: 0x00000166d609fd90
Event: 2.327 Thread 0x00000166d609fd90 Thread added: 0x00000166d61a8fb0
Event: 2.331 Thread 0x00000166f7fed8f0 Thread added: 0x00000166d61aa600
Event: 2.749 Thread 0x00000166d61aa600 Thread added: 0x00000166d62887a0
Event: 3.119 Thread 0x00000166d61aa600 Thread added: 0x00000166d67922c0


Dynamic libraries:
0x00007ff68d4d0000 - 0x00007ff68d4de000 	c:\Users\LOQ\.vscode\extensions\redhat.java-1.51.0-win32-x64\jre\21.0.9-win32-x86_64\bin\java.exe
0x00007ffbbf7c0000 - 0x00007ffbbfa28000 	C:\WINDOWS\SYSTEM32\ntdll.dll
0x00007ffbbf430000 - 0x00007ffbbf4f9000 	C:\WINDOWS\System32\KERNEL32.DLL
0x00007ffbbd020000 - 0x00007ffbbd412000 	C:\WINDOWS\System32\KERNELBASE.dll
0x00007ffbbc950000 - 0x00007ffbbca9b000 	C:\WINDOWS\System32\ucrtbase.dll
0x00007ffb5f7a0000 - 0x00007ffb5f7be000 	c:\Users\LOQ\.vscode\extensions\redhat.java-1.51.0-win32-x64\jre\21.0.9-win32-x86_64\bin\VCRUNTIME140.dll
0x00007ffb60080000 - 0x00007ffb60098000 	c:\Users\LOQ\.vscode\extensions\redhat.java-1.51.0-win32-x64\jre\21.0.9-win32-x86_64\bin\jli.dll
0x00007ffbbeed0000 - 0x00007ffbbf095000 	C:\WINDOWS\System32\USER32.dll
0x00007ffbbcbd0000 - 0x00007ffbbcbf7000 	C:\WINDOWS\System32\win32u.dll
0x00007ffbbde80000 - 0x00007ffbbdeab000 	C:\WINDOWS\System32\GDI32.dll
0x00007ffbbcaa0000 - 0x00007ffbbcbcd000 	C:\WINDOWS\System32\gdi32full.dll
0x00007ffbbd420000 - 0x00007ffbbd4c3000 	C:\WINDOWS\System32\msvcp_win.dll
0x00007ffb9cd50000 - 0x00007ffb9cfe3000 	C:\WINDOWS\WinSxS\amd64_microsoft.windows.common-controls_6595b64144ccf1df_6.0.26100.6899_none_3e0efeeae32e88c1\COMCTL32.dll
0x00007ffbbdeb0000 - 0x00007ffbbdf59000 	C:\WINDOWS\System32\msvcrt.dll
0x00007ffbbeb10000 - 0x00007ffbbeb3f000 	C:\WINDOWS\System32\IMM32.DLL
0x00007ffb771e0000 - 0x00007ffb771ec000 	c:\Users\LOQ\.vscode\extensions\redhat.java-1.51.0-win32-x64\jre\21.0.9-win32-x86_64\bin\vcruntime140_1.dll
0x00007ffb1ed50000 - 0x00007ffb1eddd000 	c:\Users\LOQ\.vscode\extensions\redhat.java-1.51.0-win32-x64\jre\21.0.9-win32-x86_64\bin\msvcp140.dll
0x00007ffae4620000 - 0x00007ffae53c0000 	c:\Users\LOQ\.vscode\extensions\redhat.java-1.51.0-win32-x64\jre\21.0.9-win32-x86_64\bin\server\jvm.dll
0x00007ffbbe750000 - 0x00007ffbbe804000 	C:\WINDOWS\System32\ADVAPI32.dll
0x00007ffbbe8f0000 - 0x00007ffbbe996000 	C:\WINDOWS\System32\sechost.dll
0x00007ffbbe110000 - 0x00007ffbbe228000 	C:\WINDOWS\System32\RPCRT4.dll
0x00007ffbbe230000 - 0x00007ffbbe2a4000 	C:\WINDOWS\System32\WS2_32.dll
0x00007ffbbc610000 - 0x00007ffbbc66e000 	C:\WINDOWS\SYSTEM32\POWRPROF.dll
0x00007ffbaee70000 - 0x00007ffbaeea5000 	C:\WINDOWS\SYSTEM32\WINMM.dll
0x00007ffbb56c0000 - 0x00007ffbb56cb000 	C:\WINDOWS\SYSTEM32\VERSION.dll
0x00007ffbbc5f0000 - 0x00007ffbbc604000 	C:\WINDOWS\SYSTEM32\UMPDC.dll
0x00007ffbbb720000 - 0x00007ffbbb73b000 	C:\WINDOWS\SYSTEM32\kernel.appcore.dll
0x00007ffb750c0000 - 0x00007ffb750ca000 	c:\Users\LOQ\.vscode\extensions\redhat.java-1.51.0-win32-x64\jre\21.0.9-win32-x86_64\bin\jimage.dll
0x00007ffbb9540000 - 0x00007ffbb9782000 	C:\WINDOWS\SYSTEM32\DBGHELP.DLL
0x00007ffbbeb50000 - 0x00007ffbbeecb000 	C:\WINDOWS\System32\combase.dll
0x00007ffbbe810000 - 0x00007ffbbe8e7000 	C:\WINDOWS\System32\OLEAUT32.dll
0x00007ffb9c520000 - 0x00007ffb9c55c000 	C:\WINDOWS\SYSTEM32\dbgcore.DLL
0x00007ffbbcd70000 - 0x00007ffbbce08000 	C:\WINDOWS\System32\bcryptPrimitives.dll
0x00007ffb74170000 - 0x00007ffb7417f000 	c:\Users\LOQ\.vscode\extensions\redhat.java-1.51.0-win32-x64\jre\21.0.9-win32-x86_64\bin\instrument.dll
0x00007ffb52e50000 - 0x00007ffb52e70000 	c:\Users\LOQ\.vscode\extensions\redhat.java-1.51.0-win32-x64\jre\21.0.9-win32-x86_64\bin\java.dll
0x00007ffbbd730000 - 0x00007ffbbde7d000 	C:\WINDOWS\System32\SHELL32.dll
0x00007ffbbcc00000 - 0x00007ffbbcd6b000 	C:\WINDOWS\System32\wintypes.dll
0x00007ffbba570000 - 0x00007ffbbadcd000 	C:\WINDOWS\SYSTEM32\windows.storage.dll
0x00007ffbbf0c0000 - 0x00007ffbbf1b2000 	C:\WINDOWS\System32\SHCORE.dll
0x00007ffbbeaa0000 - 0x00007ffbbeb02000 	C:\WINDOWS\System32\shlwapi.dll
0x00007ffbbc870000 - 0x00007ffbbc899000 	C:\WINDOWS\SYSTEM32\profapi.dll
0x00007ffb255c0000 - 0x00007ffb255d8000 	c:\Users\LOQ\.vscode\extensions\redhat.java-1.51.0-win32-x64\jre\21.0.9-win32-x86_64\bin\zip.dll
0x00007ffb73e40000 - 0x00007ffb73e50000 	C:\Users\LOQ\.vscode\extensions\redhat.java-1.51.0-win32-x64\jre\21.0.9-win32-x86_64\bin\net.dll
0x00007ffbb57b0000 - 0x00007ffbb58cf000 	C:\WINDOWS\SYSTEM32\WINHTTP.dll
0x00007ffbbbc90000 - 0x00007ffbbbcfb000 	C:\WINDOWS\system32\mswsock.dll
0x00007ffb3d5b0000 - 0x00007ffb3d5c6000 	C:\Users\LOQ\.vscode\extensions\redhat.java-1.51.0-win32-x64\jre\21.0.9-win32-x86_64\bin\nio.dll
0x00007ffb72960000 - 0x00007ffb72970000 	c:\Users\LOQ\.vscode\extensions\redhat.java-1.51.0-win32-x64\jre\21.0.9-win32-x86_64\bin\verify.dll
0x00007ffb07b90000 - 0x00007ffb07bd4000 	C:\Users\LOQ\AppData\Roaming\Code\User\globalStorage\redhat.java\1.51.0\config_win\org.eclipse.equinox.launcher\org.eclipse.equinox.launcher.win32.win32.x86_64_1.2.1400.v20250801-0854\eclipse_11916.dll
0x00007ffbbd590000 - 0x00007ffbbd728000 	C:\WINDOWS\System32\ole32.dll

JVMTI agents:
c:\Users\LOQ\.vscode\extensions\redhat.java-1.51.0-win32-x64\lombok\lombok-1.18.39-4050.jar path:c:\Users\LOQ\.vscode\extensions\redhat.java-1.51.0-win32-x64\jre\21.0.9-win32-x86_64\bin\instrument.dll, loaded, initialized, instrumentlib options:none

dbghelp: loaded successfully - version: 4.0.5 - missing functions: none
symbol engine: initialized successfully - sym options: 0x614 - pdb path: .;c:\Users\LOQ\.vscode\extensions\redhat.java-1.51.0-win32-x64\jre\21.0.9-win32-x86_64\bin;C:\WINDOWS\SYSTEM32;C:\WINDOWS\WinSxS\amd64_microsoft.windows.common-controls_6595b64144ccf1df_6.0.26100.6899_none_3e0efeeae32e88c1;c:\Users\LOQ\.vscode\extensions\redhat.java-1.51.0-win32-x64\jre\21.0.9-win32-x86_64\bin\server;C:\Users\LOQ\AppData\Roaming\Code\User\globalStorage\redhat.java\1.51.0\config_win\org.eclipse.equinox.launcher\org.eclipse.equinox.launcher.win32.win32.x86_64_1.2.1400.v20250801-0854

VM Arguments:
jvm_args: --add-modules=ALL-SYSTEM --add-opens=java.base/java.util=ALL-UNNAMED --add-opens=java.base/java.lang=ALL-UNNAMED --add-opens=java.base/sun.nio.fs=ALL-UNNAMED -Declipse.application=org.eclipse.jdt.ls.core.id1 -Dosgi.bundles.defaultStartLevel=4 -Declipse.product=org.eclipse.jdt.ls.core.product -Djava.import.generatesMetadataFilesAtProjectRoot=false -DDetectVMInstallationsJob.disabled=true -Dfile.encoding=utf8 -XX:+UseParallelGC -XX:GCTimeRatio=4 -XX:AdaptiveSizePolicyWeight=90 -Dsun.zip.disableMemoryMapping=true -Xmx2G -Xms100m -Xlog:disable -javaagent:c:\Users\LOQ\.vscode\extensions\redhat.java-1.51.0-win32-x64\lombok\lombok-1.18.39-4050.jar -XX:+HeapDumpOnOutOfMemoryError -XX:HeapDumpPath=c:\Users\LOQ\AppData\Roaming\Code\User\workspaceStorage\099b6d2cca0fa57c0a55b9bbe2e40508\redhat.java -Daether.dependencyCollector.impl=bf 
java_command: c:\Users\LOQ\.vscode\extensions\redhat.java-1.51.0-win32-x64\server\plugins\org.eclipse.equinox.launcher_1.7.100.v20251111-0406.jar -configuration c:\Users\LOQ\AppData\Roaming\Code\User\globalStorage\redhat.java\1.51.0\config_win -data c:\Users\LOQ\AppData\Roaming\Code\User\workspaceStorage\099b6d2cca0fa57c0a55b9bbe2e40508\redhat.java\jdt_ws --pipe=\\.\pipe\lsp-501f5c9a5cfc34739121c29884b86689-sock
java_class_path (initial): c:\Users\LOQ\.vscode\extensions\redhat.java-1.51.0-win32-x64\server\plugins\org.eclipse.equinox.launcher_1.7.100.v20251111-0406.jar
Launcher Type: SUN_STANDARD

[Global flags]
    uintx AdaptiveSizePolicyWeight                 = 90                                        {product} {command line}
     intx CICompilerCount                          = 4                                         {product} {ergonomic}
    uintx GCTimeRatio                              = 4                                         {product} {command line}
     bool HeapDumpOnOutOfMemoryError               = true                                   {manageable} {command line}
    ccstr HeapDumpPath                             = c:\Users\LOQ\AppData\Roaming\Code\User\workspaceStorage\099b6d2cca0fa57c0a55b9bbe2e40508\redhat.java         {manageable} {command line}
   size_t InitialHeapSize                          = 104857600                                 {product} {command line}
   size_t MaxHeapSize                              = 2147483648                                {product} {command line}
   size_t MaxNewSize                               = 715653120                                 {product} {ergonomic}
   size_t MinHeapDeltaBytes                        = 524288                                    {product} {ergonomic}
   size_t MinHeapSize                              = 104857600                                 {product} {command line}
   size_t NewSize                                  = 34603008                                  {product} {ergonomic}
    uintx NonNMethodCodeHeapSize                   = 5839372                                {pd product} {ergonomic}
    uintx NonProfiledCodeHeapSize                  = 122909434                              {pd product} {ergonomic}
   size_t OldSize                                  = 70254592                                  {product} {ergonomic}
    uintx ProfiledCodeHeapSize                     = 122909434                              {pd product} {ergonomic}
    uintx ReservedCodeCacheSize                    = 251658240                              {pd product} {ergonomic}
     bool SegmentedCodeCache                       = true                                      {product} {ergonomic}
   size_t SoftMaxHeapSize                          = 2147483648                             {manageable} {ergonomic}
     bool UseCompressedOops                        = true                           {product lp64_product} {ergonomic}
     bool UseLargePagesIndividualAllocation        = false                                  {pd product} {ergonomic}
     bool UseParallelGC                            = true                                      {product} {command line}

Logging:
Log output configuration:
 #0: stdout all=off uptime,level,tags foldmultilines=false
 #1: stderr all=off uptime,level,tags foldmultilines=false

Release file:
JAVA_VERSION="21.0.9" 
MODULES="java.base java.compiler java.datatransfer java.xml java.prefs java.desktop java.instrument java.logging java.management java.security.sasl java.naming java.rmi java.management.rmi java.net.http java.scripting java.security.jgss java.transaction.xa java.sql java.sql.rowset java.xml.crypto java.se java.smartcardio jdk.accessibility jdk.internal.jvmstat jdk.attach jdk.charsets jdk.internal.opt jdk.zipfs jdk.compiler jdk.crypto.ec jdk.crypto.cryptoki jdk.crypto.mscapi jdk.dynalink jdk.internal.ed jdk.editpad jdk.hotspot.agent jdk.httpserver jdk.internal.le jdk.internal.vm.ci jdk.internal.vm.compiler jdk.internal.vm.compiler.management jdk.jartool jdk.javadoc jdk.jcmd jdk.management jdk.management.agent jdk.jconsole jdk.jdeps jdk.jdwp.agent jdk.jdi jdk.jfr jdk.jshell jdk.jsobject jdk.jstatd jdk.localedata jdk.management.jfr jdk.naming.dns jdk.naming.rmi jdk.net jdk.nio.mapmode jdk.random jdk.sctp jdk.security.auth jdk.security.jgss jdk.unsupported jdk.unsupported.desktop jdk.xml.dom" 

Environment Variables:
PATH=C:\Program Files (x86)\Common Files\Intel\Shared Libraries\redist\intel64\compiler;C:\Program Files\Common Files\Oracle\Java\javapath;C:\WINDOWS\system32;C:\WINDOWS;C:\WINDOWS\System32\Wbem;C:\WINDOWS\System32\WindowsPowerShell\v1.0\;C:\WINDOWS\System32\OpenSSH\;C:\Program Files (x86)\NVIDIA Corporation\PhysX\Common;C:\Program Files\NVIDIA Corporation\NVIDIA NvDLISR;C:\Users\LOQ\Downloads\apache-maven-3.9.9-bin\apache-maven-3.9.9\bin;C:\Program Files\Git\cmd;C:\Program Files\nodejs\;C:\ProgramData\chocolatey\bin;C:\Program Files\Maven\apache-maven-3.9.11-bin\bin;C:\flutter\bin;C:\Program Files (x86)\Microsoft SQL Server\160\Tools\Binn\;C:\Program Files\Microsoft SQL Server\160\Tools\Binn\;C:\Program Files\Microsoft SQL Server\Client SDK\ODBC\170\Tools\Binn\;C:\Program Files\Microsoft SQL Server\160\DTS\Binn\;C:\Users\LOQ\AppData\Local\Microsoft\WindowsApps;C:\Users\LOQ\AppData\Local\Programs\Microsoft VS Code\bin;C:\Users\LOQ\AppData\Local\GitHubDesktop\bin;D:\src\flutter_windows_3.29.2-stable\flutter\bin;C:\Users\LOQ\AppData\Roaming\npm;C:\flutter\bin
USERNAME=LOQ
OS=Windows_NT
PROCESSOR_IDENTIFIER=AMD64 Family 25 Model 68 Stepping 1, AuthenticAMD
TMP=C:\Users\LOQ\AppData\Local\Temp
TEMP=C:\Users\LOQ\AppData\Local\Temp




Periodic native trim disabled

---------------  S Y S T E M  ---------------

OS:
 Windows 11 , 64 bit Build 26100 (10.0.26100.6725)
OS uptime: 2 days 22:06 hours
Hyper-V role detected

CPU: total 8 (initial active 8) (8 cores per cpu, 2 threads per core) family 25 model 68 stepping 1 microcode 0xa404105, cx8, cmov, fxsr, ht, mmx, 3dnowpref, sse, sse2, sse3, ssse3, sse4a, sse4.1, sse4.2, popcnt, lzcnt, tsc, tscinvbit, avx, avx2, aes, erms, clmul, bmi1, bmi2, adx, sha, fma, vzeroupper, clflush, clflushopt, hv, rdtscp, rdpid, fsrm, f16c, cet_ss
Processor Information for processor 0
  Max Mhz: 3201, Current Mhz: 3201, Mhz Limit: 3201
Processor Information for processor 1
  Max Mhz: 3201, Current Mhz: 3201, Mhz Limit: 3201
Processor Information for processor 2
  Max Mhz: 3201, Current Mhz: 3201, Mhz Limit: 3201
Processor Information for processor 3
  Max Mhz: 3201, Current Mhz: 3201, Mhz Limit: 3201
Processor Information for processor 4
  Max Mhz: 3201, Current Mhz: 3201, Mhz Limit: 3201
Processor Information for processor 5
  Max Mhz: 3201, Current Mhz: 3201, Mhz Limit: 3201
Processor Information for processor 6
  Max Mhz: 3201, Current Mhz: 3201, Mhz Limit: 3201
Processor Information for processor 7
  Max Mhz: 3201, Current Mhz: 2560, Mhz Limit: 3201

Memory: 4k page, system-wide physical 11972M (1831M free)
TotalPageFile size 26036M (AvailPageFile size 259M)
current process WorkingSet (physical memory assigned to process): 118M, peak: 118M
current process commit charge ("private bytes"): 255M, peak: 257M

vm_info: OpenJDK 64-Bit Server VM (21.0.9+10-LTS) for windows-amd64 JRE (21.0.9+10-LTS), built on 2025-10-21T00:00:00Z by "admin" with unknown MS VC++:1942

END.
