#
# There is insufficient memory for the Java Runtime Environment to continue.
# Native memory allocation (malloc) failed to allocate 32744 bytes. Error detail: Chunk::new
# Possible reasons:
#   The system is out of physical RAM or swap space
#   This process is running with CompressedOops enabled, and the Java Heap may be blocking the growth of the native heap
# Possible solutions:
#   Reduce memory load on the system
#   Increase physical memory or swap space
#   Check if swap backing store is full
#   Decrease Java heap size (-Xmx/-Xms)
#   Decrease number of Java threads
#   Decrease Java thread stack sizes (-Xss)
#   Set larger code cache with -XX:ReservedCodeCacheSize=
#   JVM is running with Unscaled Compressed Oops mode in which the Java heap is
#     placed in the first 4GB address space. The Java Heap base address is the
#     maximum limit for the native heap growth. Please use -XX:HeapBaseMinAddress
#     to set the Java Heap base and to place the Java Heap above 4GB virtual address.
# This output file may be truncated or incomplete.
#
#  Out of Memory Error (arena.cpp:168), pid=11836, tid=24956
#
# JRE version: OpenJDK Runtime Environment Temurin-21.0.9+10 (21.0.9+10) (build 21.0.9+10-LTS)
# Java VM: OpenJDK 64-Bit Server VM Temurin-21.0.9+10 (21.0.9+10-LTS, mixed mode, sharing, tiered, compressed oops, compressed class ptrs, parallel gc, windows-amd64)
# No core dump will be written. Minidumps are not enabled by default on client versions of Windows
#

---------------  S U M M A R Y ------------

Command Line: --add-modules=ALL-SYSTEM --add-opens=java.base/java.util=ALL-UNNAMED --add-opens=java.base/java.lang=ALL-UNNAMED --add-opens=java.base/sun.nio.fs=ALL-UNNAMED -Declipse.application=org.eclipse.jdt.ls.core.id1 -Dosgi.bundles.defaultStartLevel=4 -Declipse.product=org.eclipse.jdt.ls.core.product -Djava.import.generatesMetadataFilesAtProjectRoot=false -DDetectVMInstallationsJob.disabled=true -Dfile.encoding=utf8 -XX:+UseParallelGC -XX:GCTimeRatio=4 -XX:AdaptiveSizePolicyWeight=90 -Dsun.zip.disableMemoryMapping=true -Xmx2G -Xms100m -Xlog:disable -javaagent:c:\Users\LOQ\.vscode\extensions\redhat.java-1.51.0-win32-x64\lombok\lombok-1.18.39-4050.jar -XX:+HeapDumpOnOutOfMemoryError -XX:HeapDumpPath=c:\Users\LOQ\AppData\Roaming\Code\User\workspaceStorage\099b6d2cca0fa57c0a55b9bbe2e40508\redhat.java -Daether.dependencyCollector.impl=bf c:\Users\LOQ\.vscode\extensions\redhat.java-1.51.0-win32-x64\server\plugins\org.eclipse.equinox.launcher_1.7.100.v20251111-0406.jar -configuration c:\Users\LOQ\AppData\Roaming\Code\User\globalStorage\redhat.java\1.51.0\config_win -data c:\Users\LOQ\AppData\Roaming\Code\User\workspaceStorage\099b6d2cca0fa57c0a55b9bbe2e40508\redhat.java\jdt_ws --pipe=\\.\pipe\lsp-521728b3c2ff16704173be45f55d01cb-sock

Host: AMD Ryzen 5 7235HS                             , 8 cores, 11G,  Windows 11 , 64 bit Build 26100 (10.0.26100.6725)
Time: Sun Jan 25 13:20:52 2026 Sri Lanka Standard Time elapsed time: 2.856750 seconds (0d 0h 0m 2s)

---------------  T H R E A D  ---------------

Current thread (0x000001f26d066210):  JavaThread "C2 CompilerThread2" daemon [_thread_in_native, id=24956, stack(0x0000000c30c00000,0x0000000c30d00000) (1024K)]


Current CompileTask:
C2:2856 2206       4       java.util.Properties$LineReader::readLine (584 bytes)

Stack: [0x0000000c30c00000,0x0000000c30d00000]
Native frames: (J=compiled Java code, j=interpreted, Vv=VM code, C=native code)
V  [jvm.dll+0x6d6e29]
V  [jvm.dll+0x8b4b76]
V  [jvm.dll+0x8b712e]
V  [jvm.dll+0x8b7813]
V  [jvm.dll+0x283d86]
V  [jvm.dll+0xc66ed]
V  [jvm.dll+0xc6c31]
V  [jvm.dll+0x702833]
V  [jvm.dll+0x1e3e2a]
V  [jvm.dll+0x24c0f3]
V  [jvm.dll+0x24b580]
V  [jvm.dll+0x1cb13e]
V  [jvm.dll+0x25b29d]
V  [jvm.dll+0x25982a]
V  [jvm.dll+0x3f7ea6]
V  [jvm.dll+0x85e9ad]
V  [jvm.dll+0x6d565d]
C  [ucrtbase.dll+0x37b0]
C  [KERNEL32.DLL+0x2e8d7]
C  [ntdll.dll+0x8c53c]


---------------  P R O C E S S  ---------------

Threads class SMR info:
_java_thread_list=0x000001f26d0541e0, length=18, elements={
0x000001f24fdad230, 0x000001f24fd1dce0, 0x000001f24fd23570, 0x000001f24fd27360,
0x000001f24fd25730, 0x000001f24fd281b0, 0x000001f24fd2bbb0, 0x000001f24fd342b0,
0x000001f268024120, 0x000001f2681ca630, 0x000001f26845b3a0, 0x000001f26d0c6a50,
0x000001f268b6e3b0, 0x000001f268a4cf60, 0x000001f26d0a0c50, 0x000001f26d065b70,
0x000001f26d066210, 0x000001f26d7f1b00
}

Java Threads: ( => current thread )
  0x000001f24fdad230 JavaThread "main"                              [_thread_blocked, id=24396, stack(0x0000000c2f200000,0x0000000c2f300000) (1024K)]
  0x000001f24fd1dce0 JavaThread "Reference Handler"          daemon [_thread_blocked, id=9956, stack(0x0000000c2f600000,0x0000000c2f700000) (1024K)]
  0x000001f24fd23570 JavaThread "Finalizer"                  daemon [_thread_blocked, id=14828, stack(0x0000000c2f700000,0x0000000c2f800000) (1024K)]
  0x000001f24fd27360 JavaThread "Signal Dispatcher"          daemon [_thread_blocked, id=33344, stack(0x0000000c2f800000,0x0000000c2f900000) (1024K)]
  0x000001f24fd25730 JavaThread "Attach Listener"            daemon [_thread_blocked, id=30064, stack(0x0000000c2f900000,0x0000000c2fa00000) (1024K)]
  0x000001f24fd281b0 JavaThread "Service Thread"             daemon [_thread_blocked, id=42240, stack(0x0000000c2fa00000,0x0000000c2fb00000) (1024K)]
  0x000001f24fd2bbb0 JavaThread "Monitor Deflation Thread"   daemon [_thread_blocked, id=4576, stack(0x0000000c2fb00000,0x0000000c2fc00000) (1024K)]
  0x000001f24fd342b0 JavaThread "C2 CompilerThread0"         daemon [_thread_in_native, id=48772, stack(0x0000000c2fc00000,0x0000000c2fd00000) (1024K)]
  0x000001f268024120 JavaThread "C1 CompilerThread0"         daemon [_thread_in_native, id=46836, stack(0x0000000c2fd00000,0x0000000c2fe00000) (1024K)]
  0x000001f2681ca630 JavaThread "Common-Cleaner"             daemon [_thread_blocked, id=38792, stack(0x0000000c2ff00000,0x0000000c30000000) (1024K)]
  0x000001f26845b3a0 JavaThread "Notification Thread"        daemon [_thread_blocked, id=14000, stack(0x0000000c30000000,0x0000000c30100000) (1024K)]
  0x000001f26d0c6a50 JavaThread "Active Thread: Equinox Container: da3b0471-9090-4176-bf72-341f6bc49d77"        [_thread_blocked, id=5308, stack(0x0000000c30800000,0x0000000c30900000) (1024K)]
  0x000001f268b6e3b0 JavaThread "Refresh Thread: Equinox Container: da3b0471-9090-4176-bf72-341f6bc49d77" daemon [_thread_blocked, id=22784, stack(0x0000000c30900000,0x0000000c30a00000) (1024K)]
  0x000001f268a4cf60 JavaThread "Framework Event Dispatcher: Equinox Container: da3b0471-9090-4176-bf72-341f6bc49d77" daemon [_thread_blocked, id=27492, stack(0x0000000c30a00000,0x0000000c30b00000) (1024K)]
  0x000001f26d0a0c50 JavaThread "Start Level: Equinox Container: da3b0471-9090-4176-bf72-341f6bc49d77" daemon [_thread_in_vm, id=45236, stack(0x0000000c30b00000,0x0000000c30c00000) (1024K)]
  0x000001f26d065b70 JavaThread "C2 CompilerThread1"         daemon [_thread_in_native, id=1264, stack(0x0000000c2fe00000,0x0000000c2ff00000) (1024K)]
=>0x000001f26d066210 JavaThread "C2 CompilerThread2"         daemon [_thread_in_native, id=24956, stack(0x0000000c30c00000,0x0000000c30d00000) (1024K)]
  0x000001f26d7f1b00 JavaThread "Bundle File Closer"         daemon [_thread_blocked, id=18064, stack(0x0000000c30d00000,0x0000000c30e00000) (1024K)]
Total: 18

Other Threads:
  0x000001f24fcffb10 VMThread "VM Thread"                           [id=49584, stack(0x0000000c2f500000,0x0000000c2f600000) (1024K)]
  0x000001f24fc3ca00 WatcherThread "VM Periodic Task Thread"        [id=50164, stack(0x0000000c2f400000,0x0000000c2f500000) (1024K)]
  0x000001f24fdcb400 WorkerThread "GC Thread#0"                     [id=20416, stack(0x0000000c2f300000,0x0000000c2f400000) (1024K)]
  0x000001f268772c90 WorkerThread "GC Thread#1"                     [id=19780, stack(0x0000000c30200000,0x0000000c30300000) (1024K)]
  0x000001f2688ad070 WorkerThread "GC Thread#2"                     [id=24584, stack(0x0000000c30300000,0x0000000c30400000) (1024K)]
  0x000001f2688ad410 WorkerThread "GC Thread#3"                     [id=44204, stack(0x0000000c30400000,0x0000000c30500000) (1024K)]
  0x000001f268bb0930 WorkerThread "GC Thread#4"                     [id=36628, stack(0x0000000c30500000,0x0000000c30600000) (1024K)]
  0x000001f268916ec0 WorkerThread "GC Thread#5"                     [id=18280, stack(0x0000000c30600000,0x0000000c30700000) (1024K)]
  0x000001f268917660 WorkerThread "GC Thread#6"                     [id=28812, stack(0x0000000c30700000,0x0000000c30800000) (1024K)]
  0x000001f268b6e010 WorkerThread "GC Thread#7"                     [id=32488, stack(0x0000000c30100000,0x0000000c30200000) (1024K)]
Total: 10

Threads with active compile tasks:
C2 CompilerThread0  2882 2217       4       java.util.Properties::loadConvert (540 bytes)
C1 CompilerThread0  2882 2226   !   3       org.eclipse.osgi.internal.framework.EquinoxBundle::adapt0 (939 bytes)
C2 CompilerThread1  2882 2220       4       org.eclipse.osgi.util.ManifestElement::readLine (122 bytes)
C2 CompilerThread2  2883 2206       4       java.util.Properties$LineReader::readLine (584 bytes)
Total: 4

VM state: not at safepoint (normal execution)

VM Mutex/Monitor currently owned by a thread:  ([mutex/lock_event])
[0x00007ffae524b4f0] Metaspace_lock - owner thread: 0x000001f26d0a0c50

Heap address: 0x0000000080000000, size: 2048 MB, Compressed Oops mode: 32-bit

CDS archive(s) mapped at: [0x000001f200000000-0x000001f200ba0000-0x000001f200ba0000), size 12189696, SharedBaseAddress: 0x000001f200000000, ArchiveRelocationMode: 1.
Compressed class space mapped at: 0x000001f201000000-0x000001f241000000, reserved size: 1073741824
Narrow klass base: 0x000001f200000000, Narrow klass shift: 0, Narrow klass range: 0x100000000

GC Precious Log:
 CardTable entry size: 512
 CPUs: 8 total, 8 available
 Memory: 11972M
 Large Page Support: Disabled
 NUMA Support: Disabled
 Compressed Oops: Enabled (32-bit)
 Alignments: Space 512K, Generation 512K, Heap 2M
 Heap Min Capacity: 100M
 Heap Initial Capacity: 100M
 Heap Max Capacity: 2G
 Pre-touch: Disabled
 Parallel Workers: 8

Heap:
 PSYoungGen      total 29696K, used 8115K [0x00000000d5580000, 0x00000000d7680000, 0x0000000100000000)
  eden space 25600K, 15% used [0x00000000d5580000,0x00000000d5970e40,0x00000000d6e80000)
  from space 4096K, 99% used [0x00000000d6e80000,0x00000000d727c108,0x00000000d7280000)
  to   space 4096K, 0% used [0x00000000d7280000,0x00000000d7280000,0x00000000d7680000)
 ParOldGen       total 68608K, used 5094K [0x0000000080000000, 0x0000000084300000, 0x00000000d5580000)
  object space 68608K, 7% used [0x0000000080000000,0x00000000804f9a88,0x0000000084300000)
 Metaspace       used 9452K, committed 9728K, reserved 1114112K
  class space    used 1002K, committed 1152K, reserved 1048576K

Card table byte_map: [0x000001f24f750000,0x000001f24fb60000] _byte_map_base: 0x000001f24f350000

Marking Bits: (ParMarkBitMap*) 0x00007ffae5252460
 Begin Bits: [0x000001f262260000, 0x000001f264260000)
 End Bits:   [0x000001f264260000, 0x000001f266260000)

Polling page: 0x000001f24db80000

Metaspace:

Usage:
  Non-class:      8.25 MB used.
      Class:   1002.99 KB used.
       Both:      9.23 MB used.

Virtual space:
  Non-class space:       64.00 MB reserved,       8.38 MB ( 13%) committed,  1 nodes.
      Class space:        1.00 GB reserved,       1.12 MB ( <1%) committed,  1 nodes.
             Both:        1.06 GB reserved,       9.50 MB ( <1%) committed. 

Chunk freelists:
   Non-Class:  6.86 MB
       Class:  14.79 MB
        Both:  21.65 MB

MaxMetaspaceSize: unlimited
CompressedClassSpaceSize: 1.00 GB
Initial GC threshold: 21.00 MB
Current GC threshold: 21.00 MB
CDS: on
 - commit_granule_bytes: 65536.
 - commit_granule_words: 8192.
 - virtual_space_node_default_size: 8388608.
 - enlarge_chunks_in_place: 1.
 - use_allocation_guard: 0.


Internal statistics:

num_allocs_failed_limit: 0.
num_arena_births: 256.
num_arena_deaths: 0.
num_vsnodes_births: 2.
num_vsnodes_deaths: 0.
num_space_committed: 152.
num_space_uncommitted: 0.
num_chunks_returned_to_freelist: 0.
num_chunks_taken_from_freelist: 505.
num_chunk_merges: 0.
num_chunk_splits: 321.
num_chunks_enlarged: 210.
num_inconsistent_stats: 0.

CodeHeap 'non-profiled nmethods': size=120000Kb used=1031Kb max_used=1031Kb free=118969Kb
 bounds [0x000001f25aa80000, 0x000001f25acf0000, 0x000001f261fb0000]
CodeHeap 'profiled nmethods': size=120000Kb used=4052Kb max_used=4052Kb free=115947Kb
 bounds [0x000001f252fb0000, 0x000001f2533b0000, 0x000001f25a4e0000]
CodeHeap 'non-nmethods': size=5760Kb used=1224Kb max_used=1263Kb free=4535Kb
 bounds [0x000001f25a4e0000, 0x000001f25a750000, 0x000001f25aa80000]
CodeCache: size=245760Kb, used=6307Kb, max_used=6346Kb, free=239451Kb
 total_blobs=2713, nmethods=2220, adapters=399, full_count=0
Compilation: enabled, stopped_count=0, restarted_count=0

Compilation events (20 events):
Event: 2.837 Thread 0x000001f268024120 nmethod 2213 0x000001f25339fa90 code [0x000001f25339fc60, 0x000001f2533a00c0]
Event: 2.837 Thread 0x000001f268024120 2214       3       java.nio.HeapByteBuffer::ix (7 bytes)
Event: 2.837 Thread 0x000001f268024120 nmethod 2214 0x000001f2533a0210 code [0x000001f2533a03a0, 0x000001f2533a04b0]
Event: 2.837 Thread 0x000001f268024120 2215       1       java.nio.Buffer::capacity (5 bytes)
Event: 2.837 Thread 0x000001f268024120 nmethod 2215 0x000001f25ab81210 code [0x000001f25ab813a0, 0x000001f25ab81468]
Event: 2.837 Thread 0x000001f268024120 2216   !   3       java.util.concurrent.ConcurrentHashMap::transfer (849 bytes)
Event: 2.837 Thread 0x000001f24fd342b0 2217       4       java.util.Properties::loadConvert (540 bytes)
Event: 2.840 Thread 0x000001f268024120 nmethod 2216 0x000001f2533a0510 code [0x000001f2533a0940, 0x000001f2533a2b48]
Event: 2.842 Thread 0x000001f26d065b70 2218       4       java.lang.Character::isWhitespace (5 bytes)
Event: 2.843 Thread 0x000001f26d065b70 nmethod 2218 0x000001f25ab81510 code [0x000001f25ab816a0, 0x000001f25ab817b8]
Event: 2.843 Thread 0x000001f26d065b70 2220       4       org.eclipse.osgi.util.ManifestElement::readLine (122 bytes)
Event: 2.845 Thread 0x000001f268024120 2221       1       java.util.Spliterators$EmptySpliterator::characteristics (4 bytes)
Event: 2.845 Thread 0x000001f268024120 nmethod 2221 0x000001f25ab81910 code [0x000001f25ab81aa0, 0x000001f25ab81b68]
Event: 2.847 Thread 0x000001f268024120 2223       3       java.util.HashSet::toArray (18 bytes)
Event: 2.847 Thread 0x000001f268024120 nmethod 2223 0x000001f2533a4210 code [0x000001f2533a43c0, 0x000001f2533a46c8]
Event: 2.848 Thread 0x000001f268024120 2224       3       org.eclipse.osgi.internal.framework.EquinoxBundle::adapt (11 bytes)
Event: 2.848 Thread 0x000001f268024120 nmethod 2224 0x000001f2533a4810 code [0x000001f2533a49c0, 0x000001f2533a4b50]
Event: 2.848 Thread 0x000001f268024120 2225       3       org.eclipse.osgi.internal.framework.EquinoxBundle::checkAdaptPermission (29 bytes)
Event: 2.848 Thread 0x000001f268024120 nmethod 2225 0x000001f2533a4c10 code [0x000001f2533a4dc0, 0x000001f2533a4fb0]
Event: 2.848 Thread 0x000001f268024120 2226   !   3       org.eclipse.osgi.internal.framework.EquinoxBundle::adapt0 (939 bytes)

GC Heap History (6 events):
Event: 1.307 GC heap before
{Heap before GC invocations=1 (full 0):
 PSYoungGen      total 29696K, used 25600K [0x00000000d5580000, 0x00000000d7680000, 0x0000000100000000)
  eden space 25600K, 100% used [0x00000000d5580000,0x00000000d6e80000,0x00000000d6e80000)
  from space 4096K, 0% used [0x00000000d7280000,0x00000000d7280000,0x00000000d7680000)
  to   space 4096K, 0% used [0x00000000d6e80000,0x00000000d6e80000,0x00000000d7280000)
 ParOldGen       total 68608K, used 0K [0x0000000080000000, 0x0000000084300000, 0x00000000d5580000)
  object space 68608K, 0% used [0x0000000080000000,0x0000000080000000,0x0000000084300000)
 Metaspace       used 4357K, committed 4608K, reserved 1114112K
  class space    used 473K, committed 576K, reserved 1048576K
}
Event: 1.315 GC heap after
{Heap after GC invocations=1 (full 0):
 PSYoungGen      total 29696K, used 3271K [0x00000000d5580000, 0x00000000d7680000, 0x0000000100000000)
  eden space 25600K, 0% used [0x00000000d5580000,0x00000000d5580000,0x00000000d6e80000)
  from space 4096K, 79% used [0x00000000d6e80000,0x00000000d71b1e98,0x00000000d7280000)
  to   space 4096K, 0% used [0x00000000d7280000,0x00000000d7280000,0x00000000d7680000)
 ParOldGen       total 68608K, used 16K [0x0000000080000000, 0x0000000084300000, 0x00000000d5580000)
  object space 68608K, 0% used [0x0000000080000000,0x0000000080004000,0x0000000084300000)
 Metaspace       used 4357K, committed 4608K, reserved 1114112K
  class space    used 473K, committed 576K, reserved 1048576K
}
Event: 2.276 GC heap before
{Heap before GC invocations=2 (full 0):
 PSYoungGen      total 29696K, used 28871K [0x00000000d5580000, 0x00000000d7680000, 0x0000000100000000)
  eden space 25600K, 100% used [0x00000000d5580000,0x00000000d6e80000,0x00000000d6e80000)
  from space 4096K, 79% used [0x00000000d6e80000,0x00000000d71b1e98,0x00000000d7280000)
  to   space 4096K, 0% used [0x00000000d7280000,0x00000000d7280000,0x00000000d7680000)
 ParOldGen       total 68608K, used 16K [0x0000000080000000, 0x0000000084300000, 0x00000000d5580000)
  object space 68608K, 0% used [0x0000000080000000,0x0000000080004000,0x0000000084300000)
 Metaspace       used 7997K, committed 8320K, reserved 1114112K
  class space    used 830K, committed 960K, reserved 1048576K
}
Event: 2.282 GC heap after
{Heap after GC invocations=2 (full 0):
 PSYoungGen      total 29696K, used 4093K [0x00000000d5580000, 0x00000000d7680000, 0x0000000100000000)
  eden space 25600K, 0% used [0x00000000d5580000,0x00000000d5580000,0x00000000d6e80000)
  from space 4096K, 99% used [0x00000000d7280000,0x00000000d767f550,0x00000000d7680000)
  to   space 4096K, 0% used [0x00000000d6e80000,0x00000000d6e80000,0x00000000d7280000)
 ParOldGen       total 68608K, used 2018K [0x0000000080000000, 0x0000000084300000, 0x00000000d5580000)
  object space 68608K, 2% used [0x0000000080000000,0x00000000801f8890,0x0000000084300000)
 Metaspace       used 7997K, committed 8320K, reserved 1114112K
  class space    used 830K, committed 960K, reserved 1048576K
}
Event: 2.814 GC heap before
{Heap before GC invocations=3 (full 0):
 PSYoungGen      total 29696K, used 29499K [0x00000000d5580000, 0x00000000d7680000, 0x0000000100000000)
  eden space 25600K, 99% used [0x00000000d5580000,0x00000000d6e4f6c8,0x00000000d6e80000)
  from space 4096K, 99% used [0x00000000d7280000,0x00000000d767f550,0x00000000d7680000)
  to   space 4096K, 0% used [0x00000000d6e80000,0x00000000d6e80000,0x00000000d7280000)
 ParOldGen       total 68608K, used 2018K [0x0000000080000000, 0x0000000084300000, 0x00000000d5580000)
  object space 68608K, 2% used [0x0000000080000000,0x00000000801f8890,0x0000000084300000)
 Metaspace       used 9422K, committed 9728K, reserved 1114112K
  class space    used 1002K, committed 1152K, reserved 1048576K
}
Event: 2.820 GC heap after
{Heap after GC invocations=3 (full 0):
 PSYoungGen      total 29696K, used 4080K [0x00000000d5580000, 0x00000000d7680000, 0x0000000100000000)
  eden space 25600K, 0% used [0x00000000d5580000,0x00000000d5580000,0x00000000d6e80000)
  from space 4096K, 99% used [0x00000000d6e80000,0x00000000d727c108,0x00000000d7280000)
  to   space 4096K, 0% used [0x00000000d7280000,0x00000000d7280000,0x00000000d7680000)
 ParOldGen       total 68608K, used 5094K [0x0000000080000000, 0x0000000084300000, 0x00000000d5580000)
  object space 68608K, 7% used [0x0000000080000000,0x00000000804f9a88,0x0000000084300000)
 Metaspace       used 9422K, committed 9728K, reserved 1114112K
  class space    used 1002K, committed 1152K, reserved 1048576K
}

Dll operation events (9 events):
Event: 0.014 Loaded shared library c:\Users\LOQ\.vscode\extensions\redhat.java-1.51.0-win32-x64\jre\21.0.9-win32-x86_64\bin\java.dll
Event: 0.126 Loaded shared library c:\Users\LOQ\.vscode\extensions\redhat.java-1.51.0-win32-x64\jre\21.0.9-win32-x86_64\bin\zip.dll
Event: 0.152 Loaded shared library C:\Users\LOQ\.vscode\extensions\redhat.java-1.51.0-win32-x64\jre\21.0.9-win32-x86_64\bin\instrument.dll
Event: 0.166 Loaded shared library C:\Users\LOQ\.vscode\extensions\redhat.java-1.51.0-win32-x64\jre\21.0.9-win32-x86_64\bin\net.dll
Event: 0.170 Loaded shared library C:\Users\LOQ\.vscode\extensions\redhat.java-1.51.0-win32-x64\jre\21.0.9-win32-x86_64\bin\nio.dll
Event: 0.178 Loaded shared library C:\Users\LOQ\.vscode\extensions\redhat.java-1.51.0-win32-x64\jre\21.0.9-win32-x86_64\bin\zip.dll
Event: 0.199 Loaded shared library C:\Users\LOQ\.vscode\extensions\redhat.java-1.51.0-win32-x64\jre\21.0.9-win32-x86_64\bin\jimage.dll
Event: 0.346 Loaded shared library c:\Users\LOQ\.vscode\extensions\redhat.java-1.51.0-win32-x64\jre\21.0.9-win32-x86_64\bin\verify.dll
Event: 2.297 Loaded shared library C:\Users\LOQ\AppData\Roaming\Code\User\globalStorage\redhat.java\1.51.0\config_win\org.eclipse.equinox.launcher\org.eclipse.equinox.launcher.win32.win32.x86_64_1.2.1400.v20250801-0854\eclipse_11916.dll

Deoptimization events (20 events):
Event: 2.837 Thread 0x000001f26d0a0c50 DEOPT PACKING pc=0x000001f2530e6926 sp=0x0000000c30bfe210
Event: 2.837 Thread 0x000001f26d0a0c50 DEOPT UNPACKING pc=0x000001f25a534242 sp=0x0000000c30bfd708 mode 0
Event: 2.841 Thread 0x000001f26d0a0c50 Uncommon trap: trap_request=0xffffff45 fr.pc=0x000001f25aaeae18 relative=0x0000000000001a58
Event: 2.841 Thread 0x000001f26d0a0c50 Uncommon trap: reason=unstable_if action=reinterpret pc=0x000001f25aaeae18 method=java.util.jar.Manifest$FastInputStream.readLine([BII)I @ 106 c2
Event: 2.841 Thread 0x000001f26d0a0c50 DEOPT PACKING pc=0x000001f25aaeae18 sp=0x0000000c30bfd990
Event: 2.841 Thread 0x000001f26d0a0c50 DEOPT UNPACKING pc=0x000001f25a533aa2 sp=0x0000000c30bfd870 mode 2
Event: 2.841 Thread 0x000001f26d0a0c50 Uncommon trap: trap_request=0xffffff45 fr.pc=0x000001f25aaf30c8 relative=0x0000000000000468
Event: 2.841 Thread 0x000001f26d0a0c50 Uncommon trap: reason=unstable_if action=reinterpret pc=0x000001f25aaf30c8 method=java.util.jar.Manifest$FastInputStream.readLine([BII)I @ 106 c2
Event: 2.841 Thread 0x000001f26d0a0c50 DEOPT PACKING pc=0x000001f25aaf30c8 sp=0x0000000c30bfd930
Event: 2.841 Thread 0x000001f26d0a0c50 DEOPT UNPACKING pc=0x000001f25a533aa2 sp=0x0000000c30bfd868 mode 2
Event: 2.841 Thread 0x000001f26d0a0c50 Uncommon trap: trap_request=0xffffff45 fr.pc=0x000001f25aae3a5c relative=0x000000000000047c
Event: 2.841 Thread 0x000001f26d0a0c50 Uncommon trap: reason=unstable_if action=reinterpret pc=0x000001f25aae3a5c method=java.util.jar.Manifest$FastInputStream.readLine([BII)I @ 106 c2
Event: 2.841 Thread 0x000001f26d0a0c50 DEOPT PACKING pc=0x000001f25aae3a5c sp=0x0000000c30bfd8c0
Event: 2.841 Thread 0x000001f26d0a0c50 DEOPT UNPACKING pc=0x000001f25a533aa2 sp=0x0000000c30bfd870 mode 2
Event: 2.841 Thread 0x000001f26d0a0c50 Uncommon trap: trap_request=0xffffff45 fr.pc=0x000001f25aaf3cd8 relative=0x00000000000000b8
Event: 2.841 Thread 0x000001f26d0a0c50 Uncommon trap: reason=unstable_if action=reinterpret pc=0x000001f25aaf3cd8 method=java.util.jar.Manifest$FastInputStream.peek()B @ 23 c2
Event: 2.841 Thread 0x000001f26d0a0c50 DEOPT PACKING pc=0x000001f25aaf3cd8 sp=0x0000000c30bfd990
Event: 2.841 Thread 0x000001f26d0a0c50 DEOPT UNPACKING pc=0x000001f25a533aa2 sp=0x0000000c30bfd928 mode 2
Event: 2.843 Thread 0x000001f26d0a0c50 DEOPT PACKING pc=0x000001f2533600f5 sp=0x0000000c30bfe240
Event: 2.843 Thread 0x000001f26d0a0c50 DEOPT UNPACKING pc=0x000001f25a534242 sp=0x0000000c30bfd720 mode 0

Classes loaded (20 events):
Event: 2.578 Loading class sun/util/logging/resources/logging_en
Event: 2.578 Loading class sun/util/logging/resources/logging_en done
Event: 2.578 Loading class sun/util/logging/resources/logging_en
Event: 2.578 Loading class sun/util/logging/resources/logging_en done
Event: 2.579 Loading class sun/util/logging/resources/logging_en_US
Event: 2.579 Loading class sun/util/logging/resources/logging_en_US done
Event: 2.579 Loading class sun/util/logging/resources/logging_en_US
Event: 2.579 Loading class sun/util/logging/resources/logging_en_US done
Event: 2.581 Loading class java/util/Formatter$DateTime
Event: 2.581 Loading class java/util/Formatter$DateTime done
Event: 2.581 Loading class java/util/Formatter$FixedString
Event: 2.581 Loading class java/util/Formatter$FixedString done
Event: 2.581 Loading class java/time/ZonedDateTime$1
Event: 2.581 Loading class java/time/ZonedDateTime$1 done
Event: 2.585 Loading class jdk/internal/module/ModulePatcher$PatchedModuleReader
Event: 2.585 Loading class jdk/internal/module/ModulePatcher$PatchedModuleReader done
Event: 2.598 Loading class sun/text/resources/cldr/FormatData_en
Event: 2.598 Loading class sun/text/resources/cldr/FormatData_en done
Event: 2.598 Loading class sun/text/resources/cldr/FormatData_en_US
Event: 2.598 Loading class sun/text/resources/cldr/FormatData_en_US done

Classes unloaded (0 events):
No events

Classes redefined (0 events):
No events

Internal exceptions (20 events):
Event: 1.379 Thread 0x000001f24fdad230 Implicit null exception at 0x000001f25aae21c9 to 0x000001f25aae2b3c
Event: 1.379 Thread 0x000001f24fdad230 Implicit null exception at 0x000001f25aaf1e9a to 0x000001f25aaf20a0
Event: 1.380 Thread 0x000001f24fdad230 Exception <a 'java/lang/NoSuchMethodError'{0x00000000d56dc470}: 'void java.lang.invoke.DirectMethodHandle$Holder.invokeStatic(java.lang.Object, java.lang.Object, java.lang.Object, java.lang.Object)'> (0x00000000d56dc470) 
thrown [s\src\hotspot\share\interpreter\linkResolver.cpp, line 773]
Event: 1.385 Thread 0x000001f24fdad230 Implicit null exception at 0x000001f25aae523c to 0x000001f25aae54c8
Event: 1.385 Thread 0x000001f24fdad230 Implicit null exception at 0x000001f25aae433d to 0x000001f25aae43c1
Event: 1.537 Thread 0x000001f24fdad230 Exception <a 'java/lang/NoSuchMethodError'{0x00000000d59c4c38}: 'void java.lang.invoke.DirectMethodHandle$Holder.invokeSpecial(java.lang.Object, java.lang.Object, java.lang.Object)'> (0x00000000d59c4c38) 
thrown [s\src\hotspot\share\interpreter\linkResolver.cpp, line 773]
Event: 1.849 Thread 0x000001f24fdad230 Exception <a 'java/lang/NoSuchMethodError'{0x00000000d6429788}: 'int java.lang.invoke.DirectMethodHandle$Holder.invokeVirtual(java.lang.Object, java.lang.Object)'> (0x00000000d6429788) 
thrown [s\src\hotspot\share\interpreter\linkResolver.cpp, line 773]
Event: 1.913 Thread 0x000001f24fdad230 Exception <a 'java/lang/NoSuchMethodError'{0x00000000d659fa68}: 'int java.lang.invoke.DirectMethodHandle$Holder.invokeStaticInit(java.lang.Object, java.lang.Object, java.lang.Object, java.lang.Object)'> (0x00000000d659fa68) 
thrown [s\src\hotspot\share\interpreter\linkResolver.cpp, line 773]
Event: 1.914 Thread 0x000001f24fdad230 Exception <a 'java/lang/IncompatibleClassChangeError'{0x00000000d65a7e70}: Found class java.lang.Object, but interface was expected> (0x00000000d65a7e70) 
thrown [s\src\hotspot\share\interpreter\linkResolver.cpp, line 840]
Event: 1.916 Thread 0x000001f24fdad230 Exception <a 'java/lang/NoSuchMethodError'{0x00000000d65ae420}: 'void java.lang.invoke.DirectMethodHandle$Holder.invokeStaticInit(java.lang.Object, java.lang.Object)'> (0x00000000d65ae420) 
thrown [s\src\hotspot\share\interpreter\linkResolver.cpp, line 773]
Event: 1.917 Thread 0x000001f24fdad230 Exception <a 'java/lang/NoSuchMethodError'{0x00000000d65b75d8}: 'int java.lang.invoke.DirectMethodHandle$Holder.invokeStaticInit(java.lang.Object, java.lang.Object)'> (0x00000000d65b75d8) 
thrown [s\src\hotspot\share\interpreter\linkResolver.cpp, line 773]
Event: 1.974 Thread 0x000001f24fdad230 Exception <a 'java/lang/NoSuchMethodError'{0x00000000d67ff4d0}: 'java.lang.Object java.lang.invoke.DirectMethodHandle$Holder.newInvokeSpecial(java.lang.Object, int, java.lang.Object)'> (0x00000000d67ff4d0) 
thrown [s\src\hotspot\share\interpreter\linkResolver.cpp, line 773]
Event: 2.026 Thread 0x000001f24fdad230 Exception <a 'java/lang/ClassNotFoundException'{0x00000000d6a17180}: sun/net/www/protocol/plurl/Handler> (0x00000000d6a17180) 
thrown [s\src\hotspot\share\classfile\systemDictionary.cpp, line 312]
Event: 2.026 Thread 0x000001f24fdad230 Exception <a 'java/lang/ClassNotFoundException'{0x00000000d6a18000}: sun/net/www/protocol/plurl/Handler> (0x00000000d6a18000) 
thrown [s\src\hotspot\share\classfile\systemDictionary.cpp, line 312]
Event: 2.288 Thread 0x000001f24fdad230 Exception <a 'java/lang/UnsatisfiedLinkError'{0x00000000d55b07a8}: 'void org.eclipse.equinox.launcher.JNIBridge._update_splash()'> (0x00000000d55b07a8) 
thrown [s\src\hotspot\share\prims\nativeLookup.cpp, line 415]
Event: 2.336 Thread 0x000001f268b6e3b0 Exception <a 'java/lang/NoSuchMethodError'{0x00000000d586ac40}: 'void java.lang.invoke.DirectMethodHandle$Holder.invokeInterface(java.lang.Object, java.lang.Object, java.lang.Object)'> (0x00000000d586ac40) 
thrown [s\src\hotspot\share\interpreter\linkResolver.cpp, line 773]
Event: 2.495 Thread 0x000001f26d0a0c50 Exception <a 'java/lang/NoSuchMethodError'{0x00000000d5c50580}: 'java.lang.Object java.lang.invoke.DirectMethodHandle$Holder.newInvokeSpecial(java.lang.Object, java.lang.Object, int, java.lang.Object)'> (0x00000000d5c50580) 
thrown [s\src\hotspot\share\interpreter\linkResolver.cpp, line 773]
Event: 2.495 Thread 0x000001f26d0a0c50 Exception <a 'java/lang/NoSuchMethodError'{0x00000000d5c543b0}: 'java.lang.Object java.lang.invoke.DirectMethodHandle$Holder.invokeSpecial(java.lang.Object, java.lang.Object, java.lang.Object, int, java.lang.Object)'> (0x00000000d5c543b0) 
thrown [s\src\hotspot\share\interpreter\linkResolver.cpp, line 773]
Event: 2.516 Thread 0x000001f26d0a0c50 Exception <a 'java/lang/NoClassDefFoundError'{0x00000000d5cfb258}: jakarta/servlet/ServletContainerInitializer> (0x00000000d5cfb258) 
thrown [s\src\hotspot\share\classfile\systemDictionary.cpp, line 301]
Event: 2.577 Thread 0x000001f26d0a0c50 Exception <a 'java/lang/ClassNotFoundException'{0x00000000d5e56b38}: sun/util/logging/resources/spi/loggingProvider> (0x00000000d5e56b38) 
thrown [s\src\hotspot\share\classfile\systemDictionary.cpp, line 312]

ZGC Phase Switch (0 events):
No events

VM Operations (20 events):
Event: 1.957 Executing VM operation: HandshakeAllThreads (Deoptimize)
Event: 1.957 Executing VM operation: HandshakeAllThreads (Deoptimize) done
Event: 2.006 Executing VM operation: HandshakeAllThreads (Deoptimize)
Event: 2.006 Executing VM operation: HandshakeAllThreads (Deoptimize) done
Event: 2.020 Executing VM operation: HandshakeAllThreads (Deoptimize)
Event: 2.020 Executing VM operation: HandshakeAllThreads (Deoptimize) done
Event: 2.098 Executing VM operation: ICBufferFull
Event: 2.098 Executing VM operation: ICBufferFull done
Event: 2.276 Executing VM operation: ParallelGCFailedAllocation (Allocation Failure)
Event: 2.282 Executing VM operation: ParallelGCFailedAllocation (Allocation Failure) done
Event: 2.566 Executing VM operation: HandshakeAllThreads (Deoptimize)
Event: 2.566 Executing VM operation: HandshakeAllThreads (Deoptimize) done
Event: 2.586 Executing VM operation: HandshakeAllThreads (Deoptimize)
Event: 2.586 Executing VM operation: HandshakeAllThreads (Deoptimize) done
Event: 2.603 Executing VM operation: HandshakeAllThreads (Deoptimize)
Event: 2.603 Executing VM operation: HandshakeAllThreads (Deoptimize) done
Event: 2.617 Executing VM operation: HandshakeAllThreads (Deoptimize)
Event: 2.617 Executing VM operation: HandshakeAllThreads (Deoptimize) done
Event: 2.814 Executing VM operation: ParallelGCFailedAllocation (Allocation Failure)
Event: 2.820 Executing VM operation: ParallelGCFailedAllocation (Allocation Failure) done

Memory protections (0 events):
No events

Nmethod flushes (0 events):
No events

Events (20 events):
Event: 0.057 Thread 0x000001f24fdad230 Thread added: 0x000001f24fd27360
Event: 0.058 Thread 0x000001f24fdad230 Thread added: 0x000001f24fd25730
Event: 0.058 Thread 0x000001f24fdad230 Thread added: 0x000001f24fd281b0
Event: 0.058 Thread 0x000001f24fdad230 Thread added: 0x000001f24fd2bbb0
Event: 0.058 Thread 0x000001f24fdad230 Thread added: 0x000001f24fd342b0
Event: 0.059 Thread 0x000001f24fdad230 Thread added: 0x000001f268024120
Event: 0.137 Thread 0x000001f268024120 Thread added: 0x000001f2681d4560
Event: 0.156 Thread 0x000001f24fdad230 Thread added: 0x000001f2681ca630
Event: 0.501 Thread 0x000001f24fdad230 Thread added: 0x000001f26845b3a0
Event: 0.746 Thread 0x000001f2681d4560 Thread added: 0x000001f26845fc70
Event: 1.381 Thread 0x000001f26845fc70 Thread exited: 0x000001f26845fc70
Event: 1.600 Thread 0x000001f268024120 Thread added: 0x000001f268bf84a0
Event: 1.928 Thread 0x000001f24fdad230 Thread added: 0x000001f26d0c6a50
Event: 2.055 Thread 0x000001f268bf84a0 Thread exited: 0x000001f268bf84a0
Event: 2.286 Thread 0x000001f24fdad230 Thread added: 0x000001f268b6e3b0
Event: 2.340 Thread 0x000001f268b6e3b0 Thread added: 0x000001f268a4cf60
Event: 2.348 Thread 0x000001f24fdad230 Thread added: 0x000001f26d0a0c50
Event: 2.379 Thread 0x000001f2681d4560 Thread exited: 0x000001f2681d4560
Event: 2.624 Thread 0x000001f268024120 Thread added: 0x000001f26d065b70
Event: 2.624 Thread 0x000001f268024120 Thread added: 0x000001f26d066210


Dynamic libraries:
0x00007ff68d4d0000 - 0x00007ff68d4de000 	c:\Users\LOQ\.vscode\extensions\redhat.java-1.51.0-win32-x64\jre\21.0.9-win32-x86_64\bin\java.exe
0x00007ffbbf7c0000 - 0x00007ffbbfa28000 	C:\WINDOWS\SYSTEM32\ntdll.dll
0x00007ffbbf430000 - 0x00007ffbbf4f9000 	C:\WINDOWS\System32\KERNEL32.DLL
0x00007ffbbd020000 - 0x00007ffbbd412000 	C:\WINDOWS\System32\KERNELBASE.dll
0x00007ffbbc950000 - 0x00007ffbbca9b000 	C:\WINDOWS\System32\ucrtbase.dll
0x00007ffb255c0000 - 0x00007ffb255de000 	c:\Users\LOQ\.vscode\extensions\redhat.java-1.51.0-win32-x64\jre\21.0.9-win32-x86_64\bin\VCRUNTIME140.dll
0x00007ffb2fc90000 - 0x00007ffb2fca8000 	c:\Users\LOQ\.vscode\extensions\redhat.java-1.51.0-win32-x64\jre\21.0.9-win32-x86_64\bin\jli.dll
0x00007ffbbeed0000 - 0x00007ffbbf095000 	C:\WINDOWS\System32\USER32.dll
0x00007ffbbcbd0000 - 0x00007ffbbcbf7000 	C:\WINDOWS\System32\win32u.dll
0x00007ffb9cd50000 - 0x00007ffb9cfe3000 	C:\WINDOWS\WinSxS\amd64_microsoft.windows.common-controls_6595b64144ccf1df_6.0.26100.6899_none_3e0efeeae32e88c1\COMCTL32.dll
0x00007ffbbde80000 - 0x00007ffbbdeab000 	C:\WINDOWS\System32\GDI32.dll
0x00007ffbbdeb0000 - 0x00007ffbbdf59000 	C:\WINDOWS\System32\msvcrt.dll
0x00007ffbbcaa0000 - 0x00007ffbbcbcd000 	C:\WINDOWS\System32\gdi32full.dll
0x00007ffbbd420000 - 0x00007ffbbd4c3000 	C:\WINDOWS\System32\msvcp_win.dll
0x00007ffbbeb10000 - 0x00007ffbbeb3f000 	C:\WINDOWS\System32\IMM32.DLL
0x00007ffb771e0000 - 0x00007ffb771ec000 	c:\Users\LOQ\.vscode\extensions\redhat.java-1.51.0-win32-x64\jre\21.0.9-win32-x86_64\bin\vcruntime140_1.dll
0x00007ffae5330000 - 0x00007ffae53bd000 	c:\Users\LOQ\.vscode\extensions\redhat.java-1.51.0-win32-x64\jre\21.0.9-win32-x86_64\bin\msvcp140.dll
0x00007ffae4590000 - 0x00007ffae5330000 	c:\Users\LOQ\.vscode\extensions\redhat.java-1.51.0-win32-x64\jre\21.0.9-win32-x86_64\bin\server\jvm.dll
0x00007ffbbe750000 - 0x00007ffbbe804000 	C:\WINDOWS\System32\ADVAPI32.dll
0x00007ffbbe8f0000 - 0x00007ffbbe996000 	C:\WINDOWS\System32\sechost.dll
0x00007ffbbe110000 - 0x00007ffbbe228000 	C:\WINDOWS\System32\RPCRT4.dll
0x00007ffbbe230000 - 0x00007ffbbe2a4000 	C:\WINDOWS\System32\WS2_32.dll
0x00007ffbaee70000 - 0x00007ffbaeea5000 	C:\WINDOWS\SYSTEM32\WINMM.dll
0x00007ffbbc610000 - 0x00007ffbbc66e000 	C:\WINDOWS\SYSTEM32\POWRPROF.dll
0x00007ffbb56c0000 - 0x00007ffbb56cb000 	C:\WINDOWS\SYSTEM32\VERSION.dll
0x00007ffbbc5f0000 - 0x00007ffbbc604000 	C:\WINDOWS\SYSTEM32\UMPDC.dll
0x00007ffbbb720000 - 0x00007ffbbb73b000 	C:\WINDOWS\SYSTEM32\kernel.appcore.dll
0x00007ffb750c0000 - 0x00007ffb750ca000 	c:\Users\LOQ\.vscode\extensions\redhat.java-1.51.0-win32-x64\jre\21.0.9-win32-x86_64\bin\jimage.dll
0x00007ffbb9540000 - 0x00007ffbb9782000 	C:\WINDOWS\SYSTEM32\DBGHELP.DLL
0x00007ffbbeb50000 - 0x00007ffbbeecb000 	C:\WINDOWS\System32\combase.dll
0x00007ffbbe810000 - 0x00007ffbbe8e7000 	C:\WINDOWS\System32\OLEAUT32.dll
0x00007ffb9c520000 - 0x00007ffb9c55c000 	C:\WINDOWS\SYSTEM32\dbgcore.DLL
0x00007ffbbcd70000 - 0x00007ffbbce08000 	C:\WINDOWS\System32\bcryptPrimitives.dll
0x00007ffb74170000 - 0x00007ffb7417f000 	c:\Users\LOQ\.vscode\extensions\redhat.java-1.51.0-win32-x64\jre\21.0.9-win32-x86_64\bin\instrument.dll
0x00007ffb24f30000 - 0x00007ffb24f50000 	c:\Users\LOQ\.vscode\extensions\redhat.java-1.51.0-win32-x64\jre\21.0.9-win32-x86_64\bin\java.dll
0x00007ffbbd730000 - 0x00007ffbbde7d000 	C:\WINDOWS\System32\SHELL32.dll
0x00007ffbbcc00000 - 0x00007ffbbcd6b000 	C:\WINDOWS\System32\wintypes.dll
0x00007ffbba570000 - 0x00007ffbbadcd000 	C:\WINDOWS\SYSTEM32\windows.storage.dll
0x00007ffbbf0c0000 - 0x00007ffbbf1b2000 	C:\WINDOWS\System32\SHCORE.dll
0x00007ffbbeaa0000 - 0x00007ffbbeb02000 	C:\WINDOWS\System32\shlwapi.dll
0x00007ffbbc870000 - 0x00007ffbbc899000 	C:\WINDOWS\SYSTEM32\profapi.dll
0x00007ffb20d40000 - 0x00007ffb20d58000 	c:\Users\LOQ\.vscode\extensions\redhat.java-1.51.0-win32-x64\jre\21.0.9-win32-x86_64\bin\zip.dll
0x00007ffb73e40000 - 0x00007ffb73e50000 	C:\Users\LOQ\.vscode\extensions\redhat.java-1.51.0-win32-x64\jre\21.0.9-win32-x86_64\bin\net.dll
0x00007ffbb57b0000 - 0x00007ffbb58cf000 	C:\WINDOWS\SYSTEM32\WINHTTP.dll
0x00007ffbbbc90000 - 0x00007ffbbbcfb000 	C:\WINDOWS\system32\mswsock.dll
0x00007ffb20540000 - 0x00007ffb20556000 	C:\Users\LOQ\.vscode\extensions\redhat.java-1.51.0-win32-x64\jre\21.0.9-win32-x86_64\bin\nio.dll
0x00007ffb72960000 - 0x00007ffb72970000 	c:\Users\LOQ\.vscode\extensions\redhat.java-1.51.0-win32-x64\jre\21.0.9-win32-x86_64\bin\verify.dll
0x00007ffaf17b0000 - 0x00007ffaf17f4000 	C:\Users\LOQ\AppData\Roaming\Code\User\globalStorage\redhat.java\1.51.0\config_win\org.eclipse.equinox.launcher\org.eclipse.equinox.launcher.win32.win32.x86_64_1.2.1400.v20250801-0854\eclipse_11916.dll
0x00007ffbbd590000 - 0x00007ffbbd728000 	C:\WINDOWS\System32\ole32.dll

JVMTI agents:
c:\Users\LOQ\.vscode\extensions\redhat.java-1.51.0-win32-x64\lombok\lombok-1.18.39-4050.jar path:c:\Users\LOQ\.vscode\extensions\redhat.java-1.51.0-win32-x64\jre\21.0.9-win32-x86_64\bin\instrument.dll, loaded, initialized, instrumentlib options:none

dbghelp: loaded successfully - version: 4.0.5 - missing functions: none
symbol engine: initialized successfully - sym options: 0x614 - pdb path: .;c:\Users\LOQ\.vscode\extensions\redhat.java-1.51.0-win32-x64\jre\21.0.9-win32-x86_64\bin;C:\WINDOWS\SYSTEM32;C:\WINDOWS\WinSxS\amd64_microsoft.windows.common-controls_6595b64144ccf1df_6.0.26100.6899_none_3e0efeeae32e88c1;c:\Users\LOQ\.vscode\extensions\redhat.java-1.51.0-win32-x64\jre\21.0.9-win32-x86_64\bin\server;C:\Users\LOQ\AppData\Roaming\Code\User\globalStorage\redhat.java\1.51.0\config_win\org.eclipse.equinox.launcher\org.eclipse.equinox.launcher.win32.win32.x86_64_1.2.1400.v20250801-0854

VM Arguments:
jvm_args: --add-modules=ALL-SYSTEM --add-opens=java.base/java.util=ALL-UNNAMED --add-opens=java.base/java.lang=ALL-UNNAMED --add-opens=java.base/sun.nio.fs=ALL-UNNAMED -Declipse.application=org.eclipse.jdt.ls.core.id1 -Dosgi.bundles.defaultStartLevel=4 -Declipse.product=org.eclipse.jdt.ls.core.product -Djava.import.generatesMetadataFilesAtProjectRoot=false -DDetectVMInstallationsJob.disabled=true -Dfile.encoding=utf8 -XX:+UseParallelGC -XX:GCTimeRatio=4 -XX:AdaptiveSizePolicyWeight=90 -Dsun.zip.disableMemoryMapping=true -Xmx2G -Xms100m -Xlog:disable -javaagent:c:\Users\LOQ\.vscode\extensions\redhat.java-1.51.0-win32-x64\lombok\lombok-1.18.39-4050.jar -XX:+HeapDumpOnOutOfMemoryError -XX:HeapDumpPath=c:\Users\LOQ\AppData\Roaming\Code\User\workspaceStorage\099b6d2cca0fa57c0a55b9bbe2e40508\redhat.java -Daether.dependencyCollector.impl=bf 
java_command: c:\Users\LOQ\.vscode\extensions\redhat.java-1.51.0-win32-x64\server\plugins\org.eclipse.equinox.launcher_1.7.100.v20251111-0406.jar -configuration c:\Users\LOQ\AppData\Roaming\Code\User\globalStorage\redhat.java\1.51.0\config_win -data c:\Users\LOQ\AppData\Roaming\Code\User\workspaceStorage\099b6d2cca0fa57c0a55b9bbe2e40508\redhat.java\jdt_ws --pipe=\\.\pipe\lsp-521728b3c2ff16704173be45f55d01cb-sock
java_class_path (initial): c:\Users\LOQ\.vscode\extensions\redhat.java-1.51.0-win32-x64\server\plugins\org.eclipse.equinox.launcher_1.7.100.v20251111-0406.jar
Launcher Type: SUN_STANDARD

[Global flags]
    uintx AdaptiveSizePolicyWeight                 = 90                                        {product} {command line}
     intx CICompilerCount                          = 4                                         {product} {ergonomic}
    uintx GCTimeRatio                              = 4                                         {product} {command line}
     bool HeapDumpOnOutOfMemoryError               = true                                   {manageable} {command line}
    ccstr HeapDumpPath                             = c:\Users\LOQ\AppData\Roaming\Code\User\workspaceStorage\099b6d2cca0fa57c0a55b9bbe2e40508\redhat.java         {manageable} {command line}
   size_t InitialHeapSize                          = 104857600                                 {product} {command line}
   size_t MaxHeapSize                              = 2147483648                                {product} {command line}
   size_t MaxNewSize                               = 715653120                                 {product} {ergonomic}
   size_t MinHeapDeltaBytes                        = 524288                                    {product} {ergonomic}
   size_t MinHeapSize                              = 104857600                                 {product} {command line}
   size_t NewSize                                  = 34603008                                  {product} {ergonomic}
    uintx NonNMethodCodeHeapSize                   = 5839372                                {pd product} {ergonomic}
    uintx NonProfiledCodeHeapSize                  = 122909434                              {pd product} {ergonomic}
   size_t OldSize                                  = 70254592                                  {product} {ergonomic}
    uintx ProfiledCodeHeapSize                     = 122909434                              {pd product} {ergonomic}
    uintx ReservedCodeCacheSize                    = 251658240                              {pd product} {ergonomic}
     bool SegmentedCodeCache                       = true                                      {product} {ergonomic}
   size_t SoftMaxHeapSize                          = 2147483648                             {manageable} {ergonomic}
     bool UseCompressedOops                        = true                           {product lp64_product} {ergonomic}
     bool UseLargePagesIndividualAllocation        = false                                  {pd product} {ergonomic}
     bool UseParallelGC                            = true                                      {product} {command line}

Logging:
Log output configuration:
 #0: stdout all=off uptime,level,tags foldmultilines=false
 #1: stderr all=off uptime,level,tags foldmultilines=false

Release file:
JAVA_VERSION="21.0.9" 
MODULES="java.base java.compiler java.datatransfer java.xml java.prefs java.desktop java.instrument java.logging java.management java.security.sasl java.naming java.rmi java.management.rmi java.net.http java.scripting java.security.jgss java.transaction.xa java.sql java.sql.rowset java.xml.crypto java.se java.smartcardio jdk.accessibility jdk.internal.jvmstat jdk.attach jdk.charsets jdk.internal.opt jdk.zipfs jdk.compiler jdk.crypto.ec jdk.crypto.cryptoki jdk.crypto.mscapi jdk.dynalink jdk.internal.ed jdk.editpad jdk.hotspot.agent jdk.httpserver jdk.internal.le jdk.internal.vm.ci jdk.internal.vm.compiler jdk.internal.vm.compiler.management jdk.jartool jdk.javadoc jdk.jcmd jdk.management jdk.management.agent jdk.jconsole jdk.jdeps jdk.jdwp.agent jdk.jdi jdk.jfr jdk.jshell jdk.jsobject jdk.jstatd jdk.localedata jdk.management.jfr jdk.naming.dns jdk.naming.rmi jdk.net jdk.nio.mapmode jdk.random jdk.sctp jdk.security.auth jdk.security.jgss jdk.unsupported jdk.unsupported.desktop jdk.xml.dom" 

Environment Variables:
PATH=C:\Program Files (x86)\Common Files\Intel\Shared Libraries\redist\intel64\compiler;C:\Program Files\Common Files\Oracle\Java\javapath;C:\WINDOWS\system32;C:\WINDOWS;C:\WINDOWS\System32\Wbem;C:\WINDOWS\System32\WindowsPowerShell\v1.0\;C:\WINDOWS\System32\OpenSSH\;C:\Program Files (x86)\NVIDIA Corporation\PhysX\Common;C:\Program Files\NVIDIA Corporation\NVIDIA NvDLISR;C:\Users\LOQ\Downloads\apache-maven-3.9.9-bin\apache-maven-3.9.9\bin;C:\Program Files\Git\cmd;C:\Program Files\nodejs\;C:\ProgramData\chocolatey\bin;C:\Program Files\Maven\apache-maven-3.9.11-bin\bin;C:\flutter\bin;C:\Program Files (x86)\Microsoft SQL Server\160\Tools\Binn\;C:\Program Files\Microsoft SQL Server\160\Tools\Binn\;C:\Program Files\Microsoft SQL Server\Client SDK\ODBC\170\Tools\Binn\;C:\Program Files\Microsoft SQL Server\160\DTS\Binn\;C:\Users\LOQ\AppData\Local\Microsoft\WindowsApps;C:\Users\LOQ\AppData\Local\Programs\Microsoft VS Code\bin;C:\Users\LOQ\AppData\Local\GitHubDesktop\bin;D:\src\flutter_windows_3.29.2-stable\flutter\bin;C:\Users\LOQ\AppData\Roaming\npm;C:\flutter\bin
USERNAME=LOQ
OS=Windows_NT
PROCESSOR_IDENTIFIER=AMD64 Family 25 Model 68 Stepping 1, AuthenticAMD
TMP=C:\Users\LOQ\AppData\Local\Temp
TEMP=C:\Users\LOQ\AppData\Local\Temp




Periodic native trim disabled

---------------  S Y S T E M  ---------------

OS:
 Windows 11 , 64 bit Build 26100 (10.0.26100.6725)
OS uptime: 2 days 22:06 hours
Hyper-V role detected

CPU: total 8 (initial active 8) (8 cores per cpu, 2 threads per core) family 25 model 68 stepping 1 microcode 0xa404105, cx8, cmov, fxsr, ht, mmx, 3dnowpref, sse, sse2, sse3, ssse3, sse4a, sse4.1, sse4.2, popcnt, lzcnt, tsc, tscinvbit, avx, avx2, aes, erms, clmul, bmi1, bmi2, adx, sha, fma, vzeroupper, clflush, clflushopt, hv, rdtscp, rdpid, fsrm, f16c, cet_ss
Processor Information for the first 8 processors :
  Max Mhz: 3201, Current Mhz: 3201, Mhz Limit: 3201

Memory: 4k page, system-wide physical 11972M (1373M free)
TotalPageFile size 26036M (AvailPageFile size 0M)
current process WorkingSet (physical memory assigned to process): 114M, peak: 114M
current process commit charge ("private bytes"): 255M, peak: 255M

vm_info: OpenJDK 64-Bit Server VM (21.0.9+10-LTS) for windows-amd64 JRE (21.0.9+10-LTS), built on 2025-10-21T00:00:00Z by "admin" with unknown MS VC++:1942

END.
